ARM GAS  C:\Users\duver\AppData\Local\Temp\ccnqCAhv.s 			page 1


   1              		.syntax unified
   2              		.cpu cortex-m3
   3              		.fpu softvfp
   4              		.eabi_attribute 20, 1
   5              		.eabi_attribute 21, 1
   6              		.eabi_attribute 23, 3
   7              		.eabi_attribute 24, 1
   8              		.eabi_attribute 25, 1
   9              		.eabi_attribute 26, 1
  10              		.eabi_attribute 30, 1
  11              		.eabi_attribute 34, 1
  12              		.eabi_attribute 18, 4
  13              		.thumb
  14              		.syntax unified
  15              		.file	"cymetadata.c"
  16              		.text
  17              	.Ltext0:
  18              		.cfi_sections	.debug_frame
  19              		.global	cy_metadata
  20              		.global	cy_meta_flashprotect
  21              		.global	cy_meta_wonvl
  22              		.global	cy_meta_custnvl
  23              		.global	cy_meta_configecc
  24              		.section	.cyconfigecc,"a",%progbits
  25              		.align	2
  26              		.type	cy_meta_configecc, %object
  27              		.size	cy_meta_configecc, 276
  28              	cy_meta_configecc:
  29 0000 01       		.byte	1
  30 0001 52       		.byte	82
  31 0002 00       		.byte	0
  32 0003 40       		.byte	64
  33 0004 01       		.byte	1
  34 0005 65       		.byte	101
  35 0006 00       		.byte	0
  36 0007 40       		.byte	64
  37 0008 01       		.byte	1
  38 0009 15       		.byte	21
  39 000a 01       		.byte	1
  40 000b 40       		.byte	64
  41 000c 27       		.byte	39
  42 000d 18       		.byte	24
  43 000e 01       		.byte	1
  44 000f 40       		.byte	64
  45 0010 18       		.byte	24
  46 0011 19       		.byte	25
  47 0012 01       		.byte	1
  48 0013 40       		.byte	64
  49 0014 02       		.byte	2
  50 0015 1B       		.byte	27
  51 0016 01       		.byte	1
  52 0017 40       		.byte	64
  53 0018 02       		.byte	2
  54 0019 40       		.byte	64
  55 001a 01       		.byte	1
  56 001b 40       		.byte	64
  57 001c 01       		.byte	1
ARM GAS  C:\Users\duver\AppData\Local\Temp\ccnqCAhv.s 			page 2


  58 001d 41       		.byte	65
  59 001e 01       		.byte	1
  60 001f 40       		.byte	64
  61 0020 01       		.byte	1
  62 0021 42       		.byte	66
  63 0022 01       		.byte	1
  64 0023 40       		.byte	64
  65 0024 01       		.byte	1
  66 0025 43       		.byte	67
  67 0026 01       		.byte	1
  68 0027 40       		.byte	64
  69 0028 01       		.byte	1
  70 0029 48       		.byte	72
  71 002a 01       		.byte	1
  72 002b 40       		.byte	64
  73 002c 02       		.byte	2
  74 002d 49       		.byte	73
  75 002e 01       		.byte	1
  76 002f 40       		.byte	64
  77 0030 04       		.byte	4
  78 0031 4C       		.byte	76
  79 0032 01       		.byte	1
  80 0033 40       		.byte	64
  81 0034 03       		.byte	3
  82 0035 4D       		.byte	77
  83 0036 01       		.byte	1
  84 0037 40       		.byte	64
  85 0038 02       		.byte	2
  86 0039 50       		.byte	80
  87 003a 01       		.byte	1
  88 003b 40       		.byte	64
  89 003c 01       		.byte	1
  90 003d 51       		.byte	81
  91 003e 01       		.byte	1
  92 003f 40       		.byte	64
  93 0040 08       		.byte	8
  94 0041 20       		.byte	32
  95 0042 89       		.byte	-119
  96 0043 0D       		.byte	13
  97 0044 EE       		.byte	-18
  98 0045 08       		.byte	8
  99 0046 83       		.byte	-125
 100 0047 01       		.byte	1
 101 0048 92       		.byte	-110
 102 0049 08       		.byte	8
 103 004a 94       		.byte	-108
 104 004b 01       		.byte	1
 105 004c 9A       		.byte	-102
 106 004d 04       		.byte	4
 107 004e A6       		.byte	-90
 108 004f 07       		.byte	7
 109 0050 AB       		.byte	-85
 110 0051 01       		.byte	1
 111 0052 B0       		.byte	-80
 112 0053 04       		.byte	4
 113 0054 B2       		.byte	-78
 114 0055 02       		.byte	2
ARM GAS  C:\Users\duver\AppData\Local\Temp\ccnqCAhv.s 			page 3


 115 0056 B3       		.byte	-77
 116 0057 01       		.byte	1
 117 0058 B4       		.byte	-76
 118 0059 08       		.byte	8
 119 005a B6       		.byte	-74
 120 005b 01       		.byte	1
 121 005c BF       		.byte	-65
 122 005d 04       		.byte	4
 123 005e C0       		.byte	-64
 124 005f 60       		.byte	96
 125 0060 C1       		.byte	-63
 126 0061 04       		.byte	4
 127 0062 C5       		.byte	-59
 128 0063 D1       		.byte	-47
 129 0064 C7       		.byte	-57
 130 0065 20       		.byte	32
 131 0066 C8       		.byte	-56
 132 0067 23       		.byte	35
 133 0068 C9       		.byte	-55
 134 0069 FF       		.byte	-1
 135 006a CA       		.byte	-54
 136 006b FF       		.byte	-1
 137 006c CB       		.byte	-53
 138 006d FF       		.byte	-1
 139 006e CD       		.byte	-51
 140 006f A0       		.byte	-96
 141 0070 CF       		.byte	-49
 142 0071 04       		.byte	4
 143 0072 D0       		.byte	-48
 144 0073 18       		.byte	24
 145 0074 D2       		.byte	-46
 146 0075 80       		.byte	-128
 147 0076 D4       		.byte	-44
 148 0077 05       		.byte	5
 149 0078 D8       		.byte	-40
 150 0079 04       		.byte	4
 151 007a D9       		.byte	-39
 152 007b 04       		.byte	4
 153 007c DA       		.byte	-38
 154 007d 04       		.byte	4
 155 007e DB       		.byte	-37
 156 007f 04       		.byte	4
 157 0080 DF       		.byte	-33
 158 0081 01       		.byte	1
 159 0082 E0       		.byte	-32
 160 0083 40       		.byte	64
 161 0084 E2       		.byte	-30
 162 0085 C0       		.byte	-64
 163 0086 E4       		.byte	-28
 164 0087 40       		.byte	64
 165 0088 E5       		.byte	-27
 166 0089 40       		.byte	64
 167 008a E6       		.byte	-26
 168 008b C0       		.byte	-64
 169 008c E8       		.byte	-24
 170 008d C0       		.byte	-64
 171 008e EA       		.byte	-22
ARM GAS  C:\Users\duver\AppData\Local\Temp\ccnqCAhv.s 			page 4


 172 008f C0       		.byte	-64
 173 0090 EC       		.byte	-20
 174 0091 C0       		.byte	-64
 175 0092 EE       		.byte	-18
 176 0093 C0       		.byte	-64
 177 0094 09       		.byte	9
 178 0095 02       		.byte	2
 179 0096 0A       		.byte	10
 180 0097 14       		.byte	20
 181 0098 10       		.byte	16
 182 0099 20       		.byte	32
 183 009a 18       		.byte	24
 184 009b 80       		.byte	-128
 185 009c 19       		.byte	25
 186 009d 60       		.byte	96
 187 009e 1A       		.byte	26
 188 009f 14       		.byte	20
 189 00a0 22       		.byte	34
 190 00a1 04       		.byte	4
 191 00a2 29       		.byte	41
 192 00a3 20       		.byte	32
 193 00a4 38       		.byte	56
 194 00a5 02       		.byte	2
 195 00a6 41       		.byte	65
 196 00a7 01       		.byte	1
 197 00a8 48       		.byte	72
 198 00a9 20       		.byte	32
 199 00aa 49       		.byte	73
 200 00ab 21       		.byte	33
 201 00ac 50       		.byte	80
 202 00ad 01       		.byte	1
 203 00ae 51       		.byte	81
 204 00af 01       		.byte	1
 205 00b0 59       		.byte	89
 206 00b1 41       		.byte	65
 207 00b2 5A       		.byte	90
 208 00b3 08       		.byte	8
 209 00b4 71       		.byte	113
 210 00b5 02       		.byte	2
 211 00b6 C2       		.byte	-62
 212 00b7 0E       		.byte	14
 213 00b8 C4       		.byte	-60
 214 00b9 04       		.byte	4
 215 00ba CA       		.byte	-54
 216 00bb 04       		.byte	4
 217 00bc CE       		.byte	-50
 218 00bd 01       		.byte	1
 219 00be D0       		.byte	-48
 220 00bf 01       		.byte	1
 221 00c0 D2       		.byte	-46
 222 00c1 04       		.byte	4
 223 00c2 D6       		.byte	-42
 224 00c3 0B       		.byte	11
 225 00c4 B4       		.byte	-76
 226 00c5 40       		.byte	64
 227 00c6 EE       		.byte	-18
 228 00c7 08       		.byte	8
ARM GAS  C:\Users\duver\AppData\Local\Temp\ccnqCAhv.s 			page 5


 229 00c8 33       		.byte	51
 230 00c9 20       		.byte	32
 231 00ca CC       		.byte	-52
 232 00cb 10       		.byte	16
 233 00cc A7       		.byte	-89
 234 00cd 20       		.byte	32
 235 00ce A7       		.byte	-89
 236 00cf 20       		.byte	32
 237 00d0 A7       		.byte	-89
 238 00d1 20       		.byte	32
 239 00d2 A7       		.byte	-89
 240 00d3 20       		.byte	32
 241 00d4 AF       		.byte	-81
 242 00d5 20       		.byte	32
 243 00d6 EE       		.byte	-18
 244 00d7 10       		.byte	16
 245 00d8 1F       		.byte	31
 246 00d9 80       		.byte	-128
 247 00da 5C       		.byte	92
 248 00db 01       		.byte	1
 249 00dc C6       		.byte	-58
 250 00dd 01       		.byte	1
 251 00de D6       		.byte	-42
 252 00df 01       		.byte	1
 253 00e0 AF       		.byte	-81
 254 00e1 80       		.byte	-128
 255 00e2 B4       		.byte	-76
 256 00e3 01       		.byte	1
 257 00e4 EC       		.byte	-20
 258 00e5 08       		.byte	8
 259 00e6 10       		.byte	16
 260 00e7 01       		.byte	1
 261 00e8 1C       		.byte	28
 262 00e9 01       		.byte	1
 263 00ea 00       		.byte	0
 264 00eb 03       		.byte	3
 265 00ec 00       		.byte	0
 266 00ed 00       		.byte	0
 267 00ee 00       		.byte	0
 268 00ef 00       		.byte	0
 269 00f0 00       		.byte	0
 270 00f1 00       		.byte	0
 271 00f2 24       		.byte	36
 272 00f3 00       		.byte	0
 273 00f4 80       		.byte	-128
 274 00f5 00       		.byte	0
 275 00f6 00       		.byte	0
 276 00f7 FF       		.byte	-1
 277 00f8 FF       		.byte	-1
 278 00f9 00       		.byte	0
 279 00fa 00       		.byte	0
 280 00fb 00       		.byte	0
 281 00fc 00       		.byte	0
 282 00fd 00       		.byte	0
 283 00fe 00       		.byte	0
 284 00ff 00       		.byte	0
 285 0100 00       		.byte	0
ARM GAS  C:\Users\duver\AppData\Local\Temp\ccnqCAhv.s 			page 6


 286 0101 2B       		.byte	43
 287 0102 2B       		.byte	43
 288 0103 00       		.byte	0
 289 0104 20       		.byte	32
 290 0105 00       		.byte	0
 291 0106 00       		.byte	0
 292 0107 00       		.byte	0
 293 0108 00       		.byte	0
 294 0109 00       		.byte	0
 295 010a 00       		.byte	0
 296 010b 00       		.byte	0
 297 010c 00       		.byte	0
 298 010d 00       		.byte	0
 299 010e 03       		.byte	3
 300 010f 00       		.byte	0
 301 0110 01       		.byte	1
 302 0111 00       		.byte	0
 303 0112 18       		.byte	24
 304 0113 01       		.byte	1
 305              		.section	.cywolatch,"a",%progbits
 306              		.align	2
 307              		.type	cy_meta_wonvl, %object
 308              		.size	cy_meta_wonvl, 4
 309              	cy_meta_wonvl:
 310 0000 BC       		.byte	-68
 311 0001 90       		.byte	-112
 312 0002 AC       		.byte	-84
 313 0003 AF       		.byte	-81
 314              		.section	.cycustnvl,"a",%progbits
 315              		.align	2
 316              		.type	cy_meta_custnvl, %object
 317              		.size	cy_meta_custnvl, 4
 318              	cy_meta_custnvl:
 319 0000 00       		.byte	0
 320 0001 00       		.byte	0
 321 0002 40       		.byte	64
 322 0003 05       		.byte	5
 323              		.section	.cymeta,"a",%progbits
 324              		.align	2
 325              		.type	cy_metadata, %object
 326              		.size	cy_metadata, 12
 327              	cy_metadata:
 328 0000 00       		.byte	0
 329 0001 01       		.byte	1
 330 0002 2E       		.byte	46
 331 0003 16       		.byte	22
 332 0004 10       		.byte	16
 333 0005 69       		.byte	105
 334 0006 00       		.byte	0
 335 0007 01       		.byte	1
 336 0008 00       		.byte	0
 337 0009 00       		.byte	0
 338 000a 00       		.byte	0
 339 000b 00       		.byte	0
 340              		.section	.cyflashprotect,"a",%progbits
 341              		.align	2
 342              		.type	cy_meta_flashprotect, %object
ARM GAS  C:\Users\duver\AppData\Local\Temp\ccnqCAhv.s 			page 7


 343              		.size	cy_meta_flashprotect, 256
 344              	cy_meta_flashprotect:
 345 0000 00000000 		.space	256
 345      00000000 
 345      00000000 
 345      00000000 
 345      00000000 
 346              		.text
 347              	.Letext0:
 348              		.file 1 "c:\\program files (x86)\\cypress\\psoc creator\\4.3\\psoc creator\\import\\gnu\\arm\\5.4.
 349              		.file 2 "c:\\program files (x86)\\cypress\\psoc creator\\4.3\\psoc creator\\import\\gnu\\arm\\5.4.
 350              		.file 3 "Generated_Source\\PSoC5\\cymetadata.c"
 351              		.section	.debug_info,"",%progbits
 352              	.Ldebug_info0:
 353 0000 31010000 		.4byte	0x131
 354 0004 0400     		.2byte	0x4
 355 0006 00000000 		.4byte	.Ldebug_abbrev0
 356 000a 04       		.byte	0x4
 357 000b 01       		.uleb128 0x1
 358 000c 24000000 		.4byte	.LASF17
 359 0010 0C       		.byte	0xc
 360 0011 EC010000 		.4byte	.LASF18
 361 0015 B2000000 		.4byte	.LASF19
 362 0019 00000000 		.4byte	.Ldebug_line0
 363 001d 02       		.uleb128 0x2
 364 001e 01       		.byte	0x1
 365 001f 06       		.byte	0x6
 366 0020 E0010000 		.4byte	.LASF0
 367 0024 03       		.uleb128 0x3
 368 0025 00000000 		.4byte	.LASF9
 369 0029 01       		.byte	0x1
 370 002a 1D       		.byte	0x1d
 371 002b 2F000000 		.4byte	0x2f
 372 002f 02       		.uleb128 0x2
 373 0030 01       		.byte	0x1
 374 0031 08       		.byte	0x8
 375 0032 16000000 		.4byte	.LASF1
 376 0036 02       		.uleb128 0x2
 377 0037 02       		.byte	0x2
 378 0038 05       		.byte	0x5
 379 0039 CD010000 		.4byte	.LASF2
 380 003d 02       		.uleb128 0x2
 381 003e 02       		.byte	0x2
 382 003f 07       		.byte	0x7
 383 0040 32010000 		.4byte	.LASF3
 384 0044 02       		.uleb128 0x2
 385 0045 04       		.byte	0x4
 386 0046 05       		.byte	0x5
 387 0047 D7010000 		.4byte	.LASF4
 388 004b 02       		.uleb128 0x2
 389 004c 04       		.byte	0x4
 390 004d 07       		.byte	0x7
 391 004e 20010000 		.4byte	.LASF5
 392 0052 02       		.uleb128 0x2
 393 0053 08       		.byte	0x8
 394 0054 05       		.byte	0x5
 395 0055 BF010000 		.4byte	.LASF6
ARM GAS  C:\Users\duver\AppData\Local\Temp\ccnqCAhv.s 			page 8


 396 0059 02       		.uleb128 0x2
 397 005a 08       		.byte	0x8
 398 005b 07       		.byte	0x7
 399 005c 74010000 		.4byte	.LASF7
 400 0060 04       		.uleb128 0x4
 401 0061 04       		.byte	0x4
 402 0062 05       		.byte	0x5
 403 0063 696E7400 		.ascii	"int\000"
 404 0067 02       		.uleb128 0x2
 405 0068 04       		.byte	0x4
 406 0069 07       		.byte	0x7
 407 006a 67010000 		.4byte	.LASF8
 408 006e 03       		.uleb128 0x3
 409 006f 8B010000 		.4byte	.LASF10
 410 0073 02       		.byte	0x2
 411 0074 18       		.byte	0x18
 412 0075 24000000 		.4byte	0x24
 413 0079 05       		.uleb128 0x5
 414 007a 91000000 		.4byte	0x91
 415 007e 8A000000 		.4byte	0x8a
 416 0082 06       		.uleb128 0x6
 417 0083 8A000000 		.4byte	0x8a
 418 0087 1301     		.2byte	0x113
 419 0089 00       		.byte	0
 420 008a 02       		.uleb128 0x2
 421 008b 04       		.byte	0x4
 422 008c 07       		.byte	0x7
 423 008d B6010000 		.4byte	.LASF11
 424 0091 07       		.uleb128 0x7
 425 0092 6E000000 		.4byte	0x6e
 426 0096 08       		.uleb128 0x8
 427 0097 55010000 		.4byte	.LASF12
 428 009b 03       		.byte	0x3
 429 009c 1F       		.byte	0x1f
 430 009d A7000000 		.4byte	0xa7
 431 00a1 05       		.uleb128 0x5
 432 00a2 03       		.byte	0x3
 433 00a3 00000000 		.4byte	cy_meta_configecc
 434 00a7 07       		.uleb128 0x7
 435 00a8 79000000 		.4byte	0x79
 436 00ac 05       		.uleb128 0x5
 437 00ad 91000000 		.4byte	0x91
 438 00b1 BC000000 		.4byte	0xbc
 439 00b5 09       		.uleb128 0x9
 440 00b6 8A000000 		.4byte	0x8a
 441 00ba 03       		.byte	0x3
 442 00bb 00       		.byte	0
 443 00bc 08       		.uleb128 0x8
 444 00bd 45010000 		.4byte	.LASF13
 445 00c1 03       		.byte	0x3
 446 00c2 4F       		.byte	0x4f
 447 00c3 CD000000 		.4byte	0xcd
 448 00c7 05       		.uleb128 0x5
 449 00c8 03       		.byte	0x3
 450 00c9 00000000 		.4byte	cy_meta_custnvl
 451 00cd 07       		.uleb128 0x7
 452 00ce AC000000 		.4byte	0xac
ARM GAS  C:\Users\duver\AppData\Local\Temp\ccnqCAhv.s 			page 9


 453 00d2 08       		.uleb128 0x8
 454 00d3 A8010000 		.4byte	.LASF14
 455 00d7 03       		.byte	0x3
 456 00d8 5D       		.byte	0x5d
 457 00d9 E3000000 		.4byte	0xe3
 458 00dd 05       		.uleb128 0x5
 459 00de 03       		.byte	0x3
 460 00df 00000000 		.4byte	cy_meta_wonvl
 461 00e3 07       		.uleb128 0x7
 462 00e4 AC000000 		.4byte	0xac
 463 00e8 05       		.uleb128 0x5
 464 00e9 91000000 		.4byte	0x91
 465 00ed F8000000 		.4byte	0xf8
 466 00f1 09       		.uleb128 0x9
 467 00f2 8A000000 		.4byte	0x8a
 468 00f6 FF       		.byte	0xff
 469 00f7 00       		.byte	0
 470 00f8 08       		.uleb128 0x8
 471 00f9 93010000 		.4byte	.LASF15
 472 00fd 03       		.byte	0x3
 473 00fe 6B       		.byte	0x6b
 474 00ff 09010000 		.4byte	0x109
 475 0103 05       		.uleb128 0x5
 476 0104 03       		.byte	0x3
 477 0105 00000000 		.4byte	cy_meta_flashprotect
 478 0109 07       		.uleb128 0x7
 479 010a E8000000 		.4byte	0xe8
 480 010e 05       		.uleb128 0x5
 481 010f 91000000 		.4byte	0x91
 482 0113 1E010000 		.4byte	0x11e
 483 0117 09       		.uleb128 0x9
 484 0118 8A000000 		.4byte	0x8a
 485 011c 0B       		.byte	0xb
 486 011d 00       		.byte	0
 487 011e 08       		.uleb128 0x8
 488 011f 0A000000 		.4byte	.LASF16
 489 0123 03       		.byte	0x3
 490 0124 98       		.byte	0x98
 491 0125 2F010000 		.4byte	0x12f
 492 0129 05       		.uleb128 0x5
 493 012a 03       		.byte	0x3
 494 012b 00000000 		.4byte	cy_metadata
 495 012f 07       		.uleb128 0x7
 496 0130 0E010000 		.4byte	0x10e
 497 0134 00       		.byte	0
 498              		.section	.debug_abbrev,"",%progbits
 499              	.Ldebug_abbrev0:
 500 0000 01       		.uleb128 0x1
 501 0001 11       		.uleb128 0x11
 502 0002 01       		.byte	0x1
 503 0003 25       		.uleb128 0x25
 504 0004 0E       		.uleb128 0xe
 505 0005 13       		.uleb128 0x13
 506 0006 0B       		.uleb128 0xb
 507 0007 03       		.uleb128 0x3
 508 0008 0E       		.uleb128 0xe
 509 0009 1B       		.uleb128 0x1b
ARM GAS  C:\Users\duver\AppData\Local\Temp\ccnqCAhv.s 			page 10


 510 000a 0E       		.uleb128 0xe
 511 000b 10       		.uleb128 0x10
 512 000c 17       		.uleb128 0x17
 513 000d 00       		.byte	0
 514 000e 00       		.byte	0
 515 000f 02       		.uleb128 0x2
 516 0010 24       		.uleb128 0x24
 517 0011 00       		.byte	0
 518 0012 0B       		.uleb128 0xb
 519 0013 0B       		.uleb128 0xb
 520 0014 3E       		.uleb128 0x3e
 521 0015 0B       		.uleb128 0xb
 522 0016 03       		.uleb128 0x3
 523 0017 0E       		.uleb128 0xe
 524 0018 00       		.byte	0
 525 0019 00       		.byte	0
 526 001a 03       		.uleb128 0x3
 527 001b 16       		.uleb128 0x16
 528 001c 00       		.byte	0
 529 001d 03       		.uleb128 0x3
 530 001e 0E       		.uleb128 0xe
 531 001f 3A       		.uleb128 0x3a
 532 0020 0B       		.uleb128 0xb
 533 0021 3B       		.uleb128 0x3b
 534 0022 0B       		.uleb128 0xb
 535 0023 49       		.uleb128 0x49
 536 0024 13       		.uleb128 0x13
 537 0025 00       		.byte	0
 538 0026 00       		.byte	0
 539 0027 04       		.uleb128 0x4
 540 0028 24       		.uleb128 0x24
 541 0029 00       		.byte	0
 542 002a 0B       		.uleb128 0xb
 543 002b 0B       		.uleb128 0xb
 544 002c 3E       		.uleb128 0x3e
 545 002d 0B       		.uleb128 0xb
 546 002e 03       		.uleb128 0x3
 547 002f 08       		.uleb128 0x8
 548 0030 00       		.byte	0
 549 0031 00       		.byte	0
 550 0032 05       		.uleb128 0x5
 551 0033 01       		.uleb128 0x1
 552 0034 01       		.byte	0x1
 553 0035 49       		.uleb128 0x49
 554 0036 13       		.uleb128 0x13
 555 0037 01       		.uleb128 0x1
 556 0038 13       		.uleb128 0x13
 557 0039 00       		.byte	0
 558 003a 00       		.byte	0
 559 003b 06       		.uleb128 0x6
 560 003c 21       		.uleb128 0x21
 561 003d 00       		.byte	0
 562 003e 49       		.uleb128 0x49
 563 003f 13       		.uleb128 0x13
 564 0040 2F       		.uleb128 0x2f
 565 0041 05       		.uleb128 0x5
 566 0042 00       		.byte	0
ARM GAS  C:\Users\duver\AppData\Local\Temp\ccnqCAhv.s 			page 11


 567 0043 00       		.byte	0
 568 0044 07       		.uleb128 0x7
 569 0045 26       		.uleb128 0x26
 570 0046 00       		.byte	0
 571 0047 49       		.uleb128 0x49
 572 0048 13       		.uleb128 0x13
 573 0049 00       		.byte	0
 574 004a 00       		.byte	0
 575 004b 08       		.uleb128 0x8
 576 004c 34       		.uleb128 0x34
 577 004d 00       		.byte	0
 578 004e 03       		.uleb128 0x3
 579 004f 0E       		.uleb128 0xe
 580 0050 3A       		.uleb128 0x3a
 581 0051 0B       		.uleb128 0xb
 582 0052 3B       		.uleb128 0x3b
 583 0053 0B       		.uleb128 0xb
 584 0054 49       		.uleb128 0x49
 585 0055 13       		.uleb128 0x13
 586 0056 3F       		.uleb128 0x3f
 587 0057 19       		.uleb128 0x19
 588 0058 02       		.uleb128 0x2
 589 0059 18       		.uleb128 0x18
 590 005a 00       		.byte	0
 591 005b 00       		.byte	0
 592 005c 09       		.uleb128 0x9
 593 005d 21       		.uleb128 0x21
 594 005e 00       		.byte	0
 595 005f 49       		.uleb128 0x49
 596 0060 13       		.uleb128 0x13
 597 0061 2F       		.uleb128 0x2f
 598 0062 0B       		.uleb128 0xb
 599 0063 00       		.byte	0
 600 0064 00       		.byte	0
 601 0065 00       		.byte	0
 602              		.section	.debug_aranges,"",%progbits
 603 0000 14000000 		.4byte	0x14
 604 0004 0200     		.2byte	0x2
 605 0006 00000000 		.4byte	.Ldebug_info0
 606 000a 04       		.byte	0x4
 607 000b 00       		.byte	0
 608 000c 0000     		.2byte	0
 609 000e 0000     		.2byte	0
 610 0010 00000000 		.4byte	0
 611 0014 00000000 		.4byte	0
 612              		.section	.debug_line,"",%progbits
 613              	.Ldebug_line0:
 614 0000 3D010000 		.section	.debug_str,"MS",%progbits,1
 614      02003701 
 614      00000201 
 614      FB0E0D00 
 614      01010101 
 615              	.LASF9:
 616 0000 5F5F7569 		.ascii	"__uint8_t\000"
 616      6E74385F 
 616      7400
 617              	.LASF16:
ARM GAS  C:\Users\duver\AppData\Local\Temp\ccnqCAhv.s 			page 12


 618 000a 63795F6D 		.ascii	"cy_metadata\000"
 618      65746164 
 618      61746100 
 619              	.LASF1:
 620 0016 756E7369 		.ascii	"unsigned char\000"
 620      676E6564 
 620      20636861 
 620      7200
 621              	.LASF17:
 622 0024 474E5520 		.ascii	"GNU C11 5.4.1 20160609 (release) [ARM/embedded-5-br"
 622      43313120 
 622      352E342E 
 622      31203230 
 622      31363036 
 623 0057 616E6368 		.ascii	"anch revision 237715] -mcpu=cortex-m3 -mthumb -g -O"
 623      20726576 
 623      6973696F 
 623      6E203233 
 623      37373135 
 624 008a 67202D66 		.ascii	"g -ffunction-sections -ffat-lto-objects\000"
 624      66756E63 
 624      74696F6E 
 624      2D736563 
 624      74696F6E 
 625              	.LASF19:
 626 00b2 433A5C55 		.ascii	"C:\\Users\\duver\\OneDrive\\Documents\\Classes\\Cou"
 626      73657273 
 626      5C647576 
 626      65725C4F 
 626      6E654472 
 627 00df 72736572 		.ascii	"rsera\\Sensors\\Lab1 - Workspace01\\Closed_Loop_Mot"
 627      615C5365 
 627      6E736F72 
 627      735C4C61 
 627      6231202D 
 628 010f 6F725F43 		.ascii	"or_Control.cydsn\000"
 628      6F6E7472 
 628      6F6C2E63 
 628      7964736E 
 628      00
 629              	.LASF5:
 630 0120 6C6F6E67 		.ascii	"long unsigned int\000"
 630      20756E73 
 630      69676E65 
 630      6420696E 
 630      7400
 631              	.LASF3:
 632 0132 73686F72 		.ascii	"short unsigned int\000"
 632      7420756E 
 632      7369676E 
 632      65642069 
 632      6E7400
 633              	.LASF13:
 634 0145 63795F6D 		.ascii	"cy_meta_custnvl\000"
 634      6574615F 
 634      63757374 
 634      6E766C00 
ARM GAS  C:\Users\duver\AppData\Local\Temp\ccnqCAhv.s 			page 13


 635              	.LASF12:
 636 0155 63795F6D 		.ascii	"cy_meta_configecc\000"
 636      6574615F 
 636      636F6E66 
 636      69676563 
 636      6300
 637              	.LASF8:
 638 0167 756E7369 		.ascii	"unsigned int\000"
 638      676E6564 
 638      20696E74 
 638      00
 639              	.LASF7:
 640 0174 6C6F6E67 		.ascii	"long long unsigned int\000"
 640      206C6F6E 
 640      6720756E 
 640      7369676E 
 640      65642069 
 641              	.LASF10:
 642 018b 75696E74 		.ascii	"uint8_t\000"
 642      385F7400 
 643              	.LASF15:
 644 0193 63795F6D 		.ascii	"cy_meta_flashprotect\000"
 644      6574615F 
 644      666C6173 
 644      6870726F 
 644      74656374 
 645              	.LASF14:
 646 01a8 63795F6D 		.ascii	"cy_meta_wonvl\000"
 646      6574615F 
 646      776F6E76 
 646      6C00
 647              	.LASF11:
 648 01b6 73697A65 		.ascii	"sizetype\000"
 648      74797065 
 648      00
 649              	.LASF6:
 650 01bf 6C6F6E67 		.ascii	"long long int\000"
 650      206C6F6E 
 650      6720696E 
 650      7400
 651              	.LASF2:
 652 01cd 73686F72 		.ascii	"short int\000"
 652      7420696E 
 652      7400
 653              	.LASF4:
 654 01d7 6C6F6E67 		.ascii	"long int\000"
 654      20696E74 
 654      00
 655              	.LASF0:
 656 01e0 7369676E 		.ascii	"signed char\000"
 656      65642063 
 656      68617200 
 657              	.LASF18:
 658 01ec 47656E65 		.ascii	"Generated_Source\\PSoC5\\cymetadata.c\000"
 658      72617465 
 658      645F536F 
 658      75726365 
ARM GAS  C:\Users\duver\AppData\Local\Temp\ccnqCAhv.s 			page 14


 658      5C50536F 
 659              		.ident	"GCC: (GNU Tools for ARM Embedded Processors) 5.4.1 20160609 (release) [ARM/embedded-5-bran
