ARM GAS  C:\Users\duver\AppData\Local\Temp\ccAtIVHW.s 			page 1


   1              		.syntax unified
   2              		.cpu cortex-m3
   3              		.fpu softvfp
   4              		.eabi_attribute 20, 1
   5              		.eabi_attribute 21, 1
   6              		.eabi_attribute 23, 3
   7              		.eabi_attribute 24, 1
   8              		.eabi_attribute 25, 1
   9              		.eabi_attribute 26, 1
  10              		.eabi_attribute 30, 1
  11              		.eabi_attribute 34, 1
  12              		.eabi_attribute 18, 4
  13              		.thumb
  14              		.syntax unified
  15              		.file	"main.c"
  16              		.text
  17              	.Ltext0:
  18              		.cfi_sections	.debug_frame
  19              		.section	.text.main,"ax",%progbits
  20              		.align	2
  21              		.global	main
  22              		.thumb
  23              		.thumb_func
  24              		.type	main, %function
  25              	main:
  26              	.LFB63:
  27              		.file 1 "main.c"
   1:main.c        **** /* ========================================
   2:main.c        ****  *
   3:main.c        ****  * Copyright YOUR COMPANY, THE YEAR
   4:main.c        ****  * All Rights Reserved
   5:main.c        ****  * UNPUBLISHED, LICENSED SOFTWARE.
   6:main.c        ****  *
   7:main.c        ****  * CONFIDENTIAL AND PROPRIETARY INFORMATION
   8:main.c        ****  * WHICH IS THE PROPERTY OF your company.
   9:main.c        ****  *
  10:main.c        ****  * ========================================
  11:main.c        **** */
  12:main.c        **** #include "project.h"
  13:main.c        **** 
  14:main.c        **** int main(void)
  15:main.c        **** {
  28              		.loc 1 15 0
  29              		.cfi_startproc
  30              		@ Volatile: function does not return.
  31              		@ args = 0, pretend = 0, frame = 0
  32              		@ frame_needed = 0, uses_anonymous_args = 0
  33 0000 08B5     		push	{r3, lr}
  34              		.cfi_def_cfa_offset 8
  35              		.cfi_offset 3, -8
  36              		.cfi_offset 14, -4
  16:main.c        ****     CyGlobalIntEnable; /* Enable global interrupts. */
  37              		.loc 1 16 0
  38              		.syntax unified
  39              	@ 16 "main.c" 1
  40 0002 62B6     		CPSIE   i
  41              	@ 0 "" 2
ARM GAS  C:\Users\duver\AppData\Local\Temp\ccAtIVHW.s 			page 2


  17:main.c        **** 
  18:main.c        ****     PGA_1_Start();
  42              		.loc 1 18 0
  43              		.thumb
  44              		.syntax unified
  45 0004 FFF7FEFF 		bl	PGA_1_Start
  46              	.LVL0:
  19:main.c        ****     ADC_SAR_1_Start();
  47              		.loc 1 19 0
  48 0008 FFF7FEFF 		bl	ADC_SAR_1_Start
  49              	.LVL1:
  20:main.c        ****     PWM_1_Start();
  50              		.loc 1 20 0
  51 000c FFF7FEFF 		bl	PWM_1_Start
  52              	.LVL2:
  53              	.L2:
  21:main.c        ****     
  22:main.c        ****     //P1_5_Write(0);
  23:main.c        ****     
  24:main.c        **** 
  25:main.c        ****     for(;;)
  26:main.c        ****     {
  27:main.c        ****         /* Place your application code here. */
  28:main.c        ****         //P1_5_Write(1);
  29:main.c        ****         ADC_SAR_1_StartConvert();
  54              		.loc 1 29 0 discriminator 1
  55 0010 FFF7FEFF 		bl	ADC_SAR_1_StartConvert
  56              	.LVL3:
  30:main.c        ****         ADC_SAR_1_IsEndConversion(ADC_SAR_1_WAIT_FOR_RESULT);
  57              		.loc 1 30 0 discriminator 1
  58 0014 0020     		movs	r0, #0
  59 0016 FFF7FEFF 		bl	ADC_SAR_1_IsEndConversion
  60              	.LVL4:
  31:main.c        ****         
  32:main.c        ****         
  33:main.c        ****         CyDelayUs(800);
  61              		.loc 1 33 0 discriminator 1
  62 001a 4FF44870 		mov	r0, #800
  63 001e FFF7FEFF 		bl	CyDelayUs
  64              	.LVL5:
  34:main.c        ****         //P1_5_Write(0);
  35:main.c        ****         CyDelayUs(800);
  65              		.loc 1 35 0 discriminator 1
  66 0022 4FF44870 		mov	r0, #800
  67 0026 FFF7FEFF 		bl	CyDelayUs
  68              	.LVL6:
  69 002a F1E7     		b	.L2
  70              		.cfi_endproc
  71              	.LFE63:
  72              		.size	main, .-main
  73              		.text
  74              	.Letext0:
  75              		.file 2 "c:\\program files (x86)\\cypress\\psoc creator\\4.3\\psoc creator\\import\\gnu\\arm\\5.4.
  76              		.file 3 "c:\\program files (x86)\\cypress\\psoc creator\\4.3\\psoc creator\\import\\gnu\\arm\\5.4.
  77              		.file 4 "Generated_Source\\PSoC5/PGA_1.h"
  78              		.file 5 "Generated_Source\\PSoC5/ADC_SAR_1.h"
  79              		.file 6 "Generated_Source\\PSoC5/PWM_1.h"
ARM GAS  C:\Users\duver\AppData\Local\Temp\ccAtIVHW.s 			page 3


  80              		.file 7 "Generated_Source\\PSoC5/CyLib.h"
  81              		.file 8 "Generated_Source\\PSoC5/core_cm3.h"
  82              		.section	.debug_info,"",%progbits
  83              	.Ldebug_info0:
  84 0000 6B010000 		.4byte	0x16b
  85 0004 0400     		.2byte	0x4
  86 0006 00000000 		.4byte	.Ldebug_abbrev0
  87 000a 04       		.byte	0x4
  88 000b 01       		.uleb128 0x1
  89 000c 50000000 		.4byte	.LASF22
  90 0010 0C       		.byte	0xc
  91 0011 2E000000 		.4byte	.LASF23
  92 0015 57010000 		.4byte	.LASF24
  93 0019 00000000 		.4byte	.Ldebug_ranges0+0
  94 001d 00000000 		.4byte	0
  95 0021 00000000 		.4byte	.Ldebug_line0
  96 0025 02       		.uleb128 0x2
  97 0026 01       		.byte	0x1
  98 0027 06       		.byte	0x6
  99 0028 E2010000 		.4byte	.LASF0
 100 002c 02       		.uleb128 0x2
 101 002d 01       		.byte	0x1
 102 002e 08       		.byte	0x8
 103 002f 44010000 		.4byte	.LASF1
 104 0033 02       		.uleb128 0x2
 105 0034 02       		.byte	0x2
 106 0035 05       		.byte	0x5
 107 0036 0A020000 		.4byte	.LASF2
 108 003a 02       		.uleb128 0x2
 109 003b 02       		.byte	0x2
 110 003c 07       		.byte	0x7
 111 003d 0E000000 		.4byte	.LASF3
 112 0041 03       		.uleb128 0x3
 113 0042 FA010000 		.4byte	.LASF9
 114 0046 02       		.byte	0x2
 115 0047 3F       		.byte	0x3f
 116 0048 4C000000 		.4byte	0x4c
 117 004c 02       		.uleb128 0x2
 118 004d 04       		.byte	0x4
 119 004e 05       		.byte	0x5
 120 004f C5010000 		.4byte	.LASF4
 121 0053 02       		.uleb128 0x2
 122 0054 04       		.byte	0x4
 123 0055 07       		.byte	0x7
 124 0056 DE000000 		.4byte	.LASF5
 125 005a 02       		.uleb128 0x2
 126 005b 08       		.byte	0x8
 127 005c 05       		.byte	0x5
 128 005d 00000000 		.4byte	.LASF6
 129 0061 02       		.uleb128 0x2
 130 0062 08       		.byte	0x8
 131 0063 07       		.byte	0x7
 132 0064 FC000000 		.4byte	.LASF7
 133 0068 04       		.uleb128 0x4
 134 0069 04       		.byte	0x4
 135 006a 05       		.byte	0x5
 136 006b 696E7400 		.ascii	"int\000"
ARM GAS  C:\Users\duver\AppData\Local\Temp\ccAtIVHW.s 			page 4


 137 006f 02       		.uleb128 0x2
 138 0070 04       		.byte	0x4
 139 0071 07       		.byte	0x7
 140 0072 21000000 		.4byte	.LASF8
 141 0076 03       		.uleb128 0x3
 142 0077 14020000 		.4byte	.LASF10
 143 007b 03       		.byte	0x3
 144 007c 2C       		.byte	0x2c
 145 007d 41000000 		.4byte	0x41
 146 0081 02       		.uleb128 0x2
 147 0082 04       		.byte	0x4
 148 0083 04       		.byte	0x4
 149 0084 04020000 		.4byte	.LASF11
 150 0088 02       		.uleb128 0x2
 151 0089 08       		.byte	0x8
 152 008a 04       		.byte	0x4
 153 008b CE010000 		.4byte	.LASF12
 154 008f 02       		.uleb128 0x2
 155 0090 01       		.byte	0x1
 156 0091 08       		.byte	0x8
 157 0092 52010000 		.4byte	.LASF13
 158 0096 02       		.uleb128 0x2
 159 0097 08       		.byte	0x8
 160 0098 04       		.byte	0x4
 161 0099 EE010000 		.4byte	.LASF14
 162 009d 02       		.uleb128 0x2
 163 009e 04       		.byte	0x4
 164 009f 07       		.byte	0x7
 165 00a0 2C020000 		.4byte	.LASF15
 166 00a4 05       		.uleb128 0x5
 167 00a5 35000000 		.4byte	.LASF25
 168 00a9 01       		.byte	0x1
 169 00aa 0E       		.byte	0xe
 170 00ab 68000000 		.4byte	0x68
 171 00af 00000000 		.4byte	.LFB63
 172 00b3 2C000000 		.4byte	.LFE63-.LFB63
 173 00b7 01       		.uleb128 0x1
 174 00b8 9C       		.byte	0x9c
 175 00b9 1B010000 		.4byte	0x11b
 176 00bd 06       		.uleb128 0x6
 177 00be 08000000 		.4byte	.LVL0
 178 00c2 2C010000 		.4byte	0x12c
 179 00c6 06       		.uleb128 0x6
 180 00c7 0C000000 		.4byte	.LVL1
 181 00cb 37010000 		.4byte	0x137
 182 00cf 06       		.uleb128 0x6
 183 00d0 10000000 		.4byte	.LVL2
 184 00d4 42010000 		.4byte	0x142
 185 00d8 06       		.uleb128 0x6
 186 00d9 14000000 		.4byte	.LVL3
 187 00dd 4D010000 		.4byte	0x14d
 188 00e1 07       		.uleb128 0x7
 189 00e2 1A000000 		.4byte	.LVL4
 190 00e6 58010000 		.4byte	0x158
 191 00ea F4000000 		.4byte	0xf4
 192 00ee 08       		.uleb128 0x8
 193 00ef 01       		.uleb128 0x1
ARM GAS  C:\Users\duver\AppData\Local\Temp\ccAtIVHW.s 			page 5


 194 00f0 50       		.byte	0x50
 195 00f1 01       		.uleb128 0x1
 196 00f2 30       		.byte	0x30
 197 00f3 00       		.byte	0
 198 00f4 07       		.uleb128 0x7
 199 00f5 22000000 		.4byte	.LVL5
 200 00f9 63010000 		.4byte	0x163
 201 00fd 09010000 		.4byte	0x109
 202 0101 08       		.uleb128 0x8
 203 0102 01       		.uleb128 0x1
 204 0103 50       		.byte	0x50
 205 0104 03       		.uleb128 0x3
 206 0105 0A       		.byte	0xa
 207 0106 2003     		.2byte	0x320
 208 0108 00       		.byte	0
 209 0109 09       		.uleb128 0x9
 210 010a 2A000000 		.4byte	.LVL6
 211 010e 63010000 		.4byte	0x163
 212 0112 08       		.uleb128 0x8
 213 0113 01       		.uleb128 0x1
 214 0114 50       		.byte	0x50
 215 0115 03       		.uleb128 0x3
 216 0116 0A       		.byte	0xa
 217 0117 2003     		.2byte	0x320
 218 0119 00       		.byte	0
 219 011a 00       		.byte	0
 220 011b 0A       		.uleb128 0xa
 221 011c D5010000 		.4byte	.LASF26
 222 0120 08       		.byte	0x8
 223 0121 1207     		.2byte	0x712
 224 0123 27010000 		.4byte	0x127
 225 0127 0B       		.uleb128 0xb
 226 0128 76000000 		.4byte	0x76
 227 012c 0C       		.uleb128 0xc
 228 012d F0000000 		.4byte	.LASF16
 229 0131 F0000000 		.4byte	.LASF16
 230 0135 04       		.byte	0x4
 231 0136 3E       		.byte	0x3e
 232 0137 0C       		.uleb128 0xc
 233 0138 1C020000 		.4byte	.LASF17
 234 013c 1C020000 		.4byte	.LASF17
 235 0140 05       		.byte	0x5
 236 0141 34       		.byte	0x34
 237 0142 0C       		.uleb128 0xc
 238 0143 3A000000 		.4byte	.LASF18
 239 0147 3A000000 		.4byte	.LASF18
 240 014b 06       		.byte	0x6
 241 014c 92       		.byte	0x92
 242 014d 0C       		.uleb128 0xc
 243 014e 13010000 		.4byte	.LASF19
 244 0152 13010000 		.4byte	.LASF19
 245 0156 05       		.byte	0x5
 246 0157 D1       		.byte	0xd1
 247 0158 0C       		.uleb128 0xc
 248 0159 2A010000 		.4byte	.LASF20
 249 015d 2A010000 		.4byte	.LASF20
 250 0161 05       		.byte	0x5
ARM GAS  C:\Users\duver\AppData\Local\Temp\ccAtIVHW.s 			page 6


 251 0162 39       		.byte	0x39
 252 0163 0C       		.uleb128 0xc
 253 0164 46000000 		.4byte	.LASF21
 254 0168 46000000 		.4byte	.LASF21
 255 016c 07       		.byte	0x7
 256 016d 77       		.byte	0x77
 257 016e 00       		.byte	0
 258              		.section	.debug_abbrev,"",%progbits
 259              	.Ldebug_abbrev0:
 260 0000 01       		.uleb128 0x1
 261 0001 11       		.uleb128 0x11
 262 0002 01       		.byte	0x1
 263 0003 25       		.uleb128 0x25
 264 0004 0E       		.uleb128 0xe
 265 0005 13       		.uleb128 0x13
 266 0006 0B       		.uleb128 0xb
 267 0007 03       		.uleb128 0x3
 268 0008 0E       		.uleb128 0xe
 269 0009 1B       		.uleb128 0x1b
 270 000a 0E       		.uleb128 0xe
 271 000b 55       		.uleb128 0x55
 272 000c 17       		.uleb128 0x17
 273 000d 11       		.uleb128 0x11
 274 000e 01       		.uleb128 0x1
 275 000f 10       		.uleb128 0x10
 276 0010 17       		.uleb128 0x17
 277 0011 00       		.byte	0
 278 0012 00       		.byte	0
 279 0013 02       		.uleb128 0x2
 280 0014 24       		.uleb128 0x24
 281 0015 00       		.byte	0
 282 0016 0B       		.uleb128 0xb
 283 0017 0B       		.uleb128 0xb
 284 0018 3E       		.uleb128 0x3e
 285 0019 0B       		.uleb128 0xb
 286 001a 03       		.uleb128 0x3
 287 001b 0E       		.uleb128 0xe
 288 001c 00       		.byte	0
 289 001d 00       		.byte	0
 290 001e 03       		.uleb128 0x3
 291 001f 16       		.uleb128 0x16
 292 0020 00       		.byte	0
 293 0021 03       		.uleb128 0x3
 294 0022 0E       		.uleb128 0xe
 295 0023 3A       		.uleb128 0x3a
 296 0024 0B       		.uleb128 0xb
 297 0025 3B       		.uleb128 0x3b
 298 0026 0B       		.uleb128 0xb
 299 0027 49       		.uleb128 0x49
 300 0028 13       		.uleb128 0x13
 301 0029 00       		.byte	0
 302 002a 00       		.byte	0
 303 002b 04       		.uleb128 0x4
 304 002c 24       		.uleb128 0x24
 305 002d 00       		.byte	0
 306 002e 0B       		.uleb128 0xb
 307 002f 0B       		.uleb128 0xb
ARM GAS  C:\Users\duver\AppData\Local\Temp\ccAtIVHW.s 			page 7


 308 0030 3E       		.uleb128 0x3e
 309 0031 0B       		.uleb128 0xb
 310 0032 03       		.uleb128 0x3
 311 0033 08       		.uleb128 0x8
 312 0034 00       		.byte	0
 313 0035 00       		.byte	0
 314 0036 05       		.uleb128 0x5
 315 0037 2E       		.uleb128 0x2e
 316 0038 01       		.byte	0x1
 317 0039 3F       		.uleb128 0x3f
 318 003a 19       		.uleb128 0x19
 319 003b 03       		.uleb128 0x3
 320 003c 0E       		.uleb128 0xe
 321 003d 3A       		.uleb128 0x3a
 322 003e 0B       		.uleb128 0xb
 323 003f 3B       		.uleb128 0x3b
 324 0040 0B       		.uleb128 0xb
 325 0041 27       		.uleb128 0x27
 326 0042 19       		.uleb128 0x19
 327 0043 49       		.uleb128 0x49
 328 0044 13       		.uleb128 0x13
 329 0045 8701     		.uleb128 0x87
 330 0047 19       		.uleb128 0x19
 331 0048 11       		.uleb128 0x11
 332 0049 01       		.uleb128 0x1
 333 004a 12       		.uleb128 0x12
 334 004b 06       		.uleb128 0x6
 335 004c 40       		.uleb128 0x40
 336 004d 18       		.uleb128 0x18
 337 004e 9742     		.uleb128 0x2117
 338 0050 19       		.uleb128 0x19
 339 0051 01       		.uleb128 0x1
 340 0052 13       		.uleb128 0x13
 341 0053 00       		.byte	0
 342 0054 00       		.byte	0
 343 0055 06       		.uleb128 0x6
 344 0056 898201   		.uleb128 0x4109
 345 0059 00       		.byte	0
 346 005a 11       		.uleb128 0x11
 347 005b 01       		.uleb128 0x1
 348 005c 31       		.uleb128 0x31
 349 005d 13       		.uleb128 0x13
 350 005e 00       		.byte	0
 351 005f 00       		.byte	0
 352 0060 07       		.uleb128 0x7
 353 0061 898201   		.uleb128 0x4109
 354 0064 01       		.byte	0x1
 355 0065 11       		.uleb128 0x11
 356 0066 01       		.uleb128 0x1
 357 0067 31       		.uleb128 0x31
 358 0068 13       		.uleb128 0x13
 359 0069 01       		.uleb128 0x1
 360 006a 13       		.uleb128 0x13
 361 006b 00       		.byte	0
 362 006c 00       		.byte	0
 363 006d 08       		.uleb128 0x8
 364 006e 8A8201   		.uleb128 0x410a
ARM GAS  C:\Users\duver\AppData\Local\Temp\ccAtIVHW.s 			page 8


 365 0071 00       		.byte	0
 366 0072 02       		.uleb128 0x2
 367 0073 18       		.uleb128 0x18
 368 0074 9142     		.uleb128 0x2111
 369 0076 18       		.uleb128 0x18
 370 0077 00       		.byte	0
 371 0078 00       		.byte	0
 372 0079 09       		.uleb128 0x9
 373 007a 898201   		.uleb128 0x4109
 374 007d 01       		.byte	0x1
 375 007e 11       		.uleb128 0x11
 376 007f 01       		.uleb128 0x1
 377 0080 31       		.uleb128 0x31
 378 0081 13       		.uleb128 0x13
 379 0082 00       		.byte	0
 380 0083 00       		.byte	0
 381 0084 0A       		.uleb128 0xa
 382 0085 34       		.uleb128 0x34
 383 0086 00       		.byte	0
 384 0087 03       		.uleb128 0x3
 385 0088 0E       		.uleb128 0xe
 386 0089 3A       		.uleb128 0x3a
 387 008a 0B       		.uleb128 0xb
 388 008b 3B       		.uleb128 0x3b
 389 008c 05       		.uleb128 0x5
 390 008d 49       		.uleb128 0x49
 391 008e 13       		.uleb128 0x13
 392 008f 3F       		.uleb128 0x3f
 393 0090 19       		.uleb128 0x19
 394 0091 3C       		.uleb128 0x3c
 395 0092 19       		.uleb128 0x19
 396 0093 00       		.byte	0
 397 0094 00       		.byte	0
 398 0095 0B       		.uleb128 0xb
 399 0096 35       		.uleb128 0x35
 400 0097 00       		.byte	0
 401 0098 49       		.uleb128 0x49
 402 0099 13       		.uleb128 0x13
 403 009a 00       		.byte	0
 404 009b 00       		.byte	0
 405 009c 0C       		.uleb128 0xc
 406 009d 2E       		.uleb128 0x2e
 407 009e 00       		.byte	0
 408 009f 3F       		.uleb128 0x3f
 409 00a0 19       		.uleb128 0x19
 410 00a1 3C       		.uleb128 0x3c
 411 00a2 19       		.uleb128 0x19
 412 00a3 6E       		.uleb128 0x6e
 413 00a4 0E       		.uleb128 0xe
 414 00a5 03       		.uleb128 0x3
 415 00a6 0E       		.uleb128 0xe
 416 00a7 3A       		.uleb128 0x3a
 417 00a8 0B       		.uleb128 0xb
 418 00a9 3B       		.uleb128 0x3b
 419 00aa 0B       		.uleb128 0xb
 420 00ab 00       		.byte	0
 421 00ac 00       		.byte	0
ARM GAS  C:\Users\duver\AppData\Local\Temp\ccAtIVHW.s 			page 9


 422 00ad 00       		.byte	0
 423              		.section	.debug_aranges,"",%progbits
 424 0000 1C000000 		.4byte	0x1c
 425 0004 0200     		.2byte	0x2
 426 0006 00000000 		.4byte	.Ldebug_info0
 427 000a 04       		.byte	0x4
 428 000b 00       		.byte	0
 429 000c 0000     		.2byte	0
 430 000e 0000     		.2byte	0
 431 0010 00000000 		.4byte	.LFB63
 432 0014 2C000000 		.4byte	.LFE63-.LFB63
 433 0018 00000000 		.4byte	0
 434 001c 00000000 		.4byte	0
 435              		.section	.debug_ranges,"",%progbits
 436              	.Ldebug_ranges0:
 437 0000 00000000 		.4byte	.LFB63
 438 0004 2C000000 		.4byte	.LFE63
 439 0008 00000000 		.4byte	0
 440 000c 00000000 		.4byte	0
 441              		.section	.debug_line,"",%progbits
 442              	.Ldebug_line0:
 443 0000 9E010000 		.section	.debug_str,"MS",%progbits,1
 443      02006F01 
 443      00000201 
 443      FB0E0D00 
 443      01010101 
 444              	.LASF6:
 445 0000 6C6F6E67 		.ascii	"long long int\000"
 445      206C6F6E 
 445      6720696E 
 445      7400
 446              	.LASF3:
 447 000e 73686F72 		.ascii	"short unsigned int\000"
 447      7420756E 
 447      7369676E 
 447      65642069 
 447      6E7400
 448              	.LASF8:
 449 0021 756E7369 		.ascii	"unsigned int\000"
 449      676E6564 
 449      20696E74 
 449      00
 450              	.LASF23:
 451 002e 6D61696E 		.ascii	"main.c\000"
 451      2E6300
 452              	.LASF25:
 453 0035 6D61696E 		.ascii	"main\000"
 453      00
 454              	.LASF18:
 455 003a 50574D5F 		.ascii	"PWM_1_Start\000"
 455      315F5374 
 455      61727400 
 456              	.LASF21:
 457 0046 43794465 		.ascii	"CyDelayUs\000"
 457      6C617955 
 457      7300
 458              	.LASF22:
ARM GAS  C:\Users\duver\AppData\Local\Temp\ccAtIVHW.s 			page 10


 459 0050 474E5520 		.ascii	"GNU C11 5.4.1 20160609 (release) [ARM/embedded-5-br"
 459      43313120 
 459      352E342E 
 459      31203230 
 459      31363036 
 460 0083 616E6368 		.ascii	"anch revision 237715] -mcpu=cortex-m3 -mthumb -g -O"
 460      20726576 
 460      6973696F 
 460      6E203233 
 460      37373135 
 461 00b6 67202D66 		.ascii	"g -ffunction-sections -ffat-lto-objects\000"
 461      66756E63 
 461      74696F6E 
 461      2D736563 
 461      74696F6E 
 462              	.LASF5:
 463 00de 6C6F6E67 		.ascii	"long unsigned int\000"
 463      20756E73 
 463      69676E65 
 463      6420696E 
 463      7400
 464              	.LASF16:
 465 00f0 5047415F 		.ascii	"PGA_1_Start\000"
 465      315F5374 
 465      61727400 
 466              	.LASF7:
 467 00fc 6C6F6E67 		.ascii	"long long unsigned int\000"
 467      206C6F6E 
 467      6720756E 
 467      7369676E 
 467      65642069 
 468              	.LASF19:
 469 0113 4144435F 		.ascii	"ADC_SAR_1_StartConvert\000"
 469      5341525F 
 469      315F5374 
 469      61727443 
 469      6F6E7665 
 470              	.LASF20:
 471 012a 4144435F 		.ascii	"ADC_SAR_1_IsEndConversion\000"
 471      5341525F 
 471      315F4973 
 471      456E6443 
 471      6F6E7665 
 472              	.LASF1:
 473 0144 756E7369 		.ascii	"unsigned char\000"
 473      676E6564 
 473      20636861 
 473      7200
 474              	.LASF13:
 475 0152 63686172 		.ascii	"char\000"
 475      00
 476              	.LASF24:
 477 0157 433A5C55 		.ascii	"C:\\Users\\duver\\OneDrive\\Documents\\Classes\\Cou"
 477      73657273 
 477      5C647576 
 477      65725C4F 
 477      6E654472 
ARM GAS  C:\Users\duver\AppData\Local\Temp\ccAtIVHW.s 			page 11


 478 0184 72736572 		.ascii	"rsera\\Sensors\\Lab1 - Workspace01\\Closed_Loop_Mot"
 478      615C5365 
 478      6E736F72 
 478      735C4C61 
 478      6231202D 
 479 01b4 6F725F43 		.ascii	"or_Control.cydsn\000"
 479      6F6E7472 
 479      6F6C2E63 
 479      7964736E 
 479      00
 480              	.LASF4:
 481 01c5 6C6F6E67 		.ascii	"long int\000"
 481      20696E74 
 481      00
 482              	.LASF12:
 483 01ce 646F7562 		.ascii	"double\000"
 483      6C6500
 484              	.LASF26:
 485 01d5 49544D5F 		.ascii	"ITM_RxBuffer\000"
 485      52784275 
 485      66666572 
 485      00
 486              	.LASF0:
 487 01e2 7369676E 		.ascii	"signed char\000"
 487      65642063 
 487      68617200 
 488              	.LASF14:
 489 01ee 6C6F6E67 		.ascii	"long double\000"
 489      20646F75 
 489      626C6500 
 490              	.LASF9:
 491 01fa 5F5F696E 		.ascii	"__int32_t\000"
 491      7433325F 
 491      7400
 492              	.LASF11:
 493 0204 666C6F61 		.ascii	"float\000"
 493      7400
 494              	.LASF2:
 495 020a 73686F72 		.ascii	"short int\000"
 495      7420696E 
 495      7400
 496              	.LASF10:
 497 0214 696E7433 		.ascii	"int32_t\000"
 497      325F7400 
 498              	.LASF17:
 499 021c 4144435F 		.ascii	"ADC_SAR_1_Start\000"
 499      5341525F 
 499      315F5374 
 499      61727400 
 500              	.LASF15:
 501 022c 73697A65 		.ascii	"sizetype\000"
 501      74797065 
 501      00
 502              		.ident	"GCC: (GNU Tools for ARM Embedded Processors) 5.4.1 20160609 (release) [ARM/embedded-5-bran
