ARM GAS  C:\Users\duver\AppData\Local\Temp\cceltYAb.s 			page 1


   1              		.syntax unified
   2              		.cpu cortex-m3
   3              		.fpu softvfp
   4              		.eabi_attribute 20, 1
   5              		.eabi_attribute 21, 1
   6              		.eabi_attribute 23, 3
   7              		.eabi_attribute 24, 1
   8              		.eabi_attribute 25, 1
   9              		.eabi_attribute 26, 1
  10              		.eabi_attribute 30, 1
  11              		.eabi_attribute 34, 1
  12              		.eabi_attribute 18, 4
  13              		.thumb
  14              		.syntax unified
  15              		.file	"cyfitter_cfg.c"
  16              		.text
  17              	.Ltext0:
  18              		.cfi_sections	.debug_frame
  19              		.section	.text.CyClockStartupError,"ax",%progbits
  20              		.align	2
  21              		.thumb
  22              		.thumb_func
  23              		.type	CyClockStartupError, %function
  24              	CyClockStartupError:
  25              	.LFB3:
  26              		.file 1 "Generated_Source\\PSoC5\\cyfitter_cfg.c"
   1:Generated_Source\PSoC5/cyfitter_cfg.c **** 
   2:Generated_Source\PSoC5/cyfitter_cfg.c **** /*******************************************************************************
   3:Generated_Source\PSoC5/cyfitter_cfg.c **** * File Name: cyfitter_cfg.c
   4:Generated_Source\PSoC5/cyfitter_cfg.c **** * 
   5:Generated_Source\PSoC5/cyfitter_cfg.c **** * PSoC Creator  4.3
   6:Generated_Source\PSoC5/cyfitter_cfg.c **** *
   7:Generated_Source\PSoC5/cyfitter_cfg.c **** * Description:
   8:Generated_Source\PSoC5/cyfitter_cfg.c **** * This file contains device initialization code.
   9:Generated_Source\PSoC5/cyfitter_cfg.c **** * Except for the user defined sections in CyClockStartupError(), this file should not be modified.
  10:Generated_Source\PSoC5/cyfitter_cfg.c **** * This file is automatically generated by PSoC Creator.
  11:Generated_Source\PSoC5/cyfitter_cfg.c **** *
  12:Generated_Source\PSoC5/cyfitter_cfg.c **** ********************************************************************************
  13:Generated_Source\PSoC5/cyfitter_cfg.c **** * Copyright (c) 2007-2019 Cypress Semiconductor.  All rights reserved.
  14:Generated_Source\PSoC5/cyfitter_cfg.c **** * You may use this file only in accordance with the license, terms, conditions, 
  15:Generated_Source\PSoC5/cyfitter_cfg.c **** * disclaimers, and limitations in the end user license agreement accompanying 
  16:Generated_Source\PSoC5/cyfitter_cfg.c **** * the software package with which this file was provided.
  17:Generated_Source\PSoC5/cyfitter_cfg.c **** ********************************************************************************/
  18:Generated_Source\PSoC5/cyfitter_cfg.c **** 
  19:Generated_Source\PSoC5/cyfitter_cfg.c **** #include <string.h>
  20:Generated_Source\PSoC5/cyfitter_cfg.c **** #include "cytypes.h"
  21:Generated_Source\PSoC5/cyfitter_cfg.c **** #include "cydevice_trm.h"
  22:Generated_Source\PSoC5/cyfitter_cfg.c **** #include "cyfitter.h"
  23:Generated_Source\PSoC5/cyfitter_cfg.c **** #include "CyLib.h"
  24:Generated_Source\PSoC5/cyfitter_cfg.c **** #include "cyfitter_cfg.h"
  25:Generated_Source\PSoC5/cyfitter_cfg.c **** #include "cyapicallbacks.h"
  26:Generated_Source\PSoC5/cyfitter_cfg.c **** 
  27:Generated_Source\PSoC5/cyfitter_cfg.c **** #define CY_NEED_CYCLOCKSTARTUPERROR 1
  28:Generated_Source\PSoC5/cyfitter_cfg.c **** 
  29:Generated_Source\PSoC5/cyfitter_cfg.c **** 
  30:Generated_Source\PSoC5/cyfitter_cfg.c **** #if defined(__GNUC__) || defined(__ARMCC_VERSION)
  31:Generated_Source\PSoC5/cyfitter_cfg.c ****     #define CYPACKED 
ARM GAS  C:\Users\duver\AppData\Local\Temp\cceltYAb.s 			page 2


  32:Generated_Source\PSoC5/cyfitter_cfg.c ****     #define CYPACKED_ATTR __attribute__ ((packed))
  33:Generated_Source\PSoC5/cyfitter_cfg.c ****     #define CYALIGNED __attribute__ ((aligned))
  34:Generated_Source\PSoC5/cyfitter_cfg.c ****     #define CY_CFG_UNUSED __attribute__ ((unused))
  35:Generated_Source\PSoC5/cyfitter_cfg.c ****     #ifndef CY_CFG_SECTION
  36:Generated_Source\PSoC5/cyfitter_cfg.c ****         #define CY_CFG_SECTION __attribute__ ((section(".psocinit")))
  37:Generated_Source\PSoC5/cyfitter_cfg.c ****     #endif
  38:Generated_Source\PSoC5/cyfitter_cfg.c ****     
  39:Generated_Source\PSoC5/cyfitter_cfg.c ****     #if defined(__ARMCC_VERSION)
  40:Generated_Source\PSoC5/cyfitter_cfg.c ****         #define CY_CFG_MEMORY_BARRIER() __memory_changed()
  41:Generated_Source\PSoC5/cyfitter_cfg.c ****     #else
  42:Generated_Source\PSoC5/cyfitter_cfg.c ****         #define CY_CFG_MEMORY_BARRIER() __sync_synchronize()
  43:Generated_Source\PSoC5/cyfitter_cfg.c ****     #endif
  44:Generated_Source\PSoC5/cyfitter_cfg.c ****     
  45:Generated_Source\PSoC5/cyfitter_cfg.c **** #elif defined(__ICCARM__)
  46:Generated_Source\PSoC5/cyfitter_cfg.c ****     #include <intrinsics.h>
  47:Generated_Source\PSoC5/cyfitter_cfg.c **** 
  48:Generated_Source\PSoC5/cyfitter_cfg.c ****     #define CYPACKED __packed
  49:Generated_Source\PSoC5/cyfitter_cfg.c ****     #define CYPACKED_ATTR 
  50:Generated_Source\PSoC5/cyfitter_cfg.c ****     #define CYALIGNED _Pragma("data_alignment=4")
  51:Generated_Source\PSoC5/cyfitter_cfg.c ****     #define CY_CFG_UNUSED _Pragma("diag_suppress=Pe177")
  52:Generated_Source\PSoC5/cyfitter_cfg.c ****     #define CY_CFG_SECTION _Pragma("location=\".psocinit\"")
  53:Generated_Source\PSoC5/cyfitter_cfg.c ****     
  54:Generated_Source\PSoC5/cyfitter_cfg.c ****     #define CY_CFG_MEMORY_BARRIER() __DMB()
  55:Generated_Source\PSoC5/cyfitter_cfg.c ****     
  56:Generated_Source\PSoC5/cyfitter_cfg.c **** #else
  57:Generated_Source\PSoC5/cyfitter_cfg.c ****     #error Unsupported toolchain
  58:Generated_Source\PSoC5/cyfitter_cfg.c **** #endif
  59:Generated_Source\PSoC5/cyfitter_cfg.c **** 
  60:Generated_Source\PSoC5/cyfitter_cfg.c **** #ifndef CYCODE
  61:Generated_Source\PSoC5/cyfitter_cfg.c ****     #define CYCODE
  62:Generated_Source\PSoC5/cyfitter_cfg.c **** #endif
  63:Generated_Source\PSoC5/cyfitter_cfg.c **** #ifndef CYDATA
  64:Generated_Source\PSoC5/cyfitter_cfg.c ****     #define CYDATA
  65:Generated_Source\PSoC5/cyfitter_cfg.c **** #endif
  66:Generated_Source\PSoC5/cyfitter_cfg.c **** #ifndef CYFAR
  67:Generated_Source\PSoC5/cyfitter_cfg.c ****     #define CYFAR
  68:Generated_Source\PSoC5/cyfitter_cfg.c **** #endif
  69:Generated_Source\PSoC5/cyfitter_cfg.c **** #ifndef CYXDATA
  70:Generated_Source\PSoC5/cyfitter_cfg.c ****     #define CYXDATA
  71:Generated_Source\PSoC5/cyfitter_cfg.c **** #endif
  72:Generated_Source\PSoC5/cyfitter_cfg.c **** 
  73:Generated_Source\PSoC5/cyfitter_cfg.c **** 
  74:Generated_Source\PSoC5/cyfitter_cfg.c **** CY_CFG_UNUSED
  75:Generated_Source\PSoC5/cyfitter_cfg.c **** static void CYMEMZERO(void *s, size_t n);
  76:Generated_Source\PSoC5/cyfitter_cfg.c **** CY_CFG_UNUSED
  77:Generated_Source\PSoC5/cyfitter_cfg.c **** static void CYMEMZERO(void *s, size_t n)
  78:Generated_Source\PSoC5/cyfitter_cfg.c **** {
  79:Generated_Source\PSoC5/cyfitter_cfg.c **** 	(void)memset(s, 0, n);
  80:Generated_Source\PSoC5/cyfitter_cfg.c **** }
  81:Generated_Source\PSoC5/cyfitter_cfg.c **** CY_CFG_UNUSED
  82:Generated_Source\PSoC5/cyfitter_cfg.c **** static void CYCONFIGCPY(void *dest, const void *src, size_t n);
  83:Generated_Source\PSoC5/cyfitter_cfg.c **** CY_CFG_UNUSED
  84:Generated_Source\PSoC5/cyfitter_cfg.c **** static void CYCONFIGCPY(void *dest, const void *src, size_t n)
  85:Generated_Source\PSoC5/cyfitter_cfg.c **** {
  86:Generated_Source\PSoC5/cyfitter_cfg.c **** 	(void)memcpy(dest, src, n);
  87:Generated_Source\PSoC5/cyfitter_cfg.c **** }
  88:Generated_Source\PSoC5/cyfitter_cfg.c **** CY_CFG_UNUSED
ARM GAS  C:\Users\duver\AppData\Local\Temp\cceltYAb.s 			page 3


  89:Generated_Source\PSoC5/cyfitter_cfg.c **** static void CYCONFIGCPYCODE(void *dest, const void *src, size_t n);
  90:Generated_Source\PSoC5/cyfitter_cfg.c **** CY_CFG_UNUSED
  91:Generated_Source\PSoC5/cyfitter_cfg.c **** static void CYCONFIGCPYCODE(void *dest, const void *src, size_t n)
  92:Generated_Source\PSoC5/cyfitter_cfg.c **** {
  93:Generated_Source\PSoC5/cyfitter_cfg.c **** 	(void)memcpy(dest, src, n);
  94:Generated_Source\PSoC5/cyfitter_cfg.c **** }
  95:Generated_Source\PSoC5/cyfitter_cfg.c **** 
  96:Generated_Source\PSoC5/cyfitter_cfg.c **** 
  97:Generated_Source\PSoC5/cyfitter_cfg.c **** 
  98:Generated_Source\PSoC5/cyfitter_cfg.c **** 
  99:Generated_Source\PSoC5/cyfitter_cfg.c **** /* Clock startup error codes                                                   */
 100:Generated_Source\PSoC5/cyfitter_cfg.c **** #define CYCLOCKSTART_NO_ERROR    0u
 101:Generated_Source\PSoC5/cyfitter_cfg.c **** #define CYCLOCKSTART_XTAL_ERROR  1u
 102:Generated_Source\PSoC5/cyfitter_cfg.c **** #define CYCLOCKSTART_32KHZ_ERROR 2u
 103:Generated_Source\PSoC5/cyfitter_cfg.c **** #define CYCLOCKSTART_PLL_ERROR   3u
 104:Generated_Source\PSoC5/cyfitter_cfg.c **** #define CYCLOCKSTART_FLL_ERROR   4u
 105:Generated_Source\PSoC5/cyfitter_cfg.c **** #define CYCLOCKSTART_WCO_ERROR   5u
 106:Generated_Source\PSoC5/cyfitter_cfg.c **** 
 107:Generated_Source\PSoC5/cyfitter_cfg.c **** 
 108:Generated_Source\PSoC5/cyfitter_cfg.c **** #ifdef CY_NEED_CYCLOCKSTARTUPERROR
 109:Generated_Source\PSoC5/cyfitter_cfg.c **** /*******************************************************************************
 110:Generated_Source\PSoC5/cyfitter_cfg.c **** * Function Name: CyClockStartupError
 111:Generated_Source\PSoC5/cyfitter_cfg.c **** ********************************************************************************
 112:Generated_Source\PSoC5/cyfitter_cfg.c **** * Summary:
 113:Generated_Source\PSoC5/cyfitter_cfg.c **** *  If an error is encountered during clock configuration (crystal startup error,
 114:Generated_Source\PSoC5/cyfitter_cfg.c **** *  PLL lock error, etc.), the system will end up here.  Unless reimplemented by
 115:Generated_Source\PSoC5/cyfitter_cfg.c **** *  the customer, this function will stop in an infinite loop.
 116:Generated_Source\PSoC5/cyfitter_cfg.c **** *
 117:Generated_Source\PSoC5/cyfitter_cfg.c **** * Parameters:
 118:Generated_Source\PSoC5/cyfitter_cfg.c **** *   void
 119:Generated_Source\PSoC5/cyfitter_cfg.c **** *
 120:Generated_Source\PSoC5/cyfitter_cfg.c **** * Return:
 121:Generated_Source\PSoC5/cyfitter_cfg.c **** *   void
 122:Generated_Source\PSoC5/cyfitter_cfg.c **** *
 123:Generated_Source\PSoC5/cyfitter_cfg.c **** *******************************************************************************/
 124:Generated_Source\PSoC5/cyfitter_cfg.c **** CY_CFG_UNUSED
 125:Generated_Source\PSoC5/cyfitter_cfg.c **** static void CyClockStartupError(uint8 errorCode);
 126:Generated_Source\PSoC5/cyfitter_cfg.c **** CY_CFG_UNUSED
 127:Generated_Source\PSoC5/cyfitter_cfg.c **** static void CyClockStartupError(uint8 errorCode)
 128:Generated_Source\PSoC5/cyfitter_cfg.c **** {
  27              		.loc 1 128 0
  28              		.cfi_startproc
  29              		@ Volatile: function does not return.
  30              		@ args = 0, pretend = 0, frame = 0
  31              		@ frame_needed = 0, uses_anonymous_args = 0
  32              		@ link register save eliminated.
  33              	.LVL0:
  34              	.L2:
  35 0000 FEE7     		b	.L2
  36              		.cfi_endproc
  37              	.LFE3:
  38              		.size	CyClockStartupError, .-CyClockStartupError
  39 0002 00BF     		.section	.text.AnalogSetDefault,"ax",%progbits
  40              		.align	2
  41              		.thumb
  42              		.thumb_func
  43              		.type	AnalogSetDefault, %function
ARM GAS  C:\Users\duver\AppData\Local\Temp\cceltYAb.s 			page 4


  44              	AnalogSetDefault:
  45              	.LFB5:
 129:Generated_Source\PSoC5/cyfitter_cfg.c ****     /* To remove the compiler warning if errorCode not used.                */
 130:Generated_Source\PSoC5/cyfitter_cfg.c ****     errorCode = errorCode;
 131:Generated_Source\PSoC5/cyfitter_cfg.c **** 
 132:Generated_Source\PSoC5/cyfitter_cfg.c ****     /* If we have a clock startup error (bad MHz crystal, PLL lock, etc.),  */
 133:Generated_Source\PSoC5/cyfitter_cfg.c ****     /* we will end up here to allow the customer to implement something to  */
 134:Generated_Source\PSoC5/cyfitter_cfg.c ****     /* deal with the clock condition.                                       */
 135:Generated_Source\PSoC5/cyfitter_cfg.c **** 
 136:Generated_Source\PSoC5/cyfitter_cfg.c **** #ifdef CY_CFG_CLOCK_STARTUP_ERROR_CALLBACK
 137:Generated_Source\PSoC5/cyfitter_cfg.c ****     CY_CFG_Clock_Startup_ErrorCallback();
 138:Generated_Source\PSoC5/cyfitter_cfg.c **** #else
 139:Generated_Source\PSoC5/cyfitter_cfg.c ****     /*  If not using CY_CFG_CLOCK_STARTUP_ERROR_CALLBACK, place your clock startup code here. */
 140:Generated_Source\PSoC5/cyfitter_cfg.c ****     /* `#START CyClockStartupError` */
 141:Generated_Source\PSoC5/cyfitter_cfg.c **** 
 142:Generated_Source\PSoC5/cyfitter_cfg.c **** 
 143:Generated_Source\PSoC5/cyfitter_cfg.c **** 
 144:Generated_Source\PSoC5/cyfitter_cfg.c ****     /* `#END` */
 145:Generated_Source\PSoC5/cyfitter_cfg.c **** 
 146:Generated_Source\PSoC5/cyfitter_cfg.c ****     while(1) {}
 147:Generated_Source\PSoC5/cyfitter_cfg.c **** #endif /* CY_CFG_CLOCK_STARTUP_ERROR_CALLBACK */
 148:Generated_Source\PSoC5/cyfitter_cfg.c **** }
 149:Generated_Source\PSoC5/cyfitter_cfg.c **** #endif
 150:Generated_Source\PSoC5/cyfitter_cfg.c **** 
 151:Generated_Source\PSoC5/cyfitter_cfg.c **** /* IOPINS0_0 Address: CYREG_PRT0_DR Size (bytes): 10 */
 152:Generated_Source\PSoC5/cyfitter_cfg.c **** #define BS_IOPINS0_0_VAL ((const uint8 CYFAR *)0x48000000u)
 153:Generated_Source\PSoC5/cyfitter_cfg.c **** 
 154:Generated_Source\PSoC5/cyfitter_cfg.c **** /* IOPINS0_1 Address: CYREG_PRT1_DM0 Size (bytes): 8 */
 155:Generated_Source\PSoC5/cyfitter_cfg.c **** #define BS_IOPINS0_1_VAL ((const uint8 CYFAR *)0x4800000Cu)
 156:Generated_Source\PSoC5/cyfitter_cfg.c **** 
 157:Generated_Source\PSoC5/cyfitter_cfg.c **** /* IOPINS0_3 Address: CYREG_PRT3_DM0 Size (bytes): 8 */
 158:Generated_Source\PSoC5/cyfitter_cfg.c **** #define BS_IOPINS0_3_VAL ((const uint8 CYFAR *)0x48000014u)
 159:Generated_Source\PSoC5/cyfitter_cfg.c **** 
 160:Generated_Source\PSoC5/cyfitter_cfg.c **** 
 161:Generated_Source\PSoC5/cyfitter_cfg.c **** /*******************************************************************************
 162:Generated_Source\PSoC5/cyfitter_cfg.c **** * Function Name: ClockSetup
 163:Generated_Source\PSoC5/cyfitter_cfg.c **** ********************************************************************************
 164:Generated_Source\PSoC5/cyfitter_cfg.c **** *
 165:Generated_Source\PSoC5/cyfitter_cfg.c **** * Summary:
 166:Generated_Source\PSoC5/cyfitter_cfg.c **** *  Performs the initialization of all of the clocks in the device based on the
 167:Generated_Source\PSoC5/cyfitter_cfg.c **** *  settings in the Clock tab of the DWR.  This includes enabling the requested
 168:Generated_Source\PSoC5/cyfitter_cfg.c **** *  clocks and setting the necessary dividers to produce the desired frequency. 
 169:Generated_Source\PSoC5/cyfitter_cfg.c **** *
 170:Generated_Source\PSoC5/cyfitter_cfg.c **** * Parameters:
 171:Generated_Source\PSoC5/cyfitter_cfg.c **** *  void
 172:Generated_Source\PSoC5/cyfitter_cfg.c **** *
 173:Generated_Source\PSoC5/cyfitter_cfg.c **** * Return:
 174:Generated_Source\PSoC5/cyfitter_cfg.c **** *  void
 175:Generated_Source\PSoC5/cyfitter_cfg.c **** *
 176:Generated_Source\PSoC5/cyfitter_cfg.c **** *******************************************************************************/
 177:Generated_Source\PSoC5/cyfitter_cfg.c **** static void ClockSetup(void);
 178:Generated_Source\PSoC5/cyfitter_cfg.c **** static void ClockSetup(void)
 179:Generated_Source\PSoC5/cyfitter_cfg.c **** {
 180:Generated_Source\PSoC5/cyfitter_cfg.c **** 	uint32 timeout;
 181:Generated_Source\PSoC5/cyfitter_cfg.c **** 	uint8 pllLock;
 182:Generated_Source\PSoC5/cyfitter_cfg.c **** 
 183:Generated_Source\PSoC5/cyfitter_cfg.c **** 
ARM GAS  C:\Users\duver\AppData\Local\Temp\cceltYAb.s 			page 5


 184:Generated_Source\PSoC5/cyfitter_cfg.c **** 	/* Configure ILO based on settings from Clock DWR */
 185:Generated_Source\PSoC5/cyfitter_cfg.c **** 	CY_SET_XTND_REG8((void CYFAR *)(CYREG_SLOWCLK_ILO_CR0), 0x02u);
 186:Generated_Source\PSoC5/cyfitter_cfg.c **** 	CY_SET_XTND_REG8((void CYFAR *)(CYREG_CLKDIST_CR), 0x08u);
 187:Generated_Source\PSoC5/cyfitter_cfg.c **** 
 188:Generated_Source\PSoC5/cyfitter_cfg.c **** 	/* Configure IMO based on settings from Clock DWR */
 189:Generated_Source\PSoC5/cyfitter_cfg.c **** 	CY_SET_XTND_REG8((void CYFAR *)(CYREG_FASTCLK_IMO_CR), 0x03u);
 190:Generated_Source\PSoC5/cyfitter_cfg.c **** 	CY_SET_XTND_REG8((void CYFAR *)(CYREG_IMO_TR1), (CY_GET_XTND_REG8((void CYFAR *)CYREG_FLSHID_CUST_
 191:Generated_Source\PSoC5/cyfitter_cfg.c **** 
 192:Generated_Source\PSoC5/cyfitter_cfg.c **** 	/* Configure PLL based on settings from Clock DWR */
 193:Generated_Source\PSoC5/cyfitter_cfg.c **** 	CY_SET_XTND_REG16((void CYFAR *)(CYREG_FASTCLK_PLL_P), 0x0008u);
 194:Generated_Source\PSoC5/cyfitter_cfg.c **** 	CY_SET_XTND_REG16((void CYFAR *)(CYREG_FASTCLK_PLL_CFG0), 0x1251u);
 195:Generated_Source\PSoC5/cyfitter_cfg.c **** 	/* Wait up to 250us for the PLL to lock */
 196:Generated_Source\PSoC5/cyfitter_cfg.c **** 	pllLock = 0u;
 197:Generated_Source\PSoC5/cyfitter_cfg.c **** 	for (timeout = 250u / 10u; (timeout > 0u) && (pllLock != 0x03u); timeout--)
 198:Generated_Source\PSoC5/cyfitter_cfg.c **** 	{ 
 199:Generated_Source\PSoC5/cyfitter_cfg.c **** 		pllLock = 0x03u & ((uint8)((uint8)pllLock << 1) | ((CY_GET_XTND_REG8((void CYFAR *)CYREG_FASTCLK_
 200:Generated_Source\PSoC5/cyfitter_cfg.c **** 		CyDelayCycles(10u * 48u); /* Delay 10us based on 48MHz clock */
 201:Generated_Source\PSoC5/cyfitter_cfg.c **** 	}
 202:Generated_Source\PSoC5/cyfitter_cfg.c **** 	/* If we ran out of time the PLL didn't lock so go to the error function */
 203:Generated_Source\PSoC5/cyfitter_cfg.c **** 	if (timeout == 0u)
 204:Generated_Source\PSoC5/cyfitter_cfg.c **** 	{
 205:Generated_Source\PSoC5/cyfitter_cfg.c **** 		CyClockStartupError(CYCLOCKSTART_PLL_ERROR);
 206:Generated_Source\PSoC5/cyfitter_cfg.c **** 	}
 207:Generated_Source\PSoC5/cyfitter_cfg.c **** 
 208:Generated_Source\PSoC5/cyfitter_cfg.c **** 	/* Configure Bus/Master Clock based on settings from Clock DWR */
 209:Generated_Source\PSoC5/cyfitter_cfg.c **** 	CY_SET_XTND_REG16((void CYFAR *)(CYREG_CLKDIST_MSTR0), 0x0100u);
 210:Generated_Source\PSoC5/cyfitter_cfg.c **** 	CY_SET_XTND_REG8((void CYFAR *)(CYREG_CLKDIST_MSTR0), 0x07u);
 211:Generated_Source\PSoC5/cyfitter_cfg.c **** 	CY_SET_XTND_REG8((void CYFAR *)(CYREG_CLKDIST_BCFG0), 0x00u);
 212:Generated_Source\PSoC5/cyfitter_cfg.c **** 	CY_SET_XTND_REG8((void CYFAR *)(CYREG_CLKDIST_BCFG2), 0x48u);
 213:Generated_Source\PSoC5/cyfitter_cfg.c **** 	CY_SET_XTND_REG8((void CYFAR *)(CYREG_CLKDIST_MSTR0), 0x00u);
 214:Generated_Source\PSoC5/cyfitter_cfg.c **** 	CY_SET_XTND_REG8((void CYFAR *)(CYREG_CLKDIST_LD), 0x02u);
 215:Generated_Source\PSoC5/cyfitter_cfg.c **** }
 216:Generated_Source\PSoC5/cyfitter_cfg.c **** 
 217:Generated_Source\PSoC5/cyfitter_cfg.c **** 
 218:Generated_Source\PSoC5/cyfitter_cfg.c **** /* Analog API Functions */
 219:Generated_Source\PSoC5/cyfitter_cfg.c **** 
 220:Generated_Source\PSoC5/cyfitter_cfg.c **** 
 221:Generated_Source\PSoC5/cyfitter_cfg.c **** /*******************************************************************************
 222:Generated_Source\PSoC5/cyfitter_cfg.c **** * Function Name: AnalogSetDefault
 223:Generated_Source\PSoC5/cyfitter_cfg.c **** ********************************************************************************
 224:Generated_Source\PSoC5/cyfitter_cfg.c **** *
 225:Generated_Source\PSoC5/cyfitter_cfg.c **** * Summary:
 226:Generated_Source\PSoC5/cyfitter_cfg.c **** *  Sets up the analog portions of the chip to default values based on chip
 227:Generated_Source\PSoC5/cyfitter_cfg.c **** *  configuration options from the project.
 228:Generated_Source\PSoC5/cyfitter_cfg.c **** *
 229:Generated_Source\PSoC5/cyfitter_cfg.c **** * Parameters:
 230:Generated_Source\PSoC5/cyfitter_cfg.c **** *  void
 231:Generated_Source\PSoC5/cyfitter_cfg.c **** *
 232:Generated_Source\PSoC5/cyfitter_cfg.c **** * Return:
 233:Generated_Source\PSoC5/cyfitter_cfg.c **** *  void
 234:Generated_Source\PSoC5/cyfitter_cfg.c **** *
 235:Generated_Source\PSoC5/cyfitter_cfg.c **** *******************************************************************************/
 236:Generated_Source\PSoC5/cyfitter_cfg.c **** static void AnalogSetDefault(void);
 237:Generated_Source\PSoC5/cyfitter_cfg.c **** static void AnalogSetDefault(void)
 238:Generated_Source\PSoC5/cyfitter_cfg.c **** {
  46              		.loc 1 238 0
  47              		.cfi_startproc
ARM GAS  C:\Users\duver\AppData\Local\Temp\cceltYAb.s 			page 6


  48              		@ args = 0, pretend = 0, frame = 0
  49              		@ frame_needed = 0, uses_anonymous_args = 0
  50              		@ link register save eliminated.
 239:Generated_Source\PSoC5/cyfitter_cfg.c **** 	uint8 bg_xover_inl_trim = CY_GET_XTND_REG8((void CYFAR *)(CYREG_FLSHID_MFG_CFG_BG_XOVER_INL_TRIM +
  51              		.loc 1 239 0
  52 0000 0D4B     		ldr	r3, .L4
  53 0002 1B78     		ldrb	r3, [r3]	@ zero_extendqisi2
  54 0004 DBB2     		uxtb	r3, r3
  55              	.LVL1:
 240:Generated_Source\PSoC5/cyfitter_cfg.c **** 	CY_SET_XTND_REG8((void CYFAR *)(CYREG_BG_DFT0), (bg_xover_inl_trim & 0x07u));
  56              		.loc 1 240 0
  57 0006 03F00701 		and	r1, r3, #7
  58 000a 0C4A     		ldr	r2, .L4+4
  59 000c 1170     		strb	r1, [r2]
 241:Generated_Source\PSoC5/cyfitter_cfg.c **** 	CY_SET_XTND_REG8((void CYFAR *)(CYREG_BG_DFT1), ((bg_xover_inl_trim >> 4) & 0x0Fu));
  60              		.loc 1 241 0
  61 000e 1B09     		lsrs	r3, r3, #4
  62              	.LVL2:
  63 0010 0132     		adds	r2, r2, #1
  64 0012 1370     		strb	r3, [r2]
 242:Generated_Source\PSoC5/cyfitter_cfg.c **** 	CY_SET_XTND_REG8((void CYFAR *)CYREG_PRT3_AG, 0x4Au);
  65              		.loc 1 242 0
  66 0014 4A22     		movs	r2, #74
  67 0016 0A4B     		ldr	r3, .L4+8
  68 0018 1A70     		strb	r2, [r3]
 243:Generated_Source\PSoC5/cyfitter_cfg.c **** 	CY_SET_XTND_REG8((void CYFAR *)CYREG_SC3_SW0, 0x80u);
  69              		.loc 1 243 0
  70 001a 8022     		movs	r2, #128
  71 001c 03F6F303 		addw	r3, r3, #2291
  72 0020 1A70     		strb	r2, [r3]
 244:Generated_Source\PSoC5/cyfitter_cfg.c **** 	CY_SET_XTND_REG8((void CYFAR *)CYREG_SC3_SW4, 0x20u);
  73              		.loc 1 244 0
  74 0022 2022     		movs	r2, #32
  75 0024 0433     		adds	r3, r3, #4
  76 0026 1A70     		strb	r2, [r3]
 245:Generated_Source\PSoC5/cyfitter_cfg.c **** 	CY_SET_XTND_REG8((void CYFAR *)CYREG_SC3_SW8, 0x40u);
  77              		.loc 1 245 0
  78 0028 4022     		movs	r2, #64
  79 002a 0433     		adds	r3, r3, #4
  80 002c 1A70     		strb	r2, [r3]
 246:Generated_Source\PSoC5/cyfitter_cfg.c **** 	CY_SET_XTND_REG8((void CYFAR *)CYREG_PUMP_CR0, 0x44u);
  81              		.loc 1 246 0
  82 002e 4422     		movs	r2, #68
  83 0030 A3F5E173 		sub	r3, r3, #450
  84 0034 1A70     		strb	r2, [r3]
  85 0036 7047     		bx	lr
  86              	.L5:
  87              		.align	2
  88              	.L4:
  89 0038 CF010049 		.word	1224737231
  90 003c 6E580040 		.word	1073764462
  91 0040 3D510040 		.word	1073762621
  92              		.cfi_endproc
  93              	.LFE5:
  94              		.size	AnalogSetDefault, .-AnalogSetDefault
  95              		.section	.text.CYMEMZERO,"ax",%progbits
  96              		.align	2
ARM GAS  C:\Users\duver\AppData\Local\Temp\cceltYAb.s 			page 7


  97              		.thumb
  98              		.thumb_func
  99              		.type	CYMEMZERO, %function
 100              	CYMEMZERO:
 101              	.LFB0:
  78:Generated_Source\PSoC5/cyfitter_cfg.c **** 	(void)memset(s, 0, n);
 102              		.loc 1 78 0
 103              		.cfi_startproc
 104              		@ args = 0, pretend = 0, frame = 0
 105              		@ frame_needed = 0, uses_anonymous_args = 0
 106              	.LVL3:
 107 0000 08B5     		push	{r3, lr}
 108              		.cfi_def_cfa_offset 8
 109              		.cfi_offset 3, -8
 110              		.cfi_offset 14, -4
  79:Generated_Source\PSoC5/cyfitter_cfg.c **** }
 111              		.loc 1 79 0
 112 0002 0A46     		mov	r2, r1
 113 0004 0021     		movs	r1, #0
 114              	.LVL4:
 115 0006 FFF7FEFF 		bl	memset
 116              	.LVL5:
 117 000a 08BD     		pop	{r3, pc}
 118              		.cfi_endproc
 119              	.LFE0:
 120              		.size	CYMEMZERO, .-CYMEMZERO
 121              		.section	.text.ClockSetup,"ax",%progbits
 122              		.align	2
 123              		.thumb
 124              		.thumb_func
 125              		.type	ClockSetup, %function
 126              	ClockSetup:
 127              	.LFB4:
 179:Generated_Source\PSoC5/cyfitter_cfg.c **** 	uint32 timeout;
 128              		.loc 1 179 0
 129              		.cfi_startproc
 130              		@ args = 0, pretend = 0, frame = 0
 131              		@ frame_needed = 0, uses_anonymous_args = 0
 132 0000 38B5     		push	{r3, r4, r5, lr}
 133              		.cfi_def_cfa_offset 16
 134              		.cfi_offset 3, -16
 135              		.cfi_offset 4, -12
 136              		.cfi_offset 5, -8
 137              		.cfi_offset 14, -4
 185:Generated_Source\PSoC5/cyfitter_cfg.c **** 	CY_SET_XTND_REG8((void CYFAR *)(CYREG_CLKDIST_CR), 0x08u);
 138              		.loc 1 185 0
 139 0002 0222     		movs	r2, #2
 140 0004 1E4B     		ldr	r3, .L14
 141 0006 1A70     		strb	r2, [r3]
 186:Generated_Source\PSoC5/cyfitter_cfg.c **** 
 142              		.loc 1 186 0
 143 0008 0822     		movs	r2, #8
 144 000a 4FF04023 		mov	r3, #1073758208
 145 000e 1A70     		strb	r2, [r3]
 189:Generated_Source\PSoC5/cyfitter_cfg.c **** 	CY_SET_XTND_REG8((void CYFAR *)(CYREG_IMO_TR1), (CY_GET_XTND_REG8((void CYFAR *)CYREG_FLSHID_CUST_
 146              		.loc 1 189 0
 147 0010 0321     		movs	r1, #3
ARM GAS  C:\Users\duver\AppData\Local\Temp\cceltYAb.s 			page 8


 148 0012 03F50073 		add	r3, r3, #512
 149 0016 1970     		strb	r1, [r3]
 190:Generated_Source\PSoC5/cyfitter_cfg.c **** 
 150              		.loc 1 190 0
 151 0018 1A4B     		ldr	r3, .L14+4
 152 001a 1B78     		ldrb	r3, [r3]	@ zero_extendqisi2
 153 001c DBB2     		uxtb	r3, r3
 154 001e 1A49     		ldr	r1, .L14+8
 155 0020 0B70     		strb	r3, [r1]
 193:Generated_Source\PSoC5/cyfitter_cfg.c **** 	CY_SET_XTND_REG16((void CYFAR *)(CYREG_FASTCLK_PLL_CFG0), 0x1251u);
 156              		.loc 1 193 0
 157 0022 1A4B     		ldr	r3, .L14+12
 158 0024 1A80     		strh	r2, [r3]	@ movhi
 194:Generated_Source\PSoC5/cyfitter_cfg.c **** 	/* Wait up to 250us for the PLL to lock */
 159              		.loc 1 194 0
 160 0026 41F25122 		movw	r2, #4689
 161 002a 023B     		subs	r3, r3, #2
 162 002c 1A80     		strh	r2, [r3]	@ movhi
 163              	.LVL6:
 196:Generated_Source\PSoC5/cyfitter_cfg.c **** 	for (timeout = 250u / 10u; (timeout > 0u) && (pllLock != 0x03u); timeout--)
 164              		.loc 1 196 0
 165 002e 0024     		movs	r4, #0
 197:Generated_Source\PSoC5/cyfitter_cfg.c **** 	{ 
 166              		.loc 1 197 0
 167 0030 1925     		movs	r5, #25
 168 0032 0CE0     		b	.L9
 169              	.LVL7:
 170              	.L11:
 199:Generated_Source\PSoC5/cyfitter_cfg.c **** 		CyDelayCycles(10u * 48u); /* Delay 10us based on 48MHz clock */
 171              		.loc 1 199 0 discriminator 4
 172 0034 164B     		ldr	r3, .L14+16
 173 0036 1B78     		ldrb	r3, [r3]	@ zero_extendqisi2
 174 0038 03F00103 		and	r3, r3, #1
 175 003c 43EA4404 		orr	r4, r3, r4, lsl #1
 176              	.LVL8:
 177 0040 04F00304 		and	r4, r4, #3
 178              	.LVL9:
 200:Generated_Source\PSoC5/cyfitter_cfg.c **** 	}
 179              		.loc 1 200 0 discriminator 4
 180 0044 4FF4F070 		mov	r0, #480
 181 0048 FFF7FEFF 		bl	CyDelayCycles
 182              	.LVL10:
 197:Generated_Source\PSoC5/cyfitter_cfg.c **** 	{ 
 183              		.loc 1 197 0 discriminator 4
 184 004c 013D     		subs	r5, r5, #1
 185              	.LVL11:
 186              	.L9:
 197:Generated_Source\PSoC5/cyfitter_cfg.c **** 	{ 
 187              		.loc 1 197 0 is_stmt 0 discriminator 1
 188 004e 0DB1     		cbz	r5, .L10
 197:Generated_Source\PSoC5/cyfitter_cfg.c **** 	{ 
 189              		.loc 1 197 0 discriminator 3
 190 0050 032C     		cmp	r4, #3
 191 0052 EFD1     		bne	.L11
 192              	.L10:
 203:Generated_Source\PSoC5/cyfitter_cfg.c **** 	{
 193              		.loc 1 203 0 is_stmt 1
ARM GAS  C:\Users\duver\AppData\Local\Temp\cceltYAb.s 			page 9


 194 0054 15B9     		cbnz	r5, .L12
 205:Generated_Source\PSoC5/cyfitter_cfg.c **** 	}
 195              		.loc 1 205 0
 196 0056 0320     		movs	r0, #3
 197 0058 FFF7FEFF 		bl	CyClockStartupError
 198              	.LVL12:
 199              	.L12:
 209:Generated_Source\PSoC5/cyfitter_cfg.c **** 	CY_SET_XTND_REG8((void CYFAR *)(CYREG_CLKDIST_MSTR0), 0x07u);
 200              		.loc 1 209 0
 201 005c 0D4B     		ldr	r3, .L14+20
 202 005e 4FF48072 		mov	r2, #256
 203 0062 1A80     		strh	r2, [r3]	@ movhi
 210:Generated_Source\PSoC5/cyfitter_cfg.c **** 	CY_SET_XTND_REG8((void CYFAR *)(CYREG_CLKDIST_BCFG0), 0x00u);
 204              		.loc 1 210 0
 205 0064 0722     		movs	r2, #7
 206 0066 1A70     		strb	r2, [r3]
 211:Generated_Source\PSoC5/cyfitter_cfg.c **** 	CY_SET_XTND_REG8((void CYFAR *)(CYREG_CLKDIST_BCFG2), 0x48u);
 207              		.loc 1 211 0
 208 0068 0022     		movs	r2, #0
 209 006a 0B49     		ldr	r1, .L14+24
 210 006c 0A70     		strb	r2, [r1]
 212:Generated_Source\PSoC5/cyfitter_cfg.c **** 	CY_SET_XTND_REG8((void CYFAR *)(CYREG_CLKDIST_MSTR0), 0x00u);
 211              		.loc 1 212 0
 212 006e 4820     		movs	r0, #72
 213 0070 0231     		adds	r1, r1, #2
 214 0072 0870     		strb	r0, [r1]
 213:Generated_Source\PSoC5/cyfitter_cfg.c **** 	CY_SET_XTND_REG8((void CYFAR *)(CYREG_CLKDIST_LD), 0x02u);
 215              		.loc 1 213 0
 216 0074 1A70     		strb	r2, [r3]
 214:Generated_Source\PSoC5/cyfitter_cfg.c **** }
 217              		.loc 1 214 0
 218 0076 0222     		movs	r2, #2
 219 0078 033B     		subs	r3, r3, #3
 220 007a 1A70     		strb	r2, [r3]
 221 007c 38BD     		pop	{r3, r4, r5, pc}
 222              	.LVL13:
 223              	.L15:
 224 007e 00BF     		.align	2
 225              	.L14:
 226 0080 00430040 		.word	1073758976
 227 0084 08010049 		.word	1224737032
 228 0088 A1460040 		.word	1073759905
 229 008c 22420040 		.word	1073758754
 230 0090 25420040 		.word	1073758757
 231 0094 04400040 		.word	1073758212
 232 0098 06400040 		.word	1073758214
 233              		.cfi_endproc
 234              	.LFE4:
 235              		.size	ClockSetup, .-ClockSetup
 236              		.section	.text.CYCONFIGCPY,"ax",%progbits
 237              		.align	2
 238              		.thumb
 239              		.thumb_func
 240              		.type	CYCONFIGCPY, %function
 241              	CYCONFIGCPY:
 242              	.LFB1:
  85:Generated_Source\PSoC5/cyfitter_cfg.c **** 	(void)memcpy(dest, src, n);
ARM GAS  C:\Users\duver\AppData\Local\Temp\cceltYAb.s 			page 10


 243              		.loc 1 85 0
 244              		.cfi_startproc
 245              		@ args = 0, pretend = 0, frame = 0
 246              		@ frame_needed = 0, uses_anonymous_args = 0
 247              	.LVL14:
 248 0000 08B5     		push	{r3, lr}
 249              		.cfi_def_cfa_offset 8
 250              		.cfi_offset 3, -8
 251              		.cfi_offset 14, -4
  86:Generated_Source\PSoC5/cyfitter_cfg.c **** }
 252              		.loc 1 86 0
 253 0002 FFF7FEFF 		bl	memcpy
 254              	.LVL15:
 255 0006 08BD     		pop	{r3, pc}
 256              		.cfi_endproc
 257              	.LFE1:
 258              		.size	CYCONFIGCPY, .-CYCONFIGCPY
 259              		.section	.text.SetAnalogRoutingPumps,"ax",%progbits
 260              		.align	2
 261              		.global	SetAnalogRoutingPumps
 262              		.thumb
 263              		.thumb_func
 264              		.type	SetAnalogRoutingPumps, %function
 265              	SetAnalogRoutingPumps:
 266              	.LFB6:
 247:Generated_Source\PSoC5/cyfitter_cfg.c **** }
 248:Generated_Source\PSoC5/cyfitter_cfg.c **** 
 249:Generated_Source\PSoC5/cyfitter_cfg.c **** 
 250:Generated_Source\PSoC5/cyfitter_cfg.c **** /*******************************************************************************
 251:Generated_Source\PSoC5/cyfitter_cfg.c **** * Function Name: SetAnalogRoutingPumps
 252:Generated_Source\PSoC5/cyfitter_cfg.c **** ********************************************************************************
 253:Generated_Source\PSoC5/cyfitter_cfg.c **** *
 254:Generated_Source\PSoC5/cyfitter_cfg.c **** * Summary:
 255:Generated_Source\PSoC5/cyfitter_cfg.c **** * Enables or disables the analog pumps feeding analog routing switches.
 256:Generated_Source\PSoC5/cyfitter_cfg.c **** * Intended to be called at startup, based on the Vdda system configuration;
 257:Generated_Source\PSoC5/cyfitter_cfg.c **** * may be called during operation when the user informs us that the Vdda voltage
 258:Generated_Source\PSoC5/cyfitter_cfg.c **** * crossed the pump threshold.
 259:Generated_Source\PSoC5/cyfitter_cfg.c **** *
 260:Generated_Source\PSoC5/cyfitter_cfg.c **** * Parameters:
 261:Generated_Source\PSoC5/cyfitter_cfg.c **** *  enabled - 1 to enable the pumps, 0 to disable the pumps
 262:Generated_Source\PSoC5/cyfitter_cfg.c **** *
 263:Generated_Source\PSoC5/cyfitter_cfg.c **** * Return:
 264:Generated_Source\PSoC5/cyfitter_cfg.c **** *  void
 265:Generated_Source\PSoC5/cyfitter_cfg.c **** *
 266:Generated_Source\PSoC5/cyfitter_cfg.c **** *******************************************************************************/
 267:Generated_Source\PSoC5/cyfitter_cfg.c **** void SetAnalogRoutingPumps(uint8 enabled)
 268:Generated_Source\PSoC5/cyfitter_cfg.c **** {
 267              		.loc 1 268 0
 268              		.cfi_startproc
 269              		@ args = 0, pretend = 0, frame = 0
 270              		@ frame_needed = 0, uses_anonymous_args = 0
 271              		@ link register save eliminated.
 272              	.LVL16:
 269:Generated_Source\PSoC5/cyfitter_cfg.c **** 	uint8 regValue = CY_GET_XTND_REG8((void CYFAR *)CYREG_PUMP_CR0);
 273              		.loc 1 269 0
 274 0000 054B     		ldr	r3, .L21
 275 0002 1B78     		ldrb	r3, [r3]	@ zero_extendqisi2
ARM GAS  C:\Users\duver\AppData\Local\Temp\cceltYAb.s 			page 11


 276 0004 DBB2     		uxtb	r3, r3
 277              	.LVL17:
 270:Generated_Source\PSoC5/cyfitter_cfg.c **** 	if (enabled != 0u)
 278              		.loc 1 270 0
 279 0006 10B1     		cbz	r0, .L19
 271:Generated_Source\PSoC5/cyfitter_cfg.c **** 	{
 272:Generated_Source\PSoC5/cyfitter_cfg.c **** 		regValue |= 0x22u;
 280              		.loc 1 272 0
 281 0008 43F02203 		orr	r3, r3, #34
 282              	.LVL18:
 283 000c 01E0     		b	.L20
 284              	.L19:
 273:Generated_Source\PSoC5/cyfitter_cfg.c **** 	}
 274:Generated_Source\PSoC5/cyfitter_cfg.c **** 	else
 275:Generated_Source\PSoC5/cyfitter_cfg.c **** 	{
 276:Generated_Source\PSoC5/cyfitter_cfg.c **** 		regValue &= (uint8)~0x22u;
 285              		.loc 1 276 0
 286 000e 03F0DD03 		and	r3, r3, #221
 287              	.LVL19:
 288              	.L20:
 277:Generated_Source\PSoC5/cyfitter_cfg.c **** 	}
 278:Generated_Source\PSoC5/cyfitter_cfg.c **** 	CY_SET_XTND_REG8((void CYFAR *)CYREG_PUMP_CR0, regValue);
 289              		.loc 1 278 0
 290 0012 014A     		ldr	r2, .L21
 291 0014 1370     		strb	r3, [r2]
 292 0016 7047     		bx	lr
 293              	.L22:
 294              		.align	2
 295              	.L21:
 296 0018 76580040 		.word	1073764470
 297              		.cfi_endproc
 298              	.LFE6:
 299              		.size	SetAnalogRoutingPumps, .-SetAnalogRoutingPumps
 300              		.section	.text.cyfitter_cfg,"ax",%progbits
 301              		.align	2
 302              		.global	cyfitter_cfg
 303              		.thumb
 304              		.thumb_func
 305              		.type	cyfitter_cfg, %function
 306              	cyfitter_cfg:
 307              	.LFB7:
 279:Generated_Source\PSoC5/cyfitter_cfg.c **** }
 280:Generated_Source\PSoC5/cyfitter_cfg.c **** 
 281:Generated_Source\PSoC5/cyfitter_cfg.c **** 
 282:Generated_Source\PSoC5/cyfitter_cfg.c **** 
 283:Generated_Source\PSoC5/cyfitter_cfg.c **** 
 284:Generated_Source\PSoC5/cyfitter_cfg.c **** /*******************************************************************************
 285:Generated_Source\PSoC5/cyfitter_cfg.c **** * Function Name: cyfitter_cfg
 286:Generated_Source\PSoC5/cyfitter_cfg.c **** ********************************************************************************
 287:Generated_Source\PSoC5/cyfitter_cfg.c **** * Summary:
 288:Generated_Source\PSoC5/cyfitter_cfg.c **** *  This function is called by the start-up code for the selected device. It
 289:Generated_Source\PSoC5/cyfitter_cfg.c **** *  performs all of the necessary device configuration based on the design
 290:Generated_Source\PSoC5/cyfitter_cfg.c **** *  settings.  This includes settings from the Design Wide Resources (DWR) such
 291:Generated_Source\PSoC5/cyfitter_cfg.c **** *  as Clocks and Pins as well as any component configuration that is necessary.
 292:Generated_Source\PSoC5/cyfitter_cfg.c **** *
 293:Generated_Source\PSoC5/cyfitter_cfg.c **** * Parameters:
 294:Generated_Source\PSoC5/cyfitter_cfg.c **** *   void
ARM GAS  C:\Users\duver\AppData\Local\Temp\cceltYAb.s 			page 12


 295:Generated_Source\PSoC5/cyfitter_cfg.c **** *
 296:Generated_Source\PSoC5/cyfitter_cfg.c **** * Return:
 297:Generated_Source\PSoC5/cyfitter_cfg.c **** *   void
 298:Generated_Source\PSoC5/cyfitter_cfg.c **** *
 299:Generated_Source\PSoC5/cyfitter_cfg.c **** *******************************************************************************/
 300:Generated_Source\PSoC5/cyfitter_cfg.c **** 
 301:Generated_Source\PSoC5/cyfitter_cfg.c **** void cyfitter_cfg(void)
 302:Generated_Source\PSoC5/cyfitter_cfg.c **** {
 308              		.loc 1 302 0
 309              		.cfi_startproc
 310              		@ args = 0, pretend = 0, frame = 0
 311              		@ frame_needed = 0, uses_anonymous_args = 0
 312 0000 38B5     		push	{r3, r4, r5, lr}
 313              		.cfi_def_cfa_offset 16
 314              		.cfi_offset 3, -16
 315              		.cfi_offset 4, -12
 316              		.cfi_offset 5, -8
 317              		.cfi_offset 14, -4
 303:Generated_Source\PSoC5/cyfitter_cfg.c **** #ifdef CYGlobalIntDisable
 304:Generated_Source\PSoC5/cyfitter_cfg.c **** 	/* Disable interrupts by default. Let user enable if/when they want. */
 305:Generated_Source\PSoC5/cyfitter_cfg.c **** 	CYGlobalIntDisable
 318              		.loc 1 305 0
 319              		.syntax unified
 320              	@ 305 "Generated_Source\PSoC5\cyfitter_cfg.c" 1
 321 0002 72B6     		CPSID   i
 322              	@ 0 "" 2
 306:Generated_Source\PSoC5/cyfitter_cfg.c **** #endif
 307:Generated_Source\PSoC5/cyfitter_cfg.c **** 
 308:Generated_Source\PSoC5/cyfitter_cfg.c **** 	/* Enable/Disable Debug functionality based on settings from System DWR */
 309:Generated_Source\PSoC5/cyfitter_cfg.c **** 	CY_SET_XTND_REG8((void CYFAR *)CYREG_MLOGIC_DEBUG, (CY_GET_XTND_REG8((void CYFAR *)CYREG_MLOGIC_DE
 323              		.loc 1 309 0
 324              		.thumb
 325              		.syntax unified
 326 0004 234A     		ldr	r2, .L27
 327 0006 1378     		ldrb	r3, [r2]	@ zero_extendqisi2
 328 0008 43F00403 		orr	r3, r3, #4
 329 000c 1370     		strb	r3, [r2]
 330              	.LVL20:
 331              	.LBB2:
 310:Generated_Source\PSoC5/cyfitter_cfg.c **** 
 311:Generated_Source\PSoC5/cyfitter_cfg.c **** 	{
 312:Generated_Source\PSoC5/cyfitter_cfg.c **** 
 313:Generated_Source\PSoC5/cyfitter_cfg.c **** 		CYPACKED typedef struct {
 314:Generated_Source\PSoC5/cyfitter_cfg.c **** 			void CYFAR *address;
 315:Generated_Source\PSoC5/cyfitter_cfg.c **** 			uint16 size;
 316:Generated_Source\PSoC5/cyfitter_cfg.c **** 		} CYPACKED_ATTR cfg_memset_t;
 317:Generated_Source\PSoC5/cyfitter_cfg.c **** 
 318:Generated_Source\PSoC5/cyfitter_cfg.c **** 		static const cfg_memset_t CYCODE cfg_memset_list[] = {
 319:Generated_Source\PSoC5/cyfitter_cfg.c **** 			/* address, size */
 320:Generated_Source\PSoC5/cyfitter_cfg.c **** 			{(void CYFAR *)(CYREG_PRT2_DR), 16u},
 321:Generated_Source\PSoC5/cyfitter_cfg.c **** 			{(void CYFAR *)(CYREG_PRT4_DR), 48u},
 322:Generated_Source\PSoC5/cyfitter_cfg.c **** 			{(void CYFAR *)(CYREG_PRT12_DR), 16u},
 323:Generated_Source\PSoC5/cyfitter_cfg.c **** 			{(void CYFAR *)(CYREG_PRT15_DR), 16u},
 324:Generated_Source\PSoC5/cyfitter_cfg.c **** 			{(void CYFAR *)(CYDEV_UCFG_B0_P0_U0_BASE), 4096u},
 325:Generated_Source\PSoC5/cyfitter_cfg.c **** 			{(void CYFAR *)(CYDEV_UCFG_B1_P2_U0_BASE), 2048u},
 326:Generated_Source\PSoC5/cyfitter_cfg.c **** 			{(void CYFAR *)(CYDEV_UCFG_DSI0_BASE), 2560u},
 327:Generated_Source\PSoC5/cyfitter_cfg.c **** 			{(void CYFAR *)(CYDEV_UCFG_DSI12_BASE), 512u},
ARM GAS  C:\Users\duver\AppData\Local\Temp\cceltYAb.s 			page 13


 328:Generated_Source\PSoC5/cyfitter_cfg.c **** 			{(void CYFAR *)(CYREG_BCTL0_MDCLK_EN), 32u},
 329:Generated_Source\PSoC5/cyfitter_cfg.c **** 		};
 330:Generated_Source\PSoC5/cyfitter_cfg.c **** 
 331:Generated_Source\PSoC5/cyfitter_cfg.c **** 		uint8 CYDATA i;
 332:Generated_Source\PSoC5/cyfitter_cfg.c **** 
 333:Generated_Source\PSoC5/cyfitter_cfg.c **** 		/* Zero out critical memory blocks before beginning configuration */
 334:Generated_Source\PSoC5/cyfitter_cfg.c **** 		for (i = 0u; i < (sizeof(cfg_memset_list)/sizeof(cfg_memset_list[0])); i++)
 332              		.loc 1 334 0
 333 000e 0024     		movs	r4, #0
 334 0010 0CE0     		b	.L24
 335              	.LVL21:
 336              	.L25:
 337              	.LBB3:
 335:Generated_Source\PSoC5/cyfitter_cfg.c **** 		{
 336:Generated_Source\PSoC5/cyfitter_cfg.c **** 			const cfg_memset_t CYCODE * CYDATA ms = &cfg_memset_list[i];
 337:Generated_Source\PSoC5/cyfitter_cfg.c **** 			CYMEMZERO(ms->address, (size_t)(uint32)(ms->size));
 338              		.loc 1 337 0 discriminator 3
 339 0012 214D     		ldr	r5, .L27+4
 340 0014 6300     		lsls	r3, r4, #1
 341 0016 1919     		adds	r1, r3, r4
 342 0018 4A00     		lsls	r2, r1, #1
 343 001a 1146     		mov	r1, r2
 344 001c 2A44     		add	r2, r2, r5
 345 001e 0846     		mov	r0, r1
 346 0020 9188     		ldrh	r1, [r2, #4]
 347 0022 2858     		ldr	r0, [r5, r0]	@ unaligned
 348 0024 FFF7FEFF 		bl	CYMEMZERO
 349              	.LVL22:
 350              	.LBE3:
 334:Generated_Source\PSoC5/cyfitter_cfg.c **** 		{
 351              		.loc 1 334 0 discriminator 3
 352 0028 0134     		adds	r4, r4, #1
 353              	.LVL23:
 354 002a E4B2     		uxtb	r4, r4
 355              	.LVL24:
 356              	.L24:
 334:Generated_Source\PSoC5/cyfitter_cfg.c **** 		{
 357              		.loc 1 334 0 is_stmt 0 discriminator 1
 358 002c 082C     		cmp	r4, #8
 359 002e F0D9     		bls	.L25
 338:Generated_Source\PSoC5/cyfitter_cfg.c **** 		}
 339:Generated_Source\PSoC5/cyfitter_cfg.c **** 
 340:Generated_Source\PSoC5/cyfitter_cfg.c **** 		/* Enable digital routing */
 341:Generated_Source\PSoC5/cyfitter_cfg.c **** 		CY_SET_XTND_REG8((void CYFAR *)CYREG_BCTL0_BANK_CTL, CY_GET_XTND_REG8((void CYFAR *)CYREG_BCTL0_B
 360              		.loc 1 341 0 is_stmt 1
 361 0030 1A4A     		ldr	r2, .L27+8
 362 0032 1378     		ldrb	r3, [r2]	@ zero_extendqisi2
 363 0034 43F00203 		orr	r3, r3, #2
 364 0038 1370     		strb	r3, [r2]
 342:Generated_Source\PSoC5/cyfitter_cfg.c **** 		CY_SET_XTND_REG8((void CYFAR *)CYREG_BCTL1_BANK_CTL, CY_GET_XTND_REG8((void CYFAR *)CYREG_BCTL1_B
 365              		.loc 1 342 0
 366 003a 1032     		adds	r2, r2, #16
 367 003c 1378     		ldrb	r3, [r2]	@ zero_extendqisi2
 368 003e 43F00203 		orr	r3, r3, #2
 369 0042 1370     		strb	r3, [r2]
 370              	.LBE2:
 343:Generated_Source\PSoC5/cyfitter_cfg.c **** 	}
ARM GAS  C:\Users\duver\AppData\Local\Temp\cceltYAb.s 			page 14


 344:Generated_Source\PSoC5/cyfitter_cfg.c **** 
 345:Generated_Source\PSoC5/cyfitter_cfg.c **** 
 346:Generated_Source\PSoC5/cyfitter_cfg.c **** 	/* Perform second pass device configuration. These items must be configured in specific order afte
 347:Generated_Source\PSoC5/cyfitter_cfg.c **** 	CYCONFIGCPY((void CYFAR *)(CYREG_PRT0_DR), (const void CYFAR *)(BS_IOPINS0_0_VAL), 10u);
 371              		.loc 1 347 0
 372 0044 0A22     		movs	r2, #10
 373 0046 4FF09041 		mov	r1, #1207959552
 374 004a 1548     		ldr	r0, .L27+12
 375 004c FFF7FEFF 		bl	CYCONFIGCPY
 376              	.LVL25:
 348:Generated_Source\PSoC5/cyfitter_cfg.c **** 	CYCONFIGCPY((void CYFAR *)(CYREG_PRT1_DM0), (const void CYFAR *)(BS_IOPINS0_1_VAL), 8u);
 377              		.loc 1 348 0
 378 0050 0822     		movs	r2, #8
 379 0052 1449     		ldr	r1, .L27+16
 380 0054 1448     		ldr	r0, .L27+20
 381 0056 FFF7FEFF 		bl	CYCONFIGCPY
 382              	.LVL26:
 349:Generated_Source\PSoC5/cyfitter_cfg.c **** 	CYCONFIGCPY((void CYFAR *)(CYREG_PRT3_DM0), (const void CYFAR *)(BS_IOPINS0_3_VAL), 8u);
 383              		.loc 1 349 0
 384 005a 0822     		movs	r2, #8
 385 005c 1349     		ldr	r1, .L27+24
 386 005e 1448     		ldr	r0, .L27+28
 387 0060 FFF7FEFF 		bl	CYCONFIGCPY
 388              	.LVL27:
 350:Generated_Source\PSoC5/cyfitter_cfg.c **** 	/* Switch Boost to the precision bandgap reference from its internal reference */
 351:Generated_Source\PSoC5/cyfitter_cfg.c **** 	CY_SET_REG8((void CYXDATA *)CYREG_BOOST_CR2, (CY_GET_REG8((void CYXDATA *)CYREG_BOOST_CR2) | 0x08u
 389              		.loc 1 351 0
 390 0064 134A     		ldr	r2, .L27+32
 391 0066 1378     		ldrb	r3, [r2]	@ zero_extendqisi2
 392 0068 43F00803 		orr	r3, r3, #8
 393 006c 1370     		strb	r3, [r2]
 352:Generated_Source\PSoC5/cyfitter_cfg.c **** 
 353:Generated_Source\PSoC5/cyfitter_cfg.c **** 	/* Set Flash Cycles based on max possible frequency in case a glitch occurs during ClockSetup(). *
 354:Generated_Source\PSoC5/cyfitter_cfg.c **** 	CY_SET_XTND_REG8((void CYFAR *)(CYREG_CACHE_CC_CTL), (((CYDEV_INSTRUCT_CACHE_ENABLED) != 0) ? 0x61
 394              		.loc 1 354 0
 395 006e 124C     		ldr	r4, .L27+36
 396              	.LVL28:
 397 0070 6123     		movs	r3, #97
 398 0072 2370     		strb	r3, [r4]
 355:Generated_Source\PSoC5/cyfitter_cfg.c **** 	/* Setup clocks based on selections from Clock DWR */
 356:Generated_Source\PSoC5/cyfitter_cfg.c **** 	ClockSetup();
 399              		.loc 1 356 0
 400 0074 FFF7FEFF 		bl	ClockSetup
 401              	.LVL29:
 357:Generated_Source\PSoC5/cyfitter_cfg.c **** 	/* Set Flash Cycles based on newly configured 24.00MHz Bus Clock. */
 358:Generated_Source\PSoC5/cyfitter_cfg.c **** 	CY_SET_XTND_REG8((void CYFAR *)(CYREG_CACHE_CC_CTL), (((CYDEV_INSTRUCT_CACHE_ENABLED) != 0) ? 0x81
 402              		.loc 1 358 0
 403 0078 8123     		movs	r3, #129
 404 007a 2370     		strb	r3, [r4]
 359:Generated_Source\PSoC5/cyfitter_cfg.c **** 	CY_SET_XTND_REG8((void CYFAR *)(CYREG_PANTHER_WAITPIPE), 0x01u);
 405              		.loc 1 359 0
 406 007c 0122     		movs	r2, #1
 407 007e 0F4B     		ldr	r3, .L27+40
 408 0080 1A70     		strb	r2, [r3]
 360:Generated_Source\PSoC5/cyfitter_cfg.c **** 
 361:Generated_Source\PSoC5/cyfitter_cfg.c **** 	/* Perform basic analog initialization to defaults */
 362:Generated_Source\PSoC5/cyfitter_cfg.c **** 	AnalogSetDefault();
ARM GAS  C:\Users\duver\AppData\Local\Temp\cceltYAb.s 			page 15


 409              		.loc 1 362 0
 410 0082 FFF7FEFF 		bl	AnalogSetDefault
 411              	.LVL30:
 363:Generated_Source\PSoC5/cyfitter_cfg.c **** 
 364:Generated_Source\PSoC5/cyfitter_cfg.c **** 	/* Configure alternate active mode */
 365:Generated_Source\PSoC5/cyfitter_cfg.c **** 	CYCONFIGCPY((void CYFAR *)CYDEV_PM_STBY_BASE, (const void CYFAR *)CYDEV_PM_ACT_BASE, 14u);
 412              		.loc 1 365 0
 413 0086 0E22     		movs	r2, #14
 414 0088 0D49     		ldr	r1, .L27+44
 415 008a 0E48     		ldr	r0, .L27+48
 416 008c FFF7FEFF 		bl	CYCONFIGCPY
 417              	.LVL31:
 418 0090 38BD     		pop	{r3, r4, r5, pc}
 419              	.L28:
 420 0092 00BF     		.align	2
 421              	.L27:
 422 0094 E8460040 		.word	1073759976
 423 0098 00000000 		.word	.LANCHOR0
 424 009c 03500140 		.word	1073827843
 425 00a0 00510040 		.word	1073762560
 426 00a4 0C000048 		.word	1207959564
 427 00a8 12510040 		.word	1073762578
 428 00ac 14000048 		.word	1207959572
 429 00b0 32510040 		.word	1073762610
 430 00b4 22430040 		.word	1073759010
 431 00b8 00480040 		.word	1073760256
 432 00bc 04000840 		.word	1074266116
 433 00c0 A0430040 		.word	1073759136
 434 00c4 B0430040 		.word	1073759152
 435              		.cfi_endproc
 436              	.LFE7:
 437              		.size	cyfitter_cfg, .-cyfitter_cfg
 438              		.section	.rodata
 439              		.align	2
 440              		.set	.LANCHOR0,. + 0
 441              		.type	cfg_memset_list.4992, %object
 442              		.size	cfg_memset_list.4992, 54
 443              	cfg_memset_list.4992:
 444 0000 20510040 		.word	1073762592
 445 0004 1000     		.short	16
 446 0006 40510040 		.4byte	1073762624
 447 000a 3000     		.short	48
 448 000c C0510040 		.word	1073762752
 449 0010 1000     		.short	16
 450 0012 F0510040 		.4byte	1073762800
 451 0016 1000     		.short	16
 452 0018 00000140 		.word	1073807360
 453 001c 0010     		.short	4096
 454 001e 00140140 		.4byte	1073812480
 455 0022 0008     		.short	2048
 456 0024 00400140 		.word	1073823744
 457 0028 000A     		.short	2560
 458 002a 004C0140 		.4byte	1073826816
 459 002e 0002     		.short	512
 460 0030 00500140 		.word	1073827840
 461 0034 2000     		.short	32
 462              		.text
ARM GAS  C:\Users\duver\AppData\Local\Temp\cceltYAb.s 			page 16


 463              	.Letext0:
 464              		.file 2 "c:\\program files (x86)\\cypress\\psoc creator\\4.3\\psoc creator\\import\\gnu\\arm\\5.4.
 465              		.file 3 "Generated_Source\\PSoC5\\cytypes.h"
 466              		.file 4 "Generated_Source\\PSoC5\\CyLib.h"
 467              		.section	.debug_info,"",%progbits
 468              	.Ldebug_info0:
 469 0000 F2030000 		.4byte	0x3f2
 470 0004 0400     		.2byte	0x4
 471 0006 00000000 		.4byte	.Ldebug_abbrev0
 472 000a 04       		.byte	0x4
 473 000b 01       		.uleb128 0x1
 474 000c 8E000000 		.4byte	.LASF39
 475 0010 0C       		.byte	0xc
 476 0011 EA010000 		.4byte	.LASF40
 477 0015 21020000 		.4byte	.LASF41
 478 0019 00000000 		.4byte	.Ldebug_ranges0+0
 479 001d 00000000 		.4byte	0
 480 0021 00000000 		.4byte	.Ldebug_line0
 481 0025 02       		.uleb128 0x2
 482 0026 04       		.byte	0x4
 483 0027 05       		.byte	0x5
 484 0028 696E7400 		.ascii	"int\000"
 485 002c 03       		.uleb128 0x3
 486 002d 14000000 		.4byte	.LASF12
 487 0031 02       		.byte	0x2
 488 0032 D8       		.byte	0xd8
 489 0033 37000000 		.4byte	0x37
 490 0037 04       		.uleb128 0x4
 491 0038 04       		.byte	0x4
 492 0039 07       		.byte	0x7
 493 003a 9A010000 		.4byte	.LASF0
 494 003e 04       		.uleb128 0x4
 495 003f 08       		.byte	0x8
 496 0040 05       		.byte	0x5
 497 0041 DC010000 		.4byte	.LASF1
 498 0045 04       		.uleb128 0x4
 499 0046 08       		.byte	0x8
 500 0047 04       		.byte	0x4
 501 0048 94020000 		.4byte	.LASF2
 502 004c 04       		.uleb128 0x4
 503 004d 01       		.byte	0x1
 504 004e 06       		.byte	0x6
 505 004f B2020000 		.4byte	.LASF3
 506 0053 04       		.uleb128 0x4
 507 0054 01       		.byte	0x1
 508 0055 08       		.byte	0x8
 509 0056 59010000 		.4byte	.LASF4
 510 005a 04       		.uleb128 0x4
 511 005b 02       		.byte	0x2
 512 005c 05       		.byte	0x5
 513 005d 17020000 		.4byte	.LASF5
 514 0061 04       		.uleb128 0x4
 515 0062 02       		.byte	0x2
 516 0063 07       		.byte	0x7
 517 0064 4F000000 		.4byte	.LASF6
 518 0068 04       		.uleb128 0x4
 519 0069 04       		.byte	0x4
ARM GAS  C:\Users\duver\AppData\Local\Temp\cceltYAb.s 			page 17


 520 006a 05       		.byte	0x5
 521 006b 86020000 		.4byte	.LASF7
 522 006f 04       		.uleb128 0x4
 523 0070 04       		.byte	0x4
 524 0071 07       		.byte	0x7
 525 0072 21010000 		.4byte	.LASF8
 526 0076 04       		.uleb128 0x4
 527 0077 08       		.byte	0x8
 528 0078 07       		.byte	0x7
 529 0079 AF010000 		.4byte	.LASF9
 530 007d 04       		.uleb128 0x4
 531 007e 04       		.byte	0x4
 532 007f 07       		.byte	0x7
 533 0080 D3010000 		.4byte	.LASF10
 534 0084 05       		.uleb128 0x5
 535 0085 04       		.byte	0x4
 536 0086 04       		.uleb128 0x4
 537 0087 01       		.byte	0x1
 538 0088 08       		.byte	0x8
 539 0089 8F020000 		.4byte	.LASF11
 540 008d 06       		.uleb128 0x6
 541 008e 33010000 		.4byte	.LASF13
 542 0092 03       		.byte	0x3
 543 0093 E401     		.2byte	0x1e4
 544 0095 53000000 		.4byte	0x53
 545 0099 06       		.uleb128 0x6
 546 009a 82010000 		.4byte	.LASF14
 547 009e 03       		.byte	0x3
 548 009f E501     		.2byte	0x1e5
 549 00a1 61000000 		.4byte	0x61
 550 00a5 06       		.uleb128 0x6
 551 00a6 93010000 		.4byte	.LASF15
 552 00aa 03       		.byte	0x3
 553 00ab E601     		.2byte	0x1e6
 554 00ad 6F000000 		.4byte	0x6f
 555 00b1 04       		.uleb128 0x4
 556 00b2 04       		.byte	0x4
 557 00b3 04       		.byte	0x4
 558 00b4 6A000000 		.4byte	.LASF16
 559 00b8 04       		.uleb128 0x4
 560 00b9 08       		.byte	0x8
 561 00ba 04       		.byte	0x4
 562 00bb 6E010000 		.4byte	.LASF17
 563 00bf 06       		.uleb128 0x6
 564 00c0 1C010000 		.4byte	.LASF18
 565 00c4 03       		.byte	0x3
 566 00c5 8E02     		.2byte	0x28e
 567 00c7 CB000000 		.4byte	0xcb
 568 00cb 07       		.uleb128 0x7
 569 00cc 8D000000 		.4byte	0x8d
 570 00d0 06       		.uleb128 0x6
 571 00d1 00000000 		.4byte	.LASF19
 572 00d5 03       		.byte	0x3
 573 00d6 8F02     		.2byte	0x28f
 574 00d8 DC000000 		.4byte	0xdc
 575 00dc 07       		.uleb128 0x7
 576 00dd 99000000 		.4byte	0x99
ARM GAS  C:\Users\duver\AppData\Local\Temp\cceltYAb.s 			page 18


 577 00e1 08       		.uleb128 0x8
 578 00e2 70000000 		.4byte	.LASF42
 579 00e6 01       		.byte	0x1
 580 00e7 7F       		.byte	0x7f
 581 00e8 00000000 		.4byte	.LFB3
 582 00ec 02000000 		.4byte	.LFE3-.LFB3
 583 00f0 01       		.uleb128 0x1
 584 00f1 9C       		.byte	0x9c
 585 00f2 04010000 		.4byte	0x104
 586 00f6 09       		.uleb128 0x9
 587 00f7 89010000 		.4byte	.LASF22
 588 00fb 01       		.byte	0x1
 589 00fc 7F       		.byte	0x7f
 590 00fd 8D000000 		.4byte	0x8d
 591 0101 01       		.uleb128 0x1
 592 0102 50       		.byte	0x50
 593 0103 00       		.byte	0
 594 0104 0A       		.uleb128 0xa
 595 0105 1B000000 		.4byte	.LASF20
 596 0109 01       		.byte	0x1
 597 010a ED       		.byte	0xed
 598 010b 00000000 		.4byte	.LFB5
 599 010f 44000000 		.4byte	.LFE5-.LFB5
 600 0113 01       		.uleb128 0x1
 601 0114 9C       		.byte	0x9c
 602 0115 29010000 		.4byte	0x129
 603 0119 0B       		.uleb128 0xb
 604 011a A0020000 		.4byte	.LASF24
 605 011e 01       		.byte	0x1
 606 011f EF       		.byte	0xef
 607 0120 8D000000 		.4byte	0x8d
 608 0124 00000000 		.4byte	.LLST0
 609 0128 00       		.byte	0
 610 0129 0A       		.uleb128 0xa
 611 012a 39010000 		.4byte	.LASF21
 612 012e 01       		.byte	0x1
 613 012f 4D       		.byte	0x4d
 614 0130 00000000 		.4byte	.LFB0
 615 0134 0C000000 		.4byte	.LFE0-.LFB0
 616 0138 01       		.uleb128 0x1
 617 0139 9C       		.byte	0x9c
 618 013a 76010000 		.4byte	0x176
 619 013e 0C       		.uleb128 0xc
 620 013f 7300     		.ascii	"s\000"
 621 0141 01       		.byte	0x1
 622 0142 4D       		.byte	0x4d
 623 0143 84000000 		.4byte	0x84
 624 0147 13000000 		.4byte	.LLST1
 625 014b 0C       		.uleb128 0xc
 626 014c 6E00     		.ascii	"n\000"
 627 014e 01       		.byte	0x1
 628 014f 4D       		.byte	0x4d
 629 0150 2C000000 		.4byte	0x2c
 630 0154 34000000 		.4byte	.LLST2
 631 0158 0D       		.uleb128 0xd
 632 0159 0A000000 		.4byte	.LVL5
 633 015d D8030000 		.4byte	0x3d8
ARM GAS  C:\Users\duver\AppData\Local\Temp\cceltYAb.s 			page 19


 634 0161 0E       		.uleb128 0xe
 635 0162 01       		.uleb128 0x1
 636 0163 50       		.byte	0x50
 637 0164 03       		.uleb128 0x3
 638 0165 F3       		.byte	0xf3
 639 0166 01       		.uleb128 0x1
 640 0167 50       		.byte	0x50
 641 0168 0E       		.uleb128 0xe
 642 0169 01       		.uleb128 0x1
 643 016a 51       		.byte	0x51
 644 016b 01       		.uleb128 0x1
 645 016c 30       		.byte	0x30
 646 016d 0E       		.uleb128 0xe
 647 016e 01       		.uleb128 0x1
 648 016f 52       		.byte	0x52
 649 0170 03       		.uleb128 0x3
 650 0171 F3       		.byte	0xf3
 651 0172 01       		.uleb128 0x1
 652 0173 51       		.byte	0x51
 653 0174 00       		.byte	0
 654 0175 00       		.byte	0
 655 0176 0A       		.uleb128 0xa
 656 0177 44000000 		.4byte	.LASF23
 657 017b 01       		.byte	0x1
 658 017c B2       		.byte	0xb2
 659 017d 00000000 		.4byte	.LFB4
 660 0181 9C000000 		.4byte	.LFE4-.LFB4
 661 0185 01       		.uleb128 0x1
 662 0186 9C       		.byte	0x9c
 663 0187 CE010000 		.4byte	0x1ce
 664 018b 0B       		.uleb128 0xb
 665 018c 2C000000 		.4byte	.LASF25
 666 0190 01       		.byte	0x1
 667 0191 B4       		.byte	0xb4
 668 0192 A5000000 		.4byte	0xa5
 669 0196 60000000 		.4byte	.LLST3
 670 019a 0B       		.uleb128 0xb
 671 019b 62000000 		.4byte	.LASF26
 672 019f 01       		.byte	0x1
 673 01a0 B5       		.byte	0xb5
 674 01a1 8D000000 		.4byte	0x8d
 675 01a5 7F000000 		.4byte	.LLST4
 676 01a9 0F       		.uleb128 0xf
 677 01aa 4C000000 		.4byte	.LVL10
 678 01ae E1030000 		.4byte	0x3e1
 679 01b2 BE010000 		.4byte	0x1be
 680 01b6 0E       		.uleb128 0xe
 681 01b7 01       		.uleb128 0x1
 682 01b8 50       		.byte	0x50
 683 01b9 03       		.uleb128 0x3
 684 01ba 0A       		.byte	0xa
 685 01bb E001     		.2byte	0x1e0
 686 01bd 00       		.byte	0
 687 01be 0D       		.uleb128 0xd
 688 01bf 5C000000 		.4byte	.LVL12
 689 01c3 E1000000 		.4byte	0xe1
 690 01c7 0E       		.uleb128 0xe
ARM GAS  C:\Users\duver\AppData\Local\Temp\cceltYAb.s 			page 20


 691 01c8 01       		.uleb128 0x1
 692 01c9 50       		.byte	0x50
 693 01ca 01       		.uleb128 0x1
 694 01cb 33       		.byte	0x33
 695 01cc 00       		.byte	0
 696 01cd 00       		.byte	0
 697 01ce 0A       		.uleb128 0xa
 698 01cf C7020000 		.4byte	.LASF27
 699 01d3 01       		.byte	0x1
 700 01d4 54       		.byte	0x54
 701 01d5 00000000 		.4byte	.LFB1
 702 01d9 08000000 		.4byte	.LFE1-.LFB1
 703 01dd 01       		.uleb128 0x1
 704 01de 9C       		.byte	0x9c
 705 01df 2E020000 		.4byte	0x22e
 706 01e3 10       		.uleb128 0x10
 707 01e4 84000000 		.4byte	.LASF28
 708 01e8 01       		.byte	0x1
 709 01e9 54       		.byte	0x54
 710 01ea 84000000 		.4byte	0x84
 711 01ee A9000000 		.4byte	.LLST5
 712 01f2 0C       		.uleb128 0xc
 713 01f3 73726300 		.ascii	"src\000"
 714 01f7 01       		.byte	0x1
 715 01f8 54       		.byte	0x54
 716 01f9 2E020000 		.4byte	0x22e
 717 01fd CA000000 		.4byte	.LLST6
 718 0201 0C       		.uleb128 0xc
 719 0202 6E00     		.ascii	"n\000"
 720 0204 01       		.byte	0x1
 721 0205 54       		.byte	0x54
 722 0206 2C000000 		.4byte	0x2c
 723 020a EB000000 		.4byte	.LLST7
 724 020e 0D       		.uleb128 0xd
 725 020f 06000000 		.4byte	.LVL15
 726 0213 EC030000 		.4byte	0x3ec
 727 0217 0E       		.uleb128 0xe
 728 0218 01       		.uleb128 0x1
 729 0219 50       		.byte	0x50
 730 021a 03       		.uleb128 0x3
 731 021b F3       		.byte	0xf3
 732 021c 01       		.uleb128 0x1
 733 021d 50       		.byte	0x50
 734 021e 0E       		.uleb128 0xe
 735 021f 01       		.uleb128 0x1
 736 0220 51       		.byte	0x51
 737 0221 03       		.uleb128 0x3
 738 0222 F3       		.byte	0xf3
 739 0223 01       		.uleb128 0x1
 740 0224 51       		.byte	0x51
 741 0225 0E       		.uleb128 0xe
 742 0226 01       		.uleb128 0x1
 743 0227 52       		.byte	0x52
 744 0228 03       		.uleb128 0x3
 745 0229 F3       		.byte	0xf3
 746 022a 01       		.uleb128 0x1
 747 022b 52       		.byte	0x52
ARM GAS  C:\Users\duver\AppData\Local\Temp\cceltYAb.s 			page 21


 748 022c 00       		.byte	0
 749 022d 00       		.byte	0
 750 022e 11       		.uleb128 0x11
 751 022f 04       		.byte	0x4
 752 0230 34020000 		.4byte	0x234
 753 0234 12       		.uleb128 0x12
 754 0235 13       		.uleb128 0x13
 755 0236 43010000 		.4byte	.LASF31
 756 023a 01       		.byte	0x1
 757 023b 0B01     		.2byte	0x10b
 758 023d 00000000 		.4byte	.LFB6
 759 0241 1C000000 		.4byte	.LFE6-.LFB6
 760 0245 01       		.uleb128 0x1
 761 0246 9C       		.byte	0x9c
 762 0247 68020000 		.4byte	0x268
 763 024b 14       		.uleb128 0x14
 764 024c 7E020000 		.4byte	.LASF29
 765 0250 01       		.byte	0x1
 766 0251 0B01     		.2byte	0x10b
 767 0253 8D000000 		.4byte	0x8d
 768 0257 01       		.uleb128 0x1
 769 0258 50       		.byte	0x50
 770 0259 15       		.uleb128 0x15
 771 025a BE020000 		.4byte	.LASF30
 772 025e 01       		.byte	0x1
 773 025f 0D01     		.2byte	0x10d
 774 0261 8D000000 		.4byte	0x8d
 775 0265 01       		.uleb128 0x1
 776 0266 53       		.byte	0x53
 777 0267 00       		.byte	0
 778 0268 13       		.uleb128 0x13
 779 0269 75010000 		.4byte	.LASF32
 780 026d 01       		.byte	0x1
 781 026e 2D01     		.2byte	0x12d
 782 0270 00000000 		.4byte	.LFB7
 783 0274 C8000000 		.4byte	.LFE7-.LFB7
 784 0278 01       		.uleb128 0x1
 785 0279 9C       		.byte	0x9c
 786 027a D8030000 		.4byte	0x3d8
 787 027e 16       		.uleb128 0x16
 788 027f 0E000000 		.4byte	.LBB2
 789 0283 36000000 		.4byte	.LBE2-.LBB2
 790 0287 37030000 		.4byte	0x337
 791 028b 17       		.uleb128 0x17
 792 028c 06       		.byte	0x6
 793 028d 01       		.byte	0x1
 794 028e 3901     		.2byte	0x139
 795 0290 AF020000 		.4byte	0x2af
 796 0294 18       		.uleb128 0x18
 797 0295 A7010000 		.4byte	.LASF33
 798 0299 01       		.byte	0x1
 799 029a 3A01     		.2byte	0x13a
 800 029c 84000000 		.4byte	0x84
 801 02a0 00       		.byte	0
 802 02a1 18       		.uleb128 0x18
 803 02a2 89000000 		.4byte	.LASF34
 804 02a6 01       		.byte	0x1
ARM GAS  C:\Users\duver\AppData\Local\Temp\cceltYAb.s 			page 22


 805 02a7 3B01     		.2byte	0x13b
 806 02a9 99000000 		.4byte	0x99
 807 02ad 04       		.byte	0x4
 808 02ae 00       		.byte	0
 809 02af 06       		.uleb128 0x6
 810 02b0 C6010000 		.4byte	.LASF35
 811 02b4 01       		.byte	0x1
 812 02b5 3C01     		.2byte	0x13c
 813 02b7 8B020000 		.4byte	0x28b
 814 02bb 19       		.uleb128 0x19
 815 02bc CB020000 		.4byte	0x2cb
 816 02c0 CB020000 		.4byte	0x2cb
 817 02c4 1A       		.uleb128 0x1a
 818 02c5 7D000000 		.4byte	0x7d
 819 02c9 08       		.byte	0x8
 820 02ca 00       		.byte	0
 821 02cb 1B       		.uleb128 0x1b
 822 02cc AF020000 		.4byte	0x2af
 823 02d0 15       		.uleb128 0x15
 824 02d1 34000000 		.4byte	.LASF36
 825 02d5 01       		.byte	0x1
 826 02d6 3E01     		.2byte	0x13e
 827 02d8 E2020000 		.4byte	0x2e2
 828 02dc 05       		.uleb128 0x5
 829 02dd 03       		.byte	0x3
 830 02de 00000000 		.4byte	cfg_memset_list.4992
 831 02e2 1B       		.uleb128 0x1b
 832 02e3 BB020000 		.4byte	0x2bb
 833 02e7 1C       		.uleb128 0x1c
 834 02e8 6900     		.ascii	"i\000"
 835 02ea 01       		.byte	0x1
 836 02eb 4B01     		.2byte	0x14b
 837 02ed 8D000000 		.4byte	0x8d
 838 02f1 0C010000 		.4byte	.LLST8
 839 02f5 1D       		.uleb128 0x1d
 840 02f6 12000000 		.4byte	.LBB3
 841 02fa 16000000 		.4byte	.LBE3-.LBB3
 842 02fe 1C       		.uleb128 0x1c
 843 02ff 6D7300   		.ascii	"ms\000"
 844 0302 01       		.byte	0x1
 845 0303 5001     		.2byte	0x150
 846 0305 0D030000 		.4byte	0x30d
 847 0309 36010000 		.4byte	.LLST9
 848 030d 11       		.uleb128 0x11
 849 030e 04       		.byte	0x4
 850 030f CB020000 		.4byte	0x2cb
 851 0313 0D       		.uleb128 0xd
 852 0314 28000000 		.4byte	.LVL22
 853 0318 29010000 		.4byte	0x129
 854 031c 0E       		.uleb128 0xe
 855 031d 01       		.uleb128 0x1
 856 031e 51       		.byte	0x51
 857 031f 14       		.uleb128 0x14
 858 0320 74       		.byte	0x74
 859 0321 00       		.sleb128 0
 860 0322 31       		.byte	0x31
 861 0323 24       		.byte	0x24
ARM GAS  C:\Users\duver\AppData\Local\Temp\cceltYAb.s 			page 23


 862 0324 74       		.byte	0x74
 863 0325 00       		.sleb128 0
 864 0326 22       		.byte	0x22
 865 0327 31       		.byte	0x31
 866 0328 24       		.byte	0x24
 867 0329 75       		.byte	0x75
 868 032a 00       		.sleb128 0
 869 032b 22       		.byte	0x22
 870 032c 23       		.byte	0x23
 871 032d 04       		.uleb128 0x4
 872 032e 94       		.byte	0x94
 873 032f 02       		.byte	0x2
 874 0330 0A       		.byte	0xa
 875 0331 FFFF     		.2byte	0xffff
 876 0333 1A       		.byte	0x1a
 877 0334 00       		.byte	0
 878 0335 00       		.byte	0
 879 0336 00       		.byte	0
 880 0337 0F       		.uleb128 0xf
 881 0338 50000000 		.4byte	.LVL25
 882 033c CE010000 		.4byte	0x1ce
 883 0340 5A030000 		.4byte	0x35a
 884 0344 0E       		.uleb128 0xe
 885 0345 01       		.uleb128 0x1
 886 0346 50       		.byte	0x50
 887 0347 05       		.uleb128 0x5
 888 0348 0C       		.byte	0xc
 889 0349 00510040 		.4byte	0x40005100
 890 034d 0E       		.uleb128 0xe
 891 034e 01       		.uleb128 0x1
 892 034f 51       		.byte	0x51
 893 0350 03       		.uleb128 0x3
 894 0351 42       		.byte	0x42
 895 0352 4A       		.byte	0x4a
 896 0353 24       		.byte	0x24
 897 0354 0E       		.uleb128 0xe
 898 0355 01       		.uleb128 0x1
 899 0356 52       		.byte	0x52
 900 0357 01       		.uleb128 0x1
 901 0358 3A       		.byte	0x3a
 902 0359 00       		.byte	0
 903 035a 0F       		.uleb128 0xf
 904 035b 5A000000 		.4byte	.LVL26
 905 035f CE010000 		.4byte	0x1ce
 906 0363 7F030000 		.4byte	0x37f
 907 0367 0E       		.uleb128 0xe
 908 0368 01       		.uleb128 0x1
 909 0369 50       		.byte	0x50
 910 036a 05       		.uleb128 0x5
 911 036b 0C       		.byte	0xc
 912 036c 12510040 		.4byte	0x40005112
 913 0370 0E       		.uleb128 0xe
 914 0371 01       		.uleb128 0x1
 915 0372 51       		.byte	0x51
 916 0373 05       		.uleb128 0x5
 917 0374 0C       		.byte	0xc
 918 0375 0C000048 		.4byte	0x4800000c
ARM GAS  C:\Users\duver\AppData\Local\Temp\cceltYAb.s 			page 24


 919 0379 0E       		.uleb128 0xe
 920 037a 01       		.uleb128 0x1
 921 037b 52       		.byte	0x52
 922 037c 01       		.uleb128 0x1
 923 037d 38       		.byte	0x38
 924 037e 00       		.byte	0
 925 037f 0F       		.uleb128 0xf
 926 0380 64000000 		.4byte	.LVL27
 927 0384 CE010000 		.4byte	0x1ce
 928 0388 A4030000 		.4byte	0x3a4
 929 038c 0E       		.uleb128 0xe
 930 038d 01       		.uleb128 0x1
 931 038e 50       		.byte	0x50
 932 038f 05       		.uleb128 0x5
 933 0390 0C       		.byte	0xc
 934 0391 32510040 		.4byte	0x40005132
 935 0395 0E       		.uleb128 0xe
 936 0396 01       		.uleb128 0x1
 937 0397 51       		.byte	0x51
 938 0398 05       		.uleb128 0x5
 939 0399 0C       		.byte	0xc
 940 039a 14000048 		.4byte	0x48000014
 941 039e 0E       		.uleb128 0xe
 942 039f 01       		.uleb128 0x1
 943 03a0 52       		.byte	0x52
 944 03a1 01       		.uleb128 0x1
 945 03a2 38       		.byte	0x38
 946 03a3 00       		.byte	0
 947 03a4 1E       		.uleb128 0x1e
 948 03a5 78000000 		.4byte	.LVL29
 949 03a9 76010000 		.4byte	0x176
 950 03ad 1E       		.uleb128 0x1e
 951 03ae 86000000 		.4byte	.LVL30
 952 03b2 04010000 		.4byte	0x104
 953 03b6 0D       		.uleb128 0xd
 954 03b7 90000000 		.4byte	.LVL31
 955 03bb CE010000 		.4byte	0x1ce
 956 03bf 0E       		.uleb128 0xe
 957 03c0 01       		.uleb128 0x1
 958 03c1 50       		.byte	0x50
 959 03c2 05       		.uleb128 0x5
 960 03c3 0C       		.byte	0xc
 961 03c4 B0430040 		.4byte	0x400043b0
 962 03c8 0E       		.uleb128 0xe
 963 03c9 01       		.uleb128 0x1
 964 03ca 51       		.byte	0x51
 965 03cb 05       		.uleb128 0x5
 966 03cc 0C       		.byte	0xc
 967 03cd A0430040 		.4byte	0x400043a0
 968 03d1 0E       		.uleb128 0xe
 969 03d2 01       		.uleb128 0x1
 970 03d3 52       		.byte	0x52
 971 03d4 01       		.uleb128 0x1
 972 03d5 3E       		.byte	0x3e
 973 03d6 00       		.byte	0
 974 03d7 00       		.byte	0
 975 03d8 1F       		.uleb128 0x1f
ARM GAS  C:\Users\duver\AppData\Local\Temp\cceltYAb.s 			page 25


 976 03d9 67010000 		.4byte	.LASF37
 977 03dd 67010000 		.4byte	.LASF37
 978 03e1 20       		.uleb128 0x20
 979 03e2 06000000 		.4byte	.LASF43
 980 03e6 06000000 		.4byte	.LASF43
 981 03ea 04       		.byte	0x4
 982 03eb 79       		.byte	0x79
 983 03ec 1F       		.uleb128 0x1f
 984 03ed 10020000 		.4byte	.LASF38
 985 03f1 10020000 		.4byte	.LASF38
 986 03f5 00       		.byte	0
 987              		.section	.debug_abbrev,"",%progbits
 988              	.Ldebug_abbrev0:
 989 0000 01       		.uleb128 0x1
 990 0001 11       		.uleb128 0x11
 991 0002 01       		.byte	0x1
 992 0003 25       		.uleb128 0x25
 993 0004 0E       		.uleb128 0xe
 994 0005 13       		.uleb128 0x13
 995 0006 0B       		.uleb128 0xb
 996 0007 03       		.uleb128 0x3
 997 0008 0E       		.uleb128 0xe
 998 0009 1B       		.uleb128 0x1b
 999 000a 0E       		.uleb128 0xe
 1000 000b 55       		.uleb128 0x55
 1001 000c 17       		.uleb128 0x17
 1002 000d 11       		.uleb128 0x11
 1003 000e 01       		.uleb128 0x1
 1004 000f 10       		.uleb128 0x10
 1005 0010 17       		.uleb128 0x17
 1006 0011 00       		.byte	0
 1007 0012 00       		.byte	0
 1008 0013 02       		.uleb128 0x2
 1009 0014 24       		.uleb128 0x24
 1010 0015 00       		.byte	0
 1011 0016 0B       		.uleb128 0xb
 1012 0017 0B       		.uleb128 0xb
 1013 0018 3E       		.uleb128 0x3e
 1014 0019 0B       		.uleb128 0xb
 1015 001a 03       		.uleb128 0x3
 1016 001b 08       		.uleb128 0x8
 1017 001c 00       		.byte	0
 1018 001d 00       		.byte	0
 1019 001e 03       		.uleb128 0x3
 1020 001f 16       		.uleb128 0x16
 1021 0020 00       		.byte	0
 1022 0021 03       		.uleb128 0x3
 1023 0022 0E       		.uleb128 0xe
 1024 0023 3A       		.uleb128 0x3a
 1025 0024 0B       		.uleb128 0xb
 1026 0025 3B       		.uleb128 0x3b
 1027 0026 0B       		.uleb128 0xb
 1028 0027 49       		.uleb128 0x49
 1029 0028 13       		.uleb128 0x13
 1030 0029 00       		.byte	0
 1031 002a 00       		.byte	0
 1032 002b 04       		.uleb128 0x4
ARM GAS  C:\Users\duver\AppData\Local\Temp\cceltYAb.s 			page 26


 1033 002c 24       		.uleb128 0x24
 1034 002d 00       		.byte	0
 1035 002e 0B       		.uleb128 0xb
 1036 002f 0B       		.uleb128 0xb
 1037 0030 3E       		.uleb128 0x3e
 1038 0031 0B       		.uleb128 0xb
 1039 0032 03       		.uleb128 0x3
 1040 0033 0E       		.uleb128 0xe
 1041 0034 00       		.byte	0
 1042 0035 00       		.byte	0
 1043 0036 05       		.uleb128 0x5
 1044 0037 0F       		.uleb128 0xf
 1045 0038 00       		.byte	0
 1046 0039 0B       		.uleb128 0xb
 1047 003a 0B       		.uleb128 0xb
 1048 003b 00       		.byte	0
 1049 003c 00       		.byte	0
 1050 003d 06       		.uleb128 0x6
 1051 003e 16       		.uleb128 0x16
 1052 003f 00       		.byte	0
 1053 0040 03       		.uleb128 0x3
 1054 0041 0E       		.uleb128 0xe
 1055 0042 3A       		.uleb128 0x3a
 1056 0043 0B       		.uleb128 0xb
 1057 0044 3B       		.uleb128 0x3b
 1058 0045 05       		.uleb128 0x5
 1059 0046 49       		.uleb128 0x49
 1060 0047 13       		.uleb128 0x13
 1061 0048 00       		.byte	0
 1062 0049 00       		.byte	0
 1063 004a 07       		.uleb128 0x7
 1064 004b 35       		.uleb128 0x35
 1065 004c 00       		.byte	0
 1066 004d 49       		.uleb128 0x49
 1067 004e 13       		.uleb128 0x13
 1068 004f 00       		.byte	0
 1069 0050 00       		.byte	0
 1070 0051 08       		.uleb128 0x8
 1071 0052 2E       		.uleb128 0x2e
 1072 0053 01       		.byte	0x1
 1073 0054 03       		.uleb128 0x3
 1074 0055 0E       		.uleb128 0xe
 1075 0056 3A       		.uleb128 0x3a
 1076 0057 0B       		.uleb128 0xb
 1077 0058 3B       		.uleb128 0x3b
 1078 0059 0B       		.uleb128 0xb
 1079 005a 27       		.uleb128 0x27
 1080 005b 19       		.uleb128 0x19
 1081 005c 8701     		.uleb128 0x87
 1082 005e 19       		.uleb128 0x19
 1083 005f 11       		.uleb128 0x11
 1084 0060 01       		.uleb128 0x1
 1085 0061 12       		.uleb128 0x12
 1086 0062 06       		.uleb128 0x6
 1087 0063 40       		.uleb128 0x40
 1088 0064 18       		.uleb128 0x18
 1089 0065 9742     		.uleb128 0x2117
ARM GAS  C:\Users\duver\AppData\Local\Temp\cceltYAb.s 			page 27


 1090 0067 19       		.uleb128 0x19
 1091 0068 01       		.uleb128 0x1
 1092 0069 13       		.uleb128 0x13
 1093 006a 00       		.byte	0
 1094 006b 00       		.byte	0
 1095 006c 09       		.uleb128 0x9
 1096 006d 05       		.uleb128 0x5
 1097 006e 00       		.byte	0
 1098 006f 03       		.uleb128 0x3
 1099 0070 0E       		.uleb128 0xe
 1100 0071 3A       		.uleb128 0x3a
 1101 0072 0B       		.uleb128 0xb
 1102 0073 3B       		.uleb128 0x3b
 1103 0074 0B       		.uleb128 0xb
 1104 0075 49       		.uleb128 0x49
 1105 0076 13       		.uleb128 0x13
 1106 0077 02       		.uleb128 0x2
 1107 0078 18       		.uleb128 0x18
 1108 0079 00       		.byte	0
 1109 007a 00       		.byte	0
 1110 007b 0A       		.uleb128 0xa
 1111 007c 2E       		.uleb128 0x2e
 1112 007d 01       		.byte	0x1
 1113 007e 03       		.uleb128 0x3
 1114 007f 0E       		.uleb128 0xe
 1115 0080 3A       		.uleb128 0x3a
 1116 0081 0B       		.uleb128 0xb
 1117 0082 3B       		.uleb128 0x3b
 1118 0083 0B       		.uleb128 0xb
 1119 0084 27       		.uleb128 0x27
 1120 0085 19       		.uleb128 0x19
 1121 0086 11       		.uleb128 0x11
 1122 0087 01       		.uleb128 0x1
 1123 0088 12       		.uleb128 0x12
 1124 0089 06       		.uleb128 0x6
 1125 008a 40       		.uleb128 0x40
 1126 008b 18       		.uleb128 0x18
 1127 008c 9742     		.uleb128 0x2117
 1128 008e 19       		.uleb128 0x19
 1129 008f 01       		.uleb128 0x1
 1130 0090 13       		.uleb128 0x13
 1131 0091 00       		.byte	0
 1132 0092 00       		.byte	0
 1133 0093 0B       		.uleb128 0xb
 1134 0094 34       		.uleb128 0x34
 1135 0095 00       		.byte	0
 1136 0096 03       		.uleb128 0x3
 1137 0097 0E       		.uleb128 0xe
 1138 0098 3A       		.uleb128 0x3a
 1139 0099 0B       		.uleb128 0xb
 1140 009a 3B       		.uleb128 0x3b
 1141 009b 0B       		.uleb128 0xb
 1142 009c 49       		.uleb128 0x49
 1143 009d 13       		.uleb128 0x13
 1144 009e 02       		.uleb128 0x2
 1145 009f 17       		.uleb128 0x17
 1146 00a0 00       		.byte	0
ARM GAS  C:\Users\duver\AppData\Local\Temp\cceltYAb.s 			page 28


 1147 00a1 00       		.byte	0
 1148 00a2 0C       		.uleb128 0xc
 1149 00a3 05       		.uleb128 0x5
 1150 00a4 00       		.byte	0
 1151 00a5 03       		.uleb128 0x3
 1152 00a6 08       		.uleb128 0x8
 1153 00a7 3A       		.uleb128 0x3a
 1154 00a8 0B       		.uleb128 0xb
 1155 00a9 3B       		.uleb128 0x3b
 1156 00aa 0B       		.uleb128 0xb
 1157 00ab 49       		.uleb128 0x49
 1158 00ac 13       		.uleb128 0x13
 1159 00ad 02       		.uleb128 0x2
 1160 00ae 17       		.uleb128 0x17
 1161 00af 00       		.byte	0
 1162 00b0 00       		.byte	0
 1163 00b1 0D       		.uleb128 0xd
 1164 00b2 898201   		.uleb128 0x4109
 1165 00b5 01       		.byte	0x1
 1166 00b6 11       		.uleb128 0x11
 1167 00b7 01       		.uleb128 0x1
 1168 00b8 31       		.uleb128 0x31
 1169 00b9 13       		.uleb128 0x13
 1170 00ba 00       		.byte	0
 1171 00bb 00       		.byte	0
 1172 00bc 0E       		.uleb128 0xe
 1173 00bd 8A8201   		.uleb128 0x410a
 1174 00c0 00       		.byte	0
 1175 00c1 02       		.uleb128 0x2
 1176 00c2 18       		.uleb128 0x18
 1177 00c3 9142     		.uleb128 0x2111
 1178 00c5 18       		.uleb128 0x18
 1179 00c6 00       		.byte	0
 1180 00c7 00       		.byte	0
 1181 00c8 0F       		.uleb128 0xf
 1182 00c9 898201   		.uleb128 0x4109
 1183 00cc 01       		.byte	0x1
 1184 00cd 11       		.uleb128 0x11
 1185 00ce 01       		.uleb128 0x1
 1186 00cf 31       		.uleb128 0x31
 1187 00d0 13       		.uleb128 0x13
 1188 00d1 01       		.uleb128 0x1
 1189 00d2 13       		.uleb128 0x13
 1190 00d3 00       		.byte	0
 1191 00d4 00       		.byte	0
 1192 00d5 10       		.uleb128 0x10
 1193 00d6 05       		.uleb128 0x5
 1194 00d7 00       		.byte	0
 1195 00d8 03       		.uleb128 0x3
 1196 00d9 0E       		.uleb128 0xe
 1197 00da 3A       		.uleb128 0x3a
 1198 00db 0B       		.uleb128 0xb
 1199 00dc 3B       		.uleb128 0x3b
 1200 00dd 0B       		.uleb128 0xb
 1201 00de 49       		.uleb128 0x49
 1202 00df 13       		.uleb128 0x13
 1203 00e0 02       		.uleb128 0x2
ARM GAS  C:\Users\duver\AppData\Local\Temp\cceltYAb.s 			page 29


 1204 00e1 17       		.uleb128 0x17
 1205 00e2 00       		.byte	0
 1206 00e3 00       		.byte	0
 1207 00e4 11       		.uleb128 0x11
 1208 00e5 0F       		.uleb128 0xf
 1209 00e6 00       		.byte	0
 1210 00e7 0B       		.uleb128 0xb
 1211 00e8 0B       		.uleb128 0xb
 1212 00e9 49       		.uleb128 0x49
 1213 00ea 13       		.uleb128 0x13
 1214 00eb 00       		.byte	0
 1215 00ec 00       		.byte	0
 1216 00ed 12       		.uleb128 0x12
 1217 00ee 26       		.uleb128 0x26
 1218 00ef 00       		.byte	0
 1219 00f0 00       		.byte	0
 1220 00f1 00       		.byte	0
 1221 00f2 13       		.uleb128 0x13
 1222 00f3 2E       		.uleb128 0x2e
 1223 00f4 01       		.byte	0x1
 1224 00f5 3F       		.uleb128 0x3f
 1225 00f6 19       		.uleb128 0x19
 1226 00f7 03       		.uleb128 0x3
 1227 00f8 0E       		.uleb128 0xe
 1228 00f9 3A       		.uleb128 0x3a
 1229 00fa 0B       		.uleb128 0xb
 1230 00fb 3B       		.uleb128 0x3b
 1231 00fc 05       		.uleb128 0x5
 1232 00fd 27       		.uleb128 0x27
 1233 00fe 19       		.uleb128 0x19
 1234 00ff 11       		.uleb128 0x11
 1235 0100 01       		.uleb128 0x1
 1236 0101 12       		.uleb128 0x12
 1237 0102 06       		.uleb128 0x6
 1238 0103 40       		.uleb128 0x40
 1239 0104 18       		.uleb128 0x18
 1240 0105 9742     		.uleb128 0x2117
 1241 0107 19       		.uleb128 0x19
 1242 0108 01       		.uleb128 0x1
 1243 0109 13       		.uleb128 0x13
 1244 010a 00       		.byte	0
 1245 010b 00       		.byte	0
 1246 010c 14       		.uleb128 0x14
 1247 010d 05       		.uleb128 0x5
 1248 010e 00       		.byte	0
 1249 010f 03       		.uleb128 0x3
 1250 0110 0E       		.uleb128 0xe
 1251 0111 3A       		.uleb128 0x3a
 1252 0112 0B       		.uleb128 0xb
 1253 0113 3B       		.uleb128 0x3b
 1254 0114 05       		.uleb128 0x5
 1255 0115 49       		.uleb128 0x49
 1256 0116 13       		.uleb128 0x13
 1257 0117 02       		.uleb128 0x2
 1258 0118 18       		.uleb128 0x18
 1259 0119 00       		.byte	0
 1260 011a 00       		.byte	0
ARM GAS  C:\Users\duver\AppData\Local\Temp\cceltYAb.s 			page 30


 1261 011b 15       		.uleb128 0x15
 1262 011c 34       		.uleb128 0x34
 1263 011d 00       		.byte	0
 1264 011e 03       		.uleb128 0x3
 1265 011f 0E       		.uleb128 0xe
 1266 0120 3A       		.uleb128 0x3a
 1267 0121 0B       		.uleb128 0xb
 1268 0122 3B       		.uleb128 0x3b
 1269 0123 05       		.uleb128 0x5
 1270 0124 49       		.uleb128 0x49
 1271 0125 13       		.uleb128 0x13
 1272 0126 02       		.uleb128 0x2
 1273 0127 18       		.uleb128 0x18
 1274 0128 00       		.byte	0
 1275 0129 00       		.byte	0
 1276 012a 16       		.uleb128 0x16
 1277 012b 0B       		.uleb128 0xb
 1278 012c 01       		.byte	0x1
 1279 012d 11       		.uleb128 0x11
 1280 012e 01       		.uleb128 0x1
 1281 012f 12       		.uleb128 0x12
 1282 0130 06       		.uleb128 0x6
 1283 0131 01       		.uleb128 0x1
 1284 0132 13       		.uleb128 0x13
 1285 0133 00       		.byte	0
 1286 0134 00       		.byte	0
 1287 0135 17       		.uleb128 0x17
 1288 0136 13       		.uleb128 0x13
 1289 0137 01       		.byte	0x1
 1290 0138 0B       		.uleb128 0xb
 1291 0139 0B       		.uleb128 0xb
 1292 013a 3A       		.uleb128 0x3a
 1293 013b 0B       		.uleb128 0xb
 1294 013c 3B       		.uleb128 0x3b
 1295 013d 05       		.uleb128 0x5
 1296 013e 01       		.uleb128 0x1
 1297 013f 13       		.uleb128 0x13
 1298 0140 00       		.byte	0
 1299 0141 00       		.byte	0
 1300 0142 18       		.uleb128 0x18
 1301 0143 0D       		.uleb128 0xd
 1302 0144 00       		.byte	0
 1303 0145 03       		.uleb128 0x3
 1304 0146 0E       		.uleb128 0xe
 1305 0147 3A       		.uleb128 0x3a
 1306 0148 0B       		.uleb128 0xb
 1307 0149 3B       		.uleb128 0x3b
 1308 014a 05       		.uleb128 0x5
 1309 014b 49       		.uleb128 0x49
 1310 014c 13       		.uleb128 0x13
 1311 014d 38       		.uleb128 0x38
 1312 014e 0B       		.uleb128 0xb
 1313 014f 00       		.byte	0
 1314 0150 00       		.byte	0
 1315 0151 19       		.uleb128 0x19
 1316 0152 01       		.uleb128 0x1
 1317 0153 01       		.byte	0x1
ARM GAS  C:\Users\duver\AppData\Local\Temp\cceltYAb.s 			page 31


 1318 0154 49       		.uleb128 0x49
 1319 0155 13       		.uleb128 0x13
 1320 0156 01       		.uleb128 0x1
 1321 0157 13       		.uleb128 0x13
 1322 0158 00       		.byte	0
 1323 0159 00       		.byte	0
 1324 015a 1A       		.uleb128 0x1a
 1325 015b 21       		.uleb128 0x21
 1326 015c 00       		.byte	0
 1327 015d 49       		.uleb128 0x49
 1328 015e 13       		.uleb128 0x13
 1329 015f 2F       		.uleb128 0x2f
 1330 0160 0B       		.uleb128 0xb
 1331 0161 00       		.byte	0
 1332 0162 00       		.byte	0
 1333 0163 1B       		.uleb128 0x1b
 1334 0164 26       		.uleb128 0x26
 1335 0165 00       		.byte	0
 1336 0166 49       		.uleb128 0x49
 1337 0167 13       		.uleb128 0x13
 1338 0168 00       		.byte	0
 1339 0169 00       		.byte	0
 1340 016a 1C       		.uleb128 0x1c
 1341 016b 34       		.uleb128 0x34
 1342 016c 00       		.byte	0
 1343 016d 03       		.uleb128 0x3
 1344 016e 08       		.uleb128 0x8
 1345 016f 3A       		.uleb128 0x3a
 1346 0170 0B       		.uleb128 0xb
 1347 0171 3B       		.uleb128 0x3b
 1348 0172 05       		.uleb128 0x5
 1349 0173 49       		.uleb128 0x49
 1350 0174 13       		.uleb128 0x13
 1351 0175 02       		.uleb128 0x2
 1352 0176 17       		.uleb128 0x17
 1353 0177 00       		.byte	0
 1354 0178 00       		.byte	0
 1355 0179 1D       		.uleb128 0x1d
 1356 017a 0B       		.uleb128 0xb
 1357 017b 01       		.byte	0x1
 1358 017c 11       		.uleb128 0x11
 1359 017d 01       		.uleb128 0x1
 1360 017e 12       		.uleb128 0x12
 1361 017f 06       		.uleb128 0x6
 1362 0180 00       		.byte	0
 1363 0181 00       		.byte	0
 1364 0182 1E       		.uleb128 0x1e
 1365 0183 898201   		.uleb128 0x4109
 1366 0186 00       		.byte	0
 1367 0187 11       		.uleb128 0x11
 1368 0188 01       		.uleb128 0x1
 1369 0189 31       		.uleb128 0x31
 1370 018a 13       		.uleb128 0x13
 1371 018b 00       		.byte	0
 1372 018c 00       		.byte	0
 1373 018d 1F       		.uleb128 0x1f
 1374 018e 2E       		.uleb128 0x2e
ARM GAS  C:\Users\duver\AppData\Local\Temp\cceltYAb.s 			page 32


 1375 018f 00       		.byte	0
 1376 0190 3F       		.uleb128 0x3f
 1377 0191 19       		.uleb128 0x19
 1378 0192 3C       		.uleb128 0x3c
 1379 0193 19       		.uleb128 0x19
 1380 0194 6E       		.uleb128 0x6e
 1381 0195 0E       		.uleb128 0xe
 1382 0196 03       		.uleb128 0x3
 1383 0197 0E       		.uleb128 0xe
 1384 0198 00       		.byte	0
 1385 0199 00       		.byte	0
 1386 019a 20       		.uleb128 0x20
 1387 019b 2E       		.uleb128 0x2e
 1388 019c 00       		.byte	0
 1389 019d 3F       		.uleb128 0x3f
 1390 019e 19       		.uleb128 0x19
 1391 019f 3C       		.uleb128 0x3c
 1392 01a0 19       		.uleb128 0x19
 1393 01a1 6E       		.uleb128 0x6e
 1394 01a2 0E       		.uleb128 0xe
 1395 01a3 03       		.uleb128 0x3
 1396 01a4 0E       		.uleb128 0xe
 1397 01a5 3A       		.uleb128 0x3a
 1398 01a6 0B       		.uleb128 0xb
 1399 01a7 3B       		.uleb128 0x3b
 1400 01a8 0B       		.uleb128 0xb
 1401 01a9 00       		.byte	0
 1402 01aa 00       		.byte	0
 1403 01ab 00       		.byte	0
 1404              		.section	.debug_loc,"",%progbits
 1405              	.Ldebug_loc0:
 1406              	.LLST0:
 1407 0000 06000000 		.4byte	.LVL1
 1408 0004 10000000 		.4byte	.LVL2
 1409 0008 0100     		.2byte	0x1
 1410 000a 53       		.byte	0x53
 1411 000b 00000000 		.4byte	0
 1412 000f 00000000 		.4byte	0
 1413              	.LLST1:
 1414 0013 00000000 		.4byte	.LVL3
 1415 0017 09000000 		.4byte	.LVL5-1
 1416 001b 0100     		.2byte	0x1
 1417 001d 50       		.byte	0x50
 1418 001e 09000000 		.4byte	.LVL5-1
 1419 0022 0C000000 		.4byte	.LFE0
 1420 0026 0400     		.2byte	0x4
 1421 0028 F3       		.byte	0xf3
 1422 0029 01       		.uleb128 0x1
 1423 002a 50       		.byte	0x50
 1424 002b 9F       		.byte	0x9f
 1425 002c 00000000 		.4byte	0
 1426 0030 00000000 		.4byte	0
 1427              	.LLST2:
 1428 0034 00000000 		.4byte	.LVL3
 1429 0038 06000000 		.4byte	.LVL4
 1430 003c 0100     		.2byte	0x1
 1431 003e 51       		.byte	0x51
ARM GAS  C:\Users\duver\AppData\Local\Temp\cceltYAb.s 			page 33


 1432 003f 06000000 		.4byte	.LVL4
 1433 0043 09000000 		.4byte	.LVL5-1
 1434 0047 0100     		.2byte	0x1
 1435 0049 52       		.byte	0x52
 1436 004a 09000000 		.4byte	.LVL5-1
 1437 004e 0C000000 		.4byte	.LFE0
 1438 0052 0400     		.2byte	0x4
 1439 0054 F3       		.byte	0xf3
 1440 0055 01       		.uleb128 0x1
 1441 0056 51       		.byte	0x51
 1442 0057 9F       		.byte	0x9f
 1443 0058 00000000 		.4byte	0
 1444 005c 00000000 		.4byte	0
 1445              	.LLST3:
 1446 0060 2E000000 		.4byte	.LVL6
 1447 0064 34000000 		.4byte	.LVL7
 1448 0068 0200     		.2byte	0x2
 1449 006a 49       		.byte	0x49
 1450 006b 9F       		.byte	0x9f
 1451 006c 34000000 		.4byte	.LVL7
 1452 0070 7E000000 		.4byte	.LVL13
 1453 0074 0100     		.2byte	0x1
 1454 0076 55       		.byte	0x55
 1455 0077 00000000 		.4byte	0
 1456 007b 00000000 		.4byte	0
 1457              	.LLST4:
 1458 007f 2E000000 		.4byte	.LVL6
 1459 0083 34000000 		.4byte	.LVL7
 1460 0087 0200     		.2byte	0x2
 1461 0089 30       		.byte	0x30
 1462 008a 9F       		.byte	0x9f
 1463 008b 34000000 		.4byte	.LVL7
 1464 008f 40000000 		.4byte	.LVL8
 1465 0093 0100     		.2byte	0x1
 1466 0095 54       		.byte	0x54
 1467 0096 44000000 		.4byte	.LVL9
 1468 009a 7E000000 		.4byte	.LVL13
 1469 009e 0100     		.2byte	0x1
 1470 00a0 54       		.byte	0x54
 1471 00a1 00000000 		.4byte	0
 1472 00a5 00000000 		.4byte	0
 1473              	.LLST5:
 1474 00a9 00000000 		.4byte	.LVL14
 1475 00ad 05000000 		.4byte	.LVL15-1
 1476 00b1 0100     		.2byte	0x1
 1477 00b3 50       		.byte	0x50
 1478 00b4 05000000 		.4byte	.LVL15-1
 1479 00b8 08000000 		.4byte	.LFE1
 1480 00bc 0400     		.2byte	0x4
 1481 00be F3       		.byte	0xf3
 1482 00bf 01       		.uleb128 0x1
 1483 00c0 50       		.byte	0x50
 1484 00c1 9F       		.byte	0x9f
 1485 00c2 00000000 		.4byte	0
 1486 00c6 00000000 		.4byte	0
 1487              	.LLST6:
 1488 00ca 00000000 		.4byte	.LVL14
ARM GAS  C:\Users\duver\AppData\Local\Temp\cceltYAb.s 			page 34


 1489 00ce 05000000 		.4byte	.LVL15-1
 1490 00d2 0100     		.2byte	0x1
 1491 00d4 51       		.byte	0x51
 1492 00d5 05000000 		.4byte	.LVL15-1
 1493 00d9 08000000 		.4byte	.LFE1
 1494 00dd 0400     		.2byte	0x4
 1495 00df F3       		.byte	0xf3
 1496 00e0 01       		.uleb128 0x1
 1497 00e1 51       		.byte	0x51
 1498 00e2 9F       		.byte	0x9f
 1499 00e3 00000000 		.4byte	0
 1500 00e7 00000000 		.4byte	0
 1501              	.LLST7:
 1502 00eb 00000000 		.4byte	.LVL14
 1503 00ef 05000000 		.4byte	.LVL15-1
 1504 00f3 0100     		.2byte	0x1
 1505 00f5 52       		.byte	0x52
 1506 00f6 05000000 		.4byte	.LVL15-1
 1507 00fa 08000000 		.4byte	.LFE1
 1508 00fe 0400     		.2byte	0x4
 1509 0100 F3       		.byte	0xf3
 1510 0101 01       		.uleb128 0x1
 1511 0102 52       		.byte	0x52
 1512 0103 9F       		.byte	0x9f
 1513 0104 00000000 		.4byte	0
 1514 0108 00000000 		.4byte	0
 1515              	.LLST8:
 1516 010c 0E000000 		.4byte	.LVL20
 1517 0110 12000000 		.4byte	.LVL21
 1518 0114 0200     		.2byte	0x2
 1519 0116 30       		.byte	0x30
 1520 0117 9F       		.byte	0x9f
 1521 0118 12000000 		.4byte	.LVL21
 1522 011c 2A000000 		.4byte	.LVL23
 1523 0120 0100     		.2byte	0x1
 1524 0122 54       		.byte	0x54
 1525 0123 2C000000 		.4byte	.LVL24
 1526 0127 70000000 		.4byte	.LVL28
 1527 012b 0100     		.2byte	0x1
 1528 012d 54       		.byte	0x54
 1529 012e 00000000 		.4byte	0
 1530 0132 00000000 		.4byte	0
 1531              	.LLST9:
 1532 0136 12000000 		.4byte	.LVL21
 1533 013a 2A000000 		.4byte	.LVL23
 1534 013e 0B00     		.2byte	0xb
 1535 0140 74       		.byte	0x74
 1536 0141 00       		.sleb128 0
 1537 0142 36       		.byte	0x36
 1538 0143 1E       		.byte	0x1e
 1539 0144 03       		.byte	0x3
 1540 0145 00000000 		.4byte	cfg_memset_list.4992
 1541 0149 22       		.byte	0x22
 1542 014a 9F       		.byte	0x9f
 1543 014b 2A000000 		.4byte	.LVL23
 1544 014f 2C000000 		.4byte	.LVL24
 1545 0153 0B00     		.2byte	0xb
ARM GAS  C:\Users\duver\AppData\Local\Temp\cceltYAb.s 			page 35


 1546 0155 74       		.byte	0x74
 1547 0156 7F       		.sleb128 -1
 1548 0157 36       		.byte	0x36
 1549 0158 1E       		.byte	0x1e
 1550 0159 03       		.byte	0x3
 1551 015a 00000000 		.4byte	cfg_memset_list.4992
 1552 015e 22       		.byte	0x22
 1553 015f 9F       		.byte	0x9f
 1554 0160 00000000 		.4byte	0
 1555 0164 00000000 		.4byte	0
 1556              		.section	.debug_aranges,"",%progbits
 1557 0000 4C000000 		.4byte	0x4c
 1558 0004 0200     		.2byte	0x2
 1559 0006 00000000 		.4byte	.Ldebug_info0
 1560 000a 04       		.byte	0x4
 1561 000b 00       		.byte	0
 1562 000c 0000     		.2byte	0
 1563 000e 0000     		.2byte	0
 1564 0010 00000000 		.4byte	.LFB3
 1565 0014 02000000 		.4byte	.LFE3-.LFB3
 1566 0018 00000000 		.4byte	.LFB5
 1567 001c 44000000 		.4byte	.LFE5-.LFB5
 1568 0020 00000000 		.4byte	.LFB0
 1569 0024 0C000000 		.4byte	.LFE0-.LFB0
 1570 0028 00000000 		.4byte	.LFB4
 1571 002c 9C000000 		.4byte	.LFE4-.LFB4
 1572 0030 00000000 		.4byte	.LFB1
 1573 0034 08000000 		.4byte	.LFE1-.LFB1
 1574 0038 00000000 		.4byte	.LFB6
 1575 003c 1C000000 		.4byte	.LFE6-.LFB6
 1576 0040 00000000 		.4byte	.LFB7
 1577 0044 C8000000 		.4byte	.LFE7-.LFB7
 1578 0048 00000000 		.4byte	0
 1579 004c 00000000 		.4byte	0
 1580              		.section	.debug_ranges,"",%progbits
 1581              	.Ldebug_ranges0:
 1582 0000 00000000 		.4byte	.LFB3
 1583 0004 02000000 		.4byte	.LFE3
 1584 0008 00000000 		.4byte	.LFB5
 1585 000c 44000000 		.4byte	.LFE5
 1586 0010 00000000 		.4byte	.LFB0
 1587 0014 0C000000 		.4byte	.LFE0
 1588 0018 00000000 		.4byte	.LFB4
 1589 001c 9C000000 		.4byte	.LFE4
 1590 0020 00000000 		.4byte	.LFB1
 1591 0024 08000000 		.4byte	.LFE1
 1592 0028 00000000 		.4byte	.LFB6
 1593 002c 1C000000 		.4byte	.LFE6
 1594 0030 00000000 		.4byte	.LFB7
 1595 0034 C8000000 		.4byte	.LFE7
 1596 0038 00000000 		.4byte	0
 1597 003c 00000000 		.4byte	0
 1598              		.section	.debug_line,"",%progbits
 1599              	.Ldebug_line0:
 1600 0000 A8010000 		.section	.debug_str,"MS",%progbits,1
 1600      0200D600 
 1600      00000201 
ARM GAS  C:\Users\duver\AppData\Local\Temp\cceltYAb.s 			page 36


 1600      FB0E0D00 
 1600      01010101 
 1601              	.LASF19:
 1602 0000 72656731 		.ascii	"reg16\000"
 1602      3600
 1603              	.LASF43:
 1604 0006 43794465 		.ascii	"CyDelayCycles\000"
 1604      6C617943 
 1604      79636C65 
 1604      7300
 1605              	.LASF12:
 1606 0014 73697A65 		.ascii	"size_t\000"
 1606      5F7400
 1607              	.LASF20:
 1608 001b 416E616C 		.ascii	"AnalogSetDefault\000"
 1608      6F675365 
 1608      74446566 
 1608      61756C74 
 1608      00
 1609              	.LASF25:
 1610 002c 74696D65 		.ascii	"timeout\000"
 1610      6F757400 
 1611              	.LASF36:
 1612 0034 6366675F 		.ascii	"cfg_memset_list\000"
 1612      6D656D73 
 1612      65745F6C 
 1612      69737400 
 1613              	.LASF23:
 1614 0044 436C6F63 		.ascii	"ClockSetup\000"
 1614      6B536574 
 1614      757000
 1615              	.LASF6:
 1616 004f 73686F72 		.ascii	"short unsigned int\000"
 1616      7420756E 
 1616      7369676E 
 1616      65642069 
 1616      6E7400
 1617              	.LASF26:
 1618 0062 706C6C4C 		.ascii	"pllLock\000"
 1618      6F636B00 
 1619              	.LASF16:
 1620 006a 666C6F61 		.ascii	"float\000"
 1620      7400
 1621              	.LASF42:
 1622 0070 4379436C 		.ascii	"CyClockStartupError\000"
 1622      6F636B53 
 1622      74617274 
 1622      75704572 
 1622      726F7200 
 1623              	.LASF28:
 1624 0084 64657374 		.ascii	"dest\000"
 1624      00
 1625              	.LASF34:
 1626 0089 73697A65 		.ascii	"size\000"
 1626      00
 1627              	.LASF39:
 1628 008e 474E5520 		.ascii	"GNU C11 5.4.1 20160609 (release) [ARM/embedded-5-br"
ARM GAS  C:\Users\duver\AppData\Local\Temp\cceltYAb.s 			page 37


 1628      43313120 
 1628      352E342E 
 1628      31203230 
 1628      31363036 
 1629 00c1 616E6368 		.ascii	"anch revision 237715] -mcpu=cortex-m3 -mthumb -g -O"
 1629      20726576 
 1629      6973696F 
 1629      6E203233 
 1629      37373135 
 1630 00f4 67202D66 		.ascii	"g -ffunction-sections -ffat-lto-objects\000"
 1630      66756E63 
 1630      74696F6E 
 1630      2D736563 
 1630      74696F6E 
 1631              	.LASF18:
 1632 011c 72656738 		.ascii	"reg8\000"
 1632      00
 1633              	.LASF8:
 1634 0121 6C6F6E67 		.ascii	"long unsigned int\000"
 1634      20756E73 
 1634      69676E65 
 1634      6420696E 
 1634      7400
 1635              	.LASF13:
 1636 0133 75696E74 		.ascii	"uint8\000"
 1636      3800
 1637              	.LASF21:
 1638 0139 43594D45 		.ascii	"CYMEMZERO\000"
 1638      4D5A4552 
 1638      4F00
 1639              	.LASF31:
 1640 0143 53657441 		.ascii	"SetAnalogRoutingPumps\000"
 1640      6E616C6F 
 1640      67526F75 
 1640      74696E67 
 1640      50756D70 
 1641              	.LASF4:
 1642 0159 756E7369 		.ascii	"unsigned char\000"
 1642      676E6564 
 1642      20636861 
 1642      7200
 1643              	.LASF37:
 1644 0167 6D656D73 		.ascii	"memset\000"
 1644      657400
 1645              	.LASF17:
 1646 016e 646F7562 		.ascii	"double\000"
 1646      6C6500
 1647              	.LASF32:
 1648 0175 63796669 		.ascii	"cyfitter_cfg\000"
 1648      74746572 
 1648      5F636667 
 1648      00
 1649              	.LASF14:
 1650 0182 75696E74 		.ascii	"uint16\000"
 1650      313600
 1651              	.LASF22:
 1652 0189 6572726F 		.ascii	"errorCode\000"
ARM GAS  C:\Users\duver\AppData\Local\Temp\cceltYAb.s 			page 38


 1652      72436F64 
 1652      6500
 1653              	.LASF15:
 1654 0193 75696E74 		.ascii	"uint32\000"
 1654      333200
 1655              	.LASF0:
 1656 019a 756E7369 		.ascii	"unsigned int\000"
 1656      676E6564 
 1656      20696E74 
 1656      00
 1657              	.LASF33:
 1658 01a7 61646472 		.ascii	"address\000"
 1658      65737300 
 1659              	.LASF9:
 1660 01af 6C6F6E67 		.ascii	"long long unsigned int\000"
 1660      206C6F6E 
 1660      6720756E 
 1660      7369676E 
 1660      65642069 
 1661              	.LASF35:
 1662 01c6 6366675F 		.ascii	"cfg_memset_t\000"
 1662      6D656D73 
 1662      65745F74 
 1662      00
 1663              	.LASF10:
 1664 01d3 73697A65 		.ascii	"sizetype\000"
 1664      74797065 
 1664      00
 1665              	.LASF1:
 1666 01dc 6C6F6E67 		.ascii	"long long int\000"
 1666      206C6F6E 
 1666      6720696E 
 1666      7400
 1667              	.LASF40:
 1668 01ea 47656E65 		.ascii	"Generated_Source\\PSoC5\\cyfitter_cfg.c\000"
 1668      72617465 
 1668      645F536F 
 1668      75726365 
 1668      5C50536F 
 1669              	.LASF38:
 1670 0210 6D656D63 		.ascii	"memcpy\000"
 1670      707900
 1671              	.LASF5:
 1672 0217 73686F72 		.ascii	"short int\000"
 1672      7420696E 
 1672      7400
 1673              	.LASF41:
 1674 0221 433A5C55 		.ascii	"C:\\Users\\duver\\OneDrive\\Documents\\Classes\\Cou"
 1674      73657273 
 1674      5C647576 
 1674      65725C4F 
 1674      6E654472 
 1675 024e 72736572 		.ascii	"rsera\\Sensors\\Lab1 - Workspace01\\LoadCell.cydsn\000"
 1675      615C5365 
 1675      6E736F72 
 1675      735C4C61 
 1675      6231202D 
ARM GAS  C:\Users\duver\AppData\Local\Temp\cceltYAb.s 			page 39


 1676              	.LASF29:
 1677 027e 656E6162 		.ascii	"enabled\000"
 1677      6C656400 
 1678              	.LASF7:
 1679 0286 6C6F6E67 		.ascii	"long int\000"
 1679      20696E74 
 1679      00
 1680              	.LASF11:
 1681 028f 63686172 		.ascii	"char\000"
 1681      00
 1682              	.LASF2:
 1683 0294 6C6F6E67 		.ascii	"long double\000"
 1683      20646F75 
 1683      626C6500 
 1684              	.LASF24:
 1685 02a0 62675F78 		.ascii	"bg_xover_inl_trim\000"
 1685      6F766572 
 1685      5F696E6C 
 1685      5F747269 
 1685      6D00
 1686              	.LASF3:
 1687 02b2 7369676E 		.ascii	"signed char\000"
 1687      65642063 
 1687      68617200 
 1688              	.LASF30:
 1689 02be 72656756 		.ascii	"regValue\000"
 1689      616C7565 
 1689      00
 1690              	.LASF27:
 1691 02c7 4359434F 		.ascii	"CYCONFIGCPY\000"
 1691      4E464947 
 1691      43505900 
 1692              		.ident	"GCC: (GNU Tools for ARM Embedded Processors) 5.4.1 20160609 (release) [ARM/embedded-5-bran
