ARM GAS  C:\Users\duver\AppData\Local\Temp\cchG71e8.s 			page 1


   1              		.syntax unified
   2              		.cpu cortex-m3
   3              		.fpu softvfp
   4              		.eabi_attribute 20, 1
   5              		.eabi_attribute 21, 1
   6              		.eabi_attribute 23, 3
   7              		.eabi_attribute 24, 1
   8              		.eabi_attribute 25, 1
   9              		.eabi_attribute 26, 1
  10              		.eabi_attribute 30, 1
  11              		.eabi_attribute 34, 1
  12              		.eabi_attribute 18, 4
  13              		.thumb
  14              		.syntax unified
  15              		.file	"cymetadata.c"
  16              		.text
  17              	.Ltext0:
  18              		.cfi_sections	.debug_frame
  19              		.global	cy_metadata
  20              		.global	cy_meta_flashprotect
  21              		.global	cy_meta_wonvl
  22              		.global	cy_meta_custnvl
  23              		.global	cy_meta_configecc
  24              		.section	.cyconfigecc,"a",%progbits
  25              		.align	2
  26              		.type	cy_meta_configecc, %object
  27              		.size	cy_meta_configecc, 140
  28              	cy_meta_configecc:
  29 0000 01       		.byte	1
  30 0001 09       		.byte	9
  31 0002 01       		.byte	1
  32 0003 40       		.byte	64
  33 0004 04       		.byte	4
  34 0005 0A       		.byte	10
  35 0006 01       		.byte	1
  36 0007 40       		.byte	64
  37 0008 01       		.byte	1
  38 0009 0B       		.byte	11
  39 000a 01       		.byte	1
  40 000b 40       		.byte	64
  41 000c 01       		.byte	1
  42 000d 15       		.byte	21
  43 000e 01       		.byte	1
  44 000f 40       		.byte	64
  45 0010 01       		.byte	1
  46 0011 1B       		.byte	27
  47 0012 01       		.byte	1
  48 0013 40       		.byte	64
  49 0014 02       		.byte	2
  50 0015 44       		.byte	68
  51 0016 01       		.byte	1
  52 0017 40       		.byte	64
  53 0018 01       		.byte	1
  54 0019 45       		.byte	69
  55 001a 01       		.byte	1
  56 001b 40       		.byte	64
  57 001c 03       		.byte	3
ARM GAS  C:\Users\duver\AppData\Local\Temp\cchG71e8.s 			page 2


  58 001d 46       		.byte	70
  59 001e 01       		.byte	1
  60 001f 40       		.byte	64
  61 0020 03       		.byte	3
  62 0021 47       		.byte	71
  63 0022 01       		.byte	1
  64 0023 40       		.byte	64
  65 0024 02       		.byte	2
  66 0025 48       		.byte	72
  67 0026 01       		.byte	1
  68 0027 40       		.byte	64
  69 0028 01       		.byte	1
  70 0029 49       		.byte	73
  71 002a 01       		.byte	1
  72 002b 40       		.byte	64
  73 002c 01       		.byte	1
  74 002d 4C       		.byte	76
  75 002e 01       		.byte	1
  76 002f 40       		.byte	64
  77 0030 02       		.byte	2
  78 0031 4D       		.byte	77
  79 0032 01       		.byte	1
  80 0033 40       		.byte	64
  81 0034 B5       		.byte	-75
  82 0035 02       		.byte	2
  83 0036 B8       		.byte	-72
  84 0037 02       		.byte	2
  85 0038 BE       		.byte	-66
  86 0039 01       		.byte	1
  87 003a D8       		.byte	-40
  88 003b 04       		.byte	4
  89 003c DF       		.byte	-33
  90 003d 01       		.byte	1
  91 003e 1D       		.byte	29
  92 003f 02       		.byte	2
  93 0040 EC       		.byte	-20
  94 0041 10       		.byte	16
  95 0042 EC       		.byte	-20
  96 0043 10       		.byte	16
  97 0044 7C       		.byte	124
  98 0045 01       		.byte	1
  99 0046 DE       		.byte	-34
 100 0047 01       		.byte	1
 101 0048 94       		.byte	-108
 102 0049 01       		.byte	1
 103 004a 45       		.byte	69
 104 004b 08       		.byte	8
 105 004c 94       		.byte	-108
 106 004d 01       		.byte	1
 107 004e D0       		.byte	-48
 108 004f 01       		.byte	1
 109 0050 A5       		.byte	-91
 110 0051 08       		.byte	8
 111 0052 B4       		.byte	-76
 112 0053 01       		.byte	1
 113 0054 EC       		.byte	-20
 114 0055 08       		.byte	8
ARM GAS  C:\Users\duver\AppData\Local\Temp\cchG71e8.s 			page 3


 115 0056 25       		.byte	37
 116 0057 10       		.byte	16
 117 0058 C8       		.byte	-56
 118 0059 20       		.byte	32
 119 005a B5       		.byte	-75
 120 005b 10       		.byte	16
 121 005c A5       		.byte	-91
 122 005d 08       		.byte	8
 123 005e B5       		.byte	-75
 124 005f 08       		.byte	8
 125 0060 EC       		.byte	-20
 126 0061 08       		.byte	8
 127 0062 00       		.byte	0
 128 0063 00       		.byte	0
 129 0064 00       		.byte	0
 130 0065 00       		.byte	0
 131 0066 00       		.byte	0
 132 0067 00       		.byte	0
 133 0068 00       		.byte	0
 134 0069 00       		.byte	0
 135 006a 87       		.byte	-121
 136 006b 00       		.byte	0
 137 006c 80       		.byte	-128
 138 006d 00       		.byte	0
 139 006e 00       		.byte	0
 140 006f FF       		.byte	-1
 141 0070 FF       		.byte	-1
 142 0071 00       		.byte	0
 143 0072 00       		.byte	0
 144 0073 00       		.byte	0
 145 0074 00       		.byte	0
 146 0075 00       		.byte	0
 147 0076 00       		.byte	0
 148 0077 00       		.byte	0
 149 0078 00       		.byte	0
 150 0079 0B       		.byte	11
 151 007a 0B       		.byte	11
 152 007b 00       		.byte	0
 153 007c 00       		.byte	0
 154 007d 00       		.byte	0
 155 007e 00       		.byte	0
 156 007f 00       		.byte	0
 157 0080 00       		.byte	0
 158 0081 00       		.byte	0
 159 0082 00       		.byte	0
 160 0083 00       		.byte	0
 161 0084 00       		.byte	0
 162 0085 00       		.byte	0
 163 0086 80       		.byte	-128
 164 0087 00       		.byte	0
 165 0088 25       		.byte	37
 166 0089 00       		.byte	0
 167 008a 18       		.byte	24
 168 008b 01       		.byte	1
 169              		.section	.cywolatch,"a",%progbits
 170              		.align	2
 171              		.type	cy_meta_wonvl, %object
ARM GAS  C:\Users\duver\AppData\Local\Temp\cchG71e8.s 			page 4


 172              		.size	cy_meta_wonvl, 4
 173              	cy_meta_wonvl:
 174 0000 BC       		.byte	-68
 175 0001 90       		.byte	-112
 176 0002 AC       		.byte	-84
 177 0003 AF       		.byte	-81
 178              		.section	.cycustnvl,"a",%progbits
 179              		.align	2
 180              		.type	cy_meta_custnvl, %object
 181              		.size	cy_meta_custnvl, 4
 182              	cy_meta_custnvl:
 183 0000 00       		.byte	0
 184 0001 00       		.byte	0
 185 0002 40       		.byte	64
 186 0003 05       		.byte	5
 187              		.section	.cymeta,"a",%progbits
 188              		.align	2
 189              		.type	cy_metadata, %object
 190              		.size	cy_metadata, 12
 191              	cy_metadata:
 192 0000 00       		.byte	0
 193 0001 01       		.byte	1
 194 0002 2E       		.byte	46
 195 0003 16       		.byte	22
 196 0004 10       		.byte	16
 197 0005 69       		.byte	105
 198 0006 00       		.byte	0
 199 0007 01       		.byte	1
 200 0008 00       		.byte	0
 201 0009 00       		.byte	0
 202 000a 00       		.byte	0
 203 000b 00       		.byte	0
 204              		.section	.cyflashprotect,"a",%progbits
 205              		.align	2
 206              		.type	cy_meta_flashprotect, %object
 207              		.size	cy_meta_flashprotect, 256
 208              	cy_meta_flashprotect:
 209 0000 00000000 		.space	256
 209      00000000 
 209      00000000 
 209      00000000 
 209      00000000 
 210              		.text
 211              	.Letext0:
 212              		.file 1 "c:\\program files (x86)\\cypress\\psoc creator\\4.3\\psoc creator\\import\\gnu\\arm\\5.4.
 213              		.file 2 "c:\\program files (x86)\\cypress\\psoc creator\\4.3\\psoc creator\\import\\gnu\\arm\\5.4.
 214              		.file 3 "Generated_Source\\PSoC5\\cymetadata.c"
 215              		.section	.debug_info,"",%progbits
 216              	.Ldebug_info0:
 217 0000 30010000 		.4byte	0x130
 218 0004 0400     		.2byte	0x4
 219 0006 00000000 		.4byte	.Ldebug_abbrev0
 220 000a 04       		.byte	0x4
 221 000b 01       		.uleb128 0x1
 222 000c 95000000 		.4byte	.LASF17
 223 0010 0C       		.byte	0xc
 224 0011 EF010000 		.4byte	.LASF18
ARM GAS  C:\Users\duver\AppData\Local\Temp\cchG71e8.s 			page 5


 225 0015 16000000 		.4byte	.LASF19
 226 0019 00000000 		.4byte	.Ldebug_line0
 227 001d 02       		.uleb128 0x2
 228 001e 01       		.byte	0x1
 229 001f 06       		.byte	0x6
 230 0020 E3010000 		.4byte	.LASF0
 231 0024 03       		.uleb128 0x3
 232 0025 00000000 		.4byte	.LASF9
 233 0029 01       		.byte	0x1
 234 002a 1D       		.byte	0x1d
 235 002b 2F000000 		.4byte	0x2f
 236 002f 02       		.uleb128 0x2
 237 0030 01       		.byte	0x1
 238 0031 08       		.byte	0x8
 239 0032 87000000 		.4byte	.LASF1
 240 0036 02       		.uleb128 0x2
 241 0037 02       		.byte	0x2
 242 0038 05       		.byte	0x5
 243 0039 D0010000 		.4byte	.LASF2
 244 003d 02       		.uleb128 0x2
 245 003e 02       		.byte	0x2
 246 003f 07       		.byte	0x7
 247 0040 35010000 		.4byte	.LASF3
 248 0044 02       		.uleb128 0x2
 249 0045 04       		.byte	0x4
 250 0046 05       		.byte	0x5
 251 0047 DA010000 		.4byte	.LASF4
 252 004b 02       		.uleb128 0x2
 253 004c 04       		.byte	0x4
 254 004d 07       		.byte	0x7
 255 004e 23010000 		.4byte	.LASF5
 256 0052 02       		.uleb128 0x2
 257 0053 08       		.byte	0x8
 258 0054 05       		.byte	0x5
 259 0055 C2010000 		.4byte	.LASF6
 260 0059 02       		.uleb128 0x2
 261 005a 08       		.byte	0x8
 262 005b 07       		.byte	0x7
 263 005c 77010000 		.4byte	.LASF7
 264 0060 04       		.uleb128 0x4
 265 0061 04       		.byte	0x4
 266 0062 05       		.byte	0x5
 267 0063 696E7400 		.ascii	"int\000"
 268 0067 02       		.uleb128 0x2
 269 0068 04       		.byte	0x4
 270 0069 07       		.byte	0x7
 271 006a 6A010000 		.4byte	.LASF8
 272 006e 03       		.uleb128 0x3
 273 006f 8E010000 		.4byte	.LASF10
 274 0073 02       		.byte	0x2
 275 0074 18       		.byte	0x18
 276 0075 24000000 		.4byte	0x24
 277 0079 05       		.uleb128 0x5
 278 007a 90000000 		.4byte	0x90
 279 007e 89000000 		.4byte	0x89
 280 0082 06       		.uleb128 0x6
 281 0083 89000000 		.4byte	0x89
ARM GAS  C:\Users\duver\AppData\Local\Temp\cchG71e8.s 			page 6


 282 0087 8B       		.byte	0x8b
 283 0088 00       		.byte	0
 284 0089 02       		.uleb128 0x2
 285 008a 04       		.byte	0x4
 286 008b 07       		.byte	0x7
 287 008c B9010000 		.4byte	.LASF11
 288 0090 07       		.uleb128 0x7
 289 0091 6E000000 		.4byte	0x6e
 290 0095 08       		.uleb128 0x8
 291 0096 58010000 		.4byte	.LASF12
 292 009a 03       		.byte	0x3
 293 009b 1F       		.byte	0x1f
 294 009c A6000000 		.4byte	0xa6
 295 00a0 05       		.uleb128 0x5
 296 00a1 03       		.byte	0x3
 297 00a2 00000000 		.4byte	cy_meta_configecc
 298 00a6 07       		.uleb128 0x7
 299 00a7 79000000 		.4byte	0x79
 300 00ab 05       		.uleb128 0x5
 301 00ac 90000000 		.4byte	0x90
 302 00b0 BB000000 		.4byte	0xbb
 303 00b4 06       		.uleb128 0x6
 304 00b5 89000000 		.4byte	0x89
 305 00b9 03       		.byte	0x3
 306 00ba 00       		.byte	0
 307 00bb 08       		.uleb128 0x8
 308 00bc 48010000 		.4byte	.LASF13
 309 00c0 03       		.byte	0x3
 310 00c1 3E       		.byte	0x3e
 311 00c2 CC000000 		.4byte	0xcc
 312 00c6 05       		.uleb128 0x5
 313 00c7 03       		.byte	0x3
 314 00c8 00000000 		.4byte	cy_meta_custnvl
 315 00cc 07       		.uleb128 0x7
 316 00cd AB000000 		.4byte	0xab
 317 00d1 08       		.uleb128 0x8
 318 00d2 AB010000 		.4byte	.LASF14
 319 00d6 03       		.byte	0x3
 320 00d7 4C       		.byte	0x4c
 321 00d8 E2000000 		.4byte	0xe2
 322 00dc 05       		.uleb128 0x5
 323 00dd 03       		.byte	0x3
 324 00de 00000000 		.4byte	cy_meta_wonvl
 325 00e2 07       		.uleb128 0x7
 326 00e3 AB000000 		.4byte	0xab
 327 00e7 05       		.uleb128 0x5
 328 00e8 90000000 		.4byte	0x90
 329 00ec F7000000 		.4byte	0xf7
 330 00f0 06       		.uleb128 0x6
 331 00f1 89000000 		.4byte	0x89
 332 00f5 FF       		.byte	0xff
 333 00f6 00       		.byte	0
 334 00f7 08       		.uleb128 0x8
 335 00f8 96010000 		.4byte	.LASF15
 336 00fc 03       		.byte	0x3
 337 00fd 5A       		.byte	0x5a
 338 00fe 08010000 		.4byte	0x108
ARM GAS  C:\Users\duver\AppData\Local\Temp\cchG71e8.s 			page 7


 339 0102 05       		.uleb128 0x5
 340 0103 03       		.byte	0x3
 341 0104 00000000 		.4byte	cy_meta_flashprotect
 342 0108 07       		.uleb128 0x7
 343 0109 E7000000 		.4byte	0xe7
 344 010d 05       		.uleb128 0x5
 345 010e 90000000 		.4byte	0x90
 346 0112 1D010000 		.4byte	0x11d
 347 0116 06       		.uleb128 0x6
 348 0117 89000000 		.4byte	0x89
 349 011b 0B       		.byte	0xb
 350 011c 00       		.byte	0
 351 011d 08       		.uleb128 0x8
 352 011e 0A000000 		.4byte	.LASF16
 353 0122 03       		.byte	0x3
 354 0123 87       		.byte	0x87
 355 0124 2E010000 		.4byte	0x12e
 356 0128 05       		.uleb128 0x5
 357 0129 03       		.byte	0x3
 358 012a 00000000 		.4byte	cy_metadata
 359 012e 07       		.uleb128 0x7
 360 012f 0D010000 		.4byte	0x10d
 361 0133 00       		.byte	0
 362              		.section	.debug_abbrev,"",%progbits
 363              	.Ldebug_abbrev0:
 364 0000 01       		.uleb128 0x1
 365 0001 11       		.uleb128 0x11
 366 0002 01       		.byte	0x1
 367 0003 25       		.uleb128 0x25
 368 0004 0E       		.uleb128 0xe
 369 0005 13       		.uleb128 0x13
 370 0006 0B       		.uleb128 0xb
 371 0007 03       		.uleb128 0x3
 372 0008 0E       		.uleb128 0xe
 373 0009 1B       		.uleb128 0x1b
 374 000a 0E       		.uleb128 0xe
 375 000b 10       		.uleb128 0x10
 376 000c 17       		.uleb128 0x17
 377 000d 00       		.byte	0
 378 000e 00       		.byte	0
 379 000f 02       		.uleb128 0x2
 380 0010 24       		.uleb128 0x24
 381 0011 00       		.byte	0
 382 0012 0B       		.uleb128 0xb
 383 0013 0B       		.uleb128 0xb
 384 0014 3E       		.uleb128 0x3e
 385 0015 0B       		.uleb128 0xb
 386 0016 03       		.uleb128 0x3
 387 0017 0E       		.uleb128 0xe
 388 0018 00       		.byte	0
 389 0019 00       		.byte	0
 390 001a 03       		.uleb128 0x3
 391 001b 16       		.uleb128 0x16
 392 001c 00       		.byte	0
 393 001d 03       		.uleb128 0x3
 394 001e 0E       		.uleb128 0xe
 395 001f 3A       		.uleb128 0x3a
ARM GAS  C:\Users\duver\AppData\Local\Temp\cchG71e8.s 			page 8


 396 0020 0B       		.uleb128 0xb
 397 0021 3B       		.uleb128 0x3b
 398 0022 0B       		.uleb128 0xb
 399 0023 49       		.uleb128 0x49
 400 0024 13       		.uleb128 0x13
 401 0025 00       		.byte	0
 402 0026 00       		.byte	0
 403 0027 04       		.uleb128 0x4
 404 0028 24       		.uleb128 0x24
 405 0029 00       		.byte	0
 406 002a 0B       		.uleb128 0xb
 407 002b 0B       		.uleb128 0xb
 408 002c 3E       		.uleb128 0x3e
 409 002d 0B       		.uleb128 0xb
 410 002e 03       		.uleb128 0x3
 411 002f 08       		.uleb128 0x8
 412 0030 00       		.byte	0
 413 0031 00       		.byte	0
 414 0032 05       		.uleb128 0x5
 415 0033 01       		.uleb128 0x1
 416 0034 01       		.byte	0x1
 417 0035 49       		.uleb128 0x49
 418 0036 13       		.uleb128 0x13
 419 0037 01       		.uleb128 0x1
 420 0038 13       		.uleb128 0x13
 421 0039 00       		.byte	0
 422 003a 00       		.byte	0
 423 003b 06       		.uleb128 0x6
 424 003c 21       		.uleb128 0x21
 425 003d 00       		.byte	0
 426 003e 49       		.uleb128 0x49
 427 003f 13       		.uleb128 0x13
 428 0040 2F       		.uleb128 0x2f
 429 0041 0B       		.uleb128 0xb
 430 0042 00       		.byte	0
 431 0043 00       		.byte	0
 432 0044 07       		.uleb128 0x7
 433 0045 26       		.uleb128 0x26
 434 0046 00       		.byte	0
 435 0047 49       		.uleb128 0x49
 436 0048 13       		.uleb128 0x13
 437 0049 00       		.byte	0
 438 004a 00       		.byte	0
 439 004b 08       		.uleb128 0x8
 440 004c 34       		.uleb128 0x34
 441 004d 00       		.byte	0
 442 004e 03       		.uleb128 0x3
 443 004f 0E       		.uleb128 0xe
 444 0050 3A       		.uleb128 0x3a
 445 0051 0B       		.uleb128 0xb
 446 0052 3B       		.uleb128 0x3b
 447 0053 0B       		.uleb128 0xb
 448 0054 49       		.uleb128 0x49
 449 0055 13       		.uleb128 0x13
 450 0056 3F       		.uleb128 0x3f
 451 0057 19       		.uleb128 0x19
 452 0058 02       		.uleb128 0x2
ARM GAS  C:\Users\duver\AppData\Local\Temp\cchG71e8.s 			page 9


 453 0059 18       		.uleb128 0x18
 454 005a 00       		.byte	0
 455 005b 00       		.byte	0
 456 005c 00       		.byte	0
 457              		.section	.debug_aranges,"",%progbits
 458 0000 14000000 		.4byte	0x14
 459 0004 0200     		.2byte	0x2
 460 0006 00000000 		.4byte	.Ldebug_info0
 461 000a 04       		.byte	0x4
 462 000b 00       		.byte	0
 463 000c 0000     		.2byte	0
 464 000e 0000     		.2byte	0
 465 0010 00000000 		.4byte	0
 466 0014 00000000 		.4byte	0
 467              		.section	.debug_line,"",%progbits
 468              	.Ldebug_line0:
 469 0000 3D010000 		.section	.debug_str,"MS",%progbits,1
 469      02003701 
 469      00000201 
 469      FB0E0D00 
 469      01010101 
 470              	.LASF9:
 471 0000 5F5F7569 		.ascii	"__uint8_t\000"
 471      6E74385F 
 471      7400
 472              	.LASF16:
 473 000a 63795F6D 		.ascii	"cy_metadata\000"
 473      65746164 
 473      61746100 
 474              	.LASF19:
 475 0016 433A5C55 		.ascii	"C:\\Users\\duver\\OneDrive\\Documents\\Classes\\Cou"
 475      73657273 
 475      5C647576 
 475      65725C4F 
 475      6E654472 
 476 0043 72736572 		.ascii	"rsera\\Sensors\\Lab1 - Workspace01\\LoadCell.cydsn\\"
 476      615C5365 
 476      6E736F72 
 476      735C4C61 
 476      6231202D 
 477 0073 4C6F6164 		.ascii	"LoadCell_Try2.cydsn\000"
 477      43656C6C 
 477      5F547279 
 477      322E6379 
 477      64736E00 
 478              	.LASF1:
 479 0087 756E7369 		.ascii	"unsigned char\000"
 479      676E6564 
 479      20636861 
 479      7200
 480              	.LASF17:
 481 0095 474E5520 		.ascii	"GNU C11 5.4.1 20160609 (release) [ARM/embedded-5-br"
 481      43313120 
 481      352E342E 
 481      31203230 
 481      31363036 
 482 00c8 616E6368 		.ascii	"anch revision 237715] -mcpu=cortex-m3 -mthumb -g -O"
ARM GAS  C:\Users\duver\AppData\Local\Temp\cchG71e8.s 			page 10


 482      20726576 
 482      6973696F 
 482      6E203233 
 482      37373135 
 483 00fb 67202D66 		.ascii	"g -ffunction-sections -ffat-lto-objects\000"
 483      66756E63 
 483      74696F6E 
 483      2D736563 
 483      74696F6E 
 484              	.LASF5:
 485 0123 6C6F6E67 		.ascii	"long unsigned int\000"
 485      20756E73 
 485      69676E65 
 485      6420696E 
 485      7400
 486              	.LASF3:
 487 0135 73686F72 		.ascii	"short unsigned int\000"
 487      7420756E 
 487      7369676E 
 487      65642069 
 487      6E7400
 488              	.LASF13:
 489 0148 63795F6D 		.ascii	"cy_meta_custnvl\000"
 489      6574615F 
 489      63757374 
 489      6E766C00 
 490              	.LASF12:
 491 0158 63795F6D 		.ascii	"cy_meta_configecc\000"
 491      6574615F 
 491      636F6E66 
 491      69676563 
 491      6300
 492              	.LASF8:
 493 016a 756E7369 		.ascii	"unsigned int\000"
 493      676E6564 
 493      20696E74 
 493      00
 494              	.LASF7:
 495 0177 6C6F6E67 		.ascii	"long long unsigned int\000"
 495      206C6F6E 
 495      6720756E 
 495      7369676E 
 495      65642069 
 496              	.LASF10:
 497 018e 75696E74 		.ascii	"uint8_t\000"
 497      385F7400 
 498              	.LASF15:
 499 0196 63795F6D 		.ascii	"cy_meta_flashprotect\000"
 499      6574615F 
 499      666C6173 
 499      6870726F 
 499      74656374 
 500              	.LASF14:
 501 01ab 63795F6D 		.ascii	"cy_meta_wonvl\000"
 501      6574615F 
 501      776F6E76 
 501      6C00
ARM GAS  C:\Users\duver\AppData\Local\Temp\cchG71e8.s 			page 11


 502              	.LASF11:
 503 01b9 73697A65 		.ascii	"sizetype\000"
 503      74797065 
 503      00
 504              	.LASF6:
 505 01c2 6C6F6E67 		.ascii	"long long int\000"
 505      206C6F6E 
 505      6720696E 
 505      7400
 506              	.LASF2:
 507 01d0 73686F72 		.ascii	"short int\000"
 507      7420696E 
 507      7400
 508              	.LASF4:
 509 01da 6C6F6E67 		.ascii	"long int\000"
 509      20696E74 
 509      00
 510              	.LASF0:
 511 01e3 7369676E 		.ascii	"signed char\000"
 511      65642063 
 511      68617200 
 512              	.LASF18:
 513 01ef 47656E65 		.ascii	"Generated_Source\\PSoC5\\cymetadata.c\000"
 513      72617465 
 513      645F536F 
 513      75726365 
 513      5C50536F 
 514              		.ident	"GCC: (GNU Tools for ARM Embedded Processors) 5.4.1 20160609 (release) [ARM/embedded-5-bran
