ARM GAS  C:\Users\duver\AppData\Local\Temp\ccEVtbNi.s 			page 1


   1              		.syntax unified
   2              		.cpu cortex-m3
   3              		.fpu softvfp
   4              		.eabi_attribute 20, 1
   5              		.eabi_attribute 21, 1
   6              		.eabi_attribute 23, 3
   7              		.eabi_attribute 24, 1
   8              		.eabi_attribute 25, 1
   9              		.eabi_attribute 26, 1
  10              		.eabi_attribute 30, 1
  11              		.eabi_attribute 34, 1
  12              		.eabi_attribute 18, 4
  13              		.thumb
  14              		.syntax unified
  15              		.file	"main.c"
  16              		.text
  17              	.Ltext0:
  18              		.cfi_sections	.debug_frame
  19              		.global	__aeabi_i2d
  20              		.global	__aeabi_ddiv
  21              		.global	__aeabi_dmul
  22              		.global	__aeabi_dcmplt
  23              		.global	__aeabi_d2f
  24              		.global	__aeabi_f2iz
  25              		.global	__aeabi_i2f
  26              		.global	__aeabi_fsub
  27              		.global	__aeabi_fmul
  28              		.section	.text.main,"ax",%progbits
  29              		.align	2
  30              		.global	main
  31              		.thumb
  32              		.thumb_func
  33              		.type	main, %function
  34              	main:
  35              	.LFB64:
  36              		.file 1 "main.c"
   1:main.c        **** #include "project.h"
   2:main.c        **** #include "stdio.h"
   3:main.c        **** #include "math.h"
   4:main.c        **** 
   5:main.c        **** 
   6:main.c        **** int loop_counter = 0;
   7:main.c        **** char displayStr[6] = "";
   8:main.c        **** char displayStr2[6] = "";
   9:main.c        **** 
  10:main.c        **** uint8 dac_val = 25; // manually tuned, for now to this val
  11:main.c        **** int16 ADC_result = 0;
  12:main.c        **** int16 ADC_mV = 0;
  13:main.c        **** 
  14:main.c        **** double mass = 0;
  15:main.c        **** double full_scale_mV = 175;
  16:main.c        **** double capacity = 500;
  17:main.c        **** 
  18:main.c        **** int main(void)
  19:main.c        **** {
  37              		.loc 1 19 0
  38              		.cfi_startproc
ARM GAS  C:\Users\duver\AppData\Local\Temp\ccEVtbNi.s 			page 2


  39              		@ args = 0, pretend = 0, frame = 0
  40              		@ frame_needed = 0, uses_anonymous_args = 0
  41 0000 F0B5     		push	{r4, r5, r6, r7, lr}
  42              		.cfi_def_cfa_offset 20
  43              		.cfi_offset 4, -20
  44              		.cfi_offset 5, -16
  45              		.cfi_offset 6, -12
  46              		.cfi_offset 7, -8
  47              		.cfi_offset 14, -4
  48 0002 83B0     		sub	sp, sp, #12
  49              		.cfi_def_cfa_offset 32
  20:main.c        ****     CyGlobalIntEnable; /* Enable global interrupts. */
  50              		.loc 1 20 0
  51              		.syntax unified
  52              	@ 20 "main.c" 1
  53 0004 62B6     		CPSIE   i
  54              	@ 0 "" 2
  21:main.c        ****     
  22:main.c        ****     // Start up the modules
  23:main.c        ****     PGA_1_Start();
  55              		.loc 1 23 0
  56              		.thumb
  57              		.syntax unified
  58 0006 FFF7FEFF 		bl	PGA_1_Start
  59              	.LVL0:
  24:main.c        ****     LCD_Char_1_Start();
  60              		.loc 1 24 0
  61 000a FFF7FEFF 		bl	LCD_Char_1_Start
  62              	.LVL1:
  25:main.c        ****     SW_Tx_UART_1_Start();
  63              		.loc 1 25 0
  64 000e FFF7FEFF 		bl	SW_Tx_UART_1_Start
  65              	.LVL2:
  26:main.c        ****     VDAC8_1_Start();
  66              		.loc 1 26 0
  67 0012 FFF7FEFF 		bl	VDAC8_1_Start
  68              	.LVL3:
  27:main.c        ****     Opamp_1_Start();
  69              		.loc 1 27 0
  70 0016 FFF7FEFF 		bl	Opamp_1_Start
  71              	.LVL4:
  28:main.c        ****     ADC_DelSig_1_Start();
  72              		.loc 1 28 0
  73 001a FFF7FEFF 		bl	ADC_DelSig_1_Start
  74              	.LVL5:
  29:main.c        ****     
  30:main.c        ****     // Set up LCD Char Display
  31:main.c        ****     LCD_Char_1_IsReady();
  75              		.loc 1 31 0
  76 001e FFF7FEFF 		bl	LCD_Char_1_IsReady
  77              	.LVL6:
  32:main.c        ****     LCD_Char_1_ClearDisplay();
  78              		.loc 1 32 0
  79 0022 0120     		movs	r0, #1
  80 0024 FFF7FEFF 		bl	LCD_Char_1_WriteControl
  81              	.LVL7:
  33:main.c        ****     LCD_Char_1_Position(0,0);
ARM GAS  C:\Users\duver\AppData\Local\Temp\ccEVtbNi.s 			page 3


  82              		.loc 1 33 0
  83 0028 0021     		movs	r1, #0
  84 002a 0846     		mov	r0, r1
  85 002c FFF7FEFF 		bl	LCD_Char_1_Position
  86              	.LVL8:
  34:main.c        ****     LCD_Char_1_PrintString("test");
  87              		.loc 1 34 0
  88 0030 4248     		ldr	r0, .L13
  89 0032 FFF7FEFF 		bl	LCD_Char_1_PrintString
  90              	.LVL9:
  35:main.c        ****     
  36:main.c        ****     // Test the UART
  37:main.c        ****     SW_Tx_UART_1_PutString("is there anybody out there");
  91              		.loc 1 37 0
  92 0036 4248     		ldr	r0, .L13+4
  93 0038 FFF7FEFF 		bl	SW_Tx_UART_1_PutString
  94              	.LVL10:
  38:main.c        ****     SW_Tx_UART_1_PutCRLF();
  95              		.loc 1 38 0
  96 003c FFF7FEFF 		bl	SW_Tx_UART_1_PutCRLF
  97              	.LVL11:
  39:main.c        ****     CyDelay(1000);
  98              		.loc 1 39 0
  99 0040 4FF47A70 		mov	r0, #1000
 100 0044 FFF7FEFF 		bl	CyDelay
 101              	.LVL12:
  40:main.c        **** 
  41:main.c        ****     // Set fixed value for DAC value = input to ADC terminal
  42:main.c        ****     // Note in practice this should be zero'd out on use
  43:main.c        ****     VDAC8_1_SetValue(dac_val);
 102              		.loc 1 43 0
 103 0048 3E4B     		ldr	r3, .L13+8
 104 004a 1878     		ldrb	r0, [r3]	@ zero_extendqisi2
 105 004c FFF7FEFF 		bl	VDAC8_1_SetValue
 106              	.LVL13:
 107              	.L2:
  44:main.c        ****     
  45:main.c        ****     for(;;)
  46:main.c        ****     {
  47:main.c        ****         CyDelay(1);
 108              		.loc 1 47 0
 109 0050 0120     		movs	r0, #1
 110 0052 FFF7FEFF 		bl	CyDelay
 111              	.LVL14:
  48:main.c        ****         loop_counter += 1;
 112              		.loc 1 48 0
 113 0056 3C4A     		ldr	r2, .L13+12
 114 0058 1368     		ldr	r3, [r2]
 115 005a 0133     		adds	r3, r3, #1
 116 005c 1360     		str	r3, [r2]
  49:main.c        ****         // every 100000 loops
  50:main.c        ****         if (loop_counter > 300) {
 117              		.loc 1 50 0
 118 005e B3F5967F 		cmp	r3, #300
 119 0062 F5DD     		ble	.L2
 120              	.LBB2:
  51:main.c        ****             // Convert value of Delta Sigma ADC
ARM GAS  C:\Users\duver\AppData\Local\Temp\ccEVtbNi.s 			page 4


  52:main.c        ****             ADC_DelSig_1_StartConvert();
 121              		.loc 1 52 0
 122 0064 FFF7FEFF 		bl	ADC_DelSig_1_StartConvert
 123              	.LVL15:
  53:main.c        ****             ADC_DelSig_1_IsEndConversion(ADC_DelSig_1_WAIT_FOR_RESULT);
 124              		.loc 1 53 0
 125 0068 0020     		movs	r0, #0
 126 006a FFF7FEFF 		bl	ADC_DelSig_1_IsEndConversion
 127              	.LVL16:
  54:main.c        ****             ADC_result = ADC_DelSig_1_GetResult16();
 128              		.loc 1 54 0
 129 006e FFF7FEFF 		bl	ADC_DelSig_1_GetResult16
 130              	.LVL17:
 131 0072 354C     		ldr	r4, .L13+12
 132 0074 A080     		strh	r0, [r4, #4]	@ movhi
  55:main.c        ****             ADC_mV = ADC_DelSig_1_CountsTo_mVolts(ADC_result);
 133              		.loc 1 55 0
 134 0076 FFF7FEFF 		bl	ADC_DelSig_1_CountsTo_mVolts
 135              	.LVL18:
 136 007a E080     		strh	r0, [r4, #6]	@ movhi
  56:main.c        ****             
  57:main.c        ****             // Calculate mass
  58:main.c        ****             mass = ((double) ADC_mV) / full_scale_mV * capacity;
 137              		.loc 1 58 0
 138 007c FFF7FEFF 		bl	__aeabi_i2d
 139              	.LVL19:
 140 0080 304D     		ldr	r5, .L13+8
 141 0082 D5E90223 		ldrd	r2, [r5, #8]
 142 0086 FFF7FEFF 		bl	__aeabi_ddiv
 143              	.LVL20:
 144 008a D5E90423 		ldrd	r2, [r5, #16]
 145 008e FFF7FEFF 		bl	__aeabi_dmul
 146              	.LVL21:
 147 0092 C4E90201 		strd	r0, [r4, #8]
  59:main.c        ****             
  60:main.c        ****             // Update displays
  61:main.c        ****             SW_Tx_UART_1_PutString("ADC result in mV: ");
 148              		.loc 1 61 0
 149 0096 2D48     		ldr	r0, .L13+16
 150 0098 FFF7FEFF 		bl	SW_Tx_UART_1_PutString
 151              	.LVL22:
  62:main.c        ****             sprintf(displayStr, "%d", ADC_mV);
 152              		.loc 1 62 0
 153 009c 04F11005 		add	r5, r4, #16
 154 00a0 B4F90620 		ldrsh	r2, [r4, #6]
 155 00a4 2A49     		ldr	r1, .L13+20
 156 00a6 2846     		mov	r0, r5
 157 00a8 FFF7FEFF 		bl	sprintf
 158              	.LVL23:
  63:main.c        ****             SW_Tx_UART_1_PutString(displayStr);
 159              		.loc 1 63 0
 160 00ac 2846     		mov	r0, r5
 161 00ae FFF7FEFF 		bl	SW_Tx_UART_1_PutString
 162              	.LVL24:
  64:main.c        ****             //if (mass > 500 || mass < 500) {
  65:main.c        ****                 //SW_Tx_UART_1_PutString("OVERLOAD");
  66:main.c        ****             //} else {
ARM GAS  C:\Users\duver\AppData\Local\Temp\ccEVtbNi.s 			page 5


  67:main.c        ****             
  68:main.c        ****             // Note: below is required because sprintf doesn't seem to work for type float
  69:main.c        ****             char *tmpSign = (mass < 0) ? "" : "-";
 163              		.loc 1 69 0
 164 00b2 A568     		ldr	r5, [r4, #8]
 165 00b4 E468     		ldr	r4, [r4, #12]
 166 00b6 0022     		movs	r2, #0
 167 00b8 0023     		movs	r3, #0
 168 00ba 2846     		mov	r0, r5
 169 00bc 2146     		mov	r1, r4
 170 00be FFF7FEFF 		bl	__aeabi_dcmplt
 171              	.LVL25:
 172 00c2 08B1     		cbz	r0, .L11
 173 00c4 234E     		ldr	r6, .L13+24
 174 00c6 00E0     		b	.L3
 175              	.L11:
 176 00c8 234E     		ldr	r6, .L13+28
 177              	.L3:
 178              	.LVL26:
  70:main.c        ****             float tmpVal = (mass < 0) ? -mass : mass;
 179              		.loc 1 70 0 discriminator 4
 180 00ca 0022     		movs	r2, #0
 181 00cc 0023     		movs	r3, #0
 182 00ce 2846     		mov	r0, r5
 183 00d0 2146     		mov	r1, r4
 184 00d2 FFF7FEFF 		bl	__aeabi_dcmplt
 185              	.LVL27:
 186 00d6 08B1     		cbz	r0, .L5
 187              		.loc 1 70 0 is_stmt 0 discriminator 1
 188 00d8 04F10044 		add	r4, r4, #-2147483648
 189              	.L5:
 190              		.loc 1 70 0 discriminator 4
 191 00dc 2846     		mov	r0, r5
 192 00de 2146     		mov	r1, r4
 193 00e0 FFF7FEFF 		bl	__aeabi_d2f
 194              	.LVL28:
 195 00e4 0446     		mov	r4, r0
 196              	.LVL29:
  71:main.c        **** 
  72:main.c        ****             int tmpInt1 = tmpVal;                  // Get the integer (678).
 197              		.loc 1 72 0 is_stmt 1 discriminator 4
 198 00e6 FFF7FEFF 		bl	__aeabi_f2iz
 199              	.LVL30:
 200 00ea 0746     		mov	r7, r0
 201              	.LVL31:
  73:main.c        ****             float tmpFrac = tmpVal - tmpInt1;      // Get fraction (0.0123).
 202              		.loc 1 73 0 discriminator 4
 203 00ec FFF7FEFF 		bl	__aeabi_i2f
 204              	.LVL32:
 205 00f0 0146     		mov	r1, r0
 206 00f2 2046     		mov	r0, r4
 207 00f4 FFF7FEFF 		bl	__aeabi_fsub
 208              	.LVL33:
  74:main.c        ****             int tmpInt2 = trunc(tmpFrac * 10);  // Turn into integer (123).
 209              		.loc 1 74 0 discriminator 4
 210 00f8 1849     		ldr	r1, .L13+32
 211 00fa FFF7FEFF 		bl	__aeabi_fmul
ARM GAS  C:\Users\duver\AppData\Local\Temp\ccEVtbNi.s 			page 6


 212              	.LVL34:
 213 00fe FFF7FEFF 		bl	__aeabi_f2iz
 214              	.LVL35:
  75:main.c        ****             sprintf (displayStr2, " mass = %s%d.%d g", tmpSign, tmpInt1, tmpInt2);
 215              		.loc 1 75 0 discriminator 4
 216 0102 114D     		ldr	r5, .L13+12
 217 0104 05F11804 		add	r4, r5, #24
 218              	.LVL36:
 219 0108 0090     		str	r0, [sp]
 220 010a 3B46     		mov	r3, r7
 221 010c 3246     		mov	r2, r6
 222 010e 1449     		ldr	r1, .L13+36
 223 0110 2046     		mov	r0, r4
 224              	.LVL37:
 225 0112 FFF7FEFF 		bl	sprintf
 226              	.LVL38:
  76:main.c        ****   
  77:main.c        ****             LCD_Char_1_ClearDisplay();
 227              		.loc 1 77 0 discriminator 4
 228 0116 0120     		movs	r0, #1
 229 0118 FFF7FEFF 		bl	LCD_Char_1_WriteControl
 230              	.LVL39:
  78:main.c        ****             LCD_Char_1_Position(0,0);
 231              		.loc 1 78 0 discriminator 4
 232 011c 0021     		movs	r1, #0
 233 011e 0846     		mov	r0, r1
 234 0120 FFF7FEFF 		bl	LCD_Char_1_Position
 235              	.LVL40:
  79:main.c        ****             LCD_Char_1_PrintString(displayStr2);
 236              		.loc 1 79 0 discriminator 4
 237 0124 2046     		mov	r0, r4
 238 0126 FFF7FEFF 		bl	LCD_Char_1_PrintString
 239              	.LVL41:
  80:main.c        ****             
  81:main.c        ****             SW_Tx_UART_1_PutString(displayStr2);
 240              		.loc 1 81 0 discriminator 4
 241 012a 2046     		mov	r0, r4
 242 012c FFF7FEFF 		bl	SW_Tx_UART_1_PutString
 243              	.LVL42:
  82:main.c        ****             //}
  83:main.c        ****             SW_Tx_UART_1_PutCRLF();
 244              		.loc 1 83 0 discriminator 4
 245 0130 FFF7FEFF 		bl	SW_Tx_UART_1_PutCRLF
 246              	.LVL43:
  84:main.c        ****             loop_counter = 0;
 247              		.loc 1 84 0 discriminator 4
 248 0134 0023     		movs	r3, #0
 249 0136 2B60     		str	r3, [r5]
 250 0138 8AE7     		b	.L2
 251              	.L14:
 252 013a 00BF     		.align	2
 253              	.L13:
 254 013c 08000000 		.word	.LC2
 255 0140 10000000 		.word	.LC3
 256 0144 00000000 		.word	.LANCHOR0
 257 0148 00000000 		.word	.LANCHOR1
 258 014c 2C000000 		.word	.LC4
ARM GAS  C:\Users\duver\AppData\Local\Temp\ccEVtbNi.s 			page 7


 259 0150 40000000 		.word	.LC5
 260 0154 00000000 		.word	.LC0
 261 0158 04000000 		.word	.LC1
 262 015c 00002041 		.word	1092616192
 263 0160 44000000 		.word	.LC6
 264              	.LBE2:
 265              		.cfi_endproc
 266              	.LFE64:
 267              		.size	main, .-main
 268              		.global	capacity
 269              		.global	full_scale_mV
 270              		.global	mass
 271              		.global	ADC_mV
 272              		.global	ADC_result
 273              		.global	dac_val
 274              		.global	displayStr2
 275              		.global	displayStr
 276              		.global	loop_counter
 277              		.data
 278              		.align	3
 279              		.set	.LANCHOR0,. + 0
 280              		.type	dac_val, %object
 281              		.size	dac_val, 1
 282              	dac_val:
 283 0000 19       		.byte	25
 284 0001 00000000 		.space	7
 284      000000
 285              		.type	full_scale_mV, %object
 286              		.size	full_scale_mV, 8
 287              	full_scale_mV:
 288 0008 00000000 		.word	0
 289 000c 00E06540 		.word	1080418304
 290              		.type	capacity, %object
 291              		.size	capacity, 8
 292              	capacity:
 293 0010 00000000 		.word	0
 294 0014 00407F40 		.word	1082081280
 295              		.section	.rodata.str1.4,"aMS",%progbits,1
 296              		.align	2
 297              	.LC0:
 298 0000 00       		.ascii	"\000"
 299 0001 000000   		.space	3
 300              	.LC1:
 301 0004 2D00     		.ascii	"-\000"
 302 0006 0000     		.space	2
 303              	.LC2:
 304 0008 74657374 		.ascii	"test\000"
 304      00
 305 000d 000000   		.space	3
 306              	.LC3:
 307 0010 69732074 		.ascii	"is there anybody out there\000"
 307      68657265 
 307      20616E79 
 307      626F6479 
 307      206F7574 
 308 002b 00       		.space	1
 309              	.LC4:
ARM GAS  C:\Users\duver\AppData\Local\Temp\ccEVtbNi.s 			page 8


 310 002c 41444320 		.ascii	"ADC result in mV: \000"
 310      72657375 
 310      6C742069 
 310      6E206D56 
 310      3A2000
 311 003f 00       		.space	1
 312              	.LC5:
 313 0040 256400   		.ascii	"%d\000"
 314 0043 00       		.space	1
 315              	.LC6:
 316 0044 206D6173 		.ascii	" mass = %s%d.%d g\000"
 316      73203D20 
 316      25732564 
 316      2E256420 
 316      6700
 317              		.bss
 318              		.align	3
 319              		.set	.LANCHOR1,. + 0
 320              		.type	loop_counter, %object
 321              		.size	loop_counter, 4
 322              	loop_counter:
 323 0000 00000000 		.space	4
 324              		.type	ADC_result, %object
 325              		.size	ADC_result, 2
 326              	ADC_result:
 327 0004 0000     		.space	2
 328              		.type	ADC_mV, %object
 329              		.size	ADC_mV, 2
 330              	ADC_mV:
 331 0006 0000     		.space	2
 332              		.type	mass, %object
 333              		.size	mass, 8
 334              	mass:
 335 0008 00000000 		.space	8
 335      00000000 
 336              		.type	displayStr, %object
 337              		.size	displayStr, 6
 338              	displayStr:
 339 0010 00000000 		.space	6
 339      0000
 340 0016 0000     		.space	2
 341              		.type	displayStr2, %object
 342              		.size	displayStr2, 6
 343              	displayStr2:
 344 0018 00000000 		.space	6
 344      0000
 345              		.text
 346              	.Letext0:
 347              		.file 2 "c:\\program files (x86)\\cypress\\psoc creator\\4.3\\psoc creator\\import\\gnu\\arm\\5.4.
 348              		.file 3 "c:\\program files (x86)\\cypress\\psoc creator\\4.3\\psoc creator\\import\\gnu\\arm\\5.4.
 349              		.file 4 "Generated_Source\\PSoC5/cytypes.h"
 350              		.file 5 "Generated_Source\\PSoC5/core_cm3.h"
 351              		.file 6 "Generated_Source\\PSoC5/ADC_DelSig_1.h"
 352              		.file 7 "Generated_Source\\PSoC5/SW_Tx_UART_1.h"
 353              		.file 8 "c:\\program files (x86)\\cypress\\psoc creator\\4.3\\psoc creator\\import\\gnu\\arm\\5.4.
 354              		.file 9 "Generated_Source\\PSoC5/LCD_Char_1.h"
 355              		.file 10 "Generated_Source\\PSoC5/PGA_1.h"
ARM GAS  C:\Users\duver\AppData\Local\Temp\ccEVtbNi.s 			page 9


 356              		.file 11 "Generated_Source\\PSoC5/VDAC8_1.h"
 357              		.file 12 "Generated_Source\\PSoC5/Opamp_1.h"
 358              		.file 13 "Generated_Source\\PSoC5/CyLib.h"
 359              		.section	.debug_info,"",%progbits
 360              	.Ldebug_info0:
 361 0000 84040000 		.4byte	0x484
 362 0004 0400     		.2byte	0x4
 363 0006 00000000 		.4byte	.Ldebug_abbrev0
 364 000a 04       		.byte	0x4
 365 000b 01       		.uleb128 0x1
 366 000c 3F010000 		.4byte	.LASF52
 367 0010 0C       		.byte	0xc
 368 0011 2B030000 		.4byte	.LASF53
 369 0015 B7000000 		.4byte	.LASF54
 370 0019 00000000 		.4byte	.Ldebug_ranges0+0
 371 001d 00000000 		.4byte	0
 372 0021 00000000 		.4byte	.Ldebug_line0
 373 0025 02       		.uleb128 0x2
 374 0026 01       		.byte	0x1
 375 0027 06       		.byte	0x6
 376 0028 B5030000 		.4byte	.LASF0
 377 002c 02       		.uleb128 0x2
 378 002d 01       		.byte	0x1
 379 002e 08       		.byte	0x8
 380 002f 2A020000 		.4byte	.LASF1
 381 0033 02       		.uleb128 0x2
 382 0034 02       		.byte	0x2
 383 0035 05       		.byte	0x5
 384 0036 4D020000 		.4byte	.LASF2
 385 003a 02       		.uleb128 0x2
 386 003b 02       		.byte	0x2
 387 003c 07       		.byte	0x7
 388 003d EC010000 		.4byte	.LASF3
 389 0041 03       		.uleb128 0x3
 390 0042 4C000000 		.4byte	.LASF9
 391 0046 02       		.byte	0x2
 392 0047 3F       		.byte	0x3f
 393 0048 4C000000 		.4byte	0x4c
 394 004c 02       		.uleb128 0x2
 395 004d 04       		.byte	0x4
 396 004e 05       		.byte	0x5
 397 004f 75030000 		.4byte	.LASF4
 398 0053 02       		.uleb128 0x2
 399 0054 04       		.byte	0x4
 400 0055 07       		.byte	0x7
 401 0056 D3010000 		.4byte	.LASF5
 402 005a 02       		.uleb128 0x2
 403 005b 08       		.byte	0x8
 404 005c 05       		.byte	0x5
 405 005d 1D030000 		.4byte	.LASF6
 406 0061 02       		.uleb128 0x2
 407 0062 08       		.byte	0x8
 408 0063 07       		.byte	0x7
 409 0064 DE020000 		.4byte	.LASF7
 410 0068 04       		.uleb128 0x4
 411 0069 04       		.byte	0x4
 412 006a 05       		.byte	0x5
ARM GAS  C:\Users\duver\AppData\Local\Temp\ccEVtbNi.s 			page 10


 413 006b 696E7400 		.ascii	"int\000"
 414 006f 02       		.uleb128 0x2
 415 0070 04       		.byte	0x4
 416 0071 07       		.byte	0x7
 417 0072 9D020000 		.4byte	.LASF8
 418 0076 03       		.uleb128 0x3
 419 0077 8A000000 		.4byte	.LASF10
 420 007b 03       		.byte	0x3
 421 007c 2C       		.byte	0x2c
 422 007d 41000000 		.4byte	0x41
 423 0081 05       		.uleb128 0x5
 424 0082 79000000 		.4byte	.LASF11
 425 0086 04       		.byte	0x4
 426 0087 E401     		.2byte	0x1e4
 427 0089 2C000000 		.4byte	0x2c
 428 008d 05       		.uleb128 0x5
 429 008e CD010000 		.4byte	.LASF12
 430 0092 04       		.byte	0x4
 431 0093 E801     		.2byte	0x1e8
 432 0095 33000000 		.4byte	0x33
 433 0099 02       		.uleb128 0x2
 434 009a 04       		.byte	0x4
 435 009b 04       		.byte	0x4
 436 009c 9E000000 		.4byte	.LASF13
 437 00a0 02       		.uleb128 0x2
 438 00a1 08       		.byte	0x8
 439 00a2 04       		.byte	0x4
 440 00a3 46020000 		.4byte	.LASF14
 441 00a7 02       		.uleb128 0x2
 442 00a8 01       		.byte	0x1
 443 00a9 08       		.byte	0x8
 444 00aa 32030000 		.4byte	.LASF15
 445 00ae 02       		.uleb128 0x2
 446 00af 08       		.byte	0x8
 447 00b0 04       		.byte	0x4
 448 00b1 A9030000 		.4byte	.LASF16
 449 00b5 02       		.uleb128 0x2
 450 00b6 04       		.byte	0x4
 451 00b7 07       		.byte	0x7
 452 00b8 14030000 		.4byte	.LASF17
 453 00bc 06       		.uleb128 0x6
 454 00bd 04       		.byte	0x4
 455 00be A7000000 		.4byte	0xa7
 456 00c2 07       		.uleb128 0x7
 457 00c3 6C020000 		.4byte	.LASF55
 458 00c7 01       		.byte	0x1
 459 00c8 12       		.byte	0x12
 460 00c9 68000000 		.4byte	0x68
 461 00cd 00000000 		.4byte	.LFB64
 462 00d1 64010000 		.4byte	.LFE64-.LFB64
 463 00d5 01       		.uleb128 0x1
 464 00d6 9C       		.byte	0x9c
 465 00d7 FC020000 		.4byte	0x2fc
 466 00db 08       		.uleb128 0x8
 467 00dc 64000000 		.4byte	.LBB2
 468 00e0 00010000 		.4byte	.LBE2-.LBB2
 469 00e4 2D020000 		.4byte	0x22d
ARM GAS  C:\Users\duver\AppData\Local\Temp\ccEVtbNi.s 			page 11


 470 00e8 09       		.uleb128 0x9
 471 00e9 22020000 		.4byte	.LASF18
 472 00ed 01       		.byte	0x1
 473 00ee 45       		.byte	0x45
 474 00ef BC000000 		.4byte	0xbc
 475 00f3 01       		.uleb128 0x1
 476 00f4 56       		.byte	0x56
 477 00f5 0A       		.uleb128 0xa
 478 00f6 25000000 		.4byte	.LASF19
 479 00fa 01       		.byte	0x1
 480 00fb 46       		.byte	0x46
 481 00fc 99000000 		.4byte	0x99
 482 0100 00000000 		.4byte	.LLST0
 483 0104 0A       		.uleb128 0xa
 484 0105 12020000 		.4byte	.LASF20
 485 0109 01       		.byte	0x1
 486 010a 48       		.byte	0x48
 487 010b 68000000 		.4byte	0x68
 488 010f 1E000000 		.4byte	.LLST1
 489 0113 0A       		.uleb128 0xa
 490 0114 57020000 		.4byte	.LASF21
 491 0118 01       		.byte	0x1
 492 0119 49       		.byte	0x49
 493 011a 99000000 		.4byte	0x99
 494 011e 3C000000 		.4byte	.LLST2
 495 0122 0A       		.uleb128 0xa
 496 0123 1A020000 		.4byte	.LASF22
 497 0127 01       		.byte	0x1
 498 0128 4A       		.byte	0x4a
 499 0129 68000000 		.4byte	0x68
 500 012d 4F000000 		.4byte	.LLST3
 501 0131 0B       		.uleb128 0xb
 502 0132 68000000 		.4byte	.LVL15
 503 0136 B6030000 		.4byte	0x3b6
 504 013a 0C       		.uleb128 0xc
 505 013b 6E000000 		.4byte	.LVL16
 506 013f C1030000 		.4byte	0x3c1
 507 0143 4D010000 		.4byte	0x14d
 508 0147 0D       		.uleb128 0xd
 509 0148 01       		.uleb128 0x1
 510 0149 50       		.byte	0x50
 511 014a 01       		.uleb128 0x1
 512 014b 30       		.byte	0x30
 513 014c 00       		.byte	0
 514 014d 0B       		.uleb128 0xb
 515 014e 72000000 		.4byte	.LVL17
 516 0152 CC030000 		.4byte	0x3cc
 517 0156 0B       		.uleb128 0xb
 518 0157 7A000000 		.4byte	.LVL18
 519 015b D7030000 		.4byte	0x3d7
 520 015f 0C       		.uleb128 0xc
 521 0160 9C000000 		.4byte	.LVL22
 522 0164 E2030000 		.4byte	0x3e2
 523 0168 76010000 		.4byte	0x176
 524 016c 0D       		.uleb128 0xd
 525 016d 01       		.uleb128 0x1
 526 016e 50       		.byte	0x50
ARM GAS  C:\Users\duver\AppData\Local\Temp\ccEVtbNi.s 			page 12


 527 016f 05       		.uleb128 0x5
 528 0170 03       		.byte	0x3
 529 0171 2C000000 		.4byte	.LC4
 530 0175 00       		.byte	0
 531 0176 0C       		.uleb128 0xc
 532 0177 AC000000 		.4byte	.LVL23
 533 017b ED030000 		.4byte	0x3ed
 534 017f 93010000 		.4byte	0x193
 535 0183 0D       		.uleb128 0xd
 536 0184 01       		.uleb128 0x1
 537 0185 50       		.byte	0x50
 538 0186 02       		.uleb128 0x2
 539 0187 75       		.byte	0x75
 540 0188 00       		.sleb128 0
 541 0189 0D       		.uleb128 0xd
 542 018a 01       		.uleb128 0x1
 543 018b 51       		.byte	0x51
 544 018c 05       		.uleb128 0x5
 545 018d 03       		.byte	0x3
 546 018e 40000000 		.4byte	.LC5
 547 0192 00       		.byte	0
 548 0193 0C       		.uleb128 0xc
 549 0194 B2000000 		.4byte	.LVL24
 550 0198 E2030000 		.4byte	0x3e2
 551 019c A7010000 		.4byte	0x1a7
 552 01a0 0D       		.uleb128 0xd
 553 01a1 01       		.uleb128 0x1
 554 01a2 50       		.byte	0x50
 555 01a3 02       		.uleb128 0x2
 556 01a4 75       		.byte	0x75
 557 01a5 00       		.sleb128 0
 558 01a6 00       		.byte	0
 559 01a7 0C       		.uleb128 0xc
 560 01a8 16010000 		.4byte	.LVL38
 561 01ac ED030000 		.4byte	0x3ed
 562 01b0 D0010000 		.4byte	0x1d0
 563 01b4 0D       		.uleb128 0xd
 564 01b5 01       		.uleb128 0x1
 565 01b6 50       		.byte	0x50
 566 01b7 02       		.uleb128 0x2
 567 01b8 74       		.byte	0x74
 568 01b9 00       		.sleb128 0
 569 01ba 0D       		.uleb128 0xd
 570 01bb 01       		.uleb128 0x1
 571 01bc 51       		.byte	0x51
 572 01bd 05       		.uleb128 0x5
 573 01be 03       		.byte	0x3
 574 01bf 44000000 		.4byte	.LC6
 575 01c3 0D       		.uleb128 0xd
 576 01c4 01       		.uleb128 0x1
 577 01c5 52       		.byte	0x52
 578 01c6 02       		.uleb128 0x2
 579 01c7 76       		.byte	0x76
 580 01c8 00       		.sleb128 0
 581 01c9 0D       		.uleb128 0xd
 582 01ca 01       		.uleb128 0x1
 583 01cb 53       		.byte	0x53
ARM GAS  C:\Users\duver\AppData\Local\Temp\ccEVtbNi.s 			page 13


 584 01cc 02       		.uleb128 0x2
 585 01cd 77       		.byte	0x77
 586 01ce 00       		.sleb128 0
 587 01cf 00       		.byte	0
 588 01d0 0C       		.uleb128 0xc
 589 01d1 1C010000 		.4byte	.LVL39
 590 01d5 F8030000 		.4byte	0x3f8
 591 01d9 E3010000 		.4byte	0x1e3
 592 01dd 0D       		.uleb128 0xd
 593 01de 01       		.uleb128 0x1
 594 01df 50       		.byte	0x50
 595 01e0 01       		.uleb128 0x1
 596 01e1 31       		.byte	0x31
 597 01e2 00       		.byte	0
 598 01e3 0C       		.uleb128 0xc
 599 01e4 24010000 		.4byte	.LVL40
 600 01e8 03040000 		.4byte	0x403
 601 01ec FB010000 		.4byte	0x1fb
 602 01f0 0D       		.uleb128 0xd
 603 01f1 01       		.uleb128 0x1
 604 01f2 50       		.byte	0x50
 605 01f3 01       		.uleb128 0x1
 606 01f4 30       		.byte	0x30
 607 01f5 0D       		.uleb128 0xd
 608 01f6 01       		.uleb128 0x1
 609 01f7 51       		.byte	0x51
 610 01f8 01       		.uleb128 0x1
 611 01f9 30       		.byte	0x30
 612 01fa 00       		.byte	0
 613 01fb 0C       		.uleb128 0xc
 614 01fc 2A010000 		.4byte	.LVL41
 615 0200 0E040000 		.4byte	0x40e
 616 0204 0F020000 		.4byte	0x20f
 617 0208 0D       		.uleb128 0xd
 618 0209 01       		.uleb128 0x1
 619 020a 50       		.byte	0x50
 620 020b 02       		.uleb128 0x2
 621 020c 74       		.byte	0x74
 622 020d 00       		.sleb128 0
 623 020e 00       		.byte	0
 624 020f 0C       		.uleb128 0xc
 625 0210 30010000 		.4byte	.LVL42
 626 0214 E2030000 		.4byte	0x3e2
 627 0218 23020000 		.4byte	0x223
 628 021c 0D       		.uleb128 0xd
 629 021d 01       		.uleb128 0x1
 630 021e 50       		.byte	0x50
 631 021f 02       		.uleb128 0x2
 632 0220 74       		.byte	0x74
 633 0221 00       		.sleb128 0
 634 0222 00       		.byte	0
 635 0223 0B       		.uleb128 0xb
 636 0224 34010000 		.4byte	.LVL43
 637 0228 19040000 		.4byte	0x419
 638 022c 00       		.byte	0
 639 022d 0B       		.uleb128 0xb
 640 022e 0A000000 		.4byte	.LVL0
ARM GAS  C:\Users\duver\AppData\Local\Temp\ccEVtbNi.s 			page 14


 641 0232 24040000 		.4byte	0x424
 642 0236 0B       		.uleb128 0xb
 643 0237 0E000000 		.4byte	.LVL1
 644 023b 2F040000 		.4byte	0x42f
 645 023f 0B       		.uleb128 0xb
 646 0240 12000000 		.4byte	.LVL2
 647 0244 3A040000 		.4byte	0x43a
 648 0248 0B       		.uleb128 0xb
 649 0249 16000000 		.4byte	.LVL3
 650 024d 45040000 		.4byte	0x445
 651 0251 0B       		.uleb128 0xb
 652 0252 1A000000 		.4byte	.LVL4
 653 0256 50040000 		.4byte	0x450
 654 025a 0B       		.uleb128 0xb
 655 025b 1E000000 		.4byte	.LVL5
 656 025f 5B040000 		.4byte	0x45b
 657 0263 0B       		.uleb128 0xb
 658 0264 22000000 		.4byte	.LVL6
 659 0268 66040000 		.4byte	0x466
 660 026c 0C       		.uleb128 0xc
 661 026d 28000000 		.4byte	.LVL7
 662 0271 F8030000 		.4byte	0x3f8
 663 0275 7F020000 		.4byte	0x27f
 664 0279 0D       		.uleb128 0xd
 665 027a 01       		.uleb128 0x1
 666 027b 50       		.byte	0x50
 667 027c 01       		.uleb128 0x1
 668 027d 31       		.byte	0x31
 669 027e 00       		.byte	0
 670 027f 0C       		.uleb128 0xc
 671 0280 30000000 		.4byte	.LVL8
 672 0284 03040000 		.4byte	0x403
 673 0288 97020000 		.4byte	0x297
 674 028c 0D       		.uleb128 0xd
 675 028d 01       		.uleb128 0x1
 676 028e 50       		.byte	0x50
 677 028f 01       		.uleb128 0x1
 678 0290 30       		.byte	0x30
 679 0291 0D       		.uleb128 0xd
 680 0292 01       		.uleb128 0x1
 681 0293 51       		.byte	0x51
 682 0294 01       		.uleb128 0x1
 683 0295 30       		.byte	0x30
 684 0296 00       		.byte	0
 685 0297 0C       		.uleb128 0xc
 686 0298 36000000 		.4byte	.LVL9
 687 029c 0E040000 		.4byte	0x40e
 688 02a0 AE020000 		.4byte	0x2ae
 689 02a4 0D       		.uleb128 0xd
 690 02a5 01       		.uleb128 0x1
 691 02a6 50       		.byte	0x50
 692 02a7 05       		.uleb128 0x5
 693 02a8 03       		.byte	0x3
 694 02a9 08000000 		.4byte	.LC2
 695 02ad 00       		.byte	0
 696 02ae 0C       		.uleb128 0xc
 697 02af 3C000000 		.4byte	.LVL10
ARM GAS  C:\Users\duver\AppData\Local\Temp\ccEVtbNi.s 			page 15


 698 02b3 E2030000 		.4byte	0x3e2
 699 02b7 C5020000 		.4byte	0x2c5
 700 02bb 0D       		.uleb128 0xd
 701 02bc 01       		.uleb128 0x1
 702 02bd 50       		.byte	0x50
 703 02be 05       		.uleb128 0x5
 704 02bf 03       		.byte	0x3
 705 02c0 10000000 		.4byte	.LC3
 706 02c4 00       		.byte	0
 707 02c5 0B       		.uleb128 0xb
 708 02c6 40000000 		.4byte	.LVL11
 709 02ca 19040000 		.4byte	0x419
 710 02ce 0C       		.uleb128 0xc
 711 02cf 48000000 		.4byte	.LVL12
 712 02d3 71040000 		.4byte	0x471
 713 02d7 E3020000 		.4byte	0x2e3
 714 02db 0D       		.uleb128 0xd
 715 02dc 01       		.uleb128 0x1
 716 02dd 50       		.byte	0x50
 717 02de 03       		.uleb128 0x3
 718 02df 0A       		.byte	0xa
 719 02e0 E803     		.2byte	0x3e8
 720 02e2 00       		.byte	0
 721 02e3 0B       		.uleb128 0xb
 722 02e4 50000000 		.4byte	.LVL13
 723 02e8 7C040000 		.4byte	0x47c
 724 02ec 0E       		.uleb128 0xe
 725 02ed 56000000 		.4byte	.LVL14
 726 02f1 71040000 		.4byte	0x471
 727 02f5 0D       		.uleb128 0xd
 728 02f6 01       		.uleb128 0x1
 729 02f7 50       		.byte	0x50
 730 02f8 01       		.uleb128 0x1
 731 02f9 31       		.byte	0x31
 732 02fa 00       		.byte	0
 733 02fb 00       		.byte	0
 734 02fc 0F       		.uleb128 0xf
 735 02fd 5F020000 		.4byte	.LASF23
 736 0301 05       		.byte	0x5
 737 0302 1207     		.2byte	0x712
 738 0304 08030000 		.4byte	0x308
 739 0308 10       		.uleb128 0x10
 740 0309 76000000 		.4byte	0x76
 741 030d 11       		.uleb128 0x11
 742 030e 00000000 		.4byte	.LASF24
 743 0312 01       		.byte	0x1
 744 0313 06       		.byte	0x6
 745 0314 68000000 		.4byte	0x68
 746 0318 05       		.uleb128 0x5
 747 0319 03       		.byte	0x3
 748 031a 00000000 		.4byte	loop_counter
 749 031e 12       		.uleb128 0x12
 750 031f A7000000 		.4byte	0xa7
 751 0323 2E030000 		.4byte	0x32e
 752 0327 13       		.uleb128 0x13
 753 0328 B5000000 		.4byte	0xb5
 754 032c 05       		.byte	0x5
ARM GAS  C:\Users\duver\AppData\Local\Temp\ccEVtbNi.s 			page 16


 755 032d 00       		.byte	0
 756 032e 11       		.uleb128 0x11
 757 032f 7F000000 		.4byte	.LASF25
 758 0333 01       		.byte	0x1
 759 0334 07       		.byte	0x7
 760 0335 1E030000 		.4byte	0x31e
 761 0339 05       		.uleb128 0x5
 762 033a 03       		.byte	0x3
 763 033b 00000000 		.4byte	displayStr
 764 033f 11       		.uleb128 0x11
 765 0340 92000000 		.4byte	.LASF26
 766 0344 01       		.byte	0x1
 767 0345 08       		.byte	0x8
 768 0346 1E030000 		.4byte	0x31e
 769 034a 05       		.uleb128 0x5
 770 034b 03       		.byte	0x3
 771 034c 00000000 		.4byte	displayStr2
 772 0350 11       		.uleb128 0x11
 773 0351 6D030000 		.4byte	.LASF27
 774 0355 01       		.byte	0x1
 775 0356 0A       		.byte	0xa
 776 0357 81000000 		.4byte	0x81
 777 035b 05       		.uleb128 0x5
 778 035c 03       		.byte	0x3
 779 035d 00000000 		.4byte	dac_val
 780 0361 11       		.uleb128 0x11
 781 0362 35000000 		.4byte	.LASF28
 782 0366 01       		.byte	0x1
 783 0367 0B       		.byte	0xb
 784 0368 8D000000 		.4byte	0x8d
 785 036c 05       		.uleb128 0x5
 786 036d 03       		.byte	0x3
 787 036e 00000000 		.4byte	ADC_result
 788 0372 11       		.uleb128 0x11
 789 0373 E5010000 		.4byte	.LASF29
 790 0377 01       		.byte	0x1
 791 0378 0C       		.byte	0xc
 792 0379 8D000000 		.4byte	0x8d
 793 037d 05       		.uleb128 0x5
 794 037e 03       		.byte	0x3
 795 037f 00000000 		.4byte	ADC_mV
 796 0383 11       		.uleb128 0x11
 797 0384 4B030000 		.4byte	.LASF30
 798 0388 01       		.byte	0x1
 799 0389 0E       		.byte	0xe
 800 038a A0000000 		.4byte	0xa0
 801 038e 05       		.uleb128 0x5
 802 038f 03       		.byte	0x3
 803 0390 00000000 		.4byte	mass
 804 0394 11       		.uleb128 0x11
 805 0395 06030000 		.4byte	.LASF31
 806 0399 01       		.byte	0x1
 807 039a 0F       		.byte	0xf
 808 039b A0000000 		.4byte	0xa0
 809 039f 05       		.uleb128 0x5
 810 03a0 03       		.byte	0x3
 811 03a1 00000000 		.4byte	full_scale_mV
ARM GAS  C:\Users\duver\AppData\Local\Temp\ccEVtbNi.s 			page 17


 812 03a5 11       		.uleb128 0x11
 813 03a6 2C000000 		.4byte	.LASF32
 814 03aa 01       		.byte	0x1
 815 03ab 10       		.byte	0x10
 816 03ac A0000000 		.4byte	0xa0
 817 03b0 05       		.uleb128 0x5
 818 03b1 03       		.byte	0x3
 819 03b2 00000000 		.4byte	capacity
 820 03b6 14       		.uleb128 0x14
 821 03b7 7E030000 		.4byte	.LASF33
 822 03bb 7E030000 		.4byte	.LASF33
 823 03bf 06       		.byte	0x6
 824 03c0 3D       		.byte	0x3d
 825 03c1 14       		.uleb128 0x14
 826 03c2 50030000 		.4byte	.LASF34
 827 03c6 50030000 		.4byte	.LASF34
 828 03ca 06       		.byte	0x6
 829 03cb 3F       		.byte	0x3f
 830 03cc 14       		.uleb128 0x14
 831 03cd 71020000 		.4byte	.LASF35
 832 03d1 71020000 		.4byte	.LASF35
 833 03d5 06       		.byte	0x6
 834 03d6 41       		.byte	0x41
 835 03d7 14       		.uleb128 0x14
 836 03d8 C1020000 		.4byte	.LASF36
 837 03dc C1020000 		.4byte	.LASF36
 838 03e0 06       		.byte	0x6
 839 03e1 47       		.byte	0x47
 840 03e2 14       		.uleb128 0x14
 841 03e3 AA020000 		.4byte	.LASF37
 842 03e7 AA020000 		.4byte	.LASF37
 843 03eb 07       		.byte	0x7
 844 03ec 26       		.byte	0x26
 845 03ed 14       		.uleb128 0x14
 846 03ee C1030000 		.4byte	.LASF38
 847 03f2 C1030000 		.4byte	.LASF38
 848 03f6 08       		.byte	0x8
 849 03f7 E7       		.byte	0xe7
 850 03f8 14       		.uleb128 0x14
 851 03f9 0D000000 		.4byte	.LASF39
 852 03fd 0D000000 		.4byte	.LASF39
 853 0401 09       		.byte	0x9
 854 0402 3A       		.byte	0x3a
 855 0403 14       		.uleb128 0x14
 856 0404 37030000 		.4byte	.LASF40
 857 0408 37030000 		.4byte	.LASF40
 858 040c 09       		.byte	0x9
 859 040d 3D       		.byte	0x3d
 860 040e 14       		.uleb128 0x14
 861 040f 28010000 		.4byte	.LASF41
 862 0413 28010000 		.4byte	.LASF41
 863 0417 09       		.byte	0x9
 864 0418 3C       		.byte	0x3c
 865 0419 14       		.uleb128 0x14
 866 041a 64000000 		.4byte	.LASF42
 867 041e 64000000 		.4byte	.LASF42
 868 0422 07       		.byte	0x7
ARM GAS  C:\Users\duver\AppData\Local\Temp\ccEVtbNi.s 			page 18


 869 0423 2A       		.byte	0x2a
 870 0424 14       		.uleb128 0x14
 871 0425 40000000 		.4byte	.LASF43
 872 0429 40000000 		.4byte	.LASF43
 873 042d 0A       		.byte	0xa
 874 042e 3E       		.byte	0x3e
 875 042f 14       		.uleb128 0x14
 876 0430 98030000 		.4byte	.LASF44
 877 0434 98030000 		.4byte	.LASF44
 878 0438 09       		.byte	0x9
 879 0439 38       		.byte	0x38
 880 043a 14       		.uleb128 0x14
 881 043b A4000000 		.4byte	.LASF45
 882 043f A4000000 		.4byte	.LASF45
 883 0443 07       		.byte	0x7
 884 0444 1F       		.byte	0x1f
 885 0445 14       		.uleb128 0x14
 886 0446 38020000 		.4byte	.LASF46
 887 044a 38020000 		.4byte	.LASF46
 888 044e 0B       		.byte	0xb
 889 044f 33       		.byte	0x33
 890 0450 14       		.uleb128 0x14
 891 0451 56000000 		.4byte	.LASF47
 892 0455 56000000 		.4byte	.LASF47
 893 0459 0C       		.byte	0xc
 894 045a 33       		.byte	0x33
 895 045b 14       		.uleb128 0x14
 896 045c 8A020000 		.4byte	.LASF48
 897 0460 8A020000 		.4byte	.LASF48
 898 0464 06       		.byte	0x6
 899 0465 3A       		.byte	0x3a
 900 0466 14       		.uleb128 0x14
 901 0467 FF010000 		.4byte	.LASF49
 902 046b FF010000 		.4byte	.LASF49
 903 046f 09       		.byte	0x9
 904 0470 3F       		.byte	0x3f
 905 0471 14       		.uleb128 0x14
 906 0472 C9030000 		.4byte	.LASF50
 907 0476 C9030000 		.4byte	.LASF50
 908 047a 0D       		.byte	0xd
 909 047b 76       		.byte	0x76
 910 047c 14       		.uleb128 0x14
 911 047d F5020000 		.4byte	.LASF51
 912 0481 F5020000 		.4byte	.LASF51
 913 0485 0B       		.byte	0xb
 914 0486 37       		.byte	0x37
 915 0487 00       		.byte	0
 916              		.section	.debug_abbrev,"",%progbits
 917              	.Ldebug_abbrev0:
 918 0000 01       		.uleb128 0x1
 919 0001 11       		.uleb128 0x11
 920 0002 01       		.byte	0x1
 921 0003 25       		.uleb128 0x25
 922 0004 0E       		.uleb128 0xe
 923 0005 13       		.uleb128 0x13
 924 0006 0B       		.uleb128 0xb
 925 0007 03       		.uleb128 0x3
ARM GAS  C:\Users\duver\AppData\Local\Temp\ccEVtbNi.s 			page 19


 926 0008 0E       		.uleb128 0xe
 927 0009 1B       		.uleb128 0x1b
 928 000a 0E       		.uleb128 0xe
 929 000b 55       		.uleb128 0x55
 930 000c 17       		.uleb128 0x17
 931 000d 11       		.uleb128 0x11
 932 000e 01       		.uleb128 0x1
 933 000f 10       		.uleb128 0x10
 934 0010 17       		.uleb128 0x17
 935 0011 00       		.byte	0
 936 0012 00       		.byte	0
 937 0013 02       		.uleb128 0x2
 938 0014 24       		.uleb128 0x24
 939 0015 00       		.byte	0
 940 0016 0B       		.uleb128 0xb
 941 0017 0B       		.uleb128 0xb
 942 0018 3E       		.uleb128 0x3e
 943 0019 0B       		.uleb128 0xb
 944 001a 03       		.uleb128 0x3
 945 001b 0E       		.uleb128 0xe
 946 001c 00       		.byte	0
 947 001d 00       		.byte	0
 948 001e 03       		.uleb128 0x3
 949 001f 16       		.uleb128 0x16
 950 0020 00       		.byte	0
 951 0021 03       		.uleb128 0x3
 952 0022 0E       		.uleb128 0xe
 953 0023 3A       		.uleb128 0x3a
 954 0024 0B       		.uleb128 0xb
 955 0025 3B       		.uleb128 0x3b
 956 0026 0B       		.uleb128 0xb
 957 0027 49       		.uleb128 0x49
 958 0028 13       		.uleb128 0x13
 959 0029 00       		.byte	0
 960 002a 00       		.byte	0
 961 002b 04       		.uleb128 0x4
 962 002c 24       		.uleb128 0x24
 963 002d 00       		.byte	0
 964 002e 0B       		.uleb128 0xb
 965 002f 0B       		.uleb128 0xb
 966 0030 3E       		.uleb128 0x3e
 967 0031 0B       		.uleb128 0xb
 968 0032 03       		.uleb128 0x3
 969 0033 08       		.uleb128 0x8
 970 0034 00       		.byte	0
 971 0035 00       		.byte	0
 972 0036 05       		.uleb128 0x5
 973 0037 16       		.uleb128 0x16
 974 0038 00       		.byte	0
 975 0039 03       		.uleb128 0x3
 976 003a 0E       		.uleb128 0xe
 977 003b 3A       		.uleb128 0x3a
 978 003c 0B       		.uleb128 0xb
 979 003d 3B       		.uleb128 0x3b
 980 003e 05       		.uleb128 0x5
 981 003f 49       		.uleb128 0x49
 982 0040 13       		.uleb128 0x13
ARM GAS  C:\Users\duver\AppData\Local\Temp\ccEVtbNi.s 			page 20


 983 0041 00       		.byte	0
 984 0042 00       		.byte	0
 985 0043 06       		.uleb128 0x6
 986 0044 0F       		.uleb128 0xf
 987 0045 00       		.byte	0
 988 0046 0B       		.uleb128 0xb
 989 0047 0B       		.uleb128 0xb
 990 0048 49       		.uleb128 0x49
 991 0049 13       		.uleb128 0x13
 992 004a 00       		.byte	0
 993 004b 00       		.byte	0
 994 004c 07       		.uleb128 0x7
 995 004d 2E       		.uleb128 0x2e
 996 004e 01       		.byte	0x1
 997 004f 3F       		.uleb128 0x3f
 998 0050 19       		.uleb128 0x19
 999 0051 03       		.uleb128 0x3
 1000 0052 0E       		.uleb128 0xe
 1001 0053 3A       		.uleb128 0x3a
 1002 0054 0B       		.uleb128 0xb
 1003 0055 3B       		.uleb128 0x3b
 1004 0056 0B       		.uleb128 0xb
 1005 0057 27       		.uleb128 0x27
 1006 0058 19       		.uleb128 0x19
 1007 0059 49       		.uleb128 0x49
 1008 005a 13       		.uleb128 0x13
 1009 005b 8701     		.uleb128 0x87
 1010 005d 19       		.uleb128 0x19
 1011 005e 11       		.uleb128 0x11
 1012 005f 01       		.uleb128 0x1
 1013 0060 12       		.uleb128 0x12
 1014 0061 06       		.uleb128 0x6
 1015 0062 40       		.uleb128 0x40
 1016 0063 18       		.uleb128 0x18
 1017 0064 9642     		.uleb128 0x2116
 1018 0066 19       		.uleb128 0x19
 1019 0067 01       		.uleb128 0x1
 1020 0068 13       		.uleb128 0x13
 1021 0069 00       		.byte	0
 1022 006a 00       		.byte	0
 1023 006b 08       		.uleb128 0x8
 1024 006c 0B       		.uleb128 0xb
 1025 006d 01       		.byte	0x1
 1026 006e 11       		.uleb128 0x11
 1027 006f 01       		.uleb128 0x1
 1028 0070 12       		.uleb128 0x12
 1029 0071 06       		.uleb128 0x6
 1030 0072 01       		.uleb128 0x1
 1031 0073 13       		.uleb128 0x13
 1032 0074 00       		.byte	0
 1033 0075 00       		.byte	0
 1034 0076 09       		.uleb128 0x9
 1035 0077 34       		.uleb128 0x34
 1036 0078 00       		.byte	0
 1037 0079 03       		.uleb128 0x3
 1038 007a 0E       		.uleb128 0xe
 1039 007b 3A       		.uleb128 0x3a
ARM GAS  C:\Users\duver\AppData\Local\Temp\ccEVtbNi.s 			page 21


 1040 007c 0B       		.uleb128 0xb
 1041 007d 3B       		.uleb128 0x3b
 1042 007e 0B       		.uleb128 0xb
 1043 007f 49       		.uleb128 0x49
 1044 0080 13       		.uleb128 0x13
 1045 0081 02       		.uleb128 0x2
 1046 0082 18       		.uleb128 0x18
 1047 0083 00       		.byte	0
 1048 0084 00       		.byte	0
 1049 0085 0A       		.uleb128 0xa
 1050 0086 34       		.uleb128 0x34
 1051 0087 00       		.byte	0
 1052 0088 03       		.uleb128 0x3
 1053 0089 0E       		.uleb128 0xe
 1054 008a 3A       		.uleb128 0x3a
 1055 008b 0B       		.uleb128 0xb
 1056 008c 3B       		.uleb128 0x3b
 1057 008d 0B       		.uleb128 0xb
 1058 008e 49       		.uleb128 0x49
 1059 008f 13       		.uleb128 0x13
 1060 0090 02       		.uleb128 0x2
 1061 0091 17       		.uleb128 0x17
 1062 0092 00       		.byte	0
 1063 0093 00       		.byte	0
 1064 0094 0B       		.uleb128 0xb
 1065 0095 898201   		.uleb128 0x4109
 1066 0098 00       		.byte	0
 1067 0099 11       		.uleb128 0x11
 1068 009a 01       		.uleb128 0x1
 1069 009b 31       		.uleb128 0x31
 1070 009c 13       		.uleb128 0x13
 1071 009d 00       		.byte	0
 1072 009e 00       		.byte	0
 1073 009f 0C       		.uleb128 0xc
 1074 00a0 898201   		.uleb128 0x4109
 1075 00a3 01       		.byte	0x1
 1076 00a4 11       		.uleb128 0x11
 1077 00a5 01       		.uleb128 0x1
 1078 00a6 31       		.uleb128 0x31
 1079 00a7 13       		.uleb128 0x13
 1080 00a8 01       		.uleb128 0x1
 1081 00a9 13       		.uleb128 0x13
 1082 00aa 00       		.byte	0
 1083 00ab 00       		.byte	0
 1084 00ac 0D       		.uleb128 0xd
 1085 00ad 8A8201   		.uleb128 0x410a
 1086 00b0 00       		.byte	0
 1087 00b1 02       		.uleb128 0x2
 1088 00b2 18       		.uleb128 0x18
 1089 00b3 9142     		.uleb128 0x2111
 1090 00b5 18       		.uleb128 0x18
 1091 00b6 00       		.byte	0
 1092 00b7 00       		.byte	0
 1093 00b8 0E       		.uleb128 0xe
 1094 00b9 898201   		.uleb128 0x4109
 1095 00bc 01       		.byte	0x1
 1096 00bd 11       		.uleb128 0x11
ARM GAS  C:\Users\duver\AppData\Local\Temp\ccEVtbNi.s 			page 22


 1097 00be 01       		.uleb128 0x1
 1098 00bf 31       		.uleb128 0x31
 1099 00c0 13       		.uleb128 0x13
 1100 00c1 00       		.byte	0
 1101 00c2 00       		.byte	0
 1102 00c3 0F       		.uleb128 0xf
 1103 00c4 34       		.uleb128 0x34
 1104 00c5 00       		.byte	0
 1105 00c6 03       		.uleb128 0x3
 1106 00c7 0E       		.uleb128 0xe
 1107 00c8 3A       		.uleb128 0x3a
 1108 00c9 0B       		.uleb128 0xb
 1109 00ca 3B       		.uleb128 0x3b
 1110 00cb 05       		.uleb128 0x5
 1111 00cc 49       		.uleb128 0x49
 1112 00cd 13       		.uleb128 0x13
 1113 00ce 3F       		.uleb128 0x3f
 1114 00cf 19       		.uleb128 0x19
 1115 00d0 3C       		.uleb128 0x3c
 1116 00d1 19       		.uleb128 0x19
 1117 00d2 00       		.byte	0
 1118 00d3 00       		.byte	0
 1119 00d4 10       		.uleb128 0x10
 1120 00d5 35       		.uleb128 0x35
 1121 00d6 00       		.byte	0
 1122 00d7 49       		.uleb128 0x49
 1123 00d8 13       		.uleb128 0x13
 1124 00d9 00       		.byte	0
 1125 00da 00       		.byte	0
 1126 00db 11       		.uleb128 0x11
 1127 00dc 34       		.uleb128 0x34
 1128 00dd 00       		.byte	0
 1129 00de 03       		.uleb128 0x3
 1130 00df 0E       		.uleb128 0xe
 1131 00e0 3A       		.uleb128 0x3a
 1132 00e1 0B       		.uleb128 0xb
 1133 00e2 3B       		.uleb128 0x3b
 1134 00e3 0B       		.uleb128 0xb
 1135 00e4 49       		.uleb128 0x49
 1136 00e5 13       		.uleb128 0x13
 1137 00e6 3F       		.uleb128 0x3f
 1138 00e7 19       		.uleb128 0x19
 1139 00e8 02       		.uleb128 0x2
 1140 00e9 18       		.uleb128 0x18
 1141 00ea 00       		.byte	0
 1142 00eb 00       		.byte	0
 1143 00ec 12       		.uleb128 0x12
 1144 00ed 01       		.uleb128 0x1
 1145 00ee 01       		.byte	0x1
 1146 00ef 49       		.uleb128 0x49
 1147 00f0 13       		.uleb128 0x13
 1148 00f1 01       		.uleb128 0x1
 1149 00f2 13       		.uleb128 0x13
 1150 00f3 00       		.byte	0
 1151 00f4 00       		.byte	0
 1152 00f5 13       		.uleb128 0x13
 1153 00f6 21       		.uleb128 0x21
ARM GAS  C:\Users\duver\AppData\Local\Temp\ccEVtbNi.s 			page 23


 1154 00f7 00       		.byte	0
 1155 00f8 49       		.uleb128 0x49
 1156 00f9 13       		.uleb128 0x13
 1157 00fa 2F       		.uleb128 0x2f
 1158 00fb 0B       		.uleb128 0xb
 1159 00fc 00       		.byte	0
 1160 00fd 00       		.byte	0
 1161 00fe 14       		.uleb128 0x14
 1162 00ff 2E       		.uleb128 0x2e
 1163 0100 00       		.byte	0
 1164 0101 3F       		.uleb128 0x3f
 1165 0102 19       		.uleb128 0x19
 1166 0103 3C       		.uleb128 0x3c
 1167 0104 19       		.uleb128 0x19
 1168 0105 6E       		.uleb128 0x6e
 1169 0106 0E       		.uleb128 0xe
 1170 0107 03       		.uleb128 0x3
 1171 0108 0E       		.uleb128 0xe
 1172 0109 3A       		.uleb128 0x3a
 1173 010a 0B       		.uleb128 0xb
 1174 010b 3B       		.uleb128 0x3b
 1175 010c 0B       		.uleb128 0xb
 1176 010d 00       		.byte	0
 1177 010e 00       		.byte	0
 1178 010f 00       		.byte	0
 1179              		.section	.debug_loc,"",%progbits
 1180              	.Ldebug_loc0:
 1181              	.LLST0:
 1182 0000 E6000000 		.4byte	.LVL29
 1183 0004 E9000000 		.4byte	.LVL30-1
 1184 0008 0100     		.2byte	0x1
 1185 000a 50       		.byte	0x50
 1186 000b E9000000 		.4byte	.LVL30-1
 1187 000f 08010000 		.4byte	.LVL36
 1188 0013 0100     		.2byte	0x1
 1189 0015 54       		.byte	0x54
 1190 0016 00000000 		.4byte	0
 1191 001a 00000000 		.4byte	0
 1192              	.LLST1:
 1193 001e EC000000 		.4byte	.LVL31
 1194 0022 EF000000 		.4byte	.LVL32-1
 1195 0026 0100     		.2byte	0x1
 1196 0028 50       		.byte	0x50
 1197 0029 EF000000 		.4byte	.LVL32-1
 1198 002d 64010000 		.4byte	.LFE64
 1199 0031 0100     		.2byte	0x1
 1200 0033 57       		.byte	0x57
 1201 0034 00000000 		.4byte	0
 1202 0038 00000000 		.4byte	0
 1203              	.LLST2:
 1204 003c F8000000 		.4byte	.LVL33
 1205 0040 FD000000 		.4byte	.LVL34-1
 1206 0044 0100     		.2byte	0x1
 1207 0046 50       		.byte	0x50
 1208 0047 00000000 		.4byte	0
 1209 004b 00000000 		.4byte	0
 1210              	.LLST3:
ARM GAS  C:\Users\duver\AppData\Local\Temp\ccEVtbNi.s 			page 24


 1211 004f 02010000 		.4byte	.LVL35
 1212 0053 12010000 		.4byte	.LVL37
 1213 0057 0100     		.2byte	0x1
 1214 0059 50       		.byte	0x50
 1215 005a 12010000 		.4byte	.LVL37
 1216 005e 15010000 		.4byte	.LVL38-1
 1217 0062 0200     		.2byte	0x2
 1218 0064 7D       		.byte	0x7d
 1219 0065 00       		.sleb128 0
 1220 0066 00000000 		.4byte	0
 1221 006a 00000000 		.4byte	0
 1222              		.section	.debug_aranges,"",%progbits
 1223 0000 1C000000 		.4byte	0x1c
 1224 0004 0200     		.2byte	0x2
 1225 0006 00000000 		.4byte	.Ldebug_info0
 1226 000a 04       		.byte	0x4
 1227 000b 00       		.byte	0
 1228 000c 0000     		.2byte	0
 1229 000e 0000     		.2byte	0
 1230 0010 00000000 		.4byte	.LFB64
 1231 0014 64010000 		.4byte	.LFE64-.LFB64
 1232 0018 00000000 		.4byte	0
 1233 001c 00000000 		.4byte	0
 1234              		.section	.debug_ranges,"",%progbits
 1235              	.Ldebug_ranges0:
 1236 0000 00000000 		.4byte	.LFB64
 1237 0004 64010000 		.4byte	.LFE64
 1238 0008 00000000 		.4byte	0
 1239 000c 00000000 		.4byte	0
 1240              		.section	.debug_line,"",%progbits
 1241              	.Ldebug_line0:
 1242 0000 96020000 		.section	.debug_str,"MS",%progbits,1
 1242      02002302 
 1242      00000201 
 1242      FB0E0D00 
 1242      01010101 
 1243              	.LASF24:
 1244 0000 6C6F6F70 		.ascii	"loop_counter\000"
 1244      5F636F75 
 1244      6E746572 
 1244      00
 1245              	.LASF39:
 1246 000d 4C43445F 		.ascii	"LCD_Char_1_WriteControl\000"
 1246      43686172 
 1246      5F315F57 
 1246      72697465 
 1246      436F6E74 
 1247              	.LASF19:
 1248 0025 746D7056 		.ascii	"tmpVal\000"
 1248      616C00
 1249              	.LASF32:
 1250 002c 63617061 		.ascii	"capacity\000"
 1250      63697479 
 1250      00
 1251              	.LASF28:
 1252 0035 4144435F 		.ascii	"ADC_result\000"
 1252      72657375 
ARM GAS  C:\Users\duver\AppData\Local\Temp\ccEVtbNi.s 			page 25


 1252      6C7400
 1253              	.LASF43:
 1254 0040 5047415F 		.ascii	"PGA_1_Start\000"
 1254      315F5374 
 1254      61727400 
 1255              	.LASF9:
 1256 004c 5F5F696E 		.ascii	"__int32_t\000"
 1256      7433325F 
 1256      7400
 1257              	.LASF47:
 1258 0056 4F70616D 		.ascii	"Opamp_1_Start\000"
 1258      705F315F 
 1258      53746172 
 1258      7400
 1259              	.LASF42:
 1260 0064 53575F54 		.ascii	"SW_Tx_UART_1_PutCRLF\000"
 1260      785F5541 
 1260      52545F31 
 1260      5F507574 
 1260      43524C46 
 1261              	.LASF11:
 1262 0079 75696E74 		.ascii	"uint8\000"
 1262      3800
 1263              	.LASF25:
 1264 007f 64697370 		.ascii	"displayStr\000"
 1264      6C617953 
 1264      747200
 1265              	.LASF10:
 1266 008a 696E7433 		.ascii	"int32_t\000"
 1266      325F7400 
 1267              	.LASF26:
 1268 0092 64697370 		.ascii	"displayStr2\000"
 1268      6C617953 
 1268      74723200 
 1269              	.LASF13:
 1270 009e 666C6F61 		.ascii	"float\000"
 1270      7400
 1271              	.LASF45:
 1272 00a4 53575F54 		.ascii	"SW_Tx_UART_1_Start\000"
 1272      785F5541 
 1272      52545F31 
 1272      5F537461 
 1272      727400
 1273              	.LASF54:
 1274 00b7 433A5C55 		.ascii	"C:\\Users\\duver\\OneDrive\\Documents\\Classes\\Cou"
 1274      73657273 
 1274      5C647576 
 1274      65725C4F 
 1274      6E654472 
 1275 00e4 72736572 		.ascii	"rsera\\Sensors\\Lab1 - Workspace01\\LoadCell.cydsn\\"
 1275      615C5365 
 1275      6E736F72 
 1275      735C4C61 
 1275      6231202D 
 1276 0114 4C6F6164 		.ascii	"LoadCell_Try2.cydsn\000"
 1276      43656C6C 
 1276      5F547279 
ARM GAS  C:\Users\duver\AppData\Local\Temp\ccEVtbNi.s 			page 26


 1276      322E6379 
 1276      64736E00 
 1277              	.LASF41:
 1278 0128 4C43445F 		.ascii	"LCD_Char_1_PrintString\000"
 1278      43686172 
 1278      5F315F50 
 1278      72696E74 
 1278      53747269 
 1279              	.LASF52:
 1280 013f 474E5520 		.ascii	"GNU C11 5.4.1 20160609 (release) [ARM/embedded-5-br"
 1280      43313120 
 1280      352E342E 
 1280      31203230 
 1280      31363036 
 1281 0172 616E6368 		.ascii	"anch revision 237715] -mcpu=cortex-m3 -mthumb -g -O"
 1281      20726576 
 1281      6973696F 
 1281      6E203233 
 1281      37373135 
 1282 01a5 67202D66 		.ascii	"g -ffunction-sections -ffat-lto-objects\000"
 1282      66756E63 
 1282      74696F6E 
 1282      2D736563 
 1282      74696F6E 
 1283              	.LASF12:
 1284 01cd 696E7431 		.ascii	"int16\000"
 1284      3600
 1285              	.LASF5:
 1286 01d3 6C6F6E67 		.ascii	"long unsigned int\000"
 1286      20756E73 
 1286      69676E65 
 1286      6420696E 
 1286      7400
 1287              	.LASF29:
 1288 01e5 4144435F 		.ascii	"ADC_mV\000"
 1288      6D5600
 1289              	.LASF3:
 1290 01ec 73686F72 		.ascii	"short unsigned int\000"
 1290      7420756E 
 1290      7369676E 
 1290      65642069 
 1290      6E7400
 1291              	.LASF49:
 1292 01ff 4C43445F 		.ascii	"LCD_Char_1_IsReady\000"
 1292      43686172 
 1292      5F315F49 
 1292      73526561 
 1292      647900
 1293              	.LASF20:
 1294 0212 746D7049 		.ascii	"tmpInt1\000"
 1294      6E743100 
 1295              	.LASF22:
 1296 021a 746D7049 		.ascii	"tmpInt2\000"
 1296      6E743200 
 1297              	.LASF18:
 1298 0222 746D7053 		.ascii	"tmpSign\000"
 1298      69676E00 
ARM GAS  C:\Users\duver\AppData\Local\Temp\ccEVtbNi.s 			page 27


 1299              	.LASF1:
 1300 022a 756E7369 		.ascii	"unsigned char\000"
 1300      676E6564 
 1300      20636861 
 1300      7200
 1301              	.LASF46:
 1302 0238 56444143 		.ascii	"VDAC8_1_Start\000"
 1302      385F315F 
 1302      53746172 
 1302      7400
 1303              	.LASF14:
 1304 0246 646F7562 		.ascii	"double\000"
 1304      6C6500
 1305              	.LASF2:
 1306 024d 73686F72 		.ascii	"short int\000"
 1306      7420696E 
 1306      7400
 1307              	.LASF21:
 1308 0257 746D7046 		.ascii	"tmpFrac\000"
 1308      72616300 
 1309              	.LASF23:
 1310 025f 49544D5F 		.ascii	"ITM_RxBuffer\000"
 1310      52784275 
 1310      66666572 
 1310      00
 1311              	.LASF55:
 1312 026c 6D61696E 		.ascii	"main\000"
 1312      00
 1313              	.LASF35:
 1314 0271 4144435F 		.ascii	"ADC_DelSig_1_GetResult16\000"
 1314      44656C53 
 1314      69675F31 
 1314      5F476574 
 1314      52657375 
 1315              	.LASF48:
 1316 028a 4144435F 		.ascii	"ADC_DelSig_1_Start\000"
 1316      44656C53 
 1316      69675F31 
 1316      5F537461 
 1316      727400
 1317              	.LASF8:
 1318 029d 756E7369 		.ascii	"unsigned int\000"
 1318      676E6564 
 1318      20696E74 
 1318      00
 1319              	.LASF37:
 1320 02aa 53575F54 		.ascii	"SW_Tx_UART_1_PutString\000"
 1320      785F5541 
 1320      52545F31 
 1320      5F507574 
 1320      53747269 
 1321              	.LASF36:
 1322 02c1 4144435F 		.ascii	"ADC_DelSig_1_CountsTo_mVolts\000"
 1322      44656C53 
 1322      69675F31 
 1322      5F436F75 
 1322      6E747354 
ARM GAS  C:\Users\duver\AppData\Local\Temp\ccEVtbNi.s 			page 28


 1323              	.LASF7:
 1324 02de 6C6F6E67 		.ascii	"long long unsigned int\000"
 1324      206C6F6E 
 1324      6720756E 
 1324      7369676E 
 1324      65642069 
 1325              	.LASF51:
 1326 02f5 56444143 		.ascii	"VDAC8_1_SetValue\000"
 1326      385F315F 
 1326      53657456 
 1326      616C7565 
 1326      00
 1327              	.LASF31:
 1328 0306 66756C6C 		.ascii	"full_scale_mV\000"
 1328      5F736361 
 1328      6C655F6D 
 1328      5600
 1329              	.LASF17:
 1330 0314 73697A65 		.ascii	"sizetype\000"
 1330      74797065 
 1330      00
 1331              	.LASF6:
 1332 031d 6C6F6E67 		.ascii	"long long int\000"
 1332      206C6F6E 
 1332      6720696E 
 1332      7400
 1333              	.LASF53:
 1334 032b 6D61696E 		.ascii	"main.c\000"
 1334      2E6300
 1335              	.LASF15:
 1336 0332 63686172 		.ascii	"char\000"
 1336      00
 1337              	.LASF40:
 1338 0337 4C43445F 		.ascii	"LCD_Char_1_Position\000"
 1338      43686172 
 1338      5F315F50 
 1338      6F736974 
 1338      696F6E00 
 1339              	.LASF30:
 1340 034b 6D617373 		.ascii	"mass\000"
 1340      00
 1341              	.LASF34:
 1342 0350 4144435F 		.ascii	"ADC_DelSig_1_IsEndConversion\000"
 1342      44656C53 
 1342      69675F31 
 1342      5F497345 
 1342      6E64436F 
 1343              	.LASF27:
 1344 036d 6461635F 		.ascii	"dac_val\000"
 1344      76616C00 
 1345              	.LASF4:
 1346 0375 6C6F6E67 		.ascii	"long int\000"
 1346      20696E74 
 1346      00
 1347              	.LASF33:
 1348 037e 4144435F 		.ascii	"ADC_DelSig_1_StartConvert\000"
 1348      44656C53 
ARM GAS  C:\Users\duver\AppData\Local\Temp\ccEVtbNi.s 			page 29


 1348      69675F31 
 1348      5F537461 
 1348      7274436F 
 1349              	.LASF44:
 1350 0398 4C43445F 		.ascii	"LCD_Char_1_Start\000"
 1350      43686172 
 1350      5F315F53 
 1350      74617274 
 1350      00
 1351              	.LASF16:
 1352 03a9 6C6F6E67 		.ascii	"long double\000"
 1352      20646F75 
 1352      626C6500 
 1353              	.LASF0:
 1354 03b5 7369676E 		.ascii	"signed char\000"
 1354      65642063 
 1354      68617200 
 1355              	.LASF38:
 1356 03c1 73707269 		.ascii	"sprintf\000"
 1356      6E746600 
 1357              	.LASF50:
 1358 03c9 43794465 		.ascii	"CyDelay\000"
 1358      6C617900 
 1359              		.ident	"GCC: (GNU Tools for ARM Embedded Processors) 5.4.1 20160609 (release) [ARM/embedded-5-bran
