ARM GAS  C:\Users\duver\AppData\Local\Temp\ccSCSy3k.s 			page 1


   1              		.syntax unified
   2              		.cpu cortex-m3
   3              		.fpu softvfp
   4              		.eabi_attribute 20, 1
   5              		.eabi_attribute 21, 1
   6              		.eabi_attribute 23, 3
   7              		.eabi_attribute 24, 1
   8              		.eabi_attribute 25, 1
   9              		.eabi_attribute 26, 1
  10              		.eabi_attribute 30, 1
  11              		.eabi_attribute 34, 1
  12              		.eabi_attribute 18, 4
  13              		.thumb
  14              		.syntax unified
  15              		.file	"cymetadata.c"
  16              		.text
  17              	.Ltext0:
  18              		.cfi_sections	.debug_frame
  19              		.global	cy_metadata
  20              		.global	cy_meta_flashprotect
  21              		.global	cy_meta_wonvl
  22              		.global	cy_meta_custnvl
  23              		.global	cy_meta_configecc
  24              		.section	.cyconfigecc,"a",%progbits
  25              		.align	2
  26              		.type	cy_meta_configecc, %object
  27              		.size	cy_meta_configecc, 868
  28              	cy_meta_configecc:
  29 0000 02       		.byte	2
  30 0001 4F       		.byte	79
  31 0002 00       		.byte	0
  32 0003 40       		.byte	64
  33 0004 02       		.byte	2
  34 0005 65       		.byte	101
  35 0006 00       		.byte	0
  36 0007 40       		.byte	64
  37 0008 04       		.byte	4
  38 0009 02       		.byte	2
  39 000a 01       		.byte	1
  40 000b 40       		.byte	64
  41 000c 01       		.byte	1
  42 000d 03       		.byte	3
  43 000e 01       		.byte	1
  44 000f 40       		.byte	64
  45 0010 01       		.byte	1
  46 0011 05       		.byte	5
  47 0012 01       		.byte	1
  48 0013 40       		.byte	64
  49 0014 42       		.byte	66
  50 0015 06       		.byte	6
  51 0016 01       		.byte	1
  52 0017 40       		.byte	64
  53 0018 2E       		.byte	46
  54 0019 07       		.byte	7
  55 001a 01       		.byte	1
  56 001b 40       		.byte	64
  57 001c 52       		.byte	82
ARM GAS  C:\Users\duver\AppData\Local\Temp\ccSCSy3k.s 			page 2


  58 001d 14       		.byte	20
  59 001e 01       		.byte	1
  60 001f 40       		.byte	64
  61 0020 3F       		.byte	63
  62 0021 15       		.byte	21
  63 0022 01       		.byte	1
  64 0023 40       		.byte	64
  65 0024 37       		.byte	55
  66 0025 16       		.byte	22
  67 0026 01       		.byte	1
  68 0027 40       		.byte	64
  69 0028 34       		.byte	52
  70 0029 17       		.byte	23
  71 002a 01       		.byte	1
  72 002b 40       		.byte	64
  73 002c 05       		.byte	5
  74 002d 42       		.byte	66
  75 002e 01       		.byte	1
  76 002f 40       		.byte	64
  77 0030 06       		.byte	6
  78 0031 49       		.byte	73
  79 0032 01       		.byte	1
  80 0033 40       		.byte	64
  81 0034 04       		.byte	4
  82 0035 50       		.byte	80
  83 0036 01       		.byte	1
  84 0037 40       		.byte	64
  85 0038 01       		.byte	1
  86 0039 10       		.byte	16
  87 003a 0A       		.byte	10
  88 003b 4B       		.byte	75
  89 003c 84       		.byte	-124
  90 003d 0F       		.byte	15
  91 003e 87       		.byte	-121
  92 003f 6F       		.byte	111
  93 0040 B8       		.byte	-72
  94 0041 80       		.byte	-128
  95 0042 BE       		.byte	-66
  96 0043 40       		.byte	64
  97 0044 D8       		.byte	-40
  98 0045 04       		.byte	4
  99 0046 DF       		.byte	-33
 100 0047 01       		.byte	1
 101 0048 1A       		.byte	26
 102 0049 02       		.byte	2
 103 004a AE       		.byte	-82
 104 004b 01       		.byte	1
 105 004c 00       		.byte	0
 106 004d 07       		.byte	7
 107 004e 01       		.byte	1
 108 004f 2C       		.byte	44
 109 0050 03       		.byte	3
 110 0051 10       		.byte	16
 111 0052 04       		.byte	4
 112 0053 04       		.byte	4
 113 0054 05       		.byte	5
 114 0055 30       		.byte	48
ARM GAS  C:\Users\duver\AppData\Local\Temp\ccSCSy3k.s 			page 3


 115 0056 07       		.byte	7
 116 0057 08       		.byte	8
 117 0058 0A       		.byte	10
 118 0059 07       		.byte	7
 119 005a 0B       		.byte	11
 120 005b 3C       		.byte	60
 121 005c 0D       		.byte	13
 122 005d 01       		.byte	1
 123 005e 0F       		.byte	15
 124 005f 02       		.byte	2
 125 0060 11       		.byte	17
 126 0061 1C       		.byte	28
 127 0062 12       		.byte	18
 128 0063 10       		.byte	16
 129 0064 15       		.byte	21
 130 0065 22       		.byte	34
 131 0066 16       		.byte	22
 132 0067 08       		.byte	8
 133 0068 17       		.byte	23
 134 0069 05       		.byte	5
 135 006a 18       		.byte	24
 136 006b 01       		.byte	1
 137 006c 19       		.byte	25
 138 006d 30       		.byte	48
 139 006e 1A       		.byte	26
 140 006f 02       		.byte	2
 141 0070 1B       		.byte	27
 142 0071 04       		.byte	4
 143 0072 1C       		.byte	28
 144 0073 07       		.byte	7
 145 0074 22       		.byte	34
 146 0075 20       		.byte	32
 147 0076 24       		.byte	36
 148 0077 01       		.byte	1
 149 0078 26       		.byte	38
 150 0079 02       		.byte	2
 151 007a 29       		.byte	41
 152 007b 01       		.byte	1
 153 007c 2A       		.byte	42
 154 007d 04       		.byte	4
 155 007e 2B       		.byte	43
 156 007f 02       		.byte	2
 157 0080 2D       		.byte	45
 158 0081 01       		.byte	1
 159 0082 2F       		.byte	47
 160 0083 02       		.byte	2
 161 0084 30       		.byte	48
 162 0085 20       		.byte	32
 163 0086 32       		.byte	50
 164 0087 10       		.byte	16
 165 0088 33       		.byte	51
 166 0089 3C       		.byte	60
 167 008a 34       		.byte	52
 168 008b 0F       		.byte	15
 169 008c 35       		.byte	53
 170 008d 03       		.byte	3
 171 008e 3B       		.byte	59
ARM GAS  C:\Users\duver\AppData\Local\Temp\ccSCSy3k.s 			page 4


 172 008f 20       		.byte	32
 173 0090 58       		.byte	88
 174 0091 04       		.byte	4
 175 0092 59       		.byte	89
 176 0093 04       		.byte	4
 177 0094 5F       		.byte	95
 178 0095 01       		.byte	1
 179 0096 80       		.byte	-128
 180 0097 07       		.byte	7
 181 0098 81       		.byte	-127
 182 0099 10       		.byte	16
 183 009a 87       		.byte	-121
 184 009b 0F       		.byte	15
 185 009c 88       		.byte	-120
 186 009d 05       		.byte	5
 187 009e 89       		.byte	-119
 188 009f 0C       		.byte	12
 189 00a0 8A       		.byte	-118
 190 00a1 0A       		.byte	10
 191 00a2 8B       		.byte	-117
 192 00a3 02       		.byte	2
 193 00a4 8D       		.byte	-115
 194 00a5 10       		.byte	16
 195 00a6 95       		.byte	-107
 196 00a7 0C       		.byte	12
 197 00a8 97       		.byte	-105
 198 00a9 01       		.byte	1
 199 00aa 98       		.byte	-104
 200 00ab 0C       		.byte	12
 201 00ac 99       		.byte	-103
 202 00ad 08       		.byte	8
 203 00ae 9A       		.byte	-102
 204 00af 03       		.byte	3
 205 00b0 9B       		.byte	-101
 206 00b1 01       		.byte	1
 207 00b2 A0       		.byte	-96
 208 00b3 0F       		.byte	15
 209 00b4 A1       		.byte	-95
 210 00b5 07       		.byte	7
 211 00b6 A4       		.byte	-92
 212 00b7 03       		.byte	3
 213 00b8 A6       		.byte	-90
 214 00b9 0C       		.byte	12
 215 00ba A8       		.byte	-88
 216 00bb 0A       		.byte	10
 217 00bc AA       		.byte	-86
 218 00bd 05       		.byte	5
 219 00be AD       		.byte	-83
 220 00bf 0B       		.byte	11
 221 00c0 AF       		.byte	-81
 222 00c1 04       		.byte	4
 223 00c2 B3       		.byte	-77
 224 00c3 10       		.byte	16
 225 00c4 B5       		.byte	-75
 226 00c5 0F       		.byte	15
 227 00c6 B6       		.byte	-74
 228 00c7 0F       		.byte	15
ARM GAS  C:\Users\duver\AppData\Local\Temp\ccSCSy3k.s 			page 5


 229 00c8 B9       		.byte	-71
 230 00c9 08       		.byte	8
 231 00ca D8       		.byte	-40
 232 00cb 04       		.byte	4
 233 00cc D9       		.byte	-39
 234 00cd 04       		.byte	4
 235 00ce DF       		.byte	-33
 236 00cf 01       		.byte	1
 237 00d0 00       		.byte	0
 238 00d1 10       		.byte	16
 239 00d2 01       		.byte	1
 240 00d3 02       		.byte	2
 241 00d4 05       		.byte	5
 242 00d5 12       		.byte	18
 243 00d6 07       		.byte	7
 244 00d7 10       		.byte	16
 245 00d8 0B       		.byte	11
 246 00d9 04       		.byte	4
 247 00da 0C       		.byte	12
 248 00db 40       		.byte	64
 249 00dc 0E       		.byte	14
 250 00dd 69       		.byte	105
 251 00de 10       		.byte	16
 252 00df 40       		.byte	64
 253 00e0 12       		.byte	18
 254 00e1 08       		.byte	8
 255 00e2 13       		.byte	19
 256 00e3 08       		.byte	8
 257 00e4 15       		.byte	21
 258 00e5 20       		.byte	32
 259 00e6 16       		.byte	22
 260 00e7 80       		.byte	-128
 261 00e8 17       		.byte	23
 262 00e9 08       		.byte	8
 263 00ea 19       		.byte	25
 264 00eb 80       		.byte	-128
 265 00ec 1A       		.byte	26
 266 00ed 01       		.byte	1
 267 00ee 1C       		.byte	28
 268 00ef 08       		.byte	8
 269 00f0 1D       		.byte	29
 270 00f1 30       		.byte	48
 271 00f2 1E       		.byte	30
 272 00f3 40       		.byte	64
 273 00f4 1F       		.byte	31
 274 00f5 08       		.byte	8
 275 00f6 21       		.byte	33
 276 00f7 14       		.byte	20
 277 00f8 22       		.byte	34
 278 00f9 20       		.byte	32
 279 00fa 23       		.byte	35
 280 00fb 04       		.byte	4
 281 00fc 24       		.byte	36
 282 00fd 04       		.byte	4
 283 00fe 25       		.byte	37
 284 00ff 04       		.byte	4
 285 0100 26       		.byte	38
ARM GAS  C:\Users\duver\AppData\Local\Temp\ccSCSy3k.s 			page 6


 286 0101 0C       		.byte	12
 287 0102 27       		.byte	39
 288 0103 08       		.byte	8
 289 0104 29       		.byte	41
 290 0105 82       		.byte	-126
 291 0106 2E       		.byte	46
 292 0107 40       		.byte	64
 293 0108 2F       		.byte	47
 294 0109 08       		.byte	8
 295 010a 32       		.byte	50
 296 010b 08       		.byte	8
 297 010c 33       		.byte	51
 298 010d 10       		.byte	16
 299 010e 35       		.byte	53
 300 010f 02       		.byte	2
 301 0110 36       		.byte	54
 302 0111 20       		.byte	32
 303 0112 37       		.byte	55
 304 0113 08       		.byte	8
 305 0114 38       		.byte	56
 306 0115 04       		.byte	4
 307 0116 39       		.byte	57
 308 0117 60       		.byte	96
 309 0118 3B       		.byte	59
 310 0119 01       		.byte	1
 311 011a 3C       		.byte	60
 312 011b 10       		.byte	16
 313 011c 3D       		.byte	61
 314 011d 88       		.byte	-120
 315 011e 3E       		.byte	62
 316 011f 81       		.byte	-127
 317 0120 C0       		.byte	-64
 318 0121 7A       		.byte	122
 319 0122 C2       		.byte	-62
 320 0123 F2       		.byte	-14
 321 0124 C4       		.byte	-60
 322 0125 7E       		.byte	126
 323 0126 CA       		.byte	-54
 324 0127 39       		.byte	57
 325 0128 CC       		.byte	-52
 326 0129 E6       		.byte	-26
 327 012a CE       		.byte	-50
 328 012b FF       		.byte	-1
 329 012c 00       		.byte	0
 330 012d 37       		.byte	55
 331 012e 04       		.byte	4
 332 012f 20       		.byte	32
 333 0130 06       		.byte	6
 334 0131 40       		.byte	64
 335 0132 07       		.byte	7
 336 0133 02       		.byte	2
 337 0134 09       		.byte	9
 338 0135 02       		.byte	2
 339 0136 0C       		.byte	12
 340 0137 6A       		.byte	106
 341 0138 0E       		.byte	14
 342 0139 10       		.byte	16
ARM GAS  C:\Users\duver\AppData\Local\Temp\ccSCSy3k.s 			page 7


 343 013a 10       		.byte	16
 344 013b 80       		.byte	-128
 345 013c 16       		.byte	22
 346 013d 90       		.byte	-112
 347 013e 18       		.byte	24
 348 013f 7C       		.byte	124
 349 0140 1B       		.byte	27
 350 0141 02       		.byte	2
 351 0142 1C       		.byte	28
 352 0143 01       		.byte	1
 353 0144 20       		.byte	32
 354 0145 01       		.byte	1
 355 0146 24       		.byte	36
 356 0147 60       		.byte	96
 357 0148 27       		.byte	39
 358 0149 01       		.byte	1
 359 014a 28       		.byte	40
 360 014b 5C       		.byte	92
 361 014c 2A       		.byte	42
 362 014d 20       		.byte	32
 363 014e 2E       		.byte	46
 364 014f 80       		.byte	-128
 365 0150 30       		.byte	48
 366 0151 0E       		.byte	14
 367 0152 31       		.byte	49
 368 0153 01       		.byte	1
 369 0154 32       		.byte	50
 370 0155 70       		.byte	112
 371 0156 34       		.byte	52
 372 0157 80       		.byte	-128
 373 0158 36       		.byte	54
 374 0159 01       		.byte	1
 375 015a 37       		.byte	55
 376 015b 02       		.byte	2
 377 015c 38       		.byte	56
 378 015d 82       		.byte	-126
 379 015e 3E       		.byte	62
 380 015f 50       		.byte	80
 381 0160 3F       		.byte	63
 382 0161 40       		.byte	64
 383 0162 40       		.byte	64
 384 0163 21       		.byte	33
 385 0164 41       		.byte	65
 386 0165 06       		.byte	6
 387 0166 49       		.byte	73
 388 0167 FF       		.byte	-1
 389 0168 4A       		.byte	74
 390 0169 FF       		.byte	-1
 391 016a 4B       		.byte	75
 392 016b FF       		.byte	-1
 393 016c 4D       		.byte	77
 394 016d A0       		.byte	-96
 395 016e 4F       		.byte	79
 396 016f 01       		.byte	1
 397 0170 50       		.byte	80
 398 0171 18       		.byte	24
 399 0172 52       		.byte	82
ARM GAS  C:\Users\duver\AppData\Local\Temp\ccSCSy3k.s 			page 8


 400 0173 80       		.byte	-128
 401 0174 54       		.byte	84
 402 0175 0F       		.byte	15
 403 0176 58       		.byte	88
 404 0177 04       		.byte	4
 405 0178 59       		.byte	89
 406 0179 04       		.byte	4
 407 017a 5A       		.byte	90
 408 017b 04       		.byte	4
 409 017c 5B       		.byte	91
 410 017d 04       		.byte	4
 411 017e 5F       		.byte	95
 412 017f 01       		.byte	1
 413 0180 60       		.byte	96
 414 0181 40       		.byte	64
 415 0182 62       		.byte	98
 416 0183 80       		.byte	-128
 417 0184 64       		.byte	100
 418 0185 40       		.byte	64
 419 0186 65       		.byte	101
 420 0187 40       		.byte	64
 421 0188 66       		.byte	102
 422 0189 80       		.byte	-128
 423 018a 68       		.byte	104
 424 018b 40       		.byte	64
 425 018c 6A       		.byte	106
 426 018d 80       		.byte	-128
 427 018e 6C       		.byte	108
 428 018f 40       		.byte	64
 429 0190 6D       		.byte	109
 430 0191 20       		.byte	32
 431 0192 6E       		.byte	110
 432 0193 80       		.byte	-128
 433 0194 96       		.byte	-106
 434 0195 02       		.byte	2
 435 0196 AE       		.byte	-82
 436 0197 01       		.byte	1
 437 0198 B0       		.byte	-80
 438 0199 02       		.byte	2
 439 019a B2       		.byte	-78
 440 019b 01       		.byte	1
 441 019c C0       		.byte	-64
 442 019d 65       		.byte	101
 443 019e C1       		.byte	-63
 444 019f 02       		.byte	2
 445 01a0 C5       		.byte	-59
 446 01a1 20       		.byte	32
 447 01a2 C6       		.byte	-58
 448 01a3 E3       		.byte	-29
 449 01a4 C7       		.byte	-57
 450 01a5 4C       		.byte	76
 451 01a6 C8       		.byte	-56
 452 01a7 3E       		.byte	62
 453 01a8 C9       		.byte	-55
 454 01a9 FF       		.byte	-1
 455 01aa CA       		.byte	-54
 456 01ab FF       		.byte	-1
ARM GAS  C:\Users\duver\AppData\Local\Temp\ccSCSy3k.s 			page 9


 457 01ac CB       		.byte	-53
 458 01ad FF       		.byte	-1
 459 01ae CD       		.byte	-51
 460 01af AF       		.byte	-81
 461 01b0 CE       		.byte	-50
 462 01b1 07       		.byte	7
 463 01b2 CF       		.byte	-49
 464 01b3 01       		.byte	1
 465 01b4 D0       		.byte	-48
 466 01b5 18       		.byte	24
 467 01b6 D8       		.byte	-40
 468 01b7 04       		.byte	4
 469 01b8 DA       		.byte	-38
 470 01b9 04       		.byte	4
 471 01ba DF       		.byte	-33
 472 01bb 01       		.byte	1
 473 01bc E0       		.byte	-32
 474 01bd 40       		.byte	64
 475 01be E2       		.byte	-30
 476 01bf 80       		.byte	-128
 477 01c0 E4       		.byte	-28
 478 01c1 40       		.byte	64
 479 01c2 E5       		.byte	-27
 480 01c3 40       		.byte	64
 481 01c4 E6       		.byte	-26
 482 01c5 80       		.byte	-128
 483 01c6 E8       		.byte	-24
 484 01c7 40       		.byte	64
 485 01c8 EA       		.byte	-22
 486 01c9 80       		.byte	-128
 487 01ca EC       		.byte	-20
 488 01cb 40       		.byte	64
 489 01cc ED       		.byte	-19
 490 01cd 20       		.byte	32
 491 01ce EE       		.byte	-18
 492 01cf 80       		.byte	-128
 493 01d0 01       		.byte	1
 494 01d1 83       		.byte	-125
 495 01d2 03       		.byte	3
 496 01d3 10       		.byte	16
 497 01d4 09       		.byte	9
 498 01d5 82       		.byte	-126
 499 01d6 0A       		.byte	10
 500 01d7 10       		.byte	16
 501 01d8 0B       		.byte	11
 502 01d9 04       		.byte	4
 503 01da 0E       		.byte	14
 504 01db 20       		.byte	32
 505 01dc 10       		.byte	16
 506 01dd 82       		.byte	-126
 507 01de 12       		.byte	18
 508 01df 08       		.byte	8
 509 01e0 13       		.byte	19
 510 01e1 08       		.byte	8
 511 01e2 17       		.byte	23
 512 01e3 80       		.byte	-128
 513 01e4 18       		.byte	24
ARM GAS  C:\Users\duver\AppData\Local\Temp\ccSCSy3k.s 			page 10


 514 01e5 05       		.byte	5
 515 01e6 19       		.byte	25
 516 01e7 0A       		.byte	10
 517 01e8 1A       		.byte	26
 518 01e9 1A       		.byte	26
 519 01ea 1E       		.byte	30
 520 01eb 20       		.byte	32
 521 01ec 1F       		.byte	31
 522 01ed 0A       		.byte	10
 523 01ee 21       		.byte	33
 524 01ef 02       		.byte	2
 525 01f0 22       		.byte	34
 526 01f1 40       		.byte	64
 527 01f2 29       		.byte	41
 528 01f3 08       		.byte	8
 529 01f4 31       		.byte	49
 530 01f5 20       		.byte	32
 531 01f6 38       		.byte	56
 532 01f7 20       		.byte	32
 533 01f8 39       		.byte	57
 534 01f9 08       		.byte	8
 535 01fa 40       		.byte	64
 536 01fb 05       		.byte	5
 537 01fc 45       		.byte	69
 538 01fd 20       		.byte	32
 539 01fe 48       		.byte	72
 540 01ff 04       		.byte	4
 541 0200 4C       		.byte	76
 542 0201 80       		.byte	-128
 543 0202 4E       		.byte	78
 544 0203 05       		.byte	5
 545 0204 4F       		.byte	79
 546 0205 01       		.byte	1
 547 0206 54       		.byte	84
 548 0207 40       		.byte	64
 549 0208 55       		.byte	85
 550 0209 81       		.byte	-127
 551 020a 57       		.byte	87
 552 020b 14       		.byte	20
 553 020c 58       		.byte	88
 554 020d 08       		.byte	8
 555 020e 5A       		.byte	90
 556 020f A1       		.byte	-95
 557 0210 70       		.byte	112
 558 0211 02       		.byte	2
 559 0212 87       		.byte	-121
 560 0213 10       		.byte	16
 561 0214 88       		.byte	-120
 562 0215 08       		.byte	8
 563 0216 89       		.byte	-119
 564 0217 02       		.byte	2
 565 0218 8B       		.byte	-117
 566 0219 80       		.byte	-128
 567 021a 90       		.byte	-112
 568 021b 20       		.byte	32
 569 021c 91       		.byte	-111
 570 021d 08       		.byte	8
ARM GAS  C:\Users\duver\AppData\Local\Temp\ccSCSy3k.s 			page 11


 571 021e 92       		.byte	-110
 572 021f 21       		.byte	33
 573 0220 93       		.byte	-109
 574 0221 04       		.byte	4
 575 0222 95       		.byte	-107
 576 0223 01       		.byte	1
 577 0224 97       		.byte	-105
 578 0225 21       		.byte	33
 579 0226 99       		.byte	-103
 580 0227 80       		.byte	-128
 581 0228 9B       		.byte	-101
 582 0229 18       		.byte	24
 583 022a 9D       		.byte	-99
 584 022b 02       		.byte	2
 585 022c A0       		.byte	-96
 586 022d 04       		.byte	4
 587 022e A1       		.byte	-95
 588 022f 20       		.byte	32
 589 0230 A2       		.byte	-94
 590 0231 08       		.byte	8
 591 0232 A4       		.byte	-92
 592 0233 40       		.byte	64
 593 0234 A5       		.byte	-91
 594 0235 81       		.byte	-127
 595 0236 A7       		.byte	-89
 596 0237 1E       		.byte	30
 597 0238 AB       		.byte	-85
 598 0239 21       		.byte	33
 599 023a C0       		.byte	-64
 600 023b 0D       		.byte	13
 601 023c C2       		.byte	-62
 602 023d 2F       		.byte	47
 603 023e C4       		.byte	-60
 604 023f 8F       		.byte	-113
 605 0240 CA       		.byte	-54
 606 0241 02       		.byte	2
 607 0242 CC       		.byte	-52
 608 0243 04       		.byte	4
 609 0244 CE       		.byte	-50
 610 0245 06       		.byte	6
 611 0246 D0       		.byte	-48
 612 0247 2C       		.byte	44
 613 0248 D2       		.byte	-46
 614 0249 34       		.byte	52
 615 024a D6       		.byte	-42
 616 024b 0F       		.byte	15
 617 024c E4       		.byte	-28
 618 024d 20       		.byte	32
 619 024e 00       		.byte	0
 620 024f 73       		.byte	115
 621 0250 04       		.byte	4
 622 0251 30       		.byte	48
 623 0252 06       		.byte	6
 624 0253 C9       		.byte	-55
 625 0254 0A       		.byte	10
 626 0255 0F       		.byte	15
 627 0256 15       		.byte	21
ARM GAS  C:\Users\duver\AppData\Local\Temp\ccSCSy3k.s 			page 12


 628 0257 02       		.byte	2
 629 0258 17       		.byte	23
 630 0259 04       		.byte	4
 631 025a 18       		.byte	24
 632 025b 9E       		.byte	-98
 633 025c 19       		.byte	25
 634 025d 04       		.byte	4
 635 025e 1A       		.byte	26
 636 025f 60       		.byte	96
 637 0260 1B       		.byte	27
 638 0261 02       		.byte	2
 639 0262 1C       		.byte	28
 640 0263 FD       		.byte	-3
 641 0264 1E       		.byte	30
 642 0265 02       		.byte	2
 643 0266 24       		.byte	36
 644 0267 94       		.byte	-108
 645 0268 26       		.byte	38
 646 0269 60       		.byte	96
 647 026a 27       		.byte	39
 648 026b 01       		.byte	1
 649 026c 28       		.byte	40
 650 026d CF       		.byte	-49
 651 026e 29       		.byte	41
 652 026f 02       		.byte	2
 653 0270 2A       		.byte	42
 654 0271 30       		.byte	48
 655 0272 2B       		.byte	43
 656 0273 04       		.byte	4
 657 0274 2D       		.byte	45
 658 0275 02       		.byte	2
 659 0276 2F       		.byte	47
 660 0277 0C       		.byte	12
 661 0278 32       		.byte	50
 662 0279 FF       		.byte	-1
 663 027a 33       		.byte	51
 664 027b 06       		.byte	6
 665 027c 35       		.byte	53
 666 027d 08       		.byte	8
 667 027e 37       		.byte	55
 668 027f 01       		.byte	1
 669 0280 3B       		.byte	59
 670 0281 08       		.byte	8
 671 0282 3E       		.byte	62
 672 0283 04       		.byte	4
 673 0284 58       		.byte	88
 674 0285 04       		.byte	4
 675 0286 59       		.byte	89
 676 0287 04       		.byte	4
 677 0288 5F       		.byte	95
 678 0289 01       		.byte	1
 679 028a 83       		.byte	-125
 680 028b 01       		.byte	1
 681 028c 84       		.byte	-124
 682 028d 01       		.byte	1
 683 028e 87       		.byte	-121
 684 028f 02       		.byte	2
ARM GAS  C:\Users\duver\AppData\Local\Temp\ccSCSy3k.s 			page 13


 685 0290 8E       		.byte	-114
 686 0291 04       		.byte	4
 687 0292 92       		.byte	-110
 688 0293 09       		.byte	9
 689 0294 99       		.byte	-103
 690 0295 02       		.byte	2
 691 0296 9E       		.byte	-98
 692 0297 02       		.byte	2
 693 0298 9F       		.byte	-97
 694 0299 04       		.byte	4
 695 029a A0       		.byte	-96
 696 029b 02       		.byte	2
 697 029c A5       		.byte	-91
 698 029d 02       		.byte	2
 699 029e AC       		.byte	-84
 700 029f 04       		.byte	4
 701 02a0 B0       		.byte	-80
 702 02a1 01       		.byte	1
 703 02a2 B1       		.byte	-79
 704 02a3 04       		.byte	4
 705 02a4 B2       		.byte	-78
 706 02a5 08       		.byte	8
 707 02a6 B4       		.byte	-76
 708 02a7 04       		.byte	4
 709 02a8 B5       		.byte	-75
 710 02a9 02       		.byte	2
 711 02aa B6       		.byte	-74
 712 02ab 02       		.byte	2
 713 02ac B7       		.byte	-73
 714 02ad 01       		.byte	1
 715 02ae BE       		.byte	-66
 716 02af 51       		.byte	81
 717 02b0 BF       		.byte	-65
 718 02b1 10       		.byte	16
 719 02b2 D4       		.byte	-44
 720 02b3 0F       		.byte	15
 721 02b4 D8       		.byte	-40
 722 02b5 04       		.byte	4
 723 02b6 D9       		.byte	-39
 724 02b7 04       		.byte	4
 725 02b8 DB       		.byte	-37
 726 02b9 04       		.byte	4
 727 02ba DF       		.byte	-33
 728 02bb 05       		.byte	5
 729 02bc 00       		.byte	0
 730 02bd 80       		.byte	-128
 731 02be 01       		.byte	1
 732 02bf 48       		.byte	72
 733 02c0 05       		.byte	5
 734 02c1 12       		.byte	18
 735 02c2 07       		.byte	7
 736 02c3 10       		.byte	16
 737 02c4 09       		.byte	9
 738 02c5 01       		.byte	1
 739 02c6 0B       		.byte	11
 740 02c7 01       		.byte	1
 741 02c8 0E       		.byte	14
ARM GAS  C:\Users\duver\AppData\Local\Temp\ccSCSy3k.s 			page 14


 742 02c9 09       		.byte	9
 743 02ca 12       		.byte	18
 744 02cb 82       		.byte	-126
 745 02cc 15       		.byte	21
 746 02cd 20       		.byte	32
 747 02ce 17       		.byte	23
 748 02cf 08       		.byte	8
 749 02d0 18       		.byte	24
 750 02d1 20       		.byte	32
 751 02d2 19       		.byte	25
 752 02d3 08       		.byte	8
 753 02d4 1A       		.byte	26
 754 02d5 46       		.byte	70
 755 02d6 1E       		.byte	30
 756 02d7 20       		.byte	32
 757 02d8 22       		.byte	34
 758 02d9 92       		.byte	-110
 759 02da 24       		.byte	36
 760 02db 10       		.byte	16
 761 02dc 25       		.byte	37
 762 02dd 40       		.byte	64
 763 02de 27       		.byte	39
 764 02df 14       		.byte	20
 765 02e0 29       		.byte	41
 766 02e1 08       		.byte	8
 767 02e2 2F       		.byte	47
 768 02e3 1A       		.byte	26
 769 02e4 31       		.byte	49
 770 02e5 90       		.byte	-112
 771 02e6 37       		.byte	55
 772 02e7 14       		.byte	20
 773 02e8 39       		.byte	57
 774 02e9 08       		.byte	8
 775 02ea 3B       		.byte	59
 776 02eb 01       		.byte	1
 777 02ec 5A       		.byte	90
 778 02ed 46       		.byte	70
 779 02ee 5B       		.byte	91
 780 02ef 20       		.byte	32
 781 02f0 63       		.byte	99
 782 02f1 28       		.byte	40
 783 02f2 79       		.byte	121
 784 02f3 01       		.byte	1
 785 02f4 91       		.byte	-111
 786 02f5 28       		.byte	40
 787 02f6 92       		.byte	-110
 788 02f7 01       		.byte	1
 789 02f8 93       		.byte	-109
 790 02f9 04       		.byte	4
 791 02fa 94       		.byte	-108
 792 02fb 10       		.byte	16
 793 02fc 95       		.byte	-107
 794 02fd 40       		.byte	64
 795 02fe 97       		.byte	-105
 796 02ff 01       		.byte	1
 797 0300 99       		.byte	-103
 798 0301 90       		.byte	-112
ARM GAS  C:\Users\duver\AppData\Local\Temp\ccSCSy3k.s 			page 15


 799 0302 9B       		.byte	-101
 800 0303 08       		.byte	8
 801 0304 9D       		.byte	-99
 802 0305 02       		.byte	2
 803 0306 9F       		.byte	-97
 804 0307 10       		.byte	16
 805 0308 A0       		.byte	-96
 806 0309 04       		.byte	4
 807 030a A1       		.byte	-95
 808 030b 20       		.byte	32
 809 030c A2       		.byte	-94
 810 030d 0C       		.byte	12
 811 030e A5       		.byte	-91
 812 030f 40       		.byte	64
 813 0310 A6       		.byte	-90
 814 0311 10       		.byte	16
 815 0312 C0       		.byte	-64
 816 0313 75       		.byte	117
 817 0314 C2       		.byte	-62
 818 0315 C9       		.byte	-55
 819 0316 C4       		.byte	-60
 820 0317 69       		.byte	105
 821 0318 CA       		.byte	-54
 822 0319 72       		.byte	114
 823 031a CC       		.byte	-52
 824 031b 6C       		.byte	108
 825 031c CE       		.byte	-50
 826 031d 03       		.byte	3
 827 031e D6       		.byte	-42
 828 031f 0F       		.byte	15
 829 0320 D8       		.byte	-40
 830 0321 06       		.byte	6
 831 0322 DE       		.byte	-34
 832 0323 01       		.byte	1
 833 0324 5B       		.byte	91
 834 0325 02       		.byte	2
 835 0326 9B       		.byte	-101
 836 0327 02       		.byte	2
 837 0328 AF       		.byte	-81
 838 0329 02       		.byte	2
 839 032a D6       		.byte	-42
 840 032b 40       		.byte	64
 841 032c EE       		.byte	-18
 842 032d 40       		.byte	64
 843 032e 0D       		.byte	13
 844 032f 10       		.byte	16
 845 0330 0F       		.byte	15
 846 0331 40       		.byte	64
 847 0332 87       		.byte	-121
 848 0333 40       		.byte	64
 849 0334 89       		.byte	-119
 850 0335 10       		.byte	16
 851 0336 C2       		.byte	-62
 852 0337 A0       		.byte	-96
 853 0338 E4       		.byte	-28
 854 0339 40       		.byte	64
 855 033a 00       		.byte	0
ARM GAS  C:\Users\duver\AppData\Local\Temp\ccSCSy3k.s 			page 16


 856 033b 01       		.byte	1
 857 033c 0A       		.byte	10
 858 033d 01       		.byte	1
 859 033e 10       		.byte	16
 860 033f 01       		.byte	1
 861 0340 1A       		.byte	26
 862 0341 01       		.byte	1
 863 0342 00       		.byte	0
 864 0343 00       		.byte	0
 865 0344 80       		.byte	-128
 866 0345 00       		.byte	0
 867 0346 00       		.byte	0
 868 0347 FF       		.byte	-1
 869 0348 FF       		.byte	-1
 870 0349 00       		.byte	0
 871 034a 00       		.byte	0
 872 034b 00       		.byte	0
 873 034c 00       		.byte	0
 874 034d 00       		.byte	0
 875 034e 00       		.byte	0
 876 034f 00       		.byte	0
 877 0350 00       		.byte	0
 878 0351 0B       		.byte	11
 879 0352 0B       		.byte	11
 880 0353 00       		.byte	0
 881 0354 00       		.byte	0
 882 0355 00       		.byte	0
 883 0356 00       		.byte	0
 884 0357 00       		.byte	0
 885 0358 A0       		.byte	-96
 886 0359 00       		.byte	0
 887 035a 00       		.byte	0
 888 035b A0       		.byte	-96
 889 035c 00       		.byte	0
 890 035d 00       		.byte	0
 891 035e 00       		.byte	0
 892 035f 00       		.byte	0
 893 0360 00       		.byte	0
 894 0361 00       		.byte	0
 895 0362 00       		.byte	0
 896 0363 00       		.byte	0
 897              		.section	.cywolatch,"a",%progbits
 898              		.align	2
 899              		.type	cy_meta_wonvl, %object
 900              		.size	cy_meta_wonvl, 4
 901              	cy_meta_wonvl:
 902 0000 BC       		.byte	-68
 903 0001 90       		.byte	-112
 904 0002 AC       		.byte	-84
 905 0003 AF       		.byte	-81
 906              		.section	.cycustnvl,"a",%progbits
 907              		.align	2
 908              		.type	cy_meta_custnvl, %object
 909              		.size	cy_meta_custnvl, 4
 910              	cy_meta_custnvl:
 911 0000 00       		.byte	0
 912 0001 00       		.byte	0
ARM GAS  C:\Users\duver\AppData\Local\Temp\ccSCSy3k.s 			page 17


 913 0002 40       		.byte	64
 914 0003 05       		.byte	5
 915              		.section	.cymeta,"a",%progbits
 916              		.align	2
 917              		.type	cy_metadata, %object
 918              		.size	cy_metadata, 12
 919              	cy_metadata:
 920 0000 00       		.byte	0
 921 0001 01       		.byte	1
 922 0002 2E       		.byte	46
 923 0003 16       		.byte	22
 924 0004 10       		.byte	16
 925 0005 69       		.byte	105
 926 0006 00       		.byte	0
 927 0007 01       		.byte	1
 928 0008 00       		.byte	0
 929 0009 00       		.byte	0
 930 000a 00       		.byte	0
 931 000b 00       		.byte	0
 932              		.section	.cyflashprotect,"a",%progbits
 933              		.align	2
 934              		.type	cy_meta_flashprotect, %object
 935              		.size	cy_meta_flashprotect, 256
 936              	cy_meta_flashprotect:
 937 0000 00000000 		.space	256
 937      00000000 
 937      00000000 
 937      00000000 
 937      00000000 
 938              		.text
 939              	.Letext0:
 940              		.file 1 "c:\\program files (x86)\\cypress\\psoc creator\\4.3\\psoc creator\\import\\gnu\\arm\\5.4.
 941              		.file 2 "c:\\program files (x86)\\cypress\\psoc creator\\4.3\\psoc creator\\import\\gnu\\arm\\5.4.
 942              		.file 3 "Generated_Source\\PSoC5\\cymetadata.c"
 943              		.section	.debug_info,"",%progbits
 944              	.Ldebug_info0:
 945 0000 31010000 		.4byte	0x131
 946 0004 0400     		.2byte	0x4
 947 0006 00000000 		.4byte	.Ldebug_abbrev0
 948 000a 04       		.byte	0x4
 949 000b 01       		.uleb128 0x1
 950 000c 86000000 		.4byte	.LASF17
 951 0010 0C       		.byte	0xc
 952 0011 E0010000 		.4byte	.LASF18
 953 0015 0A000000 		.4byte	.LASF19
 954 0019 00000000 		.4byte	.Ldebug_line0
 955 001d 02       		.uleb128 0x2
 956 001e 01       		.byte	0x1
 957 001f 06       		.byte	0x6
 958 0020 D4010000 		.4byte	.LASF0
 959 0024 03       		.uleb128 0x3
 960 0025 00000000 		.4byte	.LASF9
 961 0029 01       		.byte	0x1
 962 002a 1D       		.byte	0x1d
 963 002b 2F000000 		.4byte	0x2f
 964 002f 02       		.uleb128 0x2
 965 0030 01       		.byte	0x1
ARM GAS  C:\Users\duver\AppData\Local\Temp\ccSCSy3k.s 			page 18


 966 0031 08       		.byte	0x8
 967 0032 78000000 		.4byte	.LASF1
 968 0036 02       		.uleb128 0x2
 969 0037 02       		.byte	0x2
 970 0038 05       		.byte	0x5
 971 0039 C1010000 		.4byte	.LASF2
 972 003d 02       		.uleb128 0x2
 973 003e 02       		.byte	0x2
 974 003f 07       		.byte	0x7
 975 0040 26010000 		.4byte	.LASF3
 976 0044 02       		.uleb128 0x2
 977 0045 04       		.byte	0x4
 978 0046 05       		.byte	0x5
 979 0047 CB010000 		.4byte	.LASF4
 980 004b 02       		.uleb128 0x2
 981 004c 04       		.byte	0x4
 982 004d 07       		.byte	0x7
 983 004e 14010000 		.4byte	.LASF5
 984 0052 02       		.uleb128 0x2
 985 0053 08       		.byte	0x8
 986 0054 05       		.byte	0x5
 987 0055 B3010000 		.4byte	.LASF6
 988 0059 02       		.uleb128 0x2
 989 005a 08       		.byte	0x8
 990 005b 07       		.byte	0x7
 991 005c 68010000 		.4byte	.LASF7
 992 0060 04       		.uleb128 0x4
 993 0061 04       		.byte	0x4
 994 0062 05       		.byte	0x5
 995 0063 696E7400 		.ascii	"int\000"
 996 0067 02       		.uleb128 0x2
 997 0068 04       		.byte	0x4
 998 0069 07       		.byte	0x7
 999 006a 5B010000 		.4byte	.LASF8
 1000 006e 03       		.uleb128 0x3
 1001 006f 7F010000 		.4byte	.LASF10
 1002 0073 02       		.byte	0x2
 1003 0074 18       		.byte	0x18
 1004 0075 24000000 		.4byte	0x24
 1005 0079 05       		.uleb128 0x5
 1006 007a 91000000 		.4byte	0x91
 1007 007e 8A000000 		.4byte	0x8a
 1008 0082 06       		.uleb128 0x6
 1009 0083 8A000000 		.4byte	0x8a
 1010 0087 6303     		.2byte	0x363
 1011 0089 00       		.byte	0
 1012 008a 02       		.uleb128 0x2
 1013 008b 04       		.byte	0x4
 1014 008c 07       		.byte	0x7
 1015 008d AA010000 		.4byte	.LASF11
 1016 0091 07       		.uleb128 0x7
 1017 0092 6E000000 		.4byte	0x6e
 1018 0096 08       		.uleb128 0x8
 1019 0097 49010000 		.4byte	.LASF12
 1020 009b 03       		.byte	0x3
 1021 009c 1F       		.byte	0x1f
 1022 009d A7000000 		.4byte	0xa7
ARM GAS  C:\Users\duver\AppData\Local\Temp\ccSCSy3k.s 			page 19


 1023 00a1 05       		.uleb128 0x5
 1024 00a2 03       		.byte	0x3
 1025 00a3 00000000 		.4byte	cy_meta_configecc
 1026 00a7 07       		.uleb128 0x7
 1027 00a8 79000000 		.4byte	0x79
 1028 00ac 05       		.uleb128 0x5
 1029 00ad 91000000 		.4byte	0x91
 1030 00b1 BC000000 		.4byte	0xbc
 1031 00b5 09       		.uleb128 0x9
 1032 00b6 8A000000 		.4byte	0x8a
 1033 00ba 03       		.byte	0x3
 1034 00bb 00       		.byte	0
 1035 00bc 08       		.uleb128 0x8
 1036 00bd 39010000 		.4byte	.LASF13
 1037 00c1 03       		.byte	0x3
 1038 00c2 99       		.byte	0x99
 1039 00c3 CD000000 		.4byte	0xcd
 1040 00c7 05       		.uleb128 0x5
 1041 00c8 03       		.byte	0x3
 1042 00c9 00000000 		.4byte	cy_meta_custnvl
 1043 00cd 07       		.uleb128 0x7
 1044 00ce AC000000 		.4byte	0xac
 1045 00d2 08       		.uleb128 0x8
 1046 00d3 9C010000 		.4byte	.LASF14
 1047 00d7 03       		.byte	0x3
 1048 00d8 A7       		.byte	0xa7
 1049 00d9 E3000000 		.4byte	0xe3
 1050 00dd 05       		.uleb128 0x5
 1051 00de 03       		.byte	0x3
 1052 00df 00000000 		.4byte	cy_meta_wonvl
 1053 00e3 07       		.uleb128 0x7
 1054 00e4 AC000000 		.4byte	0xac
 1055 00e8 05       		.uleb128 0x5
 1056 00e9 91000000 		.4byte	0x91
 1057 00ed F8000000 		.4byte	0xf8
 1058 00f1 09       		.uleb128 0x9
 1059 00f2 8A000000 		.4byte	0x8a
 1060 00f6 FF       		.byte	0xff
 1061 00f7 00       		.byte	0
 1062 00f8 08       		.uleb128 0x8
 1063 00f9 87010000 		.4byte	.LASF15
 1064 00fd 03       		.byte	0x3
 1065 00fe B5       		.byte	0xb5
 1066 00ff 09010000 		.4byte	0x109
 1067 0103 05       		.uleb128 0x5
 1068 0104 03       		.byte	0x3
 1069 0105 00000000 		.4byte	cy_meta_flashprotect
 1070 0109 07       		.uleb128 0x7
 1071 010a E8000000 		.4byte	0xe8
 1072 010e 05       		.uleb128 0x5
 1073 010f 91000000 		.4byte	0x91
 1074 0113 1E010000 		.4byte	0x11e
 1075 0117 09       		.uleb128 0x9
 1076 0118 8A000000 		.4byte	0x8a
 1077 011c 0B       		.byte	0xb
 1078 011d 00       		.byte	0
 1079 011e 08       		.uleb128 0x8
ARM GAS  C:\Users\duver\AppData\Local\Temp\ccSCSy3k.s 			page 20


 1080 011f 6C000000 		.4byte	.LASF16
 1081 0123 03       		.byte	0x3
 1082 0124 E2       		.byte	0xe2
 1083 0125 2F010000 		.4byte	0x12f
 1084 0129 05       		.uleb128 0x5
 1085 012a 03       		.byte	0x3
 1086 012b 00000000 		.4byte	cy_metadata
 1087 012f 07       		.uleb128 0x7
 1088 0130 0E010000 		.4byte	0x10e
 1089 0134 00       		.byte	0
 1090              		.section	.debug_abbrev,"",%progbits
 1091              	.Ldebug_abbrev0:
 1092 0000 01       		.uleb128 0x1
 1093 0001 11       		.uleb128 0x11
 1094 0002 01       		.byte	0x1
 1095 0003 25       		.uleb128 0x25
 1096 0004 0E       		.uleb128 0xe
 1097 0005 13       		.uleb128 0x13
 1098 0006 0B       		.uleb128 0xb
 1099 0007 03       		.uleb128 0x3
 1100 0008 0E       		.uleb128 0xe
 1101 0009 1B       		.uleb128 0x1b
 1102 000a 0E       		.uleb128 0xe
 1103 000b 10       		.uleb128 0x10
 1104 000c 17       		.uleb128 0x17
 1105 000d 00       		.byte	0
 1106 000e 00       		.byte	0
 1107 000f 02       		.uleb128 0x2
 1108 0010 24       		.uleb128 0x24
 1109 0011 00       		.byte	0
 1110 0012 0B       		.uleb128 0xb
 1111 0013 0B       		.uleb128 0xb
 1112 0014 3E       		.uleb128 0x3e
 1113 0015 0B       		.uleb128 0xb
 1114 0016 03       		.uleb128 0x3
 1115 0017 0E       		.uleb128 0xe
 1116 0018 00       		.byte	0
 1117 0019 00       		.byte	0
 1118 001a 03       		.uleb128 0x3
 1119 001b 16       		.uleb128 0x16
 1120 001c 00       		.byte	0
 1121 001d 03       		.uleb128 0x3
 1122 001e 0E       		.uleb128 0xe
 1123 001f 3A       		.uleb128 0x3a
 1124 0020 0B       		.uleb128 0xb
 1125 0021 3B       		.uleb128 0x3b
 1126 0022 0B       		.uleb128 0xb
 1127 0023 49       		.uleb128 0x49
 1128 0024 13       		.uleb128 0x13
 1129 0025 00       		.byte	0
 1130 0026 00       		.byte	0
 1131 0027 04       		.uleb128 0x4
 1132 0028 24       		.uleb128 0x24
 1133 0029 00       		.byte	0
 1134 002a 0B       		.uleb128 0xb
 1135 002b 0B       		.uleb128 0xb
 1136 002c 3E       		.uleb128 0x3e
ARM GAS  C:\Users\duver\AppData\Local\Temp\ccSCSy3k.s 			page 21


 1137 002d 0B       		.uleb128 0xb
 1138 002e 03       		.uleb128 0x3
 1139 002f 08       		.uleb128 0x8
 1140 0030 00       		.byte	0
 1141 0031 00       		.byte	0
 1142 0032 05       		.uleb128 0x5
 1143 0033 01       		.uleb128 0x1
 1144 0034 01       		.byte	0x1
 1145 0035 49       		.uleb128 0x49
 1146 0036 13       		.uleb128 0x13
 1147 0037 01       		.uleb128 0x1
 1148 0038 13       		.uleb128 0x13
 1149 0039 00       		.byte	0
 1150 003a 00       		.byte	0
 1151 003b 06       		.uleb128 0x6
 1152 003c 21       		.uleb128 0x21
 1153 003d 00       		.byte	0
 1154 003e 49       		.uleb128 0x49
 1155 003f 13       		.uleb128 0x13
 1156 0040 2F       		.uleb128 0x2f
 1157 0041 05       		.uleb128 0x5
 1158 0042 00       		.byte	0
 1159 0043 00       		.byte	0
 1160 0044 07       		.uleb128 0x7
 1161 0045 26       		.uleb128 0x26
 1162 0046 00       		.byte	0
 1163 0047 49       		.uleb128 0x49
 1164 0048 13       		.uleb128 0x13
 1165 0049 00       		.byte	0
 1166 004a 00       		.byte	0
 1167 004b 08       		.uleb128 0x8
 1168 004c 34       		.uleb128 0x34
 1169 004d 00       		.byte	0
 1170 004e 03       		.uleb128 0x3
 1171 004f 0E       		.uleb128 0xe
 1172 0050 3A       		.uleb128 0x3a
 1173 0051 0B       		.uleb128 0xb
 1174 0052 3B       		.uleb128 0x3b
 1175 0053 0B       		.uleb128 0xb
 1176 0054 49       		.uleb128 0x49
 1177 0055 13       		.uleb128 0x13
 1178 0056 3F       		.uleb128 0x3f
 1179 0057 19       		.uleb128 0x19
 1180 0058 02       		.uleb128 0x2
 1181 0059 18       		.uleb128 0x18
 1182 005a 00       		.byte	0
 1183 005b 00       		.byte	0
 1184 005c 09       		.uleb128 0x9
 1185 005d 21       		.uleb128 0x21
 1186 005e 00       		.byte	0
 1187 005f 49       		.uleb128 0x49
 1188 0060 13       		.uleb128 0x13
 1189 0061 2F       		.uleb128 0x2f
 1190 0062 0B       		.uleb128 0xb
 1191 0063 00       		.byte	0
 1192 0064 00       		.byte	0
 1193 0065 00       		.byte	0
ARM GAS  C:\Users\duver\AppData\Local\Temp\ccSCSy3k.s 			page 22


 1194              		.section	.debug_aranges,"",%progbits
 1195 0000 14000000 		.4byte	0x14
 1196 0004 0200     		.2byte	0x2
 1197 0006 00000000 		.4byte	.Ldebug_info0
 1198 000a 04       		.byte	0x4
 1199 000b 00       		.byte	0
 1200 000c 0000     		.2byte	0
 1201 000e 0000     		.2byte	0
 1202 0010 00000000 		.4byte	0
 1203 0014 00000000 		.4byte	0
 1204              		.section	.debug_line,"",%progbits
 1205              	.Ldebug_line0:
 1206 0000 3D010000 		.section	.debug_str,"MS",%progbits,1
 1206      02003701 
 1206      00000201 
 1206      FB0E0D00 
 1206      01010101 
 1207              	.LASF9:
 1208 0000 5F5F7569 		.ascii	"__uint8_t\000"
 1208      6E74385F 
 1208      7400
 1209              	.LASF19:
 1210 000a 433A5C55 		.ascii	"C:\\Users\\duver\\OneDrive\\Documents\\Classes\\Cou"
 1210      73657273 
 1210      5C647576 
 1210      65725C4F 
 1210      6E654472 
 1211 0037 72736572 		.ascii	"rsera\\Sensors\\Lab1 - Workspace01\\RotaryEncoder.c"
 1211      615C5365 
 1211      6E736F72 
 1211      735C4C61 
 1211      6231202D 
 1212 0067 7964736E 		.ascii	"ydsn\000"
 1212      00
 1213              	.LASF16:
 1214 006c 63795F6D 		.ascii	"cy_metadata\000"
 1214      65746164 
 1214      61746100 
 1215              	.LASF1:
 1216 0078 756E7369 		.ascii	"unsigned char\000"
 1216      676E6564 
 1216      20636861 
 1216      7200
 1217              	.LASF17:
 1218 0086 474E5520 		.ascii	"GNU C11 5.4.1 20160609 (release) [ARM/embedded-5-br"
 1218      43313120 
 1218      352E342E 
 1218      31203230 
 1218      31363036 
 1219 00b9 616E6368 		.ascii	"anch revision 237715] -mcpu=cortex-m3 -mthumb -g -O"
 1219      20726576 
 1219      6973696F 
 1219      6E203233 
 1219      37373135 
 1220 00ec 67202D66 		.ascii	"g -ffunction-sections -ffat-lto-objects\000"
 1220      66756E63 
 1220      74696F6E 
ARM GAS  C:\Users\duver\AppData\Local\Temp\ccSCSy3k.s 			page 23


 1220      2D736563 
 1220      74696F6E 
 1221              	.LASF5:
 1222 0114 6C6F6E67 		.ascii	"long unsigned int\000"
 1222      20756E73 
 1222      69676E65 
 1222      6420696E 
 1222      7400
 1223              	.LASF3:
 1224 0126 73686F72 		.ascii	"short unsigned int\000"
 1224      7420756E 
 1224      7369676E 
 1224      65642069 
 1224      6E7400
 1225              	.LASF13:
 1226 0139 63795F6D 		.ascii	"cy_meta_custnvl\000"
 1226      6574615F 
 1226      63757374 
 1226      6E766C00 
 1227              	.LASF12:
 1228 0149 63795F6D 		.ascii	"cy_meta_configecc\000"
 1228      6574615F 
 1228      636F6E66 
 1228      69676563 
 1228      6300
 1229              	.LASF8:
 1230 015b 756E7369 		.ascii	"unsigned int\000"
 1230      676E6564 
 1230      20696E74 
 1230      00
 1231              	.LASF7:
 1232 0168 6C6F6E67 		.ascii	"long long unsigned int\000"
 1232      206C6F6E 
 1232      6720756E 
 1232      7369676E 
 1232      65642069 
 1233              	.LASF10:
 1234 017f 75696E74 		.ascii	"uint8_t\000"
 1234      385F7400 
 1235              	.LASF15:
 1236 0187 63795F6D 		.ascii	"cy_meta_flashprotect\000"
 1236      6574615F 
 1236      666C6173 
 1236      6870726F 
 1236      74656374 
 1237              	.LASF14:
 1238 019c 63795F6D 		.ascii	"cy_meta_wonvl\000"
 1238      6574615F 
 1238      776F6E76 
 1238      6C00
 1239              	.LASF11:
 1240 01aa 73697A65 		.ascii	"sizetype\000"
 1240      74797065 
 1240      00
 1241              	.LASF6:
 1242 01b3 6C6F6E67 		.ascii	"long long int\000"
 1242      206C6F6E 
ARM GAS  C:\Users\duver\AppData\Local\Temp\ccSCSy3k.s 			page 24


 1242      6720696E 
 1242      7400
 1243              	.LASF2:
 1244 01c1 73686F72 		.ascii	"short int\000"
 1244      7420696E 
 1244      7400
 1245              	.LASF4:
 1246 01cb 6C6F6E67 		.ascii	"long int\000"
 1246      20696E74 
 1246      00
 1247              	.LASF0:
 1248 01d4 7369676E 		.ascii	"signed char\000"
 1248      65642063 
 1248      68617200 
 1249              	.LASF18:
 1250 01e0 47656E65 		.ascii	"Generated_Source\\PSoC5\\cymetadata.c\000"
 1250      72617465 
 1250      645F536F 
 1250      75726365 
 1250      5C50536F 
 1251              		.ident	"GCC: (GNU Tools for ARM Embedded Processors) 5.4.1 20160609 (release) [ARM/embedded-5-bran
