ARM GAS  C:\Users\duver\AppData\Local\Temp\ccPEUCG7.s 			page 1


   1              		.syntax unified
   2              		.cpu cortex-m3
   3              		.fpu softvfp
   4              		.eabi_attribute 20, 1
   5              		.eabi_attribute 21, 1
   6              		.eabi_attribute 23, 3
   7              		.eabi_attribute 24, 1
   8              		.eabi_attribute 25, 1
   9              		.eabi_attribute 26, 1
  10              		.eabi_attribute 30, 1
  11              		.eabi_attribute 34, 1
  12              		.eabi_attribute 18, 4
  13              		.thumb
  14              		.syntax unified
  15              		.file	"main.c"
  16              		.text
  17              	.Ltext0:
  18              		.cfi_sections	.debug_frame
  19              		.global	__aeabi_i2f
  20              		.global	__aeabi_fdiv
  21              		.global	__aeabi_f2uiz
  22              		.section	.text.main,"ax",%progbits
  23              		.align	2
  24              		.global	main
  25              		.thumb
  26              		.thumb_func
  27              		.type	main, %function
  28              	main:
  29              	.LFB64:
  30              		.file 1 "main.c"
   1:main.c        **** /* ========================================
   2:main.c        ****  *
   3:main.c        ****  * Copyright YOUR COMPANY, THE YEAR
   4:main.c        ****  * All Rights Reserved
   5:main.c        ****  * UNPUBLISHED, LICENSED SOFTWARE.
   6:main.c        ****  *
   7:main.c        ****  * CONFIDENTIAL AND PROPRIETARY INFORMATION
   8:main.c        ****  * WHICH IS THE PROPERTY OF your company.
   9:main.c        ****  *
  10:main.c        ****  * ========================================
  11:main.c        **** */
  12:main.c        **** #include "stdio.h"
  13:main.c        **** #include "project.h"
  14:main.c        **** 
  15:main.c        **** int main(void)
  16:main.c        **** {
  31              		.loc 1 16 0
  32              		.cfi_startproc
  33              		@ args = 0, pretend = 0, frame = 0
  34              		@ frame_needed = 0, uses_anonymous_args = 0
  35 0000 10B5     		push	{r4, lr}
  36              		.cfi_def_cfa_offset 8
  37              		.cfi_offset 4, -8
  38              		.cfi_offset 14, -4
  17:main.c        ****     CyGlobalIntEnable; /* Enable global interrupts. */
  39              		.loc 1 17 0
  40              		.syntax unified
ARM GAS  C:\Users\duver\AppData\Local\Temp\ccPEUCG7.s 			page 2


  41              	@ 17 "main.c" 1
  42 0002 62B6     		CPSIE   i
  43              	@ 0 "" 2
  44              	.LVL0:
  18:main.c        ****     
  19:main.c        ****     uint16 voltage_sample = 0;
  20:main.c        ****     uint16 test = 0;
  21:main.c        ****     float Ka = 0.3466;   // Volts / RPM
  22:main.c        ****     float rpm = 0;
  23:main.c        ****     float a = 5.2;
  24:main.c        ****     uint16 converted_sample = 0;
  25:main.c        ****     int32 voltCount = 0;
  26:main.c        ****     
  27:main.c        ****     char displayStr[15] = {'\0'};
  28:main.c        ****     
  29:main.c        ****     /* Variable to hold the result in millivolts converted from ADC counts */
  30:main.c        ****     int32 mVolts = 0;
  31:main.c        ****    
  32:main.c        ****     // Initialization / Startup
  33:main.c        ****     ADC_SAR_Start();
  45              		.loc 1 33 0
  46              		.thumb
  47              		.syntax unified
  48 0004 FFF7FEFF 		bl	ADC_SAR_Start
  49              	.LVL1:
  34:main.c        ****     // Turn motor off
  35:main.c        ****     P12_6_Write(0);
  50              		.loc 1 35 0
  51 0008 0020     		movs	r0, #0
  52 000a FFF7FEFF 		bl	P12_6_Write
  53              	.LVL2:
  36:main.c        ****     
  37:main.c        ****     LCD_Start();
  54              		.loc 1 37 0
  55 000e FFF7FEFF 		bl	LCD_Start
  56              	.LVL3:
  38:main.c        ****     LCD_Position(0,0);
  57              		.loc 1 38 0
  58 0012 0021     		movs	r1, #0
  59 0014 0846     		mov	r0, r1
  60 0016 FFF7FEFF 		bl	LCD_Position
  61              	.LVL4:
  39:main.c        ****     LCD_PrintString("Motor Test");
  62              		.loc 1 39 0
  63 001a 2E48     		ldr	r0, .L4
  64 001c FFF7FEFF 		bl	LCD_PrintString
  65              	.LVL5:
  40:main.c        ****     
  41:main.c        ****     CyDelay(1000);
  66              		.loc 1 41 0
  67 0020 4FF47A70 		mov	r0, #1000
  68 0024 FFF7FEFF 		bl	CyDelay
  69              	.LVL6:
  70              	.L2:
  42:main.c        **** 
  43:main.c        ****     for(;;)
  44:main.c        ****     {
ARM GAS  C:\Users\duver\AppData\Local\Temp\ccPEUCG7.s 			page 3


  45:main.c        ****         // Turn Motor On
  46:main.c        ****         P12_6_Write(1);
  71              		.loc 1 46 0 discriminator 1
  72 0028 0120     		movs	r0, #1
  73 002a FFF7FEFF 		bl	P12_6_Write
  74              	.LVL7:
  47:main.c        ****         voltCount = ADC_SAR_GetResult16();
  75              		.loc 1 47 0 discriminator 1
  76 002e FFF7FEFF 		bl	ADC_SAR_GetResult16
  77              	.LVL8:
  78 0032 0446     		mov	r4, r0
  79              	.LVL9:
  48:main.c        ****                 
  49:main.c        ****         // LCD Display update (same every loop)
  50:main.c        ****         LCD_ClearDisplay();
  80              		.loc 1 50 0 discriminator 1
  81 0034 0120     		movs	r0, #1
  82 0036 FFF7FEFF 		bl	LCD_WriteControl
  83              	.LVL10:
  51:main.c        ****         LCD_IsReady();
  84              		.loc 1 51 0 discriminator 1
  85 003a FFF7FEFF 		bl	LCD_IsReady
  86              	.LVL11:
  52:main.c        ****         LCD_Position(0,0);
  87              		.loc 1 52 0 discriminator 1
  88 003e 0021     		movs	r1, #0
  89 0040 0846     		mov	r0, r1
  90 0042 FFF7FEFF 		bl	LCD_Position
  91              	.LVL12:
  53:main.c        ****         LCD_PrintString("speed:");
  92              		.loc 1 53 0 discriminator 1
  93 0046 2448     		ldr	r0, .L4+4
  94 0048 FFF7FEFF 		bl	LCD_PrintString
  95              	.LVL13:
  54:main.c        ****         LCD_Position(1,0);
  96              		.loc 1 54 0 discriminator 1
  97 004c 0021     		movs	r1, #0
  98 004e 0120     		movs	r0, #1
  99 0050 FFF7FEFF 		bl	LCD_Position
 100              	.LVL14:
  55:main.c        ****         LCD_PrintString("voltage:");
 101              		.loc 1 55 0 discriminator 1
 102 0054 2148     		ldr	r0, .L4+8
 103 0056 FFF7FEFF 		bl	LCD_PrintString
 104              	.LVL15:
  56:main.c        ****         LCD_Position(0, 13);
 105              		.loc 1 56 0 discriminator 1
 106 005a 0D21     		movs	r1, #13
 107 005c 0020     		movs	r0, #0
 108 005e FFF7FEFF 		bl	LCD_Position
 109              	.LVL16:
  57:main.c        ****         LCD_PrintString("RPM");
 110              		.loc 1 57 0 discriminator 1
 111 0062 1F48     		ldr	r0, .L4+12
 112 0064 FFF7FEFF 		bl	LCD_PrintString
 113              	.LVL17:
  58:main.c        ****         LCD_Position(1, 14);
ARM GAS  C:\Users\duver\AppData\Local\Temp\ccPEUCG7.s 			page 4


 114              		.loc 1 58 0 discriminator 1
 115 0068 0E21     		movs	r1, #14
 116 006a 0120     		movs	r0, #1
 117 006c FFF7FEFF 		bl	LCD_Position
 118              	.LVL18:
  59:main.c        ****         LCD_PrintString("mV");
 119              		.loc 1 59 0 discriminator 1
 120 0070 1C48     		ldr	r0, .L4+16
 121 0072 FFF7FEFF 		bl	LCD_PrintString
 122              	.LVL19:
  60:main.c        **** 
  61:main.c        ****         // LCD Display speed and voltage (change every loop)
  62:main.c        ****         LCD_Position(1, 9);
 123              		.loc 1 62 0 discriminator 1
 124 0076 0921     		movs	r1, #9
 125 0078 0120     		movs	r0, #1
 126 007a FFF7FEFF 		bl	LCD_Position
 127              	.LVL20:
  63:main.c        ****         mVolts = ADC_SAR_CountsTo_mVolts(voltCount);
 128              		.loc 1 63 0 discriminator 1
 129 007e 2046     		mov	r0, r4
 130 0080 FFF7FEFF 		bl	ADC_SAR_CountsTo_mVolts
 131              	.LVL21:
 132 0084 0446     		mov	r4, r0
 133              	.LVL22:
  64:main.c        ****         LCD_PrintNumber(mVolts);
 134              		.loc 1 64 0 discriminator 1
 135 0086 80B2     		uxth	r0, r0
 136              	.LVL23:
 137 0088 FFF7FEFF 		bl	LCD_PrintU32Number
 138              	.LVL24:
  65:main.c        ****         rpm = (float )(5000-mVolts) / Ka;
 139              		.loc 1 65 0 discriminator 1
 140 008c C4F59C50 		rsb	r0, r4, #4992
 141 0090 0830     		adds	r0, r0, #8
 142 0092 FFF7FEFF 		bl	__aeabi_i2f
 143              	.LVL25:
 144 0096 1449     		ldr	r1, .L4+20
 145 0098 FFF7FEFF 		bl	__aeabi_fdiv
 146              	.LVL26:
 147 009c 0446     		mov	r4, r0
 148              	.LVL27:
  66:main.c        ****         LCD_Position(0,7);
 149              		.loc 1 66 0 discriminator 1
 150 009e 0721     		movs	r1, #7
 151 00a0 0020     		movs	r0, #0
 152              	.LVL28:
 153 00a2 FFF7FEFF 		bl	LCD_Position
 154              	.LVL29:
  67:main.c        ****         LCD_PrintNumber(rpm);
 155              		.loc 1 67 0 discriminator 1
 156 00a6 2046     		mov	r0, r4
 157 00a8 FFF7FEFF 		bl	__aeabi_f2uiz
 158              	.LVL30:
 159 00ac 80B2     		uxth	r0, r0
 160 00ae FFF7FEFF 		bl	LCD_PrintU32Number
 161              	.LVL31:
ARM GAS  C:\Users\duver\AppData\Local\Temp\ccPEUCG7.s 			page 5


  68:main.c        ****         
  69:main.c        ****         // Let it run for 1 second
  70:main.c        ****         CyDelay(1000); 
 162              		.loc 1 70 0 discriminator 1
 163 00b2 4FF47A70 		mov	r0, #1000
 164 00b6 FFF7FEFF 		bl	CyDelay
 165              	.LVL32:
  71:main.c        ****         // Turn Motor Off
  72:main.c        ****         P12_6_Write(0);
 166              		.loc 1 72 0 discriminator 1
 167 00ba 0020     		movs	r0, #0
 168 00bc FFF7FEFF 		bl	P12_6_Write
 169              	.LVL33:
  73:main.c        **** 
  74:main.c        ****         // Short 1us delay before sampling
  75:main.c        ****         CyDelayUs(25);
 170              		.loc 1 75 0 discriminator 1
 171 00c0 1920     		movs	r0, #25
 172 00c2 FFF7FEFF 		bl	CyDelayUs
 173              	.LVL34:
  76:main.c        ****         ADC_SAR_StartConvert();
 174              		.loc 1 76 0 discriminator 1
 175 00c6 FFF7FEFF 		bl	ADC_SAR_StartConvert
 176              	.LVL35:
  77:main.c        ****         ADC_SAR_IsEndConversion(ADC_SAR_WAIT_FOR_RESULT);
 177              		.loc 1 77 0 discriminator 1
 178 00ca 0020     		movs	r0, #0
 179 00cc FFF7FEFF 		bl	ADC_SAR_IsEndConversion
 180              	.LVL36:
 181 00d0 AAE7     		b	.L2
 182              	.L5:
 183 00d2 00BF     		.align	2
 184              	.L4:
 185 00d4 00000000 		.word	.LC0
 186 00d8 0C000000 		.word	.LC1
 187 00dc 14000000 		.word	.LC2
 188 00e0 20000000 		.word	.LC3
 189 00e4 24000000 		.word	.LC4
 190 00e8 8E75B13E 		.word	1051817358
 191              		.cfi_endproc
 192              	.LFE64:
 193              		.size	main, .-main
 194              		.section	.rodata.str1.4,"aMS",%progbits,1
 195              		.align	2
 196              	.LC0:
 197 0000 4D6F746F 		.ascii	"Motor Test\000"
 197      72205465 
 197      737400
 198 000b 00       		.space	1
 199              	.LC1:
 200 000c 73706565 		.ascii	"speed:\000"
 200      643A00
 201 0013 00       		.space	1
 202              	.LC2:
 203 0014 766F6C74 		.ascii	"voltage:\000"
 203      6167653A 
 203      00
ARM GAS  C:\Users\duver\AppData\Local\Temp\ccPEUCG7.s 			page 6


 204 001d 000000   		.space	3
 205              	.LC3:
 206 0020 52504D00 		.ascii	"RPM\000"
 207              	.LC4:
 208 0024 6D5600   		.ascii	"mV\000"
 209              		.text
 210              	.Letext0:
 211              		.file 2 "c:\\program files (x86)\\cypress\\psoc creator\\4.3\\psoc creator\\import\\gnu\\arm\\5.4.
 212              		.file 3 "c:\\program files (x86)\\cypress\\psoc creator\\4.3\\psoc creator\\import\\gnu\\arm\\5.4.
 213              		.file 4 "Generated_Source\\PSoC5/cytypes.h"
 214              		.file 5 "Generated_Source\\PSoC5/ADC_SAR.h"
 215              		.file 6 "Generated_Source\\PSoC5/P12_6.h"
 216              		.file 7 "Generated_Source\\PSoC5/LCD.h"
 217              		.file 8 "Generated_Source\\PSoC5/CyLib.h"
 218              		.file 9 "Generated_Source\\PSoC5/core_cm3.h"
 219              		.section	.debug_info,"",%progbits
 220              	.Ldebug_info0:
 221 0000 0D040000 		.4byte	0x40d
 222 0004 0400     		.2byte	0x4
 223 0006 00000000 		.4byte	.Ldebug_abbrev0
 224 000a 04       		.byte	0x4
 225 000b 01       		.uleb128 0x1
 226 000c 84000000 		.4byte	.LASF37
 227 0010 0C       		.byte	0xc
 228 0011 73020000 		.4byte	.LASF38
 229 0015 4C010000 		.4byte	.LASF39
 230 0019 00000000 		.4byte	.Ldebug_ranges0+0
 231 001d 00000000 		.4byte	0
 232 0021 00000000 		.4byte	.Ldebug_line0
 233 0025 02       		.uleb128 0x2
 234 0026 01       		.byte	0x1
 235 0027 06       		.byte	0x6
 236 0028 B7020000 		.4byte	.LASF0
 237 002c 02       		.uleb128 0x2
 238 002d 01       		.byte	0x1
 239 002e 08       		.byte	0x8
 240 002f 76000000 		.4byte	.LASF1
 241 0033 02       		.uleb128 0x2
 242 0034 02       		.byte	0x2
 243 0035 05       		.byte	0x5
 244 0036 8A020000 		.4byte	.LASF2
 245 003a 02       		.uleb128 0x2
 246 003b 02       		.byte	0x2
 247 003c 07       		.byte	0x7
 248 003d 34000000 		.4byte	.LASF3
 249 0041 03       		.uleb128 0x3
 250 0042 1B000000 		.4byte	.LASF12
 251 0046 02       		.byte	0x2
 252 0047 3F       		.byte	0x3f
 253 0048 4C000000 		.4byte	0x4c
 254 004c 02       		.uleb128 0x2
 255 004d 04       		.byte	0x4
 256 004e 05       		.byte	0x5
 257 004f A2020000 		.4byte	.LASF4
 258 0053 02       		.uleb128 0x2
 259 0054 04       		.byte	0x4
 260 0055 07       		.byte	0x7
ARM GAS  C:\Users\duver\AppData\Local\Temp\ccPEUCG7.s 			page 7


 261 0056 12010000 		.4byte	.LASF5
 262 005a 02       		.uleb128 0x2
 263 005b 08       		.byte	0x8
 264 005c 05       		.byte	0x5
 265 005d 65020000 		.4byte	.LASF6
 266 0061 02       		.uleb128 0x2
 267 0062 08       		.byte	0x8
 268 0063 07       		.byte	0x7
 269 0064 5F000000 		.4byte	.LASF7
 270 0068 04       		.uleb128 0x4
 271 0069 04       		.byte	0x4
 272 006a 05       		.byte	0x5
 273 006b 696E7400 		.ascii	"int\000"
 274 006f 02       		.uleb128 0x2
 275 0070 04       		.byte	0x4
 276 0071 07       		.byte	0x7
 277 0072 E7010000 		.4byte	.LASF8
 278 0076 02       		.uleb128 0x2
 279 0077 08       		.byte	0x8
 280 0078 04       		.byte	0x4
 281 0079 AB020000 		.4byte	.LASF9
 282 007d 02       		.uleb128 0x2
 283 007e 04       		.byte	0x4
 284 007f 07       		.byte	0x7
 285 0080 44020000 		.4byte	.LASF10
 286 0084 02       		.uleb128 0x2
 287 0085 01       		.byte	0x1
 288 0086 08       		.byte	0x8
 289 0087 7A020000 		.4byte	.LASF11
 290 008b 03       		.uleb128 0x3
 291 008c 47000000 		.4byte	.LASF13
 292 0090 03       		.byte	0x3
 293 0091 2C       		.byte	0x2c
 294 0092 41000000 		.4byte	0x41
 295 0096 05       		.uleb128 0x5
 296 0097 B0010000 		.4byte	.LASF14
 297 009b 04       		.byte	0x4
 298 009c E501     		.2byte	0x1e5
 299 009e 3A000000 		.4byte	0x3a
 300 00a2 05       		.uleb128 0x5
 301 00a3 39010000 		.4byte	.LASF15
 302 00a7 04       		.byte	0x4
 303 00a8 E901     		.2byte	0x1e9
 304 00aa 4C000000 		.4byte	0x4c
 305 00ae 02       		.uleb128 0x2
 306 00af 04       		.byte	0x4
 307 00b0 04       		.byte	0x4
 308 00b1 4F000000 		.4byte	.LASF16
 309 00b5 02       		.uleb128 0x2
 310 00b6 08       		.byte	0x8
 311 00b7 04       		.byte	0x4
 312 00b8 A9010000 		.4byte	.LASF17
 313 00bc 06       		.uleb128 0x6
 314 00bd B7010000 		.4byte	.LASF40
 315 00c1 01       		.byte	0x1
 316 00c2 0F       		.byte	0xf
 317 00c3 68000000 		.4byte	0x68
ARM GAS  C:\Users\duver\AppData\Local\Temp\ccPEUCG7.s 			page 8


 318 00c7 00000000 		.4byte	.LFB64
 319 00cb EC000000 		.4byte	.LFE64-.LFB64
 320 00cf 01       		.uleb128 0x1
 321 00d0 9C       		.byte	0x9c
 322 00d1 55030000 		.4byte	0x355
 323 00d5 07       		.uleb128 0x7
 324 00d6 25000000 		.4byte	.LASF18
 325 00da 01       		.byte	0x1
 326 00db 13       		.byte	0x13
 327 00dc 96000000 		.4byte	0x96
 328 00e0 00       		.byte	0
 329 00e1 07       		.uleb128 0x7
 330 00e2 E2010000 		.4byte	.LASF19
 331 00e6 01       		.byte	0x1
 332 00e7 14       		.byte	0x14
 333 00e8 96000000 		.4byte	0x96
 334 00ec 00       		.byte	0
 335 00ed 08       		.uleb128 0x8
 336 00ee 4B6100   		.ascii	"Ka\000"
 337 00f1 01       		.byte	0x1
 338 00f2 15       		.byte	0x15
 339 00f3 AE000000 		.4byte	0xae
 340 00f7 04       		.byte	0x4
 341 00f8 8E75B13E 		.4byte	0x3eb1758e
 342 00fc 09       		.uleb128 0x9
 343 00fd 72706D00 		.ascii	"rpm\000"
 344 0101 01       		.byte	0x1
 345 0102 16       		.byte	0x16
 346 0103 AE000000 		.4byte	0xae
 347 0107 00000000 		.4byte	.LLST0
 348 010b 08       		.uleb128 0x8
 349 010c 6100     		.ascii	"a\000"
 350 010e 01       		.byte	0x1
 351 010f 17       		.byte	0x17
 352 0110 AE000000 		.4byte	0xae
 353 0114 04       		.byte	0x4
 354 0115 6666A640 		.4byte	0x40a66666
 355 0119 07       		.uleb128 0x7
 356 011a 0C020000 		.4byte	.LASF20
 357 011e 01       		.byte	0x1
 358 011f 18       		.byte	0x18
 359 0120 96000000 		.4byte	0x96
 360 0124 00       		.byte	0
 361 0125 0A       		.uleb128 0xa
 362 0126 00000000 		.4byte	.LASF21
 363 012a 01       		.byte	0x1
 364 012b 19       		.byte	0x19
 365 012c A2000000 		.4byte	0xa2
 366 0130 2E000000 		.4byte	.LLST1
 367 0134 0B       		.uleb128 0xb
 368 0135 7F020000 		.4byte	.LASF41
 369 0139 01       		.byte	0x1
 370 013a 1B       		.byte	0x1b
 371 013b 55030000 		.4byte	0x355
 372 013f 0A       		.uleb128 0xa
 373 0140 3D020000 		.4byte	.LASF22
 374 0144 01       		.byte	0x1
ARM GAS  C:\Users\duver\AppData\Local\Temp\ccPEUCG7.s 			page 9


 375 0145 1E       		.byte	0x1e
 376 0146 A2000000 		.4byte	0xa2
 377 014a 53000000 		.4byte	.LLST2
 378 014e 0C       		.uleb128 0xc
 379 014f 08000000 		.4byte	.LVL1
 380 0153 76030000 		.4byte	0x376
 381 0157 0D       		.uleb128 0xd
 382 0158 0E000000 		.4byte	.LVL2
 383 015c 81030000 		.4byte	0x381
 384 0160 6A010000 		.4byte	0x16a
 385 0164 0E       		.uleb128 0xe
 386 0165 01       		.uleb128 0x1
 387 0166 50       		.byte	0x50
 388 0167 01       		.uleb128 0x1
 389 0168 30       		.byte	0x30
 390 0169 00       		.byte	0
 391 016a 0C       		.uleb128 0xc
 392 016b 12000000 		.4byte	.LVL3
 393 016f 8C030000 		.4byte	0x38c
 394 0173 0D       		.uleb128 0xd
 395 0174 1A000000 		.4byte	.LVL4
 396 0178 97030000 		.4byte	0x397
 397 017c 8B010000 		.4byte	0x18b
 398 0180 0E       		.uleb128 0xe
 399 0181 01       		.uleb128 0x1
 400 0182 50       		.byte	0x50
 401 0183 01       		.uleb128 0x1
 402 0184 30       		.byte	0x30
 403 0185 0E       		.uleb128 0xe
 404 0186 01       		.uleb128 0x1
 405 0187 51       		.byte	0x51
 406 0188 01       		.uleb128 0x1
 407 0189 30       		.byte	0x30
 408 018a 00       		.byte	0
 409 018b 0D       		.uleb128 0xd
 410 018c 20000000 		.4byte	.LVL5
 411 0190 A2030000 		.4byte	0x3a2
 412 0194 A2010000 		.4byte	0x1a2
 413 0198 0E       		.uleb128 0xe
 414 0199 01       		.uleb128 0x1
 415 019a 50       		.byte	0x50
 416 019b 05       		.uleb128 0x5
 417 019c 03       		.byte	0x3
 418 019d 00000000 		.4byte	.LC0
 419 01a1 00       		.byte	0
 420 01a2 0D       		.uleb128 0xd
 421 01a3 28000000 		.4byte	.LVL6
 422 01a7 AD030000 		.4byte	0x3ad
 423 01ab B7010000 		.4byte	0x1b7
 424 01af 0E       		.uleb128 0xe
 425 01b0 01       		.uleb128 0x1
 426 01b1 50       		.byte	0x50
 427 01b2 03       		.uleb128 0x3
 428 01b3 0A       		.byte	0xa
 429 01b4 E803     		.2byte	0x3e8
 430 01b6 00       		.byte	0
 431 01b7 0D       		.uleb128 0xd
ARM GAS  C:\Users\duver\AppData\Local\Temp\ccPEUCG7.s 			page 10


 432 01b8 2E000000 		.4byte	.LVL7
 433 01bc 81030000 		.4byte	0x381
 434 01c0 CA010000 		.4byte	0x1ca
 435 01c4 0E       		.uleb128 0xe
 436 01c5 01       		.uleb128 0x1
 437 01c6 50       		.byte	0x50
 438 01c7 01       		.uleb128 0x1
 439 01c8 31       		.byte	0x31
 440 01c9 00       		.byte	0
 441 01ca 0C       		.uleb128 0xc
 442 01cb 32000000 		.4byte	.LVL8
 443 01cf B8030000 		.4byte	0x3b8
 444 01d3 0D       		.uleb128 0xd
 445 01d4 3A000000 		.4byte	.LVL10
 446 01d8 C3030000 		.4byte	0x3c3
 447 01dc E6010000 		.4byte	0x1e6
 448 01e0 0E       		.uleb128 0xe
 449 01e1 01       		.uleb128 0x1
 450 01e2 50       		.byte	0x50
 451 01e3 01       		.uleb128 0x1
 452 01e4 31       		.byte	0x31
 453 01e5 00       		.byte	0
 454 01e6 0C       		.uleb128 0xc
 455 01e7 3E000000 		.4byte	.LVL11
 456 01eb CE030000 		.4byte	0x3ce
 457 01ef 0D       		.uleb128 0xd
 458 01f0 46000000 		.4byte	.LVL12
 459 01f4 97030000 		.4byte	0x397
 460 01f8 07020000 		.4byte	0x207
 461 01fc 0E       		.uleb128 0xe
 462 01fd 01       		.uleb128 0x1
 463 01fe 50       		.byte	0x50
 464 01ff 01       		.uleb128 0x1
 465 0200 30       		.byte	0x30
 466 0201 0E       		.uleb128 0xe
 467 0202 01       		.uleb128 0x1
 468 0203 51       		.byte	0x51
 469 0204 01       		.uleb128 0x1
 470 0205 30       		.byte	0x30
 471 0206 00       		.byte	0
 472 0207 0D       		.uleb128 0xd
 473 0208 4C000000 		.4byte	.LVL13
 474 020c A2030000 		.4byte	0x3a2
 475 0210 1E020000 		.4byte	0x21e
 476 0214 0E       		.uleb128 0xe
 477 0215 01       		.uleb128 0x1
 478 0216 50       		.byte	0x50
 479 0217 05       		.uleb128 0x5
 480 0218 03       		.byte	0x3
 481 0219 0C000000 		.4byte	.LC1
 482 021d 00       		.byte	0
 483 021e 0D       		.uleb128 0xd
 484 021f 54000000 		.4byte	.LVL14
 485 0223 97030000 		.4byte	0x397
 486 0227 36020000 		.4byte	0x236
 487 022b 0E       		.uleb128 0xe
 488 022c 01       		.uleb128 0x1
ARM GAS  C:\Users\duver\AppData\Local\Temp\ccPEUCG7.s 			page 11


 489 022d 50       		.byte	0x50
 490 022e 01       		.uleb128 0x1
 491 022f 31       		.byte	0x31
 492 0230 0E       		.uleb128 0xe
 493 0231 01       		.uleb128 0x1
 494 0232 51       		.byte	0x51
 495 0233 01       		.uleb128 0x1
 496 0234 30       		.byte	0x30
 497 0235 00       		.byte	0
 498 0236 0D       		.uleb128 0xd
 499 0237 5A000000 		.4byte	.LVL15
 500 023b A2030000 		.4byte	0x3a2
 501 023f 4D020000 		.4byte	0x24d
 502 0243 0E       		.uleb128 0xe
 503 0244 01       		.uleb128 0x1
 504 0245 50       		.byte	0x50
 505 0246 05       		.uleb128 0x5
 506 0247 03       		.byte	0x3
 507 0248 14000000 		.4byte	.LC2
 508 024c 00       		.byte	0
 509 024d 0D       		.uleb128 0xd
 510 024e 62000000 		.4byte	.LVL16
 511 0252 97030000 		.4byte	0x397
 512 0256 65020000 		.4byte	0x265
 513 025a 0E       		.uleb128 0xe
 514 025b 01       		.uleb128 0x1
 515 025c 50       		.byte	0x50
 516 025d 01       		.uleb128 0x1
 517 025e 30       		.byte	0x30
 518 025f 0E       		.uleb128 0xe
 519 0260 01       		.uleb128 0x1
 520 0261 51       		.byte	0x51
 521 0262 01       		.uleb128 0x1
 522 0263 3D       		.byte	0x3d
 523 0264 00       		.byte	0
 524 0265 0D       		.uleb128 0xd
 525 0266 68000000 		.4byte	.LVL17
 526 026a A2030000 		.4byte	0x3a2
 527 026e 7C020000 		.4byte	0x27c
 528 0272 0E       		.uleb128 0xe
 529 0273 01       		.uleb128 0x1
 530 0274 50       		.byte	0x50
 531 0275 05       		.uleb128 0x5
 532 0276 03       		.byte	0x3
 533 0277 20000000 		.4byte	.LC3
 534 027b 00       		.byte	0
 535 027c 0D       		.uleb128 0xd
 536 027d 70000000 		.4byte	.LVL18
 537 0281 97030000 		.4byte	0x397
 538 0285 94020000 		.4byte	0x294
 539 0289 0E       		.uleb128 0xe
 540 028a 01       		.uleb128 0x1
 541 028b 50       		.byte	0x50
 542 028c 01       		.uleb128 0x1
 543 028d 31       		.byte	0x31
 544 028e 0E       		.uleb128 0xe
 545 028f 01       		.uleb128 0x1
ARM GAS  C:\Users\duver\AppData\Local\Temp\ccPEUCG7.s 			page 12


 546 0290 51       		.byte	0x51
 547 0291 01       		.uleb128 0x1
 548 0292 3E       		.byte	0x3e
 549 0293 00       		.byte	0
 550 0294 0D       		.uleb128 0xd
 551 0295 76000000 		.4byte	.LVL19
 552 0299 A2030000 		.4byte	0x3a2
 553 029d AB020000 		.4byte	0x2ab
 554 02a1 0E       		.uleb128 0xe
 555 02a2 01       		.uleb128 0x1
 556 02a3 50       		.byte	0x50
 557 02a4 05       		.uleb128 0x5
 558 02a5 03       		.byte	0x3
 559 02a6 24000000 		.4byte	.LC4
 560 02aa 00       		.byte	0
 561 02ab 0D       		.uleb128 0xd
 562 02ac 7E000000 		.4byte	.LVL20
 563 02b0 97030000 		.4byte	0x397
 564 02b4 C3020000 		.4byte	0x2c3
 565 02b8 0E       		.uleb128 0xe
 566 02b9 01       		.uleb128 0x1
 567 02ba 50       		.byte	0x50
 568 02bb 01       		.uleb128 0x1
 569 02bc 31       		.byte	0x31
 570 02bd 0E       		.uleb128 0xe
 571 02be 01       		.uleb128 0x1
 572 02bf 51       		.byte	0x51
 573 02c0 01       		.uleb128 0x1
 574 02c1 39       		.byte	0x39
 575 02c2 00       		.byte	0
 576 02c3 0D       		.uleb128 0xd
 577 02c4 84000000 		.4byte	.LVL21
 578 02c8 D9030000 		.4byte	0x3d9
 579 02cc D7020000 		.4byte	0x2d7
 580 02d0 0E       		.uleb128 0xe
 581 02d1 01       		.uleb128 0x1
 582 02d2 50       		.byte	0x50
 583 02d3 02       		.uleb128 0x2
 584 02d4 74       		.byte	0x74
 585 02d5 00       		.sleb128 0
 586 02d6 00       		.byte	0
 587 02d7 0C       		.uleb128 0xc
 588 02d8 8C000000 		.4byte	.LVL24
 589 02dc E4030000 		.4byte	0x3e4
 590 02e0 0D       		.uleb128 0xd
 591 02e1 A6000000 		.4byte	.LVL29
 592 02e5 97030000 		.4byte	0x397
 593 02e9 F8020000 		.4byte	0x2f8
 594 02ed 0E       		.uleb128 0xe
 595 02ee 01       		.uleb128 0x1
 596 02ef 50       		.byte	0x50
 597 02f0 01       		.uleb128 0x1
 598 02f1 30       		.byte	0x30
 599 02f2 0E       		.uleb128 0xe
 600 02f3 01       		.uleb128 0x1
 601 02f4 51       		.byte	0x51
 602 02f5 01       		.uleb128 0x1
ARM GAS  C:\Users\duver\AppData\Local\Temp\ccPEUCG7.s 			page 13


 603 02f6 37       		.byte	0x37
 604 02f7 00       		.byte	0
 605 02f8 0C       		.uleb128 0xc
 606 02f9 B2000000 		.4byte	.LVL31
 607 02fd E4030000 		.4byte	0x3e4
 608 0301 0D       		.uleb128 0xd
 609 0302 BA000000 		.4byte	.LVL32
 610 0306 AD030000 		.4byte	0x3ad
 611 030a 16030000 		.4byte	0x316
 612 030e 0E       		.uleb128 0xe
 613 030f 01       		.uleb128 0x1
 614 0310 50       		.byte	0x50
 615 0311 03       		.uleb128 0x3
 616 0312 0A       		.byte	0xa
 617 0313 E803     		.2byte	0x3e8
 618 0315 00       		.byte	0
 619 0316 0D       		.uleb128 0xd
 620 0317 C0000000 		.4byte	.LVL33
 621 031b 81030000 		.4byte	0x381
 622 031f 29030000 		.4byte	0x329
 623 0323 0E       		.uleb128 0xe
 624 0324 01       		.uleb128 0x1
 625 0325 50       		.byte	0x50
 626 0326 01       		.uleb128 0x1
 627 0327 30       		.byte	0x30
 628 0328 00       		.byte	0
 629 0329 0D       		.uleb128 0xd
 630 032a C6000000 		.4byte	.LVL34
 631 032e EF030000 		.4byte	0x3ef
 632 0332 3C030000 		.4byte	0x33c
 633 0336 0E       		.uleb128 0xe
 634 0337 01       		.uleb128 0x1
 635 0338 50       		.byte	0x50
 636 0339 01       		.uleb128 0x1
 637 033a 49       		.byte	0x49
 638 033b 00       		.byte	0
 639 033c 0C       		.uleb128 0xc
 640 033d CA000000 		.4byte	.LVL35
 641 0341 FA030000 		.4byte	0x3fa
 642 0345 0F       		.uleb128 0xf
 643 0346 D0000000 		.4byte	.LVL36
 644 034a 05040000 		.4byte	0x405
 645 034e 0E       		.uleb128 0xe
 646 034f 01       		.uleb128 0x1
 647 0350 50       		.byte	0x50
 648 0351 01       		.uleb128 0x1
 649 0352 30       		.byte	0x30
 650 0353 00       		.byte	0
 651 0354 00       		.byte	0
 652 0355 10       		.uleb128 0x10
 653 0356 84000000 		.4byte	0x84
 654 035a 65030000 		.4byte	0x365
 655 035e 11       		.uleb128 0x11
 656 035f 7D000000 		.4byte	0x7d
 657 0363 0E       		.byte	0xe
 658 0364 00       		.byte	0
 659 0365 12       		.uleb128 0x12
ARM GAS  C:\Users\duver\AppData\Local\Temp\ccPEUCG7.s 			page 14


 660 0366 3F010000 		.4byte	.LASF42
 661 036a 09       		.byte	0x9
 662 036b 1207     		.2byte	0x712
 663 036d 71030000 		.4byte	0x371
 664 0371 13       		.uleb128 0x13
 665 0372 8B000000 		.4byte	0x8b
 666 0376 14       		.uleb128 0x14
 667 0377 94020000 		.4byte	.LASF23
 668 037b 94020000 		.4byte	.LASF23
 669 037f 05       		.byte	0x5
 670 0380 34       		.byte	0x34
 671 0381 14       		.uleb128 0x14
 672 0382 DF020000 		.4byte	.LASF24
 673 0386 DF020000 		.4byte	.LASF24
 674 038a 06       		.byte	0x6
 675 038b 26       		.byte	0x26
 676 038c 14       		.uleb128 0x14
 677 038d 55000000 		.4byte	.LASF25
 678 0391 55000000 		.4byte	.LASF25
 679 0395 07       		.byte	0x7
 680 0396 38       		.byte	0x38
 681 0397 14       		.uleb128 0x14
 682 0398 1D020000 		.4byte	.LASF26
 683 039c 1D020000 		.4byte	.LASF26
 684 03a0 07       		.byte	0x7
 685 03a1 3D       		.byte	0x3d
 686 03a2 14       		.uleb128 0x14
 687 03a3 BC010000 		.4byte	.LASF27
 688 03a7 BC010000 		.4byte	.LASF27
 689 03ab 07       		.byte	0x7
 690 03ac 3C       		.byte	0x3c
 691 03ad 14       		.uleb128 0x14
 692 03ae D7020000 		.4byte	.LASF28
 693 03b2 D7020000 		.4byte	.LASF28
 694 03b6 08       		.byte	0x8
 695 03b7 76       		.byte	0x76
 696 03b8 14       		.uleb128 0x14
 697 03b9 C3020000 		.4byte	.LASF29
 698 03bd C3020000 		.4byte	.LASF29
 699 03c1 05       		.byte	0x5
 700 03c2 3B       		.byte	0x3b
 701 03c3 14       		.uleb128 0x14
 702 03c4 0A000000 		.4byte	.LASF30
 703 03c8 0A000000 		.4byte	.LASF30
 704 03cc 07       		.byte	0x7
 705 03cd 3A       		.byte	0x3a
 706 03ce 14       		.uleb128 0x14
 707 03cf D6010000 		.4byte	.LASF31
 708 03d3 D6010000 		.4byte	.LASF31
 709 03d7 07       		.byte	0x7
 710 03d8 3F       		.byte	0x3f
 711 03d9 14       		.uleb128 0x14
 712 03da F4010000 		.4byte	.LASF32
 713 03de F4010000 		.4byte	.LASF32
 714 03e2 05       		.byte	0x5
 715 03e3 3F       		.byte	0x3f
 716 03e4 14       		.uleb128 0x14
ARM GAS  C:\Users\duver\AppData\Local\Temp\ccPEUCG7.s 			page 15


 717 03e5 2A020000 		.4byte	.LASF33
 718 03e9 2A020000 		.4byte	.LASF33
 719 03ed 07       		.byte	0x7
 720 03ee 61       		.byte	0x61
 721 03ef 14       		.uleb128 0x14
 722 03f0 CC010000 		.4byte	.LASF34
 723 03f4 CC010000 		.4byte	.LASF34
 724 03f8 08       		.byte	0x8
 725 03f9 77       		.byte	0x77
 726 03fa 14       		.uleb128 0x14
 727 03fb 24010000 		.4byte	.LASF35
 728 03ff 24010000 		.4byte	.LASF35
 729 0403 05       		.byte	0x5
 730 0404 D1       		.byte	0xd1
 731 0405 14       		.uleb128 0x14
 732 0406 4D020000 		.4byte	.LASF36
 733 040a 4D020000 		.4byte	.LASF36
 734 040e 05       		.byte	0x5
 735 040f 39       		.byte	0x39
 736 0410 00       		.byte	0
 737              		.section	.debug_abbrev,"",%progbits
 738              	.Ldebug_abbrev0:
 739 0000 01       		.uleb128 0x1
 740 0001 11       		.uleb128 0x11
 741 0002 01       		.byte	0x1
 742 0003 25       		.uleb128 0x25
 743 0004 0E       		.uleb128 0xe
 744 0005 13       		.uleb128 0x13
 745 0006 0B       		.uleb128 0xb
 746 0007 03       		.uleb128 0x3
 747 0008 0E       		.uleb128 0xe
 748 0009 1B       		.uleb128 0x1b
 749 000a 0E       		.uleb128 0xe
 750 000b 55       		.uleb128 0x55
 751 000c 17       		.uleb128 0x17
 752 000d 11       		.uleb128 0x11
 753 000e 01       		.uleb128 0x1
 754 000f 10       		.uleb128 0x10
 755 0010 17       		.uleb128 0x17
 756 0011 00       		.byte	0
 757 0012 00       		.byte	0
 758 0013 02       		.uleb128 0x2
 759 0014 24       		.uleb128 0x24
 760 0015 00       		.byte	0
 761 0016 0B       		.uleb128 0xb
 762 0017 0B       		.uleb128 0xb
 763 0018 3E       		.uleb128 0x3e
 764 0019 0B       		.uleb128 0xb
 765 001a 03       		.uleb128 0x3
 766 001b 0E       		.uleb128 0xe
 767 001c 00       		.byte	0
 768 001d 00       		.byte	0
 769 001e 03       		.uleb128 0x3
 770 001f 16       		.uleb128 0x16
 771 0020 00       		.byte	0
 772 0021 03       		.uleb128 0x3
 773 0022 0E       		.uleb128 0xe
ARM GAS  C:\Users\duver\AppData\Local\Temp\ccPEUCG7.s 			page 16


 774 0023 3A       		.uleb128 0x3a
 775 0024 0B       		.uleb128 0xb
 776 0025 3B       		.uleb128 0x3b
 777 0026 0B       		.uleb128 0xb
 778 0027 49       		.uleb128 0x49
 779 0028 13       		.uleb128 0x13
 780 0029 00       		.byte	0
 781 002a 00       		.byte	0
 782 002b 04       		.uleb128 0x4
 783 002c 24       		.uleb128 0x24
 784 002d 00       		.byte	0
 785 002e 0B       		.uleb128 0xb
 786 002f 0B       		.uleb128 0xb
 787 0030 3E       		.uleb128 0x3e
 788 0031 0B       		.uleb128 0xb
 789 0032 03       		.uleb128 0x3
 790 0033 08       		.uleb128 0x8
 791 0034 00       		.byte	0
 792 0035 00       		.byte	0
 793 0036 05       		.uleb128 0x5
 794 0037 16       		.uleb128 0x16
 795 0038 00       		.byte	0
 796 0039 03       		.uleb128 0x3
 797 003a 0E       		.uleb128 0xe
 798 003b 3A       		.uleb128 0x3a
 799 003c 0B       		.uleb128 0xb
 800 003d 3B       		.uleb128 0x3b
 801 003e 05       		.uleb128 0x5
 802 003f 49       		.uleb128 0x49
 803 0040 13       		.uleb128 0x13
 804 0041 00       		.byte	0
 805 0042 00       		.byte	0
 806 0043 06       		.uleb128 0x6
 807 0044 2E       		.uleb128 0x2e
 808 0045 01       		.byte	0x1
 809 0046 3F       		.uleb128 0x3f
 810 0047 19       		.uleb128 0x19
 811 0048 03       		.uleb128 0x3
 812 0049 0E       		.uleb128 0xe
 813 004a 3A       		.uleb128 0x3a
 814 004b 0B       		.uleb128 0xb
 815 004c 3B       		.uleb128 0x3b
 816 004d 0B       		.uleb128 0xb
 817 004e 27       		.uleb128 0x27
 818 004f 19       		.uleb128 0x19
 819 0050 49       		.uleb128 0x49
 820 0051 13       		.uleb128 0x13
 821 0052 8701     		.uleb128 0x87
 822 0054 19       		.uleb128 0x19
 823 0055 11       		.uleb128 0x11
 824 0056 01       		.uleb128 0x1
 825 0057 12       		.uleb128 0x12
 826 0058 06       		.uleb128 0x6
 827 0059 40       		.uleb128 0x40
 828 005a 18       		.uleb128 0x18
 829 005b 9642     		.uleb128 0x2116
 830 005d 19       		.uleb128 0x19
ARM GAS  C:\Users\duver\AppData\Local\Temp\ccPEUCG7.s 			page 17


 831 005e 01       		.uleb128 0x1
 832 005f 13       		.uleb128 0x13
 833 0060 00       		.byte	0
 834 0061 00       		.byte	0
 835 0062 07       		.uleb128 0x7
 836 0063 34       		.uleb128 0x34
 837 0064 00       		.byte	0
 838 0065 03       		.uleb128 0x3
 839 0066 0E       		.uleb128 0xe
 840 0067 3A       		.uleb128 0x3a
 841 0068 0B       		.uleb128 0xb
 842 0069 3B       		.uleb128 0x3b
 843 006a 0B       		.uleb128 0xb
 844 006b 49       		.uleb128 0x49
 845 006c 13       		.uleb128 0x13
 846 006d 1C       		.uleb128 0x1c
 847 006e 0B       		.uleb128 0xb
 848 006f 00       		.byte	0
 849 0070 00       		.byte	0
 850 0071 08       		.uleb128 0x8
 851 0072 34       		.uleb128 0x34
 852 0073 00       		.byte	0
 853 0074 03       		.uleb128 0x3
 854 0075 08       		.uleb128 0x8
 855 0076 3A       		.uleb128 0x3a
 856 0077 0B       		.uleb128 0xb
 857 0078 3B       		.uleb128 0x3b
 858 0079 0B       		.uleb128 0xb
 859 007a 49       		.uleb128 0x49
 860 007b 13       		.uleb128 0x13
 861 007c 1C       		.uleb128 0x1c
 862 007d 0A       		.uleb128 0xa
 863 007e 00       		.byte	0
 864 007f 00       		.byte	0
 865 0080 09       		.uleb128 0x9
 866 0081 34       		.uleb128 0x34
 867 0082 00       		.byte	0
 868 0083 03       		.uleb128 0x3
 869 0084 08       		.uleb128 0x8
 870 0085 3A       		.uleb128 0x3a
 871 0086 0B       		.uleb128 0xb
 872 0087 3B       		.uleb128 0x3b
 873 0088 0B       		.uleb128 0xb
 874 0089 49       		.uleb128 0x49
 875 008a 13       		.uleb128 0x13
 876 008b 02       		.uleb128 0x2
 877 008c 17       		.uleb128 0x17
 878 008d 00       		.byte	0
 879 008e 00       		.byte	0
 880 008f 0A       		.uleb128 0xa
 881 0090 34       		.uleb128 0x34
 882 0091 00       		.byte	0
 883 0092 03       		.uleb128 0x3
 884 0093 0E       		.uleb128 0xe
 885 0094 3A       		.uleb128 0x3a
 886 0095 0B       		.uleb128 0xb
 887 0096 3B       		.uleb128 0x3b
ARM GAS  C:\Users\duver\AppData\Local\Temp\ccPEUCG7.s 			page 18


 888 0097 0B       		.uleb128 0xb
 889 0098 49       		.uleb128 0x49
 890 0099 13       		.uleb128 0x13
 891 009a 02       		.uleb128 0x2
 892 009b 17       		.uleb128 0x17
 893 009c 00       		.byte	0
 894 009d 00       		.byte	0
 895 009e 0B       		.uleb128 0xb
 896 009f 34       		.uleb128 0x34
 897 00a0 00       		.byte	0
 898 00a1 03       		.uleb128 0x3
 899 00a2 0E       		.uleb128 0xe
 900 00a3 3A       		.uleb128 0x3a
 901 00a4 0B       		.uleb128 0xb
 902 00a5 3B       		.uleb128 0x3b
 903 00a6 0B       		.uleb128 0xb
 904 00a7 49       		.uleb128 0x49
 905 00a8 13       		.uleb128 0x13
 906 00a9 00       		.byte	0
 907 00aa 00       		.byte	0
 908 00ab 0C       		.uleb128 0xc
 909 00ac 898201   		.uleb128 0x4109
 910 00af 00       		.byte	0
 911 00b0 11       		.uleb128 0x11
 912 00b1 01       		.uleb128 0x1
 913 00b2 31       		.uleb128 0x31
 914 00b3 13       		.uleb128 0x13
 915 00b4 00       		.byte	0
 916 00b5 00       		.byte	0
 917 00b6 0D       		.uleb128 0xd
 918 00b7 898201   		.uleb128 0x4109
 919 00ba 01       		.byte	0x1
 920 00bb 11       		.uleb128 0x11
 921 00bc 01       		.uleb128 0x1
 922 00bd 31       		.uleb128 0x31
 923 00be 13       		.uleb128 0x13
 924 00bf 01       		.uleb128 0x1
 925 00c0 13       		.uleb128 0x13
 926 00c1 00       		.byte	0
 927 00c2 00       		.byte	0
 928 00c3 0E       		.uleb128 0xe
 929 00c4 8A8201   		.uleb128 0x410a
 930 00c7 00       		.byte	0
 931 00c8 02       		.uleb128 0x2
 932 00c9 18       		.uleb128 0x18
 933 00ca 9142     		.uleb128 0x2111
 934 00cc 18       		.uleb128 0x18
 935 00cd 00       		.byte	0
 936 00ce 00       		.byte	0
 937 00cf 0F       		.uleb128 0xf
 938 00d0 898201   		.uleb128 0x4109
 939 00d3 01       		.byte	0x1
 940 00d4 11       		.uleb128 0x11
 941 00d5 01       		.uleb128 0x1
 942 00d6 31       		.uleb128 0x31
 943 00d7 13       		.uleb128 0x13
 944 00d8 00       		.byte	0
ARM GAS  C:\Users\duver\AppData\Local\Temp\ccPEUCG7.s 			page 19


 945 00d9 00       		.byte	0
 946 00da 10       		.uleb128 0x10
 947 00db 01       		.uleb128 0x1
 948 00dc 01       		.byte	0x1
 949 00dd 49       		.uleb128 0x49
 950 00de 13       		.uleb128 0x13
 951 00df 01       		.uleb128 0x1
 952 00e0 13       		.uleb128 0x13
 953 00e1 00       		.byte	0
 954 00e2 00       		.byte	0
 955 00e3 11       		.uleb128 0x11
 956 00e4 21       		.uleb128 0x21
 957 00e5 00       		.byte	0
 958 00e6 49       		.uleb128 0x49
 959 00e7 13       		.uleb128 0x13
 960 00e8 2F       		.uleb128 0x2f
 961 00e9 0B       		.uleb128 0xb
 962 00ea 00       		.byte	0
 963 00eb 00       		.byte	0
 964 00ec 12       		.uleb128 0x12
 965 00ed 34       		.uleb128 0x34
 966 00ee 00       		.byte	0
 967 00ef 03       		.uleb128 0x3
 968 00f0 0E       		.uleb128 0xe
 969 00f1 3A       		.uleb128 0x3a
 970 00f2 0B       		.uleb128 0xb
 971 00f3 3B       		.uleb128 0x3b
 972 00f4 05       		.uleb128 0x5
 973 00f5 49       		.uleb128 0x49
 974 00f6 13       		.uleb128 0x13
 975 00f7 3F       		.uleb128 0x3f
 976 00f8 19       		.uleb128 0x19
 977 00f9 3C       		.uleb128 0x3c
 978 00fa 19       		.uleb128 0x19
 979 00fb 00       		.byte	0
 980 00fc 00       		.byte	0
 981 00fd 13       		.uleb128 0x13
 982 00fe 35       		.uleb128 0x35
 983 00ff 00       		.byte	0
 984 0100 49       		.uleb128 0x49
 985 0101 13       		.uleb128 0x13
 986 0102 00       		.byte	0
 987 0103 00       		.byte	0
 988 0104 14       		.uleb128 0x14
 989 0105 2E       		.uleb128 0x2e
 990 0106 00       		.byte	0
 991 0107 3F       		.uleb128 0x3f
 992 0108 19       		.uleb128 0x19
 993 0109 3C       		.uleb128 0x3c
 994 010a 19       		.uleb128 0x19
 995 010b 6E       		.uleb128 0x6e
 996 010c 0E       		.uleb128 0xe
 997 010d 03       		.uleb128 0x3
 998 010e 0E       		.uleb128 0xe
 999 010f 3A       		.uleb128 0x3a
 1000 0110 0B       		.uleb128 0xb
 1001 0111 3B       		.uleb128 0x3b
ARM GAS  C:\Users\duver\AppData\Local\Temp\ccPEUCG7.s 			page 20


 1002 0112 0B       		.uleb128 0xb
 1003 0113 00       		.byte	0
 1004 0114 00       		.byte	0
 1005 0115 00       		.byte	0
 1006              		.section	.debug_loc,"",%progbits
 1007              	.Ldebug_loc0:
 1008              	.LLST0:
 1009 0000 04000000 		.4byte	.LVL0
 1010 0004 28000000 		.4byte	.LVL6
 1011 0008 0600     		.2byte	0x6
 1012 000a 9E       		.byte	0x9e
 1013 000b 04       		.uleb128 0x4
 1014 000c 00000000 		.4byte	0
 1015 0010 9E000000 		.4byte	.LVL27
 1016 0014 A2000000 		.4byte	.LVL28
 1017 0018 0100     		.2byte	0x1
 1018 001a 50       		.byte	0x50
 1019 001b A2000000 		.4byte	.LVL28
 1020 001f EC000000 		.4byte	.LFE64
 1021 0023 0100     		.2byte	0x1
 1022 0025 54       		.byte	0x54
 1023 0026 00000000 		.4byte	0
 1024 002a 00000000 		.4byte	0
 1025              	.LLST1:
 1026 002e 04000000 		.4byte	.LVL0
 1027 0032 28000000 		.4byte	.LVL6
 1028 0036 0200     		.2byte	0x2
 1029 0038 30       		.byte	0x30
 1030 0039 9F       		.byte	0x9f
 1031 003a 34000000 		.4byte	.LVL9
 1032 003e 86000000 		.4byte	.LVL22
 1033 0042 0700     		.2byte	0x7
 1034 0044 74       		.byte	0x74
 1035 0045 00       		.sleb128 0
 1036 0046 40       		.byte	0x40
 1037 0047 24       		.byte	0x24
 1038 0048 40       		.byte	0x40
 1039 0049 26       		.byte	0x26
 1040 004a 9F       		.byte	0x9f
 1041 004b 00000000 		.4byte	0
 1042 004f 00000000 		.4byte	0
 1043              	.LLST2:
 1044 0053 04000000 		.4byte	.LVL0
 1045 0057 28000000 		.4byte	.LVL6
 1046 005b 0200     		.2byte	0x2
 1047 005d 30       		.byte	0x30
 1048 005e 9F       		.byte	0x9f
 1049 005f 86000000 		.4byte	.LVL22
 1050 0063 88000000 		.4byte	.LVL23
 1051 0067 0100     		.2byte	0x1
 1052 0069 50       		.byte	0x50
 1053 006a 88000000 		.4byte	.LVL23
 1054 006e 9E000000 		.4byte	.LVL27
 1055 0072 0100     		.2byte	0x1
 1056 0074 54       		.byte	0x54
 1057 0075 00000000 		.4byte	0
 1058 0079 00000000 		.4byte	0
ARM GAS  C:\Users\duver\AppData\Local\Temp\ccPEUCG7.s 			page 21


 1059              		.section	.debug_aranges,"",%progbits
 1060 0000 1C000000 		.4byte	0x1c
 1061 0004 0200     		.2byte	0x2
 1062 0006 00000000 		.4byte	.Ldebug_info0
 1063 000a 04       		.byte	0x4
 1064 000b 00       		.byte	0
 1065 000c 0000     		.2byte	0
 1066 000e 0000     		.2byte	0
 1067 0010 00000000 		.4byte	.LFB64
 1068 0014 EC000000 		.4byte	.LFE64-.LFB64
 1069 0018 00000000 		.4byte	0
 1070 001c 00000000 		.4byte	0
 1071              		.section	.debug_ranges,"",%progbits
 1072              	.Ldebug_ranges0:
 1073 0000 00000000 		.4byte	.LFB64
 1074 0004 EC000000 		.4byte	.LFE64
 1075 0008 00000000 		.4byte	0
 1076 000c 00000000 		.4byte	0
 1077              		.section	.debug_line,"",%progbits
 1078              	.Ldebug_line0:
 1079 0000 08020000 		.section	.debug_str,"MS",%progbits,1
 1079      02007801 
 1079      00000201 
 1079      FB0E0D00 
 1079      01010101 
 1080              	.LASF21:
 1081 0000 766F6C74 		.ascii	"voltCount\000"
 1081      436F756E 
 1081      7400
 1082              	.LASF30:
 1083 000a 4C43445F 		.ascii	"LCD_WriteControl\000"
 1083      57726974 
 1083      65436F6E 
 1083      74726F6C 
 1083      00
 1084              	.LASF12:
 1085 001b 5F5F696E 		.ascii	"__int32_t\000"
 1085      7433325F 
 1085      7400
 1086              	.LASF18:
 1087 0025 766F6C74 		.ascii	"voltage_sample\000"
 1087      6167655F 
 1087      73616D70 
 1087      6C6500
 1088              	.LASF3:
 1089 0034 73686F72 		.ascii	"short unsigned int\000"
 1089      7420756E 
 1089      7369676E 
 1089      65642069 
 1089      6E7400
 1090              	.LASF13:
 1091 0047 696E7433 		.ascii	"int32_t\000"
 1091      325F7400 
 1092              	.LASF16:
 1093 004f 666C6F61 		.ascii	"float\000"
 1093      7400
 1094              	.LASF25:
ARM GAS  C:\Users\duver\AppData\Local\Temp\ccPEUCG7.s 			page 22


 1095 0055 4C43445F 		.ascii	"LCD_Start\000"
 1095      53746172 
 1095      7400
 1096              	.LASF7:
 1097 005f 6C6F6E67 		.ascii	"long long unsigned int\000"
 1097      206C6F6E 
 1097      6720756E 
 1097      7369676E 
 1097      65642069 
 1098              	.LASF1:
 1099 0076 756E7369 		.ascii	"unsigned char\000"
 1099      676E6564 
 1099      20636861 
 1099      7200
 1100              	.LASF37:
 1101 0084 474E5520 		.ascii	"GNU C11 5.4.1 20160609 (release) [ARM/embedded-5-br"
 1101      43313120 
 1101      352E342E 
 1101      31203230 
 1101      31363036 
 1102 00b7 616E6368 		.ascii	"anch revision 237715] -mcpu=cortex-m3 -mthumb -g -O"
 1102      20726576 
 1102      6973696F 
 1102      6E203233 
 1102      37373135 
 1103 00ea 67202D66 		.ascii	"g -ffunction-sections -ffat-lto-objects\000"
 1103      66756E63 
 1103      74696F6E 
 1103      2D736563 
 1103      74696F6E 
 1104              	.LASF5:
 1105 0112 6C6F6E67 		.ascii	"long unsigned int\000"
 1105      20756E73 
 1105      69676E65 
 1105      6420696E 
 1105      7400
 1106              	.LASF35:
 1107 0124 4144435F 		.ascii	"ADC_SAR_StartConvert\000"
 1107      5341525F 
 1107      53746172 
 1107      74436F6E 
 1107      76657274 
 1108              	.LASF15:
 1109 0139 696E7433 		.ascii	"int32\000"
 1109      3200
 1110              	.LASF42:
 1111 013f 49544D5F 		.ascii	"ITM_RxBuffer\000"
 1111      52784275 
 1111      66666572 
 1111      00
 1112              	.LASF39:
 1113 014c 433A5C55 		.ascii	"C:\\Users\\duver\\OneDrive\\Documents\\Classes\\Cou"
 1113      73657273 
 1113      5C647576 
 1113      65725C4F 
 1113      6E654472 
 1114 0179 72736572 		.ascii	"rsera\\Sensors\\Lab1 - Workspace01\\DC_Motor.cydsn\000"
ARM GAS  C:\Users\duver\AppData\Local\Temp\ccPEUCG7.s 			page 23


 1114      615C5365 
 1114      6E736F72 
 1114      735C4C61 
 1114      6231202D 
 1115              	.LASF17:
 1116 01a9 646F7562 		.ascii	"double\000"
 1116      6C6500
 1117              	.LASF14:
 1118 01b0 75696E74 		.ascii	"uint16\000"
 1118      313600
 1119              	.LASF40:
 1120 01b7 6D61696E 		.ascii	"main\000"
 1120      00
 1121              	.LASF27:
 1122 01bc 4C43445F 		.ascii	"LCD_PrintString\000"
 1122      5072696E 
 1122      74537472 
 1122      696E6700 
 1123              	.LASF34:
 1124 01cc 43794465 		.ascii	"CyDelayUs\000"
 1124      6C617955 
 1124      7300
 1125              	.LASF31:
 1126 01d6 4C43445F 		.ascii	"LCD_IsReady\000"
 1126      49735265 
 1126      61647900 
 1127              	.LASF19:
 1128 01e2 74657374 		.ascii	"test\000"
 1128      00
 1129              	.LASF8:
 1130 01e7 756E7369 		.ascii	"unsigned int\000"
 1130      676E6564 
 1130      20696E74 
 1130      00
 1131              	.LASF32:
 1132 01f4 4144435F 		.ascii	"ADC_SAR_CountsTo_mVolts\000"
 1132      5341525F 
 1132      436F756E 
 1132      7473546F 
 1132      5F6D566F 
 1133              	.LASF20:
 1134 020c 636F6E76 		.ascii	"converted_sample\000"
 1134      65727465 
 1134      645F7361 
 1134      6D706C65 
 1134      00
 1135              	.LASF26:
 1136 021d 4C43445F 		.ascii	"LCD_Position\000"
 1136      506F7369 
 1136      74696F6E 
 1136      00
 1137              	.LASF33:
 1138 022a 4C43445F 		.ascii	"LCD_PrintU32Number\000"
 1138      5072696E 
 1138      74553332 
 1138      4E756D62 
 1138      657200
ARM GAS  C:\Users\duver\AppData\Local\Temp\ccPEUCG7.s 			page 24


 1139              	.LASF22:
 1140 023d 6D566F6C 		.ascii	"mVolts\000"
 1140      747300
 1141              	.LASF10:
 1142 0244 73697A65 		.ascii	"sizetype\000"
 1142      74797065 
 1142      00
 1143              	.LASF36:
 1144 024d 4144435F 		.ascii	"ADC_SAR_IsEndConversion\000"
 1144      5341525F 
 1144      4973456E 
 1144      64436F6E 
 1144      76657273 
 1145              	.LASF6:
 1146 0265 6C6F6E67 		.ascii	"long long int\000"
 1146      206C6F6E 
 1146      6720696E 
 1146      7400
 1147              	.LASF38:
 1148 0273 6D61696E 		.ascii	"main.c\000"
 1148      2E6300
 1149              	.LASF11:
 1150 027a 63686172 		.ascii	"char\000"
 1150      00
 1151              	.LASF41:
 1152 027f 64697370 		.ascii	"displayStr\000"
 1152      6C617953 
 1152      747200
 1153              	.LASF2:
 1154 028a 73686F72 		.ascii	"short int\000"
 1154      7420696E 
 1154      7400
 1155              	.LASF23:
 1156 0294 4144435F 		.ascii	"ADC_SAR_Start\000"
 1156      5341525F 
 1156      53746172 
 1156      7400
 1157              	.LASF4:
 1158 02a2 6C6F6E67 		.ascii	"long int\000"
 1158      20696E74 
 1158      00
 1159              	.LASF9:
 1160 02ab 6C6F6E67 		.ascii	"long double\000"
 1160      20646F75 
 1160      626C6500 
 1161              	.LASF0:
 1162 02b7 7369676E 		.ascii	"signed char\000"
 1162      65642063 
 1162      68617200 
 1163              	.LASF29:
 1164 02c3 4144435F 		.ascii	"ADC_SAR_GetResult16\000"
 1164      5341525F 
 1164      47657452 
 1164      6573756C 
 1164      74313600 
 1165              	.LASF28:
 1166 02d7 43794465 		.ascii	"CyDelay\000"
ARM GAS  C:\Users\duver\AppData\Local\Temp\ccPEUCG7.s 			page 25


 1166      6C617900 
 1167              	.LASF24:
 1168 02df 5031325F 		.ascii	"P12_6_Write\000"
 1168      365F5772 
 1168      69746500 
 1169              		.ident	"GCC: (GNU Tools for ARM Embedded Processors) 5.4.1 20160609 (release) [ARM/embedded-5-bran
